Log file open, 07/31/19 18:13:02
LogWindows: Failed to load 'aqProf.dll' (GetLastError=126)
LogWindows: File 'aqProf.dll' does not exist
LogWindows: Failed to load 'VtuneApi.dll' (GetLastError=126)
LogWindows: File 'VtuneApi.dll' does not exist
LogWindows: Failed to load 'VtuneApi32e.dll' (GetLastError=126)
LogWindows: File 'VtuneApi32e.dll' does not exist
LogInit: Display: Running engine for game: Shooter_OW_Style
LogPlatformFile: Not using cached read wrapper
LogTaskGraph: Started task graph with 5 named threads and 14 total threads with 3 sets of task threads.
LogStats: Stats thread started at 0.295047
LogD3D11RHI: Loaded GFSDK_Aftermath_Lib.x64.dll
LogICUInternationalization: Display: ICU TimeZone Detection - Raw Offset: +1:00, Platform Override: ''
LogPluginManager: Mounting plugin Paper2D
LogPluginManager: Mounting plugin AISupport
LogPluginManager: Mounting plugin LightPropagationVolume
LogPluginManager: Mounting plugin CLionSourceCodeAccess
LogPluginManager: Mounting plugin CodeLiteSourceCodeAccess
LogPluginManager: Mounting plugin GitSourceControl
LogPluginManager: Mounting plugin KDevelopSourceCodeAccess
LogPluginManager: Mounting plugin NullSourceCodeAccess
LogPluginManager: Mounting plugin PerforceSourceControl
LogPluginManager: Mounting plugin SubversionSourceControl
LogPluginManager: Mounting plugin UObjectPlugin
LogPluginManager: Mounting plugin VisualStudioCodeSourceCodeAccess
LogPluginManager: Mounting plugin VisualStudioSourceCodeAccess
LogPluginManager: Mounting plugin XCodeSourceCodeAccess
LogPluginManager: Mounting plugin AssetManagerEditor
LogPluginManager: Mounting plugin CryptoKeys
LogPluginManager: Mounting plugin DataValidation
LogPluginManager: Mounting plugin FacialAnimation
LogPluginManager: Mounting plugin GameplayTagsEditor
LogPluginManager: Mounting plugin MacGraphicsSwitching
LogPluginManager: Mounting plugin MeshEditor
LogPluginManager: Mounting plugin MobileLauncherProfileWizard
LogPluginManager: Mounting plugin PluginBrowser
LogPluginManager: Mounting plugin SpeedTreeImporter
LogPluginManager: Mounting plugin DatasmithContent
LogPluginManager: Mounting plugin AlembicImporter
LogPluginManager: Mounting plugin AppleImageUtils
LogPluginManager: Mounting plugin AppleVision
LogPluginManager: Mounting plugin BackChannel
LogPluginManager: Mounting plugin CharacterAI
LogPluginManager: Mounting plugin GeometryCache
LogPluginManager: Mounting plugin HTML5Networking
LogPluginManager: Mounting plugin ProxyLODPlugin
LogPluginManager: Mounting plugin MagicLeap
LogPluginManager: Mounting plugin MagicLeapEmulator
LogPluginManager: Mounting plugin MagicLeapMedia
LogPluginManager: Mounting plugin AndroidMedia
LogPluginManager: Mounting plugin AvfMedia
LogPluginManager: Mounting plugin ImgMedia
LogPluginManager: Mounting plugin LinearTimecode
LogPluginManager: Mounting plugin MediaCompositing
LogPluginManager: Mounting plugin MediaPlayerEditor
LogPluginManager: Mounting plugin WmfMedia
LogPluginManager: Mounting plugin TcpMessaging
LogPluginManager: Mounting plugin UdpMessaging
LogPluginManager: Mounting plugin ActorSequence
LogPluginManager: Mounting plugin LevelSequenceEditor
LogPluginManager: Mounting plugin MatineeToLevelSequence
LogPluginManager: Mounting plugin NetcodeUnitTest
LogPluginManager: Mounting plugin NUTUnrealEngine4
LogPluginManager: Mounting plugin OnlineSubsystemGooglePlay
LogPluginManager: Mounting plugin OnlineSubsystemIOS
LogPluginManager: Mounting plugin OnlineSubsystem
LogPluginManager: Mounting plugin OnlineSubsystemNull
LogPluginManager: Mounting plugin OnlineSubsystemUtils
LogPluginManager: Mounting plugin LauncherChunkInstaller
LogPluginManager: Mounting plugin AndroidDeviceProfileSelector
LogPluginManager: Mounting plugin AndroidMoviePlayer
LogPluginManager: Mounting plugin AndroidPermission
LogPluginManager: Mounting plugin AppleMoviePlayer
LogPluginManager: Mounting plugin ArchVisCharacter
LogPluginManager: Mounting plugin AudioCapture
LogPluginManager: Mounting plugin CableComponent
LogPluginManager: Mounting plugin CustomMeshComponent
LogPluginManager: Mounting plugin EditableMesh
LogPluginManager: Mounting plugin ExampleDeviceProfileSelector
LogPluginManager: Mounting plugin GoogleCloudMessaging
LogPluginManager: Mounting plugin ImmediatePhysics
LogPluginManager: Mounting plugin IOSDeviceProfileSelector
LogPluginManager: Mounting plugin LinuxDeviceProfileSelector
LogPluginManager: Mounting plugin LocationServicesBPLibrary
LogPluginManager: Mounting plugin MobilePatchingUtils
LogPluginManager: Mounting plugin OculusVR
LogPluginManager: Plugin shader directory ../../../Engine/Plugins/Runtime/Oculus/OculusVR/Shaders found
LogPluginManager: Mapping shader source directory ../../../Engine/Plugins/Runtime/Oculus/OculusVR/Shaders to virtual directory /Plugin/OculusVR
LogPluginManager: Mounting plugin PhysXVehicles
LogPluginManager: Mounting plugin ProceduralMeshComponent
LogPluginManager: Mounting plugin RuntimePhysXCooking
LogPluginManager: Mounting plugin SteamVR
LogPluginManager: Mounting plugin WindowsMoviePlayer
LogStreaming: Display: Took  0.154s to configure plugins.
LogInit: Using libcurl 7.55.1-DEV
LogInit:  - built for x86_64-pc-win32
LogInit:  - supports SSL with OpenSSL/1.0.2h
LogInit:  - supports HTTP deflate (compression) using libz 1.2.8
LogInit:  - other features:
LogInit:      CURL_VERSION_SSL
LogInit:      CURL_VERSION_LIBZ
LogInit:      CURL_VERSION_IPV6
LogInit:      CURL_VERSION_ASYNCHDNS
LogInit:      CURL_VERSION_LARGEFILE
LogInit:      CURL_VERSION_IDN
LogInit:  CurlRequestOptions (configurable via config and command line):
LogInit:  - bVerifyPeer = false  - Libcurl will NOT verify peer certificate
LogInit:  - bUseHttpProxy = false  - Libcurl will NOT use HTTP proxy
LogInit:  - bDontReuseConnections = false  - Libcurl will reuse connections
LogInit:  - CertBundlePath = nullptr  - Libcurl will use whatever was configured at build time.
LogInit:  - MaxHostConnections = 16  - Libcurl will limit the number of connections to a host
LogInit:  - LocalHostAddr = Default
LogInit:  - BufferSize = 65536
LogInit: WinSock: version 1.1 (2.2), MaxSocks=32767, MaxUdp=65467
LogInit: Build: ++UE4+Release-4.20-CL-4369336
LogInit: Engine Version: 4.20.3-4369336+++UE4+Release-4.20
LogInit: Compatible Engine Version: 4.20.0-4212847+++UE4+Release-4.20
LogInit: Net CL: 4212847
LogInit: OS: Windows 8.1 (), CPU: Intel(R) Core(TM) i5-6600K CPU @ 3.50GHz, GPU: NVIDIA GeForce GTX 1070
LogInit: Compiled (64-bit): Sep 17 2018 12:26:19
LogInit: Compiled with Visual C++: 19.13.26129.00
LogInit: Build Configuration: Development
LogInit: Branch Name: ++UE4+Release-4.20
LogInit: Command Line:  -skipcompile
LogInit: Base Directory: C:/Program Files/Epic Games/UE_4.20/Engine/Binaries/Win64/
LogInit: Installed Engine Build: 1
LogDevObjectVersion: Number of dev versions registered: 20
LogDevObjectVersion:   Dev-Blueprints (B0D832E4-1F89-4F0D-ACCF-7EB736FD4AA2): 10
LogDevObjectVersion:   Dev-Build (E1C64328-A22C-4D53-A36C-8E866417BD8C): 0
LogDevObjectVersion:   Dev-Core (375EC13C-06E4-48FB-B500-84F0262A717E): 2
LogDevObjectVersion:   Dev-Editor (E4B068ED-F494-42E9-A231-DA0B2E46BB41): 24
LogDevObjectVersion:   Dev-Framework (CFFC743F-43B0-4480-9391-14DF171D2073): 34
LogDevObjectVersion:   Dev-Mobile (B02B49B5-BB20-44E9-A304-32B752E40360): 2
LogDevObjectVersion:   Dev-Networking (A4E4105C-59A1-49B5-A7C5-40C4547EDFEE): 0
LogDevObjectVersion:   Dev-Online (39C831C9-5AE6-47DC-9A44-9C173E1C8E7C): 0
LogDevObjectVersion:   Dev-Physics (78F01B33-EBEA-4F98-B9B4-84EACCB95AA2): 0
LogDevObjectVersion:   Dev-Platform (6631380F-2D4D-43E0-8009-CF276956A95A): 0
LogDevObjectVersion:   Dev-Rendering (12F88B9F-8875-4AFC-A67C-D90C383ABD29): 26
LogDevObjectVersion:   Dev-Sequencer (7B5AE74C-D270-4C10-A958-57980B212A5A): 9
LogDevObjectVersion:   Dev-VR (D7296918-1DD6-4BDD-9DE2-64A83CC13884): 2
LogDevObjectVersion:   Dev-LoadTimes (C2A15278-BFE7-4AFE-6C17-90FF531DF755): 1
LogDevObjectVersion:   Private-Geometry (6EACA3D4-40EC-4CC1-B786-8BED09428FC5): 3
LogDevObjectVersion:   Dev-AnimPhys (29E575DD-E0A3-4627-9D10-D276232CDCEA): 17
LogDevObjectVersion:   Dev-ReflectionCapture (6B266CEC-1EC7-4B8F-A30B-E4D90942FC07): 1
LogDevObjectVersion:   Dev-Automation (0DF73D61-A23F-47EA-B727-89E90C41499A): 1
LogDevObjectVersion:   FortniteMain (601D1886-AC64-4F84-AA16-D3DE0DEAC7D6): 12
LogDevObjectVersion:   Dev-Enterprise (9DFFBCD6-494F-0158-E221-12823C92A888): 1
LogStreaming: Display: Took  0.003s to delete old logs.
LogInit: Presizing for max 8388607 objects, including 0 objects not considered by GC, pre-allocating 0 bytes for permanent pool.
LogInit: Object subsystem initialized
[2019.07.31-16.13.03:014][  0]LogInit: Selected Device Profile: [Windows]
[2019.07.31-16.13.03:014][  0]LogInit: Applying CVar settings loaded from the selected device profile: [Windows]
[2019.07.31-16.13.03:025][  0]LogHAL: Display: Platform has ~ 16 GB [17137950720 / 17179869184 / 16], which maps to Larger [LargestMinGB=32, LargerMinGB=12, DefaultMinGB=8, SmallerMinGB=6, SmallestMinGB=0)
[2019.07.31-16.13.03:026][  0]LogInit: Setting Device Profile CVar: [[r.Vulkan.UseRealUBs:1]]
[2019.07.31-16.13.03:026][  0]LogInit: Going up to parent DeviceProfile []
[2019.07.31-16.13.03:027][  0]LogInit: Computer: JOANPC
[2019.07.31-16.13.03:027][  0]LogInit: User: JoanAbad
[2019.07.31-16.13.03:027][  0]LogInit: CPU Page size=4096, Cores=4
[2019.07.31-16.13.03:027][  0]LogInit: High frequency timer resolution =3.421874 MHz
[2019.07.31-16.13.03:028][  0]LogMemory: Memory total: Physical=16.0GB (16GB approx)
[2019.07.31-16.13.03:028][  0]LogMemory: Platform Memory Stats for Windows
[2019.07.31-16.13.03:028][  0]LogMemory: Process Physical Memory: 100.05 MB used, 100.05 MB peak
[2019.07.31-16.13.03:028][  0]LogMemory: Process Virtual Memory: 92.18 MB used, 92.18 MB peak
[2019.07.31-16.13.03:028][  0]LogMemory: Physical Memory: 9733.13 MB used,  6610.89 MB free, 16344.02 MB total
[2019.07.31-16.13.03:028][  0]LogMemory: Virtual Memory: 482.45 MB used,  6610.89 MB free, 134217728.00 MB total
[2019.07.31-16.13.03:206][  0]LogInit: Overriding language with editor language configuration option (en).
[2019.07.31-16.13.03:206][  0]LogInit: Overriding locale with editor locale configuration option (en).
[2019.07.31-16.13.03:629][  0]LogStreaming: Display: Took  0.423s to InitEngineTextLocalization.
[2019.07.31-16.13.03:629][  0]LogInit: Setting process to per monitor DPI aware
[2019.07.31-16.13.03:656][  0]LogSlate: New Slate User Created.  User Index 0, Is Virtual User: 0
[2019.07.31-16.13.03:656][  0]LogSlate: Slate User Registered.  User Index 0, Is Virtual User: 0
[2019.07.31-16.13.03:803][  0]LogHMD: Failed to initialize OpenVR with code 110
[2019.07.31-16.13.03:803][  0]LogD3D11RHI: D3D11 adapters:
[2019.07.31-16.13.03:882][  0]LogD3D11RHI:    0. 'NVIDIA GeForce GTX 1070' (Feature Level 11_0)
[2019.07.31-16.13.03:882][  0]LogD3D11RHI:       8046/0/8172 MB DedicatedVideo/DedicatedSystem/SharedSystem, Outputs:2, VendorId:0x10de
[2019.07.31-16.13.03:886][  0]LogD3D11RHI:    1. 'Microsoft Basic Render Driver' (Feature Level 11_0)
[2019.07.31-16.13.03:887][  0]LogD3D11RHI:       0/0/256 MB DedicatedVideo/DedicatedSystem/SharedSystem, Outputs:0, VendorId:0x1414
[2019.07.31-16.13.03:887][  0]LogD3D11RHI: Chosen D3D11 Adapter: 0
[2019.07.31-16.13.03:892][  0]LogD3D11RHI: Creating new Direct3DDevice
[2019.07.31-16.13.03:892][  0]LogD3D11RHI:     GPU DeviceId: 0x1b81 (for the marketing name, search the web for "GPU Device Id")
[2019.07.31-16.13.03:892][  0]LogWindows: EnumDisplayDevices:
[2019.07.31-16.13.03:893][  0]LogWindows:    0. 'NVIDIA GeForce GTX 1070' (P:1 D:1)
[2019.07.31-16.13.03:893][  0]LogWindows:    1. 'NVIDIA GeForce GTX 1070' (P:0 D:1)
[2019.07.31-16.13.03:893][  0]LogWindows:    2. 'NVIDIA GeForce GTX 1070' (P:0 D:0)
[2019.07.31-16.13.03:893][  0]LogWindows:    3. 'NVIDIA GeForce GTX 1070' (P:0 D:0)
[2019.07.31-16.13.03:893][  0]LogWindows: DebugString: FoundDriverCount:4 
[2019.07.31-16.13.03:893][  0]LogD3D11RHI:     Adapter Name: NVIDIA GeForce GTX 1070
[2019.07.31-16.13.03:893][  0]LogD3D11RHI:   Driver Version: 431.60 (internal:26.21.14.3160, unified:431.60)
[2019.07.31-16.13.03:893][  0]LogD3D11RHI:      Driver Date: 7-17-2019
[2019.07.31-16.13.03:893][  0]LogRHI: Texture pool is 5632 MB (70% of 8046 MB)
[2019.07.31-16.13.03:925][  0]LogD3D11RHI: Async texture creation enabled
[2019.07.31-16.13.03:948][  0]LogD3D11RHI: GPU Timing Frequency: 1000.000000 (Debug: 2 2)
[2019.07.31-16.13.03:993][  0]LogShaderCompilers: Guid format shader working directory is -43 characters bigger than the processId version (../../../../../../Users/Joan Abad/Documents/Github/New/ShooterOnlineOW_Style/Shooter_OW_Style/Intermediate/Shaders/WorkingDirectory/3196/).
[2019.07.31-16.13.03:993][  0]LogShaderCompilers: Cleaned the shader compiler working directory 'C:/Users/Joan Abad/AppData/Local/Temp/UnrealShaderWorkingDir/385979924D06AD2898C2288270A08D04/'.
[2019.07.31-16.13.04:308][  0]LogTemp: Display: Loaded TP AllDesktopTargetPlatform
[2019.07.31-16.13.04:335][  0]LogTemp: Display: Loaded TP MacClientTargetPlatform
[2019.07.31-16.13.04:358][  0]LogTemp: Display: Loaded TP MacNoEditorTargetPlatform
[2019.07.31-16.13.04:415][  0]LogTemp: Display: Loaded TP MacServerTargetPlatform
[2019.07.31-16.13.04:448][  0]LogTemp: Display: Loaded TP MacTargetPlatform
[2019.07.31-16.13.04:469][  0]LogTemp: Display: Loaded TP WindowsClientTargetPlatform
[2019.07.31-16.13.04:487][  0]LogTemp: Display: Loaded TP WindowsNoEditorTargetPlatform
[2019.07.31-16.13.04:504][  0]LogTemp: Display: Loaded TP WindowsServerTargetPlatform
[2019.07.31-16.13.04:515][  0]LogTemp: Display: Loaded TP WindowsTargetPlatform
[2019.07.31-16.13.04:624][  0]LogTemp: Display: Loaded TP AndroidTargetPlatform
[2019.07.31-16.13.04:628][  0]LogTemp: Display: Loaded TP AndroidTargetPlatform
[2019.07.31-16.13.04:628][  0]LogTemp: Display: Loaded TP AndroidTargetPlatform
[2019.07.31-16.13.04:628][  0]LogTemp: Display: Loaded TP AndroidTargetPlatform
[2019.07.31-16.13.04:628][  0]LogTemp: Display: Loaded TP AndroidTargetPlatform
[2019.07.31-16.13.04:628][  0]LogTemp: Display: Loaded TP AndroidTargetPlatform
[2019.07.31-16.13.04:628][  0]LogTemp: Display: Loaded TP AndroidTargetPlatform
[2019.07.31-16.13.04:628][  0]LogTemp: Display: Loaded TP AndroidTargetPlatform
[2019.07.31-16.13.04:628][  0]LogTemp: Display: Loaded TP AndroidTargetPlatform
[2019.07.31-16.13.04:628][  0]LogTemp: Display: Loaded TP AndroidTargetPlatform
[2019.07.31-16.13.04:628][  0]LogTemp: Display: Loaded TP AndroidTargetPlatform
[2019.07.31-16.13.04:628][  0]LogTemp: Display: Loaded TP AndroidTargetPlatform
[2019.07.31-16.13.04:628][  0]LogTemp: Display: Loaded TP AndroidTargetPlatform
[2019.07.31-16.13.04:628][  0]LogTemp: Display: Loaded TP AndroidTargetPlatform
[2019.07.31-16.13.04:628][  0]LogTemp: Display: Loaded TP AndroidTargetPlatform
[2019.07.31-16.13.04:628][  0]LogTemp: Display: Loaded TP AndroidTargetPlatform
[2019.07.31-16.13.04:629][  0]LogTemp: Display: Loaded TP AndroidTargetPlatform
[2019.07.31-16.13.04:629][  0]LogTemp: Display: Loaded TP AndroidTargetPlatform
[2019.07.31-16.13.04:656][  0]LogTemp: Display: Loaded TP HTML5TargetPlatform
[2019.07.31-16.13.04:822][  0]LogTemp: Display: Loaded TP IOSTargetPlatform
[2019.07.31-16.13.04:822][  0]LogTemp: Display: Loaded TP IOSTargetPlatform
[2019.07.31-16.13.04:860][  0]LogTemp: Display: Loaded TP TVOSTargetPlatform
[2019.07.31-16.13.04:860][  0]LogTemp: Display: Loaded TP TVOSTargetPlatform
[2019.07.31-16.13.04:874][  0]LogTemp: Display: Loaded TP LinuxClientTargetPlatform
[2019.07.31-16.13.04:892][  0]LogTemp: Display: Loaded TP LinuxNoEditorTargetPlatform
[2019.07.31-16.13.04:908][  0]LogTemp: Display: Loaded TP LinuxServerTargetPlatform
[2019.07.31-16.13.04:931][  0]LogTemp: Display: Loaded TP LinuxTargetPlatform
[2019.07.31-16.13.04:945][  0]LogTemp: Display: Loaded TP LuminTargetPlatform
[2019.07.31-16.13.04:945][  0]LogTargetPlatformManager: Display: Building Assets For Windows
[2019.07.31-16.13.05:035][  0]LogXGEController: Cleaning working directory: C:/Users/Joan Abad/AppData/Local/Temp/UnrealXGEWorkingDir/
[2019.07.31-16.13.05:084][  0]LogShaderCompilers: Display: Using XGE Shader Compiler (Interception Interface).
[2019.07.31-16.13.05:978][  0]LogDerivedDataCache: Display: Max Cache Size: 512 MB
[2019.07.31-16.13.06:082][  0]LogDerivedDataCache: Loaded boot cache 0.10s 71MB C:/Users/Joan Abad/AppData/Local/UnrealEngine/4.20/DerivedDataCache/Boot.ddc.
[2019.07.31-16.13.06:082][  0]LogDerivedDataCache: Display: Loaded Boot cache: C:/Users/Joan Abad/AppData/Local/UnrealEngine/4.20/DerivedDataCache/Boot.ddc
[2019.07.31-16.13.06:082][  0]LogDerivedDataCache: FDerivedDataBackendGraph:  Pak pak cache file ../../../../../../Users/Joan Abad/Documents/Github/New/ShooterOnlineOW_Style/Shooter_OW_Style/DerivedDataCache/DDC.ddp not found, will not use a pak cache.
[2019.07.31-16.13.06:082][  0]LogDerivedDataCache: Unable to find inner node Pak for hierarchical cache Hierarchy.
[2019.07.31-16.13.06:083][  0]LogDerivedDataCache: FDerivedDataBackendGraph:  CompressedPak pak cache file ../../../../../../Users/Joan Abad/Documents/Github/New/ShooterOnlineOW_Style/Shooter_OW_Style/DerivedDataCache/Compressed.ddp not found, will not use a pak cache.
[2019.07.31-16.13.06:083][  0]LogDerivedDataCache: Unable to find inner node CompressedPak for hierarchical cache Hierarchy.
[2019.07.31-16.13.06:100][  0]LogDerivedDataCache: Display: Pak cache opened for reading ../../../Engine/DerivedDataCache/Compressed.ddp.
[2019.07.31-16.13.06:115][  0]LogDerivedDataCache: Using Local data cache path C:/Users/Joan Abad/AppData/Local/UnrealEngine/Common/DerivedDataCache: Writable
[2019.07.31-16.13.06:115][  0]LogDerivedDataCache: Shared data cache path not found in *engine.ini, will not use an Shared cache.
[2019.07.31-16.13.06:115][  0]LogDerivedDataCache: Unable to find inner node Shared for hierarchical cache Hierarchy.
[2019.07.31-16.13.06:137][  0]LogMaterial: Verifying Global Shaders for PCD3D_SM5
[2019.07.31-16.13.06:139][  0]LogSlate: Using FreeType 2.6.0
[2019.07.31-16.13.06:139][  0]LogSlate: SlateFontServices - WITH_FREETYPE: 1, WITH_HARFBUZZ: 1
[2019.07.31-16.13.06:223][  0]LogAssetRegistry: FAssetRegistry took 0.0343 seconds to start up
[2019.07.31-16.13.06:575][  0]LogFileManager: Warning: MoveFile was unable to move '../../../../../../Users/Joan Abad/Documents/Github/New/ShooterOnlineOW_Style/Shooter_OW_Style/Intermediate/CachedAssetRegistry.bin.tmp' to '../../../../../../Users/Joan Abad/Documents/Github/New/ShooterOnlineOW_Style/Shooter_OW_Style/Intermediate/CachedAssetRegistry.bin', retrying in .5s...
[2019.07.31-16.13.06:575][  0]LogInit: Selected Device Profile: [Windows]
[2019.07.31-16.13.06:748][  0]LogSimplygon: Simplygon DLL not present - disabling.
[2019.07.31-16.13.06:753][  0]LogMeshReduction: Using SimplygonSwarm for distributed automatic mesh merging
[2019.07.31-16.13.06:753][  0]LogMeshReduction: Using ProxyLODMeshReduction for automatic mesh merging
[2019.07.31-16.13.06:754][  0]LogMeshReduction: Using QuadricMeshReduction for automatic static mesh reduction
[2019.07.31-16.13.06:754][  0]LogMeshReduction: No automatic skeletal mesh reduction module available
[2019.07.31-16.13.06:771][  0]LogNetVersion: Shooter_OW_Style 1.0.0, NetCL: 4212847, EngineNetVer: 5, GameNetVer: 0 (Checksum: 1206910907)
[2019.07.31-16.13.07:313][  0]LogFileManager: Warning: MoveFile recovered during retry!
[2019.07.31-16.13.07:313][  0]LogPackageLocalizationCache: Processed 11 localized package path(s) for 1 prioritized culture(s) in 0.072652 seconds
[2019.07.31-16.13.07:320][  0]LogUObjectArray: 38425 objects as part of root set at end of initial load.
[2019.07.31-16.13.07:320][  0]LogUObjectAllocator: 6690872 out of 0 bytes used by permanent object pool.
[2019.07.31-16.13.07:320][  0]LogUObjectArray: CloseDisregardForGC: 0/0 objects in disregard for GC pool
[2019.07.31-16.13.08:298][  0]LogTcpMessaging: Initializing TcpMessaging bridge
[2019.07.31-16.13.08:318][  0]LogUdpMessaging: Initializing bridge on interface 0.0.0.0:0 to multicast group 230.0.0.1:6666.
[2019.07.31-16.13.08:513][  0]SourceControl: Source control is disabled
[2019.07.31-16.13.08:513][  0]SourceControl: Source control is disabled
[2019.07.31-16.13.08:517][  0]SourceControl: Source control is disabled
[2019.07.31-16.13.08:519][  0]SourceControl: Source control is disabled
[2019.07.31-16.13.08:896][  0]LogAndroidPermission: UAndroidPermissionCallbackProxy::GetInstance
[2019.07.31-16.13.09:009][  0]LogOcInput: OculusInput pre-init called
[2019.07.31-16.13.09:114][  0]LogEngine: Initializing Engine...
[2019.07.31-16.13.09:115][  0]LogHMD: Failed to initialize OpenVR with code 110
[2019.07.31-16.13.09:116][  0]LogStats: UGameplayTagsManager::ConstructGameplayTagTree: ImportINI prefixes -  0.000 s
[2019.07.31-16.13.09:116][  0]LogStats: UGameplayTagsManager::ConstructGameplayTagTree: Construct from data asset -  0.000 s
[2019.07.31-16.13.09:116][  0]LogStats: UGameplayTagsManager::ConstructGameplayTagTree: ImportINI -  0.000 s
[2019.07.31-16.13.09:116][  0]LogStats: UGameplayTagsManager::ConstructGameplayTagTree: GameplayTagTreeChangedEvent.Broadcast -  0.000 s
[2019.07.31-16.13.09:366][  0]LogInit: Initializing FReadOnlyCVARCache
[2019.07.31-16.13.09:382][  0]LogAIModule: Creating AISystem for world Untitled
[2019.07.31-16.13.09:390][  0]LogInit: XAudio2 using 'Altavoces (5- Logitech G933 Gaming Wireless Headset)' : 2 channels at 44.1 kHz using 16 bits per sample (channel mask 0x3)
[2019.07.31-16.13.09:397][  0]LogInit: FAudioDevice initialized.
[2019.07.31-16.13.09:397][  0]LogNetVersion: Set ProjectVersion to 1.0.0.0. Version Checksum will be recalculated on next use.
[2019.07.31-16.13.09:507][  0]LogDerivedDataCache: Saved boot cache 0.11s 71MB C:/Users/Joan Abad/AppData/Local/UnrealEngine/4.20/DerivedDataCache/Boot.ddc.
[2019.07.31-16.13.09:514][  0]LogInit: Texture streaming: Enabled
[2019.07.31-16.13.09:545][  0]LogEngineSessionManager: EngineSessionManager initialized
[2019.07.31-16.13.09:554][  0]LogInit: Transaction tracking system initialized
[2019.07.31-16.13.09:614][  0]BlueprintLog: New page: Editor Load
[2019.07.31-16.13.09:730][  0]LocalizationService: Localization service is disabled
[2019.07.31-16.13.10:087][  0]LogLinker: Warning: Can't find file '/Game/ThirdPersonBP/ThirdPersonOverview'
[2019.07.31-16.13.10:088][  0]LogLinker: Warning: Can't find file '/Game/ThirdPersonBP/ThirdPersonOverview'
[2019.07.31-16.13.10:088][  0]LogUObjectGlobals: Warning: Failed to find object 'Class /Game/ThirdPersonBP/ThirdPersonOverview.ThirdPersonOverview_C'
[2019.07.31-16.13.10:315][  0]LogCook: Display: Max memory allowance for cook 16384mb min free memory 0mb
[2019.07.31-16.13.10:315][  0]LogCook: Display: Mobile HDR setting 1
[2019.07.31-16.13.10:315][  0]LogGameplayTags: Display: UGameplayTagsManager::DoneAddingNativeTags. DelegateIsBound: 0
[2019.07.31-16.13.10:316][  0]LogStats: UGameplayTagsManager::ConstructGameplayTagTree: ImportINI prefixes -  0.000 s
[2019.07.31-16.13.10:316][  0]LogStats: UGameplayTagsManager::ConstructGameplayTagTree: Construct from data asset -  0.000 s
[2019.07.31-16.13.10:316][  0]LogStats: UGameplayTagsManager::ConstructGameplayTagTree: ImportINI -  0.000 s
[2019.07.31-16.13.10:316][  0]LogStats: UGameplayTagsManager::ConstructGameplayTagTree: GameplayTagTreeChangedEvent.Broadcast -  0.000 s
[2019.07.31-16.13.10:493][  0]LogFileCache: Scanning file cache for directory 'C:/Users/Joan Abad/Documents/Github/New/ShooterOnlineOW_Style/Shooter_OW_Style/Content/' took 0.02s
[2019.07.31-16.13.10:493][  0]SourceControl: Source control is disabled
[2019.07.31-16.13.10:493][  0]Cmd: MAP LOAD FILE="../../../../../../Users/Joan Abad/Documents/Github/New/ShooterOnlineOW_Style/Shooter_OW_Style/Content/Levels/FirstMap.umap" TEMPLATE=0 SHOWPROGRESS=1 FEATURELEVEL=3
[2019.07.31-16.13.10:493][  0]LightingResults: New page: Lighting Build
[2019.07.31-16.13.10:496][  0]MapCheck: New page: Map Check
[2019.07.31-16.13.10:496][  0]LightingResults: New page: Lighting Build
[2019.07.31-16.13.10:624][  0]LogLinker: Warning: Can't find file '/Game/WeaponEffects/Explosion/M_Burst'
[2019.07.31-16.13.10:625][  0]LogLinker: Warning: Can't find file for asset '/Game/WeaponEffects/Explosion/M_Burst' while loading ../../../../../../Users/Joan Abad/Documents/Github/New/ShooterOnlineOW_Style/Shooter_OW_Style/Content/Art/Weapons/WeaponEffects/Explosion/P_Explosion.uasset.
[2019.07.31-16.13.10:625][  0]LoadErrors: Error: /Game/Art/Weapons/WeaponEffects/Explosion/P_Explosion : Can't find file for asset. /Game/WeaponEffects/Explosion/M_Burst
[2019.07.31-16.13.10:625][  0]LogLinker: Warning: Can't find file '/Game/WeaponEffects/Explosion/M_explosion_subUV'
[2019.07.31-16.13.10:625][  0]LogLinker: Warning: Can't find file for asset '/Game/WeaponEffects/Explosion/M_explosion_subUV' while loading ../../../../../../Users/Joan Abad/Documents/Github/New/ShooterOnlineOW_Style/Shooter_OW_Style/Content/Art/Weapons/WeaponEffects/Explosion/P_Explosion.uasset.
[2019.07.31-16.13.10:625][  0]LoadErrors: Error: /Game/Art/Weapons/WeaponEffects/Explosion/P_Explosion : Can't find file for asset. /Game/WeaponEffects/Explosion/M_explosion_subUV
[2019.07.31-16.13.10:625][  0]LogLinker: Warning: Can't find file '/Game/WeaponEffects/Explosion/m_flare_01'
[2019.07.31-16.13.10:626][  0]LogLinker: Warning: Can't find file for asset '/Game/WeaponEffects/Explosion/m_flare_01' while loading ../../../../../../Users/Joan Abad/Documents/Github/New/ShooterOnlineOW_Style/Shooter_OW_Style/Content/Art/Weapons/WeaponEffects/Explosion/P_Explosion.uasset.
[2019.07.31-16.13.10:626][  0]LoadErrors: Error: /Game/Art/Weapons/WeaponEffects/Explosion/P_Explosion : Can't find file for asset. /Game/WeaponEffects/Explosion/m_flare_01
[2019.07.31-16.13.10:626][  0]LogLinker: Warning: Can't find file '/Game/WeaponEffects/Explosion/M_radial_ramp'
[2019.07.31-16.13.10:626][  0]LogLinker: Warning: Can't find file for asset '/Game/WeaponEffects/Explosion/M_radial_ramp' while loading ../../../../../../Users/Joan Abad/Documents/Github/New/ShooterOnlineOW_Style/Shooter_OW_Style/Content/Art/Weapons/WeaponEffects/Explosion/P_Explosion.uasset.
[2019.07.31-16.13.10:626][  0]LoadErrors: Error: /Game/Art/Weapons/WeaponEffects/Explosion/P_Explosion : Can't find file for asset. /Game/WeaponEffects/Explosion/M_radial_ramp
[2019.07.31-16.13.10:626][  0]LogLinker: Warning: Can't find file '/Game/WeaponEffects/Explosion/M_smoke_subUV'
[2019.07.31-16.13.10:627][  0]LogLinker: Warning: Can't find file for asset '/Game/WeaponEffects/Explosion/M_smoke_subUV' while loading ../../../../../../Users/Joan Abad/Documents/Github/New/ShooterOnlineOW_Style/Shooter_OW_Style/Content/Art/Weapons/WeaponEffects/Explosion/P_Explosion.uasset.
[2019.07.31-16.13.10:627][  0]LoadErrors: Error: /Game/Art/Weapons/WeaponEffects/Explosion/P_Explosion : Can't find file for asset. /Game/WeaponEffects/Explosion/M_smoke_subUV
[2019.07.31-16.13.10:627][  0]LogLinker: Warning: Can't find file '/Game/WeaponEffects/Explosion/M_Burst'
[2019.07.31-16.13.10:627][  0]LogLinker: Warning: Can't find file for asset '/Game/WeaponEffects/Explosion/M_Burst' while loading ../../../../../../Users/Joan Abad/Documents/Github/New/ShooterOnlineOW_Style/Shooter_OW_Style/Content/Art/Weapons/WeaponEffects/Explosion/P_Explosion.uasset.
[2019.07.31-16.13.10:627][  0]LoadErrors: Error: /Game/Art/Weapons/WeaponEffects/Explosion/P_Explosion : Can't find file for asset. /Game/WeaponEffects/Explosion/M_Burst
[2019.07.31-16.13.10:627][  0]LogLinker: Warning: Can't find file '/Game/WeaponEffects/Explosion/M_explosion_subUV'
[2019.07.31-16.13.10:628][  0]LogLinker: Warning: Can't find file for asset '/Game/WeaponEffects/Explosion/M_explosion_subUV' while loading ../../../../../../Users/Joan Abad/Documents/Github/New/ShooterOnlineOW_Style/Shooter_OW_Style/Content/Art/Weapons/WeaponEffects/Explosion/P_Explosion.uasset.
[2019.07.31-16.13.10:628][  0]LoadErrors: Error: /Game/Art/Weapons/WeaponEffects/Explosion/P_Explosion : Can't find file for asset. /Game/WeaponEffects/Explosion/M_explosion_subUV
[2019.07.31-16.13.10:628][  0]LogLinker: Warning: Can't find file '/Game/WeaponEffects/Explosion/m_flare_01'
[2019.07.31-16.13.10:628][  0]LogLinker: Warning: Can't find file for asset '/Game/WeaponEffects/Explosion/m_flare_01' while loading ../../../../../../Users/Joan Abad/Documents/Github/New/ShooterOnlineOW_Style/Shooter_OW_Style/Content/Art/Weapons/WeaponEffects/Explosion/P_Explosion.uasset.
[2019.07.31-16.13.10:628][  0]LoadErrors: Error: /Game/Art/Weapons/WeaponEffects/Explosion/P_Explosion : Can't find file for asset. /Game/WeaponEffects/Explosion/m_flare_01
[2019.07.31-16.13.10:628][  0]LogLinker: Warning: Can't find file '/Game/WeaponEffects/Explosion/M_radial_ramp'
[2019.07.31-16.13.10:629][  0]LogLinker: Warning: Can't find file for asset '/Game/WeaponEffects/Explosion/M_radial_ramp' while loading ../../../../../../Users/Joan Abad/Documents/Github/New/ShooterOnlineOW_Style/Shooter_OW_Style/Content/Art/Weapons/WeaponEffects/Explosion/P_Explosion.uasset.
[2019.07.31-16.13.10:629][  0]LoadErrors: Error: /Game/Art/Weapons/WeaponEffects/Explosion/P_Explosion : Can't find file for asset. /Game/WeaponEffects/Explosion/M_radial_ramp
[2019.07.31-16.13.10:629][  0]LogLinker: Warning: Can't find file '/Game/WeaponEffects/Explosion/M_smoke_subUV'
[2019.07.31-16.13.10:629][  0]LogLinker: Warning: Can't find file for asset '/Game/WeaponEffects/Explosion/M_smoke_subUV' while loading ../../../../../../Users/Joan Abad/Documents/Github/New/ShooterOnlineOW_Style/Shooter_OW_Style/Content/Art/Weapons/WeaponEffects/Explosion/P_Explosion.uasset.
[2019.07.31-16.13.10:629][  0]LoadErrors: Error: /Game/Art/Weapons/WeaponEffects/Explosion/P_Explosion : Can't find file for asset. /Game/WeaponEffects/Explosion/M_smoke_subUV
[2019.07.31-16.13.10:844][  0]LogLinker: Warning: Can't find file '/Game/WeaponEffects/Explosion/M_smoke_subUV'
[2019.07.31-16.13.10:844][  0]LoadErrors: Failed to load /Game/WeaponEffects/Explosion/M_smoke_subUV.M_smoke_subUV Referenced by ParticleModuleRequired_0
[2019.07.31-16.13.10:844][  0]LogLinker: Warning: Can't find file for asset '/Game/WeaponEffects/Explosion/M_smoke_subUV' while loading NULL.
[2019.07.31-16.13.10:845][  0]LoadErrors: Failed to load /Game/WeaponEffects/Explosion/M_smoke_subUV.M_smoke_subUV Referenced by ParticleModuleRequired_0
[2019.07.31-16.13.10:845][  0]LogLinker: Warning: Can't find file '/Game/WeaponEffects/Explosion/M_explosion_subUV'
[2019.07.31-16.13.10:845][  0]LoadErrors: Failed to load /Game/WeaponEffects/Explosion/M_explosion_subUV.M_explosion_subUV Referenced by ParticleModuleRequired_2
[2019.07.31-16.13.10:845][  0]LogLinker: Warning: Can't find file for asset '/Game/WeaponEffects/Explosion/M_explosion_subUV' while loading NULL.
[2019.07.31-16.13.10:845][  0]LoadErrors: Failed to load /Game/WeaponEffects/Explosion/M_explosion_subUV.M_explosion_subUV Referenced by ParticleModuleRequired_2
[2019.07.31-16.13.10:845][  0]LogLinker: Warning: Can't find file '/Game/WeaponEffects/Explosion/M_radial_ramp'
[2019.07.31-16.13.10:845][  0]LoadErrors: Failed to load /Game/WeaponEffects/Explosion/M_radial_ramp.M_radial_ramp Referenced by ParticleModuleRequired_3
[2019.07.31-16.13.10:846][  0]LogLinker: Warning: Can't find file for asset '/Game/WeaponEffects/Explosion/M_radial_ramp' while loading NULL.
[2019.07.31-16.13.10:846][  0]LoadErrors: Failed to load /Game/WeaponEffects/Explosion/M_radial_ramp.M_radial_ramp Referenced by ParticleModuleRequired_3
[2019.07.31-16.13.10:846][  0]LogLinker: Warning: Can't find file '/Game/WeaponEffects/Explosion/m_flare_01'
[2019.07.31-16.13.10:846][  0]LoadErrors: Failed to load /Game/WeaponEffects/Explosion/m_flare_01.m_flare_01 Referenced by ParticleModuleRequired_4
[2019.07.31-16.13.10:846][  0]LogLinker: Warning: Can't find file for asset '/Game/WeaponEffects/Explosion/m_flare_01' while loading NULL.
[2019.07.31-16.13.10:846][  0]LoadErrors: Failed to load /Game/WeaponEffects/Explosion/m_flare_01.m_flare_01 Referenced by ParticleModuleRequired_4
[2019.07.31-16.13.10:847][  0]LogLinker: Warning: Can't find file '/Game/WeaponEffects/Explosion/M_Burst'
[2019.07.31-16.13.10:847][  0]LoadErrors: Failed to load /Game/WeaponEffects/Explosion/M_Burst.M_Burst Referenced by ParticleModuleRequired_8
[2019.07.31-16.13.10:847][  0]LogLinker: Warning: Can't find file for asset '/Game/WeaponEffects/Explosion/M_Burst' while loading NULL.
[2019.07.31-16.13.10:847][  0]LoadErrors: Failed to load /Game/WeaponEffects/Explosion/M_Burst.M_Burst Referenced by ParticleModuleRequired_8
[2019.07.31-16.13.11:018][  0]LogAIModule: Creating AISystem for world FirstMap
[2019.07.31-16.13.11:032][  0]LogEditorServer: Finished looking for orphan Actors (0.000 secs)
[2019.07.31-16.13.11:061][  0]Cmd: MAP CHECKDEP NOCLEARLOG
[2019.07.31-16.13.11:114][  0]MapCheck: Map check complete: 0 Error(s), 0 Warning(s), took 53.158ms to complete.
[2019.07.31-16.13.11:114][  0]LogFileHelpers: Loading map 'FirstMap' took 0.621
[2019.07.31-16.13.11:214][  0]LogSlate: Updating window title bar state: overlay mode, drag disabled, window buttons hidden, title bar hidden
[2019.07.31-16.13.11:222][  0]LogSlate: Updating window title bar state: overlay mode, drag disabled, window buttons hidden, title bar hidden
[2019.07.31-16.13.11:230][  0]LogSlate: Updating window title bar state: overlay mode, drag disabled, window buttons hidden, title bar hidden
[2019.07.31-16.13.11:238][  0]LogSlate: Updating window title bar state: overlay mode, drag disabled, window buttons hidden, title bar hidden
[2019.07.31-16.13.11:245][  0]LogCollectionManager: Loaded 0 collections in 0.001699 seconds
[2019.07.31-16.13.11:295][  0]LogFileCache: Scanning file cache for directory 'C:/Users/Joan Abad/Documents/Github/New/ShooterOnlineOW_Style/Shooter_OW_Style/Saved/Collections/' took 0.01s
[2019.07.31-16.13.11:295][  0]LogFileCache: Scanning file cache for directory 'C:/Users/Joan Abad/Documents/Github/New/ShooterOnlineOW_Style/Shooter_OW_Style/Content/Developers/JoanAbad/Collections/' took 0.01s
[2019.07.31-16.13.11:295][  0]LogFileCache: Scanning file cache for directory 'C:/Users/Joan Abad/Documents/Github/New/ShooterOnlineOW_Style/Shooter_OW_Style/Content/Collections/' took 0.01s
[2019.07.31-16.13.11:295][  0]LogCollectionManager: Rebuilt the GUID cache for 0 collections in 0.000001 seconds
[2019.07.31-16.13.11:305][  0]LogContentBrowser: Native class hierarchy populated in 0.0095 seconds. Added 2576 classes and 606 folders.
[2019.07.31-16.13.11:313][  0]LogContentBrowser: Native class hierarchy updated for 'WidgetCarousel' in 0.0004 seconds. Added 0 classes and 0 folders.
[2019.07.31-16.13.11:344][  0]LogContentBrowser: Native class hierarchy updated for 'AddContentDialog' in 0.0004 seconds. Added 0 classes and 0 folders.
[2019.07.31-16.13.11:350][  0]LogContentBrowser: Native class hierarchy updated for 'SceneOutliner' in 0.0003 seconds. Added 1 classes and 2 folders.
[2019.07.31-16.13.11:430][  0]LogSlate: Took 0.000227 seconds to synchronously load lazily loaded font '../../../Engine/Content/Slate/Fonts/Roboto-Regular.ttf' (155K)
[2019.07.31-16.13.11:432][  0]LogSlate: Took 0.000296 seconds to synchronously load lazily loaded font '../../../Engine/Content/Slate/Fonts/Roboto-Bold.ttf' (160K)
[2019.07.31-16.13.11:437][  0]LogSlate: Took 0.000204 seconds to synchronously load lazily loaded font '../../../Engine/Content/Editor/Slate/Fonts/FontAwesome.ttf' (139K)
[2019.07.31-16.13.11:514][  0]LogRenderer: Reallocating scene render targets to support 1716x884 Format 10 NumSamples 1 (Frame:1).
[2019.07.31-16.13.11:695][  0]LogContentBrowser: Native class hierarchy updated for 'HierarchicalLODOutliner' in 0.0004 seconds. Added 0 classes and 0 folders.
[2019.07.31-16.13.11:695][  0]LogLoad: (Engine Initialization) Total time: 10.40 seconds
[2019.07.31-16.13.11:695][  0]LogLoad: (Engine Initialization) Total Blueprint compile time: 0.00 seconds
[2019.07.31-16.13.11:785][  0]LogContentStreaming: Texture pool size now 1000 MB
[2019.07.31-16.13.11:787][  0]LogSlate: FSceneViewport::OnFocusLost() reason 2
[2019.07.31-16.13.11:910][  1]LogAssetRegistry: Asset discovery search completed in 5.7164 seconds
[2019.07.31-16.13.11:912][  1]LogCollectionManager: Rebuilt the object cache for 0 collections in 0.000001 seconds (found 0 objects)
[2019.07.31-16.13.11:913][  1]LogCollectionManager: Fixed up redirectors for 0 collections in 0.000212 seconds (updated 0 objects)
[2019.07.31-16.14.53:082][434]LogSlate: Window 'Message Log' being destroyed
[2019.07.31-16.14.53:085][434]LogSlate: Window 'Message Log' being destroyed
[2019.07.31-16.14.54:422][594]LogSlate: FSceneViewport::OnFocusLost() reason 0
[2019.07.31-16.14.54:588][614]LogTemp: Repeating last play command: New Editor Window (PIE)
[2019.07.31-16.14.54:604][614]LogPlayLevel: PlayLevel: No blueprints needed recompiling
[2019.07.31-16.14.54:618][614]PIE: New page: PIE session: FirstMap (Jul 31, 2019, 8:14:54 PM)
[2019.07.31-16.14.54:618][614]LogPlayLevel: Creating play world package: /Game/Levels/UEDPIE_0_FirstMap
[2019.07.31-16.14.54:622][614]LogPlayLevel: PIE: StaticDuplicateObject took: (0.004060s)
[2019.07.31-16.14.54:623][614]LogAIModule: Creating AISystem for world FirstMap
[2019.07.31-16.14.54:623][614]LogPlayLevel: PIE: World Init took: (0.001066s)
[2019.07.31-16.14.54:623][614]LogPlayLevel: PIE: Created PIE world by copying editor world from /Game/Levels/FirstMap.FirstMap to /Game/Levels/UEDPIE_0_FirstMap.FirstMap (0.005582s)
[2019.07.31-16.14.54:648][614]LogInit: XAudio2 using 'Altavoces (5- Logitech G933 Gaming Wireless Headset)' : 2 channels at 44.1 kHz using 16 bits per sample (channel mask 0x3)
[2019.07.31-16.14.54:657][614]LogInit: FAudioDevice initialized.
[2019.07.31-16.14.54:673][614]LogSlate: Updating window title bar state: overlay mode, drag disabled, window buttons hidden, title bar hidden
[2019.07.31-16.14.54:787][614]LogLoad: Game class is 'GameModeBase'
[2019.07.31-16.14.54:790][614]LogWorld: Bringing World /Game/Levels/UEDPIE_0_FirstMap.FirstMap up for play (max tick rate 0) at 2019.07.31-18.14.54
[2019.07.31-16.14.54:791][614]LogWorld: Bringing up level for play took: 0.002270
[2019.07.31-16.14.54:808][614]LogContentBrowser: Native class hierarchy updated for 'MovieSceneCapture' in 0.0004 seconds. Added 10 classes and 0 folders.
[2019.07.31-16.14.54:814][614]PIE: Play in editor start time for /Game/Levels/UEDPIE_0_FirstMap -0.373
[2019.07.31-16.14.57:159][877]LogSlate: Updating window title bar state: overlay mode, drag disabled, window buttons hidden, title bar hidden
[2019.07.31-16.14.57:175][877]LogSlate: Window 'Shooter_OW_Style Game Preview Standalone (64-bit/PCD3D_SM5)' being destroyed
[2019.07.31-16.14.57:208][877]LogPlayLevel: Display: Shutting down PIE online subsystems
[2019.07.31-16.14.57:294][879]LogPlayLevel: Display: Destroying online subsystem :Context_3
[2019.07.31-16.15.14:172][ 87]Candidate modules for hot reload:
[2019.07.31-16.15.14:172][ 87]  Shooter_OW_Style
[2019.07.31-16.15.14:172][ 87]Launching UnrealBuildTool... [C:/Program Files/Epic Games/UE_4.20/Engine/Binaries/DotNET/UnrealBuildTool.exe  -ModuleWithSuffix=Shooter_OW_Style,4133 Win64 Development -TargetType=Editor -Project="../../../../../../Users/Joan Abad/Documents/Github/New/ShooterOnlineOW_Style/Shooter_OW_Style/Shooter_OW_Style.uproject" -canskiplink "C:/Users/Joan Abad/Documents/Github/New/ShooterOnlineOW_Style/Shooter_OW_Style/Shooter_OW_Style.uproject" ]
[2019.07.31-16.15.14:173][ 87]Warning: Starting HotReload took  0.0s.
[2019.07.31-16.15.18:828][600]CompilerResultsLog: New page: Compilation - Jul 31, 2019, 8:15:18 PM
[2019.07.31-16.15.18:828][600]CompilerResultsLog: Using 'git status' to determine working set for adaptive non-unity build.
[2019.07.31-16.15.18:828][600]CompilerResultsLog: Compiling game modules for hot reload
[2019.07.31-16.15.18:828][600]CompilerResultsLog: Distributing 3 actions to XGE
[2019.07.31-16.15.18:828][600]CompilerResultsLog: --------------------Build System Warning---------------------------------------
[2019.07.31-16.15.18:829][600]CompilerResultsLog: License is invalid:
[2019.07.31-16.15.18:829][600]CompilerResultsLog:     License information is invalid. Please try reloading your license file using the Coordinator Monitor application on the Coordinator machine, or reinstall IncrediBuild.
[2019.07.31-16.15.18:829][600]CompilerResultsLog:     This build will run in standalone mode.
[2019.07.31-16.15.18:829][600]CompilerResultsLog: 
[2019.07.31-16.15.18:829][600]CompilerResultsLog: -------------------------------------------------------------------------------
[2019.07.31-16.15.18:829][600]CompilerResultsLog: --------------------Project: Default-------------------------------------------
[2019.07.31-16.15.18:829][600]CompilerResultsLog: GrenadeLauncher.cpp (0:00.75 at +0:00)
[2019.07.31-16.15.18:829][600]CompilerResultsLog: UE4Editor-Shooter_OW_Style-4133.dll (0:01.73 at +0:00)
[2019.07.31-16.15.18:829][600]CompilerResultsLog:    Creando biblioteca C:\Users\Joan Abad\Documents\Github\New\ShooterOnlineOW_Style\Shooter_OW_Style\Intermediate\Build\Win64\UE4Editor\Development\Shooter_OW_Style\UE4Editor-Shooter_OW_Style-4133.suppressed.lib y objeto C:\Users\Joan Abad\Documents\Github\New\ShooterOnlineOW_Style\Shooter_OW_Style\Intermediate\Build\Win64\UE4Editor\Development\Shooter_OW_Style\UE4Editor-Shooter_OW_Style-4133.suppressed.exp
[2019.07.31-16.15.18:829][600]CompilerResultsLog: UE4Editor-Shooter_OW_Style-4133.lib (0:00.18 at +0:02)
[2019.07.31-16.15.18:829][600]CompilerResultsLog:    Creando biblioteca C:\Users\Joan Abad\Documents\Github\New\ShooterOnlineOW_Style\Shooter_OW_Style\Intermediate\Build\Win64\UE4Editor\Development\Shooter_OW_Style\UE4Editor-Shooter_OW_Style-4133.lib y objeto C:\Users\Joan Abad\Documents\Github\New\ShooterOnlineOW_Style\Shooter_OW_Style\Intermediate\Build\Win64\UE4Editor\Development\Shooter_OW_Style\UE4Editor-Shooter_OW_Style-4133.exp
[2019.07.31-16.15.18:830][600]CompilerResultsLog: ---------------------- Done ----------------------
[2019.07.31-16.15.18:830][600]CompilerResultsLog: 
[2019.07.31-16.15.18:830][600]CompilerResultsLog:     Rebuild All: 1 succeeded, 0 failed, 0 skipped
[2019.07.31-16.15.18:830][600]CompilerResultsLog: 
[2019.07.31-16.15.18:830][600]CompilerResultsLog: 1 build system warning(s):
[2019.07.31-16.15.18:830][600]CompilerResultsLog:    - License is invalid
[2019.07.31-16.15.18:830][600]CompilerResultsLog: 
[2019.07.31-16.15.18:830][600]CompilerResultsLog: Total build time: 4,36 seconds (XGE executor: 2,84 seconds)
[2019.07.31-16.15.18:830][600]LogMainFrame: MainFrame: Module compiling took 4.666 seconds
[2019.07.31-16.15.18:867][600]LogContentBrowser: Native class hierarchy updated for 'Shooter_OW_Style' in 0.0004 seconds. Added 4 classes and 3 folders.
[2019.07.31-16.15.18:871][600]Display: HotReload successful (1 functions remapped  0 scriptstructs remapped)
[2019.07.31-16.15.18:991][600]LogContentBrowser: Native class hierarchy populated in 0.0115 seconds. Added 2577 classes and 608 folders.
[2019.07.31-16.15.18:991][600]Display: HotReload took  4.8s.
[2019.07.31-16.15.21:650][906]LogTemp: Repeating last play command: New Editor Window (PIE)
[2019.07.31-16.15.21:671][906]LogPlayLevel: PlayLevel: No blueprints needed recompiling
[2019.07.31-16.15.21:671][906]PIE: New page: PIE session: FirstMap (Jul 31, 2019, 8:15:21 PM)
[2019.07.31-16.15.21:671][906]LogPlayLevel: Creating play world package: /Game/Levels/UEDPIE_0_FirstMap
[2019.07.31-16.15.21:674][906]LogPlayLevel: PIE: StaticDuplicateObject took: (0.002343s)
[2019.07.31-16.15.21:674][906]LogAIModule: Creating AISystem for world FirstMap
[2019.07.31-16.15.21:675][906]LogPlayLevel: PIE: World Init took: (0.001063s)
[2019.07.31-16.15.21:675][906]LogPlayLevel: PIE: Created PIE world by copying editor world from /Game/Levels/FirstMap.FirstMap to /Game/Levels/UEDPIE_0_FirstMap.FirstMap (0.003736s)
[2019.07.31-16.15.21:700][906]LogInit: XAudio2 using 'Altavoces (5- Logitech G933 Gaming Wireless Headset)' : 2 channels at 44.1 kHz using 16 bits per sample (channel mask 0x3)
[2019.07.31-16.15.21:708][906]LogInit: FAudioDevice initialized.
[2019.07.31-16.15.21:722][906]LogSlate: Updating window title bar state: overlay mode, drag disabled, window buttons hidden, title bar hidden
[2019.07.31-16.15.21:807][906]LogLoad: Game class is 'GameModeBase'
[2019.07.31-16.15.21:809][906]LogWorld: Bringing World /Game/Levels/UEDPIE_0_FirstMap.FirstMap up for play (max tick rate 0) at 2019.07.31-18.15.21
[2019.07.31-16.15.21:810][906]LogWorld: Bringing up level for play took: 0.001881
[2019.07.31-16.15.21:827][906]PIE: Play in editor start time for /Game/Levels/UEDPIE_0_FirstMap 0.639
[2019.07.31-16.15.27:122][507]LogSlate: Updating window title bar state: overlay mode, drag disabled, window buttons hidden, title bar hidden
[2019.07.31-16.15.27:139][507]LogSlate: Window 'Shooter_OW_Style Game Preview Standalone (64-bit/PCD3D_SM5)' being destroyed
[2019.07.31-16.15.27:171][507]LogPlayLevel: Display: Shutting down PIE online subsystems
[2019.07.31-16.15.27:259][509]LogPlayLevel: Display: Destroying online subsystem :Context_4
[2019.07.31-16.16.09:866][465]LogSlate: Took 0.000221 seconds to synchronously load lazily loaded font '../../../Engine/Content/Slate/Fonts/Roboto-Light.ttf' (167K)
[2019.07.31-16.16.09:874][465]LogAssetEditorManager: Opening Asset editor for Blueprint /Game/Programming/Weapons/BP_GrenadeLauncher.BP_GrenadeLauncher
[2019.07.31-16.16.10:346][465]LogContentBrowser: Native class hierarchy updated for 'BlueprintGraph' in 0.0007 seconds. Added 116 classes and 0 folders.
[2019.07.31-16.16.21:715][479]LogSlate: Window 'BP_GrenadeLauncher' being destroyed
[2019.07.31-16.16.21:721][480]LogRenderer: Reallocating scene render targets to support 2572x1324 Format 10 NumSamples 1 (Frame:5814).
[2019.07.31-16.16.24:406][775]LogAssetEditorManager: Opening Asset editor for Blueprint /Game/Programming/Weapons/Ammo/BP_GrenadeLaunced.BP_GrenadeLaunced
[2019.07.31-16.16.24:708][775]LogSlate: Took 0.000179 seconds to synchronously load lazily loaded font '../../../Engine/Content/Slate/Fonts/Roboto-BoldCondensed.ttf' (158K)
[2019.07.31-16.16.24:769][776]LogSlate: Took 0.000209 seconds to synchronously load lazily loaded font '../../../Engine/Content/Slate/Fonts/Roboto-Italic.ttf' (157K)
[2019.07.31-16.16.30:708][428]LogSlate: FSceneViewport::OnFocusLost() reason 2
[2019.07.31-16.16.35:183][842]LogSlate: FSceneViewport::OnFocusLost() reason 0
[2019.07.31-16.16.35:266][852]BlueprintLog: New page: Compile BP_GrenadeLaunced
[2019.07.31-16.16.35:490][852]LogSavePackage: Moving '../../../../../../Users/Joan Abad/Documents/Github/New/ShooterOnlineOW_Style/Shooter_OW_Style/Saved/BP_GrenadeLaunced320FBC6A4D27FA02B46CE6B368DBEF57.tmp' to '../../../../../../Users/Joan Abad/Documents/Github/New/ShooterOnlineOW_Style/Shooter_OW_Style/Content/Programming/Weapons/Ammo/BP_GrenadeLaunced.uasset'
[2019.07.31-16.16.35:620][858]LogSlate: FSceneViewport::OnFocusLost() reason 0
[2019.07.31-16.16.35:713][864]LogSavePackage: Moving '../../../../../../Users/Joan Abad/Documents/Github/New/ShooterOnlineOW_Style/Shooter_OW_Style/Saved/BP_GrenadeLauncedB6F1800D4ACF6D173D17ABBC4729E3D1.tmp' to '../../../../../../Users/Joan Abad/Documents/Github/New/ShooterOnlineOW_Style/Shooter_OW_Style/Content/Programming/Weapons/Ammo/BP_GrenadeLaunced.uasset'
[2019.07.31-16.16.36:155][915]LogSlate: FSceneViewport::OnFocusLost() reason 0
[2019.07.31-16.16.36:230][924]LogTemp: Repeating last play command: New Editor Window (PIE)
[2019.07.31-16.16.36:251][924]LogPlayLevel: PlayLevel: No blueprints needed recompiling
[2019.07.31-16.16.36:251][924]PIE: New page: PIE session: FirstMap (Jul 31, 2019, 8:16:36 PM)
[2019.07.31-16.16.36:251][924]LogPlayLevel: Creating play world package: /Game/Levels/UEDPIE_0_FirstMap
[2019.07.31-16.16.36:254][924]LogPlayLevel: PIE: StaticDuplicateObject took: (0.002577s)
[2019.07.31-16.16.36:254][924]LogAIModule: Creating AISystem for world FirstMap
[2019.07.31-16.16.36:255][924]LogPlayLevel: PIE: World Init took: (0.001068s)
[2019.07.31-16.16.36:255][924]LogPlayLevel: PIE: Created PIE world by copying editor world from /Game/Levels/FirstMap.FirstMap to /Game/Levels/UEDPIE_0_FirstMap.FirstMap (0.004044s)
[2019.07.31-16.16.36:289][924]LogInit: XAudio2 using 'Altavoces (5- Logitech G933 Gaming Wireless Headset)' : 2 channels at 44.1 kHz using 16 bits per sample (channel mask 0x3)
[2019.07.31-16.16.36:296][924]LogInit: FAudioDevice initialized.
[2019.07.31-16.16.36:305][924]LogSlate: Updating window title bar state: overlay mode, drag disabled, window buttons hidden, title bar hidden
[2019.07.31-16.16.36:397][924]LogLoad: Game class is 'GameModeBase'
[2019.07.31-16.16.36:399][924]LogWorld: Bringing World /Game/Levels/UEDPIE_0_FirstMap.FirstMap up for play (max tick rate 0) at 2019.07.31-18.16.36
[2019.07.31-16.16.36:400][924]LogWorld: Bringing up level for play took: 0.002272
[2019.07.31-16.16.36:416][924]PIE: Play in editor start time for /Game/Levels/UEDPIE_0_FirstMap -0.771
[2019.07.31-16.16.40:627][380]LogSlate: Updating window title bar state: overlay mode, drag disabled, window buttons hidden, title bar hidden
[2019.07.31-16.16.40:645][380]LogSlate: Window 'Shooter_OW_Style Game Preview Standalone (64-bit/PCD3D_SM5)' being destroyed
[2019.07.31-16.16.40:683][380]LogPlayLevel: Display: Shutting down PIE online subsystems
[2019.07.31-16.16.40:735][381]LogPlayLevel: Display: Destroying online subsystem :Context_10
[2019.07.31-16.16.41:740][494]LogSlate: FSceneViewport::OnFocusLost() reason 0
[2019.07.31-16.16.47:979][209]LogTemp: Repeating last play command: New Editor Window (PIE)
[2019.07.31-16.16.48:002][209]LogPlayLevel: PlayLevel: No blueprints needed recompiling
[2019.07.31-16.16.48:002][209]PIE: New page: PIE session: FirstMap (Jul 31, 2019, 8:16:48 PM)
[2019.07.31-16.16.48:002][209]LogPlayLevel: Creating play world package: /Game/Levels/UEDPIE_0_FirstMap
[2019.07.31-16.16.48:005][209]LogPlayLevel: PIE: StaticDuplicateObject took: (0.002914s)
[2019.07.31-16.16.48:006][209]LogAIModule: Creating AISystem for world FirstMap
[2019.07.31-16.16.48:006][209]LogPlayLevel: PIE: World Init took: (0.000808s)
[2019.07.31-16.16.48:006][209]LogPlayLevel: PIE: Created PIE world by copying editor world from /Game/Levels/FirstMap.FirstMap to /Game/Levels/UEDPIE_0_FirstMap.FirstMap (0.004055s)
[2019.07.31-16.16.48:035][209]LogInit: XAudio2 using 'Altavoces (5- Logitech G933 Gaming Wireless Headset)' : 2 channels at 44.1 kHz using 16 bits per sample (channel mask 0x3)
[2019.07.31-16.16.48:067][209]LogInit: FAudioDevice initialized.
[2019.07.31-16.16.48:078][209]LogSlate: Updating window title bar state: overlay mode, drag disabled, window buttons hidden, title bar hidden
[2019.07.31-16.16.48:164][209]LogLoad: Game class is 'GameModeBase'
[2019.07.31-16.16.48:167][209]LogWorld: Bringing World /Game/Levels/UEDPIE_0_FirstMap.FirstMap up for play (max tick rate 0) at 2019.07.31-18.16.48
[2019.07.31-16.16.48:167][209]LogWorld: Bringing up level for play took: 0.002112
[2019.07.31-16.16.48:184][209]PIE: Play in editor start time for /Game/Levels/UEDPIE_0_FirstMap 0.997
[2019.07.31-16.16.56:961][163]LogSlate: Updating window title bar state: overlay mode, drag disabled, window buttons hidden, title bar hidden
[2019.07.31-16.16.56:980][163]LogSlate: Window 'Shooter_OW_Style Game Preview Standalone (64-bit/PCD3D_SM5)' being destroyed
[2019.07.31-16.16.57:026][163]LogPlayLevel: Display: Shutting down PIE online subsystems
[2019.07.31-16.16.57:099][164]LogPlayLevel: Display: Destroying online subsystem :Context_11
