Log file open, 07/28/19 15:56:25
LogWindows: Failed to load 'aqProf.dll' (GetLastError=126)
LogWindows: File 'aqProf.dll' does not exist
LogWindows: Failed to load 'VtuneApi.dll' (GetLastError=126)
LogWindows: File 'VtuneApi.dll' does not exist
LogWindows: Failed to load 'VtuneApi32e.dll' (GetLastError=126)
LogWindows: File 'VtuneApi32e.dll' does not exist
LogInit: Display: Running engine for game: Shooter_OW_Style
LogPlatformFile: Not using cached read wrapper
LogTaskGraph: Started task graph with 5 named threads and 14 total threads with 3 sets of task threads.
LogStats: Stats thread started at 0.563661
LogD3D11RHI: Loaded GFSDK_Aftermath_Lib.x64.dll
LogICUInternationalization: Display: ICU TimeZone Detection - Raw Offset: +1:00, Platform Override: ''
LogPluginManager: Mounting plugin Paper2D
LogPluginManager: Mounting plugin AISupport
LogPluginManager: Mounting plugin LightPropagationVolume
LogPluginManager: Mounting plugin CLionSourceCodeAccess
LogPluginManager: Mounting plugin CodeLiteSourceCodeAccess
LogPluginManager: Mounting plugin GitSourceControl
LogPluginManager: Mounting plugin KDevelopSourceCodeAccess
LogPluginManager: Mounting plugin NullSourceCodeAccess
LogPluginManager: Mounting plugin PerforceSourceControl
LogPluginManager: Mounting plugin SubversionSourceControl
LogPluginManager: Mounting plugin UObjectPlugin
LogPluginManager: Mounting plugin VisualStudioCodeSourceCodeAccess
LogPluginManager: Mounting plugin VisualStudioSourceCodeAccess
LogPluginManager: Mounting plugin XCodeSourceCodeAccess
LogPluginManager: Mounting plugin AssetManagerEditor
LogPluginManager: Mounting plugin CryptoKeys
LogPluginManager: Mounting plugin DataValidation
LogPluginManager: Mounting plugin FacialAnimation
LogPluginManager: Mounting plugin GameplayTagsEditor
LogPluginManager: Mounting plugin MacGraphicsSwitching
LogPluginManager: Mounting plugin MeshEditor
LogPluginManager: Mounting plugin MobileLauncherProfileWizard
LogPluginManager: Mounting plugin PluginBrowser
LogPluginManager: Mounting plugin SpeedTreeImporter
LogPluginManager: Mounting plugin DatasmithContent
LogPluginManager: Mounting plugin AlembicImporter
LogPluginManager: Mounting plugin AppleImageUtils
LogPluginManager: Mounting plugin AppleVision
LogPluginManager: Mounting plugin BackChannel
LogPluginManager: Mounting plugin CharacterAI
LogPluginManager: Mounting plugin GeometryCache
LogPluginManager: Mounting plugin HTML5Networking
LogPluginManager: Mounting plugin ProxyLODPlugin
LogPluginManager: Mounting plugin MagicLeap
LogPluginManager: Mounting plugin MagicLeapEmulator
LogPluginManager: Mounting plugin MagicLeapMedia
LogPluginManager: Mounting plugin AndroidMedia
LogPluginManager: Mounting plugin AvfMedia
LogPluginManager: Mounting plugin ImgMedia
LogPluginManager: Mounting plugin LinearTimecode
LogPluginManager: Mounting plugin MediaCompositing
LogPluginManager: Mounting plugin MediaPlayerEditor
LogPluginManager: Mounting plugin WmfMedia
LogPluginManager: Mounting plugin TcpMessaging
LogPluginManager: Mounting plugin UdpMessaging
LogPluginManager: Mounting plugin ActorSequence
LogPluginManager: Mounting plugin LevelSequenceEditor
LogPluginManager: Mounting plugin MatineeToLevelSequence
LogPluginManager: Mounting plugin NetcodeUnitTest
LogPluginManager: Mounting plugin NUTUnrealEngine4
LogPluginManager: Mounting plugin OnlineSubsystemGooglePlay
LogPluginManager: Mounting plugin OnlineSubsystemIOS
LogPluginManager: Mounting plugin OnlineSubsystem
LogPluginManager: Mounting plugin OnlineSubsystemNull
LogPluginManager: Mounting plugin OnlineSubsystemUtils
LogPluginManager: Mounting plugin LauncherChunkInstaller
LogPluginManager: Mounting plugin AndroidDeviceProfileSelector
LogPluginManager: Mounting plugin AndroidMoviePlayer
LogPluginManager: Mounting plugin AndroidPermission
LogPluginManager: Mounting plugin AppleMoviePlayer
LogPluginManager: Mounting plugin ArchVisCharacter
LogPluginManager: Mounting plugin AudioCapture
LogPluginManager: Mounting plugin CableComponent
LogPluginManager: Mounting plugin CustomMeshComponent
LogPluginManager: Mounting plugin EditableMesh
LogPluginManager: Mounting plugin ExampleDeviceProfileSelector
LogPluginManager: Mounting plugin GoogleCloudMessaging
LogPluginManager: Mounting plugin ImmediatePhysics
LogPluginManager: Mounting plugin IOSDeviceProfileSelector
LogPluginManager: Mounting plugin LinuxDeviceProfileSelector
LogPluginManager: Mounting plugin LocationServicesBPLibrary
LogPluginManager: Mounting plugin MobilePatchingUtils
LogPluginManager: Mounting plugin OculusVR
LogPluginManager: Plugin shader directory ../../../Engine/Plugins/Runtime/Oculus/OculusVR/Shaders found
LogPluginManager: Mapping shader source directory ../../../Engine/Plugins/Runtime/Oculus/OculusVR/Shaders to virtual directory /Plugin/OculusVR
LogPluginManager: Mounting plugin PhysXVehicles
LogPluginManager: Mounting plugin ProceduralMeshComponent
LogPluginManager: Mounting plugin RuntimePhysXCooking
LogPluginManager: Mounting plugin SteamVR
LogPluginManager: Mounting plugin WindowsMoviePlayer
LogStreaming: Display: Took  0.517s to configure plugins.
LogInit: Using libcurl 7.55.1-DEV
LogInit:  - built for x86_64-pc-win32
LogInit:  - supports SSL with OpenSSL/1.0.2h
LogInit:  - supports HTTP deflate (compression) using libz 1.2.8
LogInit:  - other features:
LogInit:      CURL_VERSION_SSL
LogInit:      CURL_VERSION_LIBZ
LogInit:      CURL_VERSION_IPV6
LogInit:      CURL_VERSION_ASYNCHDNS
LogInit:      CURL_VERSION_LARGEFILE
LogInit:      CURL_VERSION_IDN
LogInit:  CurlRequestOptions (configurable via config and command line):
LogInit:  - bVerifyPeer = false  - Libcurl will NOT verify peer certificate
LogInit:  - bUseHttpProxy = false  - Libcurl will NOT use HTTP proxy
LogInit:  - bDontReuseConnections = false  - Libcurl will reuse connections
LogInit:  - CertBundlePath = nullptr  - Libcurl will use whatever was configured at build time.
LogInit:  - MaxHostConnections = 16  - Libcurl will limit the number of connections to a host
LogInit:  - LocalHostAddr = Default
LogInit:  - BufferSize = 65536
LogInit: WinSock: version 1.1 (2.2), MaxSocks=32767, MaxUdp=65467
LogInit: Build: ++UE4+Release-4.20-CL-4369336
LogInit: Engine Version: 4.20.3-4369336+++UE4+Release-4.20
LogInit: Compatible Engine Version: 4.20.0-4212847+++UE4+Release-4.20
LogInit: Net CL: 4212847
LogInit: OS: Windows 8.1 (), CPU: Intel(R) Core(TM) i5-6600K CPU @ 3.50GHz, GPU: NVIDIA GeForce GTX 1070
LogInit: Compiled (64-bit): Sep 17 2018 12:26:19
LogInit: Compiled with Visual C++: 19.13.26129.00
LogInit: Build Configuration: Development
LogInit: Branch Name: ++UE4+Release-4.20
LogInit: Command Line:  -skipcompile
LogInit: Base Directory: C:/Program Files/Epic Games/UE_4.20/Engine/Binaries/Win64/
LogInit: Installed Engine Build: 1
LogDevObjectVersion: Number of dev versions registered: 20
LogDevObjectVersion:   Dev-Blueprints (B0D832E4-1F89-4F0D-ACCF-7EB736FD4AA2): 10
LogDevObjectVersion:   Dev-Build (E1C64328-A22C-4D53-A36C-8E866417BD8C): 0
LogDevObjectVersion:   Dev-Core (375EC13C-06E4-48FB-B500-84F0262A717E): 2
LogDevObjectVersion:   Dev-Editor (E4B068ED-F494-42E9-A231-DA0B2E46BB41): 24
LogDevObjectVersion:   Dev-Framework (CFFC743F-43B0-4480-9391-14DF171D2073): 34
LogDevObjectVersion:   Dev-Mobile (B02B49B5-BB20-44E9-A304-32B752E40360): 2
LogDevObjectVersion:   Dev-Networking (A4E4105C-59A1-49B5-A7C5-40C4547EDFEE): 0
LogDevObjectVersion:   Dev-Online (39C831C9-5AE6-47DC-9A44-9C173E1C8E7C): 0
LogDevObjectVersion:   Dev-Physics (78F01B33-EBEA-4F98-B9B4-84EACCB95AA2): 0
LogDevObjectVersion:   Dev-Platform (6631380F-2D4D-43E0-8009-CF276956A95A): 0
LogDevObjectVersion:   Dev-Rendering (12F88B9F-8875-4AFC-A67C-D90C383ABD29): 26
LogDevObjectVersion:   Dev-Sequencer (7B5AE74C-D270-4C10-A958-57980B212A5A): 9
LogDevObjectVersion:   Dev-VR (D7296918-1DD6-4BDD-9DE2-64A83CC13884): 2
LogDevObjectVersion:   Dev-LoadTimes (C2A15278-BFE7-4AFE-6C17-90FF531DF755): 1
LogDevObjectVersion:   Private-Geometry (6EACA3D4-40EC-4CC1-B786-8BED09428FC5): 3
LogDevObjectVersion:   Dev-AnimPhys (29E575DD-E0A3-4627-9D10-D276232CDCEA): 17
LogDevObjectVersion:   Dev-ReflectionCapture (6B266CEC-1EC7-4B8F-A30B-E4D90942FC07): 1
LogDevObjectVersion:   Dev-Automation (0DF73D61-A23F-47EA-B727-89E90C41499A): 1
LogDevObjectVersion:   FortniteMain (601D1886-AC64-4F84-AA16-D3DE0DEAC7D6): 12
LogDevObjectVersion:   Dev-Enterprise (9DFFBCD6-494F-0158-E221-12823C92A888): 1
LogStreaming: Display: Took  0.000s to delete old logs.
LogInit: Presizing for max 8388607 objects, including 0 objects not considered by GC, pre-allocating 0 bytes for permanent pool.
LogInit: Object subsystem initialized
[2019.07.28-13.56.27:180][  0]LogInit: Selected Device Profile: [Windows]
[2019.07.28-13.56.27:181][  0]LogInit: Applying CVar settings loaded from the selected device profile: [Windows]
[2019.07.28-13.56.27:204][  0]LogHAL: Display: Platform has ~ 16 GB [17137950720 / 17179869184 / 16], which maps to Larger [LargestMinGB=32, LargerMinGB=12, DefaultMinGB=8, SmallerMinGB=6, SmallestMinGB=0)
[2019.07.28-13.56.27:204][  0]LogInit: Setting Device Profile CVar: [[r.Vulkan.UseRealUBs:1]]
[2019.07.28-13.56.27:204][  0]LogInit: Going up to parent DeviceProfile []
[2019.07.28-13.56.27:204][  0]LogInit: Computer: JOANPC
[2019.07.28-13.56.27:204][  0]LogInit: User: JoanAbad
[2019.07.28-13.56.27:204][  0]LogInit: CPU Page size=4096, Cores=4
[2019.07.28-13.56.27:204][  0]LogInit: High frequency timer resolution =3.421872 MHz
[2019.07.28-13.56.27:205][  0]LogMemory: Memory total: Physical=16.0GB (16GB approx)
[2019.07.28-13.56.27:205][  0]LogMemory: Platform Memory Stats for Windows
[2019.07.28-13.56.27:205][  0]LogMemory: Process Physical Memory: 99.17 MB used, 99.17 MB peak
[2019.07.28-13.56.27:205][  0]LogMemory: Process Virtual Memory: 84.15 MB used, 84.15 MB peak
[2019.07.28-13.56.27:205][  0]LogMemory: Physical Memory: 8735.17 MB used,  7608.86 MB free, 16344.02 MB total
[2019.07.28-13.56.27:205][  0]LogMemory: Virtual Memory: 474.45 MB used,  7608.86 MB free, 134217728.00 MB total
[2019.07.28-13.56.28:776][  0]LogInit: Overriding language with editor language configuration option (en).
[2019.07.28-13.56.28:776][  0]LogInit: Overriding locale with editor locale configuration option (en).
[2019.07.28-13.56.29:133][  0]LogStreaming: Display: Took  0.358s to InitEngineTextLocalization.
[2019.07.28-13.56.29:133][  0]LogInit: Setting process to per monitor DPI aware
[2019.07.28-13.56.29:293][  0]LogSlate: New Slate User Created.  User Index 0, Is Virtual User: 0
[2019.07.28-13.56.29:293][  0]LogSlate: Slate User Registered.  User Index 0, Is Virtual User: 0
[2019.07.28-13.56.29:467][  0]LogHMD: Failed to initialize OpenVR with code 110
[2019.07.28-13.56.29:467][  0]LogD3D11RHI: D3D11 adapters:
[2019.07.28-13.56.29:718][  0]LogD3D11RHI:    0. 'NVIDIA GeForce GTX 1070' (Feature Level 11_0)
[2019.07.28-13.56.29:718][  0]LogD3D11RHI:       8046/0/8172 MB DedicatedVideo/DedicatedSystem/SharedSystem, Outputs:2, VendorId:0x10de
[2019.07.28-13.56.29:850][  0]LogD3D11RHI:    1. 'Microsoft Basic Render Driver' (Feature Level 11_0)
[2019.07.28-13.56.29:850][  0]LogD3D11RHI:       0/0/256 MB DedicatedVideo/DedicatedSystem/SharedSystem, Outputs:0, VendorId:0x1414
[2019.07.28-13.56.29:850][  0]LogD3D11RHI: Chosen D3D11 Adapter: 0
[2019.07.28-13.56.29:855][  0]LogD3D11RHI: Creating new Direct3DDevice
[2019.07.28-13.56.29:855][  0]LogD3D11RHI:     GPU DeviceId: 0x1b81 (for the marketing name, search the web for "GPU Device Id")
[2019.07.28-13.56.29:855][  0]LogWindows: EnumDisplayDevices:
[2019.07.28-13.56.29:855][  0]LogWindows:    0. 'NVIDIA GeForce GTX 1070' (P:1 D:1)
[2019.07.28-13.56.29:856][  0]LogWindows:    1. 'NVIDIA GeForce GTX 1070' (P:0 D:1)
[2019.07.28-13.56.29:857][  0]LogWindows:    2. 'NVIDIA GeForce GTX 1070' (P:0 D:0)
[2019.07.28-13.56.29:857][  0]LogWindows:    3. 'NVIDIA GeForce GTX 1070' (P:0 D:0)
[2019.07.28-13.56.29:857][  0]LogWindows: DebugString: FoundDriverCount:4 
[2019.07.28-13.56.29:857][  0]LogD3D11RHI:     Adapter Name: NVIDIA GeForce GTX 1070
[2019.07.28-13.56.29:857][  0]LogD3D11RHI:   Driver Version: 431.60 (internal:26.21.14.3160, unified:431.60)
[2019.07.28-13.56.29:857][  0]LogD3D11RHI:      Driver Date: 7-17-2019
[2019.07.28-13.56.29:857][  0]LogRHI: Texture pool is 5632 MB (70% of 8046 MB)
[2019.07.28-13.56.29:885][  0]LogD3D11RHI: Async texture creation enabled
[2019.07.28-13.56.29:905][  0]LogD3D11RHI: GPU Timing Frequency: 1000.000000 (Debug: 2 2)
[2019.07.28-13.56.29:949][  0]LogShaderCompilers: Guid format shader working directory is -40 characters bigger than the processId version (../../../../../../Users/Joan Abad/Documents/Github/ShooterOnlineOW_Style/Shooter_OW_Style/Intermediate/Shaders/WorkingDirectory/11568/).
[2019.07.28-13.56.29:949][  0]LogShaderCompilers: Cleaned the shader compiler working directory 'C:/Users/Joan Abad/AppData/Local/Temp/UnrealShaderWorkingDir/4A545FFC414D5D813BD0D1A8DFE115E0/'.
[2019.07.28-13.56.30:433][  0]LogTemp: Display: Loaded TP AllDesktopTargetPlatform
[2019.07.28-13.56.30:477][  0]LogTemp: Display: Loaded TP MacClientTargetPlatform
[2019.07.28-13.56.30:527][  0]LogTemp: Display: Loaded TP MacNoEditorTargetPlatform
[2019.07.28-13.56.30:558][  0]LogTemp: Display: Loaded TP MacServerTargetPlatform
[2019.07.28-13.56.30:592][  0]LogTemp: Display: Loaded TP MacTargetPlatform
[2019.07.28-13.56.30:625][  0]LogTemp: Display: Loaded TP WindowsClientTargetPlatform
[2019.07.28-13.56.30:698][  0]LogTemp: Display: Loaded TP WindowsNoEditorTargetPlatform
[2019.07.28-13.56.30:754][  0]LogTemp: Display: Loaded TP WindowsServerTargetPlatform
[2019.07.28-13.56.30:793][  0]LogTemp: Display: Loaded TP WindowsTargetPlatform
[2019.07.28-13.56.30:949][  0]LogTemp: Display: Loaded TP AndroidTargetPlatform
[2019.07.28-13.56.30:950][  0]LogTemp: Display: Loaded TP AndroidTargetPlatform
[2019.07.28-13.56.30:950][  0]LogTemp: Display: Loaded TP AndroidTargetPlatform
[2019.07.28-13.56.30:950][  0]LogTemp: Display: Loaded TP AndroidTargetPlatform
[2019.07.28-13.56.30:950][  0]LogTemp: Display: Loaded TP AndroidTargetPlatform
[2019.07.28-13.56.30:950][  0]LogTemp: Display: Loaded TP AndroidTargetPlatform
[2019.07.28-13.56.30:950][  0]LogTemp: Display: Loaded TP AndroidTargetPlatform
[2019.07.28-13.56.30:950][  0]LogTemp: Display: Loaded TP AndroidTargetPlatform
[2019.07.28-13.56.30:950][  0]LogTemp: Display: Loaded TP AndroidTargetPlatform
[2019.07.28-13.56.30:950][  0]LogTemp: Display: Loaded TP AndroidTargetPlatform
[2019.07.28-13.56.30:950][  0]LogTemp: Display: Loaded TP AndroidTargetPlatform
[2019.07.28-13.56.30:950][  0]LogTemp: Display: Loaded TP AndroidTargetPlatform
[2019.07.28-13.56.30:950][  0]LogTemp: Display: Loaded TP AndroidTargetPlatform
[2019.07.28-13.56.30:950][  0]LogTemp: Display: Loaded TP AndroidTargetPlatform
[2019.07.28-13.56.30:950][  0]LogTemp: Display: Loaded TP AndroidTargetPlatform
[2019.07.28-13.56.30:950][  0]LogTemp: Display: Loaded TP AndroidTargetPlatform
[2019.07.28-13.56.30:950][  0]LogTemp: Display: Loaded TP AndroidTargetPlatform
[2019.07.28-13.56.30:950][  0]LogTemp: Display: Loaded TP AndroidTargetPlatform
[2019.07.28-13.56.31:002][  0]LogTemp: Display: Loaded TP HTML5TargetPlatform
[2019.07.28-13.56.31:208][  0]LogTemp: Display: Loaded TP IOSTargetPlatform
[2019.07.28-13.56.31:208][  0]LogTemp: Display: Loaded TP IOSTargetPlatform
[2019.07.28-13.56.31:260][  0]LogTemp: Display: Loaded TP TVOSTargetPlatform
[2019.07.28-13.56.31:260][  0]LogTemp: Display: Loaded TP TVOSTargetPlatform
[2019.07.28-13.56.31:314][  0]LogTemp: Display: Loaded TP LinuxClientTargetPlatform
[2019.07.28-13.56.31:346][  0]LogTemp: Display: Loaded TP LinuxNoEditorTargetPlatform
[2019.07.28-13.56.31:425][  0]LogTemp: Display: Loaded TP LinuxServerTargetPlatform
[2019.07.28-13.56.31:461][  0]LogTemp: Display: Loaded TP LinuxTargetPlatform
[2019.07.28-13.56.31:523][  0]LogTemp: Display: Loaded TP LuminTargetPlatform
[2019.07.28-13.56.31:523][  0]LogTargetPlatformManager: Display: Building Assets For Windows
[2019.07.28-13.56.32:041][  0]LogXGEController: Cleaning working directory: C:/Users/Joan Abad/AppData/Local/Temp/UnrealXGEWorkingDir/
[2019.07.28-13.56.32:080][  0]LogShaderCompilers: Display: Using XGE Shader Compiler (Interception Interface).
[2019.07.28-13.56.32:844][  0]LogDerivedDataCache: Display: Max Cache Size: 512 MB
[2019.07.28-13.56.32:925][  0]LogDerivedDataCache: Loaded boot cache 0.08s 71MB C:/Users/Joan Abad/AppData/Local/UnrealEngine/4.20/DerivedDataCache/Boot.ddc.
[2019.07.28-13.56.32:926][  0]LogDerivedDataCache: Display: Loaded Boot cache: C:/Users/Joan Abad/AppData/Local/UnrealEngine/4.20/DerivedDataCache/Boot.ddc
[2019.07.28-13.56.32:926][  0]LogDerivedDataCache: FDerivedDataBackendGraph:  Pak pak cache file ../../../../../../Users/Joan Abad/Documents/Github/ShooterOnlineOW_Style/Shooter_OW_Style/DerivedDataCache/DDC.ddp not found, will not use a pak cache.
[2019.07.28-13.56.32:926][  0]LogDerivedDataCache: Unable to find inner node Pak for hierarchical cache Hierarchy.
[2019.07.28-13.56.32:926][  0]LogDerivedDataCache: FDerivedDataBackendGraph:  CompressedPak pak cache file ../../../../../../Users/Joan Abad/Documents/Github/ShooterOnlineOW_Style/Shooter_OW_Style/DerivedDataCache/Compressed.ddp not found, will not use a pak cache.
[2019.07.28-13.56.32:926][  0]LogDerivedDataCache: Unable to find inner node CompressedPak for hierarchical cache Hierarchy.
[2019.07.28-13.56.32:941][  0]LogDerivedDataCache: Display: Pak cache opened for reading ../../../Engine/DerivedDataCache/Compressed.ddp.
[2019.07.28-13.56.32:954][  0]LogDerivedDataCache: Using Local data cache path C:/Users/Joan Abad/AppData/Local/UnrealEngine/Common/DerivedDataCache: Writable
[2019.07.28-13.56.32:954][  0]LogDerivedDataCache: Shared data cache path not found in *engine.ini, will not use an Shared cache.
[2019.07.28-13.56.32:954][  0]LogDerivedDataCache: Unable to find inner node Shared for hierarchical cache Hierarchy.
[2019.07.28-13.56.32:973][  0]LogMaterial: Verifying Global Shaders for PCD3D_SM5
[2019.07.28-13.56.32:975][  0]LogSlate: Using FreeType 2.6.0
[2019.07.28-13.56.32:975][  0]LogSlate: SlateFontServices - WITH_FREETYPE: 1, WITH_HARFBUZZ: 1
[2019.07.28-13.56.33:051][  0]LogAssetRegistry: FAssetRegistry took 0.0298 seconds to start up
[2019.07.28-13.56.33:337][  0]LogInit: Selected Device Profile: [Windows]
[2019.07.28-13.56.33:621][  0]LogSimplygon: Simplygon DLL not present - disabling.
[2019.07.28-13.56.33:826][  0]LogMeshReduction: Using SimplygonSwarm for distributed automatic mesh merging
[2019.07.28-13.56.33:826][  0]LogMeshReduction: Using ProxyLODMeshReduction for automatic mesh merging
[2019.07.28-13.56.33:826][  0]LogMeshReduction: Using QuadricMeshReduction for automatic static mesh reduction
[2019.07.28-13.56.33:826][  0]LogMeshReduction: No automatic skeletal mesh reduction module available
[2019.07.28-13.56.33:851][  0]LogNetVersion: Shooter_OW_Style 1.0.0, NetCL: 4212847, EngineNetVer: 5, GameNetVer: 0 (Checksum: 1206910907)
[2019.07.28-13.56.34:447][  0]LogPackageLocalizationCache: Processed 11 localized package path(s) for 1 prioritized culture(s) in 0.064862 seconds
[2019.07.28-13.56.34:453][  0]LogUObjectArray: 38425 objects as part of root set at end of initial load.
[2019.07.28-13.56.34:453][  0]LogUObjectAllocator: 6690864 out of 0 bytes used by permanent object pool.
[2019.07.28-13.56.34:454][  0]LogUObjectArray: CloseDisregardForGC: 0/0 objects in disregard for GC pool
[2019.07.28-13.56.36:599][  0]LogTcpMessaging: Initializing TcpMessaging bridge
[2019.07.28-13.56.36:666][  0]LogUdpMessaging: Initializing bridge on interface 0.0.0.0:0 to multicast group 230.0.0.1:6666.
[2019.07.28-13.56.37:453][  0]SourceControl: Source control is disabled
[2019.07.28-13.56.37:453][  0]SourceControl: Source control is disabled
[2019.07.28-13.56.37:475][  0]SourceControl: Source control is disabled
[2019.07.28-13.56.37:491][  0]SourceControl: Source control is disabled
[2019.07.28-13.56.38:884][  0]LogAndroidPermission: UAndroidPermissionCallbackProxy::GetInstance
[2019.07.28-13.56.39:180][  0]LogOcInput: OculusInput pre-init called
[2019.07.28-13.56.39:341][  0]LogEngine: Initializing Engine...
[2019.07.28-13.56.39:342][  0]LogHMD: Failed to initialize OpenVR with code 110
[2019.07.28-13.56.39:343][  0]LogStats: UGameplayTagsManager::ConstructGameplayTagTree: ImportINI prefixes -  0.000 s
[2019.07.28-13.56.39:343][  0]LogStats: UGameplayTagsManager::ConstructGameplayTagTree: Construct from data asset -  0.000 s
[2019.07.28-13.56.39:343][  0]LogStats: UGameplayTagsManager::ConstructGameplayTagTree: ImportINI -  0.000 s
[2019.07.28-13.56.39:343][  0]LogStats: UGameplayTagsManager::ConstructGameplayTagTree: GameplayTagTreeChangedEvent.Broadcast -  0.000 s
[2019.07.28-13.56.39:547][  0]LogInit: Initializing FReadOnlyCVARCache
[2019.07.28-13.56.39:625][  0]LogAIModule: Creating AISystem for world Untitled
[2019.07.28-13.56.39:647][  0]LogInit: XAudio2 using 'Altavoces (5- Logitech G933 Gaming Wireless Headset)' : 2 channels at 44.1 kHz using 16 bits per sample (channel mask 0x3)
[2019.07.28-13.56.39:655][  0]LogInit: FAudioDevice initialized.
[2019.07.28-13.56.39:656][  0]LogNetVersion: Set ProjectVersion to 1.0.0.0. Version Checksum will be recalculated on next use.
[2019.07.28-13.56.40:185][  0]LogDerivedDataCache: Saved boot cache 0.53s 71MB C:/Users/Joan Abad/AppData/Local/UnrealEngine/4.20/DerivedDataCache/Boot.ddc.
[2019.07.28-13.56.40:189][  0]LogInit: Texture streaming: Enabled
[2019.07.28-13.56.40:351][  0]LogEngineSessionManager: EngineSessionManager initialized
[2019.07.28-13.56.40:397][  0]LogInit: Transaction tracking system initialized
[2019.07.28-13.56.40:473][  0]BlueprintLog: New page: Editor Load
[2019.07.28-13.56.42:533][  0]LocalizationService: Localization service is disabled
[2019.07.28-13.56.43:230][  0]LogLinker: Warning: Can't find file '/Game/ThirdPersonBP/ThirdPersonOverview'
[2019.07.28-13.56.43:231][  0]LogLinker: Warning: Can't find file '/Game/ThirdPersonBP/ThirdPersonOverview'
[2019.07.28-13.56.43:231][  0]LogUObjectGlobals: Warning: Failed to find object 'Class /Game/ThirdPersonBP/ThirdPersonOverview.ThirdPersonOverview_C'
[2019.07.28-13.56.43:942][  0]LogFileCache: Scanning file cache for directory 'C:/Users/Joan Abad/Documents/Github/ShooterOnlineOW_Style/Shooter_OW_Style/Content/' took 0.01s
[2019.07.28-13.56.43:942][  0]LogCook: Display: Max memory allowance for cook 16384mb min free memory 0mb
[2019.07.28-13.56.43:942][  0]LogCook: Display: Mobile HDR setting 1
[2019.07.28-13.56.43:960][  0]LogGameplayTags: Display: UGameplayTagsManager::DoneAddingNativeTags. DelegateIsBound: 0
[2019.07.28-13.56.43:960][  0]LogStats: UGameplayTagsManager::ConstructGameplayTagTree: ImportINI prefixes -  0.000 s
[2019.07.28-13.56.43:960][  0]LogStats: UGameplayTagsManager::ConstructGameplayTagTree: Construct from data asset -  0.000 s
[2019.07.28-13.56.43:961][  0]LogStats: UGameplayTagsManager::ConstructGameplayTagTree: ImportINI -  0.000 s
[2019.07.28-13.56.43:961][  0]LogStats: UGameplayTagsManager::ConstructGameplayTagTree: GameplayTagTreeChangedEvent.Broadcast -  0.000 s
[2019.07.28-13.56.44:885][  0]SourceControl: Source control is disabled
[2019.07.28-13.56.44:885][  0]Cmd: MAP LOAD FILE="../../../Engine/Content/Maps/Templates/Template_Default.umap" TEMPLATE=1 SHOWPROGRESS=1 FEATURELEVEL=3
[2019.07.28-13.56.44:885][  0]LightingResults: New page: Lighting Build
[2019.07.28-13.56.44:889][  0]MapCheck: New page: Map Check
[2019.07.28-13.56.44:890][  0]LightingResults: New page: Lighting Build
[2019.07.28-13.56.45:072][  0]LogAIModule: Creating AISystem for world Untitled_1
[2019.07.28-13.56.45:078][  0]LogEditorServer: Finished looking for orphan Actors (0.000 secs)
[2019.07.28-13.56.45:104][  0]Cmd: MAP CHECKDEP NOCLEARLOG
[2019.07.28-13.56.45:144][  0]MapCheck: Map check complete: 0 Error(s), 0 Warning(s), took 38.875ms to complete.
[2019.07.28-13.56.45:144][  0]LogFileHelpers: Loading map 'Template_Default' took 0.259
[2019.07.28-13.56.45:835][  0]LogSlate: Updating window title bar state: overlay mode, drag disabled, window buttons hidden, title bar hidden
[2019.07.28-13.56.45:858][  0]LogSlate: Updating window title bar state: overlay mode, drag disabled, window buttons hidden, title bar hidden
[2019.07.28-13.56.45:866][  0]LogSlate: Updating window title bar state: overlay mode, drag disabled, window buttons hidden, title bar hidden
[2019.07.28-13.56.45:875][  0]LogSlate: Updating window title bar state: overlay mode, drag disabled, window buttons hidden, title bar hidden
[2019.07.28-13.56.46:166][  0]LogCollectionManager: Loaded 0 collections in 0.001310 seconds
[2019.07.28-13.56.46:263][  0]LogFileCache: Scanning file cache for directory 'C:/Users/Joan Abad/Documents/Github/ShooterOnlineOW_Style/Shooter_OW_Style/Saved/Collections/' took 0.01s
[2019.07.28-13.56.46:263][  0]LogFileCache: Scanning file cache for directory 'C:/Users/Joan Abad/Documents/Github/ShooterOnlineOW_Style/Shooter_OW_Style/Content/Developers/JoanAbad/Collections/' took 0.01s
[2019.07.28-13.56.46:264][  0]LogFileCache: Scanning file cache for directory 'C:/Users/Joan Abad/Documents/Github/ShooterOnlineOW_Style/Shooter_OW_Style/Content/Collections/' took 0.01s
[2019.07.28-13.56.46:264][  0]LogCollectionManager: Rebuilt the GUID cache for 0 collections in 0.000000 seconds
[2019.07.28-13.56.46:273][  0]LogContentBrowser: Native class hierarchy populated in 0.0092 seconds. Added 2573 classes and 605 folders.
[2019.07.28-13.56.46:336][  0]LogContentBrowser: Native class hierarchy updated for 'WidgetCarousel' in 0.0004 seconds. Added 0 classes and 0 folders.
[2019.07.28-13.56.47:694][  0]LogContentBrowser: Native class hierarchy updated for 'AddContentDialog' in 0.0004 seconds. Added 0 classes and 0 folders.
[2019.07.28-13.56.47:730][  0]LogContentBrowser: Native class hierarchy updated for 'SceneOutliner' in 0.0003 seconds. Added 1 classes and 2 folders.
[2019.07.28-13.56.48:243][  0]LogSlate: Took 0.000276 seconds to synchronously load lazily loaded font '../../../Engine/Content/Slate/Fonts/Roboto-Regular.ttf' (155K)
[2019.07.28-13.56.48:246][  0]LogSlate: Took 0.000255 seconds to synchronously load lazily loaded font '../../../Engine/Content/Slate/Fonts/Roboto-Bold.ttf' (160K)
[2019.07.28-13.56.48:820][  0]LogSlate: Took 0.170116 seconds to synchronously load lazily loaded font '../../../Engine/Content/Editor/Slate/Fonts/FontAwesome.ttf' (139K)
[2019.07.28-13.56.49:215][  0]LogRenderer: Reallocating scene render targets to support 1716x884 Format 10 NumSamples 1 (Frame:1).
[2019.07.28-13.56.49:581][  0]LogContentBrowser: Native class hierarchy updated for 'HierarchicalLODOutliner' in 0.0003 seconds. Added 0 classes and 0 folders.
[2019.07.28-13.56.49:581][  0]LogLoad: (Engine Initialization) Total time: 25.84 seconds
[2019.07.28-13.56.49:581][  0]LogLoad: (Engine Initialization) Total Blueprint compile time: 0.00 seconds
[2019.07.28-13.56.49:642][  0]LogContentStreaming: Texture pool size now 1000 MB
[2019.07.28-13.56.49:810][  1]LogAssetRegistry: Asset discovery search completed in 16.7848 seconds
[2019.07.28-13.56.49:812][  1]LogCollectionManager: Rebuilt the object cache for 0 collections in 0.000000 seconds (found 0 objects)
[2019.07.28-13.56.49:812][  1]LogCollectionManager: Fixed up redirectors for 0 collections in 0.000222 seconds (updated 0 objects)
[2019.07.28-13.57.34:670][203]LogSlate: FSceneViewport::OnFocusLost() reason 2
[2019.07.28-13.57.36:979][450]LogSlate: Took 0.047500 seconds to synchronously load lazily loaded font '../../../Engine/Content/Slate/Fonts/Roboto-Light.ttf' (167K)
[2019.07.28-13.57.36:986][450]LogSlate: FSceneViewport::OnFocusLost() reason 2
[2019.07.28-13.57.37:045][450]LogSlate: FSceneViewport::OnFocusLost() reason 2
[2019.07.28-13.57.37:071][450]LogSlate: Took 0.007757 seconds to synchronously load lazily loaded font '../../../Engine/Content/Slate/Fonts/Roboto-BoldCondensed.ttf' (158K)
[2019.07.28-13.57.53:767][282]Running C:/Program Files/Epic Games/UE_4.20/Engine/Binaries/DotNET/UnrealBuildTool.exe Win64 Development -TargetType=Editor -Project="C:/Users/Joan Abad/Documents/Github/ShooterOnlineOW_Style/Shooter_OW_Style/Shooter_OW_Style.uproject" -invalidatemakefilesonly
[2019.07.28-13.57.54:572][282]Invalidating makefiles only in this run.
[2019.07.28-13.57.54:976][282]Candidate modules for hot reload:
[2019.07.28-13.57.54:976][282]  Shooter_OW_Style
[2019.07.28-13.57.54:977][282]Launching UnrealBuildTool... [C:/Program Files/Epic Games/UE_4.20/Engine/Binaries/DotNET/UnrealBuildTool.exe  -ModuleWithSuffix=Shooter_OW_Style,9765 Win64 Development -TargetType=Editor -Project="../../../../../../Users/Joan Abad/Documents/Github/ShooterOnlineOW_Style/Shooter_OW_Style/Shooter_OW_Style.uproject" -canskiplink "C:/Users/Joan Abad/Documents/Github/ShooterOnlineOW_Style/Shooter_OW_Style/Shooter_OW_Style.uproject" ]
[2019.07.28-13.58.18:010][282]CompilerResultsLog: New page: Compilation - Jul 28, 2019, 5:58:17 PM
[2019.07.28-13.58.18:021][282]CompilerResultsLog: Performing full C++ include scan (hot reloading a new target)
[2019.07.28-13.58.18:022][282]CompilerResultsLog: Using 'git status' to determine working set for adaptive non-unity build.
[2019.07.28-13.58.18:022][282]CompilerResultsLog: Creating makefile for hot reloading Shooter_OW_StyleEditor (no existing makefile)
[2019.07.28-13.58.18:022][282]CompilerResultsLog: Compiling game modules for hot reload
[2019.07.28-13.58.18:022][282]CompilerResultsLog: Using Visual Studio 2017 14.16.27023 toolchain (C:\Program Files (x86)\FCKING VISUAL STUDIO\VC\Tools\MSVC\14.16.27023) and Windows 10.0.16299.0 SDK (C:\Program Files (x86)\Windows Kits\10).
[2019.07.28-13.58.18:022][282]CompilerResultsLog: Parsing headers for Shooter_OW_StyleEditor
[2019.07.28-13.58.18:022][282]CompilerResultsLog:   Running UnrealHeaderTool "C:\Users\Joan Abad\Documents\Github\ShooterOnlineOW_Style\Shooter_OW_Style\Shooter_OW_Style.uproject" "C:\Users\Joan Abad\Documents\Github\ShooterOnlineOW_Style\Shooter_OW_Style\Intermediate\Build\Win64\Shooter_OW_StyleEditor\Development\Shooter_OW_StyleEditor.uhtmanifest" -LogCmds="loginit warning, logexit warning, logdatabase error" -Unattended -WarningsAsErrors -installed
[2019.07.28-13.58.18:022][282]CompilerResultsLog: Reflection code generated for Shooter_OW_StyleEditor in 10,3850176 seconds
[2019.07.28-13.58.18:022][282]CompilerResultsLog: Distributing 8 actions to XGE
[2019.07.28-13.58.18:022][282]CompilerResultsLog: --------------------Build System Warning---------------------------------------
[2019.07.28-13.58.18:022][282]CompilerResultsLog: License is invalid:
[2019.07.28-13.58.18:022][282]CompilerResultsLog:     License information is invalid. Please try reloading your license file using the Coordinator Monitor application on the Coordinator machine, or reinstall IncrediBuild.
[2019.07.28-13.58.18:022][282]CompilerResultsLog:     This build will run in standalone mode.
[2019.07.28-13.58.18:030][282]CompilerResultsLog: 
[2019.07.28-13.58.18:030][282]CompilerResultsLog: -------------------------------------------------------------------------------
[2019.07.28-13.58.18:031][282]CompilerResultsLog: --------------------Project: Default-------------------------------------------
[2019.07.28-13.58.18:031][282]CompilerResultsLog: Shooter_OW_Style.cpp (0:00.28 at +0:00)
[2019.07.28-13.58.18:031][282]CompilerResultsLog: Shooter_OW_StyleGameModeBase.cpp (0:00.42 at +0:00)
[2019.07.28-13.58.18:031][282]CompilerResultsLog: C_BaseCharacter.cpp (0:00.54 at +0:00)
[2019.07.28-13.58.18:031][282]CompilerResultsLog: C_BaseCharacter.gen.cpp (0:00.64 at +0:01)
[2019.07.28-13.58.18:031][282]CompilerResultsLog: Shooter_OW_Style.init.gen.cpp (0:00.43 at +0:01)
[2019.07.28-13.58.18:031][282]CompilerResultsLog: Shooter_OW_StyleGameModeBase.gen.cpp (0:00.62 at +0:02)
[2019.07.28-13.58.18:031][282]CompilerResultsLog: UE4Editor-Shooter_OW_Style-9765.dll (0:00.84 at +0:02)
[2019.07.28-13.58.18:031][282]CompilerResultsLog:    Creando biblioteca C:\Users\Joan Abad\Documents\Github\ShooterOnlineOW_Style\Shooter_OW_Style\Intermediate\Build\Win64\UE4Editor\Development\Shooter_OW_Style\UE4Editor-Shooter_OW_Style-9765.suppressed.lib y objeto C:\Users\Joan Abad\Documents\Github\ShooterOnlineOW_Style\Shooter_OW_Style\Intermediate\Build\Win64\UE4Editor\Development\Shooter_OW_Style\UE4Editor-Shooter_OW_Style-9765.suppressed.exp
[2019.07.28-13.58.18:032][282]CompilerResultsLog: UE4Editor-Shooter_OW_Style-9765.lib (0:00.14 at +0:03)
[2019.07.28-13.58.18:032][282]CompilerResultsLog:    Creando biblioteca C:\Users\Joan Abad\Documents\Github\ShooterOnlineOW_Style\Shooter_OW_Style\Intermediate\Build\Win64\UE4Editor\Development\Shooter_OW_Style\UE4Editor-Shooter_OW_Style-9765.lib y objeto C:\Users\Joan Abad\Documents\Github\ShooterOnlineOW_Style\Shooter_OW_Style\Intermediate\Build\Win64\UE4Editor\Development\Shooter_OW_Style\UE4Editor-Shooter_OW_Style-9765.exp
[2019.07.28-13.58.18:032][282]CompilerResultsLog: ---------------------- Done ----------------------
[2019.07.28-13.58.18:032][282]CompilerResultsLog: 
[2019.07.28-13.58.18:032][282]CompilerResultsLog:     Rebuild All: 1 succeeded, 0 failed, 0 skipped
[2019.07.28-13.58.18:032][282]CompilerResultsLog: 
[2019.07.28-13.58.18:032][282]CompilerResultsLog: 1 build system warning(s):
[2019.07.28-13.58.18:032][282]CompilerResultsLog:    - License is invalid
[2019.07.28-13.58.18:032][282]CompilerResultsLog: 
[2019.07.28-13.58.18:032][282]CompilerResultsLog: Total build time: 22,74 seconds (XGE executor: 4,16 seconds)
[2019.07.28-13.58.18:032][282]LogMainFrame: MainFrame: Module compiling took 23.292 seconds
[2019.07.28-13.58.18:112][282]LogClass: Could not find existing class C_BaseCharacter in package /Script/Shooter_OW_Style for HotReload, assuming new class
[2019.07.28-13.58.18:121][282]LogContentBrowser: Native class hierarchy updated for 'Shooter_OW_Style' in 0.0004 seconds. Added 2 classes and 3 folders.
[2019.07.28-13.58.18:125][282]Display: HotReload successful (0 functions remapped  0 scriptstructs remapped)
[2019.07.28-13.58.18:776][282]LogContentBrowser: Native class hierarchy populated in 0.0092 seconds. Added 2575 classes and 608 folders.
[2019.07.28-13.58.18:843][282]Display: HotReload took 24.1s.
[2019.07.28-13.58.18:845][282]Warning: HotReload operation took 24.1s.
[2019.07.28-13.58.22:065][282]LogSlate: Window 'Add C++ Class' being destroyed
[2019.07.28-13.58.22:101][282]LogHotReload: New module detected: UE4Editor-Shooter_OW_Style-9765.dll
[2019.07.28-13.58.22:517][282]LogSlate: FSceneViewport::OnFocusLost() reason 2
[2019.07.28-13.58.22:534][283]LogHotReload: Starting Hot-Reload from IDE
[2019.07.28-13.58.22:603][283]LogContentBrowser: Native class hierarchy updated for 'Shooter_OW_Style' in 0.0004 seconds. Added 2 classes and 3 folders.
[2019.07.28-13.58.22:608][283]Display: HotReload successful (0 functions remapped  0 scriptstructs remapped)
[2019.07.28-13.58.22:649][283]LogContentBrowser: Native class hierarchy populated in 0.0100 seconds. Added 2575 classes and 608 folders.
[2019.07.28-13.58.22:659][283]Display: HotReload took  0.1s.
