Log file open, 07/28/19 16:59:56
LogWindows: Failed to load 'aqProf.dll' (GetLastError=126)
LogWindows: File 'aqProf.dll' does not exist
LogWindows: Failed to load 'VtuneApi.dll' (GetLastError=126)
LogWindows: File 'VtuneApi.dll' does not exist
LogWindows: Failed to load 'VtuneApi32e.dll' (GetLastError=126)
LogWindows: File 'VtuneApi32e.dll' does not exist
LogInit: Display: Running engine for game: Shooter_OW_Style
LogPlatformFile: Not using cached read wrapper
LogTaskGraph: Started task graph with 5 named threads and 14 total threads with 3 sets of task threads.
LogStats: Stats thread started at 0.429643
LogD3D11RHI: Loaded GFSDK_Aftermath_Lib.x64.dll
LogICUInternationalization: Display: ICU TimeZone Detection - Raw Offset: +1:00, Platform Override: ''
LogPluginManager: Mounting plugin Paper2D
LogPluginManager: Mounting plugin AISupport
LogPluginManager: Mounting plugin LightPropagationVolume
LogPluginManager: Mounting plugin CLionSourceCodeAccess
LogPluginManager: Mounting plugin CodeLiteSourceCodeAccess
LogPluginManager: Mounting plugin GitSourceControl
LogPluginManager: Mounting plugin KDevelopSourceCodeAccess
LogPluginManager: Mounting plugin NullSourceCodeAccess
LogPluginManager: Mounting plugin PerforceSourceControl
LogPluginManager: Mounting plugin SubversionSourceControl
LogPluginManager: Mounting plugin UObjectPlugin
LogPluginManager: Mounting plugin VisualStudioCodeSourceCodeAccess
LogPluginManager: Mounting plugin VisualStudioSourceCodeAccess
LogPluginManager: Mounting plugin XCodeSourceCodeAccess
LogPluginManager: Mounting plugin AssetManagerEditor
LogPluginManager: Mounting plugin CryptoKeys
LogPluginManager: Mounting plugin DataValidation
LogPluginManager: Mounting plugin FacialAnimation
LogPluginManager: Mounting plugin GameplayTagsEditor
LogPluginManager: Mounting plugin MacGraphicsSwitching
LogPluginManager: Mounting plugin MeshEditor
LogPluginManager: Mounting plugin MobileLauncherProfileWizard
LogPluginManager: Mounting plugin PluginBrowser
LogPluginManager: Mounting plugin SpeedTreeImporter
LogPluginManager: Mounting plugin DatasmithContent
LogPluginManager: Mounting plugin AlembicImporter
LogPluginManager: Mounting plugin AppleImageUtils
LogPluginManager: Mounting plugin AppleVision
LogPluginManager: Mounting plugin BackChannel
LogPluginManager: Mounting plugin CharacterAI
LogPluginManager: Mounting plugin GeometryCache
LogPluginManager: Mounting plugin HTML5Networking
LogPluginManager: Mounting plugin ProxyLODPlugin
LogPluginManager: Mounting plugin MagicLeap
LogPluginManager: Mounting plugin MagicLeapEmulator
LogPluginManager: Mounting plugin MagicLeapMedia
LogPluginManager: Mounting plugin AndroidMedia
LogPluginManager: Mounting plugin AvfMedia
LogPluginManager: Mounting plugin ImgMedia
LogPluginManager: Mounting plugin LinearTimecode
LogPluginManager: Mounting plugin MediaCompositing
LogPluginManager: Mounting plugin MediaPlayerEditor
LogPluginManager: Mounting plugin WmfMedia
LogPluginManager: Mounting plugin TcpMessaging
LogPluginManager: Mounting plugin UdpMessaging
LogPluginManager: Mounting plugin ActorSequence
LogPluginManager: Mounting plugin LevelSequenceEditor
LogPluginManager: Mounting plugin MatineeToLevelSequence
LogPluginManager: Mounting plugin NetcodeUnitTest
LogPluginManager: Mounting plugin NUTUnrealEngine4
LogPluginManager: Mounting plugin OnlineSubsystemGooglePlay
LogPluginManager: Mounting plugin OnlineSubsystemIOS
LogPluginManager: Mounting plugin OnlineSubsystem
LogPluginManager: Mounting plugin OnlineSubsystemNull
LogPluginManager: Mounting plugin OnlineSubsystemUtils
LogPluginManager: Mounting plugin LauncherChunkInstaller
LogPluginManager: Mounting plugin AndroidDeviceProfileSelector
LogPluginManager: Mounting plugin AndroidMoviePlayer
LogPluginManager: Mounting plugin AndroidPermission
LogPluginManager: Mounting plugin AppleMoviePlayer
LogPluginManager: Mounting plugin ArchVisCharacter
LogPluginManager: Mounting plugin AudioCapture
LogPluginManager: Mounting plugin CableComponent
LogPluginManager: Mounting plugin CustomMeshComponent
LogPluginManager: Mounting plugin EditableMesh
LogPluginManager: Mounting plugin ExampleDeviceProfileSelector
LogPluginManager: Mounting plugin GoogleCloudMessaging
LogPluginManager: Mounting plugin ImmediatePhysics
LogPluginManager: Mounting plugin IOSDeviceProfileSelector
LogPluginManager: Mounting plugin LinuxDeviceProfileSelector
LogPluginManager: Mounting plugin LocationServicesBPLibrary
LogPluginManager: Mounting plugin MobilePatchingUtils
LogPluginManager: Mounting plugin OculusVR
LogPluginManager: Plugin shader directory ../../../Engine/Plugins/Runtime/Oculus/OculusVR/Shaders found
LogPluginManager: Mapping shader source directory ../../../Engine/Plugins/Runtime/Oculus/OculusVR/Shaders to virtual directory /Plugin/OculusVR
LogPluginManager: Mounting plugin PhysXVehicles
LogPluginManager: Mounting plugin ProceduralMeshComponent
LogPluginManager: Mounting plugin RuntimePhysXCooking
LogPluginManager: Mounting plugin SteamVR
LogPluginManager: Mounting plugin WindowsMoviePlayer
LogStreaming: Display: Took  0.152s to configure plugins.
LogInit: Using libcurl 7.55.1-DEV
LogInit:  - built for x86_64-pc-win32
LogInit:  - supports SSL with OpenSSL/1.0.2h
LogInit:  - supports HTTP deflate (compression) using libz 1.2.8
LogInit:  - other features:
LogInit:      CURL_VERSION_SSL
LogInit:      CURL_VERSION_LIBZ
LogInit:      CURL_VERSION_IPV6
LogInit:      CURL_VERSION_ASYNCHDNS
LogInit:      CURL_VERSION_LARGEFILE
LogInit:      CURL_VERSION_IDN
LogInit:  CurlRequestOptions (configurable via config and command line):
LogInit:  - bVerifyPeer = false  - Libcurl will NOT verify peer certificate
LogInit:  - bUseHttpProxy = false  - Libcurl will NOT use HTTP proxy
LogInit:  - bDontReuseConnections = false  - Libcurl will reuse connections
LogInit:  - CertBundlePath = nullptr  - Libcurl will use whatever was configured at build time.
LogInit:  - MaxHostConnections = 16  - Libcurl will limit the number of connections to a host
LogInit:  - LocalHostAddr = Default
LogInit:  - BufferSize = 65536
LogInit: WinSock: version 1.1 (2.2), MaxSocks=32767, MaxUdp=65467
LogInit: Build: ++UE4+Release-4.20-CL-4369336
LogInit: Engine Version: 4.20.3-4369336+++UE4+Release-4.20
LogInit: Compatible Engine Version: 4.20.0-4212847+++UE4+Release-4.20
LogInit: Net CL: 4212847
LogInit: OS: Windows 8.1 (), CPU: Intel(R) Core(TM) i5-6600K CPU @ 3.50GHz, GPU: NVIDIA GeForce GTX 1070
LogInit: Compiled (64-bit): Sep 17 2018 12:26:19
LogInit: Compiled with Visual C++: 19.13.26129.00
LogInit: Build Configuration: Development
LogInit: Branch Name: ++UE4+Release-4.20
LogInit: Command Line:  -skipcompile
LogInit: Base Directory: C:/Program Files/Epic Games/UE_4.20/Engine/Binaries/Win64/
LogInit: Installed Engine Build: 1
LogDevObjectVersion: Number of dev versions registered: 20
LogDevObjectVersion:   Dev-Blueprints (B0D832E4-1F89-4F0D-ACCF-7EB736FD4AA2): 10
LogDevObjectVersion:   Dev-Build (E1C64328-A22C-4D53-A36C-8E866417BD8C): 0
LogDevObjectVersion:   Dev-Core (375EC13C-06E4-48FB-B500-84F0262A717E): 2
LogDevObjectVersion:   Dev-Editor (E4B068ED-F494-42E9-A231-DA0B2E46BB41): 24
LogDevObjectVersion:   Dev-Framework (CFFC743F-43B0-4480-9391-14DF171D2073): 34
LogDevObjectVersion:   Dev-Mobile (B02B49B5-BB20-44E9-A304-32B752E40360): 2
LogDevObjectVersion:   Dev-Networking (A4E4105C-59A1-49B5-A7C5-40C4547EDFEE): 0
LogDevObjectVersion:   Dev-Online (39C831C9-5AE6-47DC-9A44-9C173E1C8E7C): 0
LogDevObjectVersion:   Dev-Physics (78F01B33-EBEA-4F98-B9B4-84EACCB95AA2): 0
LogDevObjectVersion:   Dev-Platform (6631380F-2D4D-43E0-8009-CF276956A95A): 0
LogDevObjectVersion:   Dev-Rendering (12F88B9F-8875-4AFC-A67C-D90C383ABD29): 26
LogDevObjectVersion:   Dev-Sequencer (7B5AE74C-D270-4C10-A958-57980B212A5A): 9
LogDevObjectVersion:   Dev-VR (D7296918-1DD6-4BDD-9DE2-64A83CC13884): 2
LogDevObjectVersion:   Dev-LoadTimes (C2A15278-BFE7-4AFE-6C17-90FF531DF755): 1
LogDevObjectVersion:   Private-Geometry (6EACA3D4-40EC-4CC1-B786-8BED09428FC5): 3
LogDevObjectVersion:   Dev-AnimPhys (29E575DD-E0A3-4627-9D10-D276232CDCEA): 17
LogDevObjectVersion:   Dev-ReflectionCapture (6B266CEC-1EC7-4B8F-A30B-E4D90942FC07): 1
LogDevObjectVersion:   Dev-Automation (0DF73D61-A23F-47EA-B727-89E90C41499A): 1
LogDevObjectVersion:   FortniteMain (601D1886-AC64-4F84-AA16-D3DE0DEAC7D6): 12
LogDevObjectVersion:   Dev-Enterprise (9DFFBCD6-494F-0158-E221-12823C92A888): 1
LogStreaming: Display: Took  0.001s to delete old logs.
LogInit: Presizing for max 8388607 objects, including 0 objects not considered by GC, pre-allocating 0 bytes for permanent pool.
LogInit: Object subsystem initialized
[2019.07.28-14.59.56:427][  0]LogInit: Selected Device Profile: [Windows]
[2019.07.28-14.59.56:427][  0]LogInit: Applying CVar settings loaded from the selected device profile: [Windows]
[2019.07.28-14.59.56:437][  0]LogHAL: Display: Platform has ~ 16 GB [17137950720 / 17179869184 / 16], which maps to Larger [LargestMinGB=32, LargerMinGB=12, DefaultMinGB=8, SmallerMinGB=6, SmallestMinGB=0)
[2019.07.28-14.59.56:437][  0]LogInit: Setting Device Profile CVar: [[r.Vulkan.UseRealUBs:1]]
[2019.07.28-14.59.56:437][  0]LogInit: Going up to parent DeviceProfile []
[2019.07.28-14.59.56:438][  0]LogInit: Computer: JOANPC
[2019.07.28-14.59.56:438][  0]LogInit: User: JoanAbad
[2019.07.28-14.59.56:438][  0]LogInit: CPU Page size=4096, Cores=4
[2019.07.28-14.59.56:438][  0]LogInit: High frequency timer resolution =3.421872 MHz
[2019.07.28-14.59.56:438][  0]LogMemory: Memory total: Physical=16.0GB (16GB approx)
[2019.07.28-14.59.56:438][  0]LogMemory: Platform Memory Stats for Windows
[2019.07.28-14.59.56:438][  0]LogMemory: Process Physical Memory: 99.49 MB used, 99.49 MB peak
[2019.07.28-14.59.56:438][  0]LogMemory: Process Virtual Memory: 84.20 MB used, 84.20 MB peak
[2019.07.28-14.59.56:438][  0]LogMemory: Physical Memory: 8272.93 MB used,  8071.09 MB free, 16344.02 MB total
[2019.07.28-14.59.56:438][  0]LogMemory: Virtual Memory: 474.45 MB used,  8071.09 MB free, 134217728.00 MB total
[2019.07.28-14.59.56:534][  0]LogInit: Overriding language with editor language configuration option (en).
[2019.07.28-14.59.56:534][  0]LogInit: Overriding locale with editor locale configuration option (en).
[2019.07.28-14.59.56:895][  0]LogStreaming: Display: Took  0.361s to InitEngineTextLocalization.
[2019.07.28-14.59.56:895][  0]LogInit: Setting process to per monitor DPI aware
[2019.07.28-14.59.56:932][  0]LogSlate: New Slate User Created.  User Index 0, Is Virtual User: 0
[2019.07.28-14.59.56:937][  0]LogSlate: Slate User Registered.  User Index 0, Is Virtual User: 0
[2019.07.28-14.59.57:078][  0]LogHMD: Failed to initialize OpenVR with code 110
[2019.07.28-14.59.57:079][  0]LogD3D11RHI: D3D11 adapters:
[2019.07.28-14.59.57:154][  0]LogD3D11RHI:    0. 'NVIDIA GeForce GTX 1070' (Feature Level 11_0)
[2019.07.28-14.59.57:154][  0]LogD3D11RHI:       8046/0/8172 MB DedicatedVideo/DedicatedSystem/SharedSystem, Outputs:2, VendorId:0x10de
[2019.07.28-14.59.57:164][  0]LogD3D11RHI:    1. 'Microsoft Basic Render Driver' (Feature Level 11_0)
[2019.07.28-14.59.57:164][  0]LogD3D11RHI:       0/0/256 MB DedicatedVideo/DedicatedSystem/SharedSystem, Outputs:0, VendorId:0x1414
[2019.07.28-14.59.57:164][  0]LogD3D11RHI: Chosen D3D11 Adapter: 0
[2019.07.28-14.59.57:169][  0]LogD3D11RHI: Creating new Direct3DDevice
[2019.07.28-14.59.57:170][  0]LogD3D11RHI:     GPU DeviceId: 0x1b81 (for the marketing name, search the web for "GPU Device Id")
[2019.07.28-14.59.57:170][  0]LogWindows: EnumDisplayDevices:
[2019.07.28-14.59.57:170][  0]LogWindows:    0. 'NVIDIA GeForce GTX 1070' (P:1 D:1)
[2019.07.28-14.59.57:171][  0]LogWindows:    1. 'NVIDIA GeForce GTX 1070' (P:0 D:1)
[2019.07.28-14.59.57:171][  0]LogWindows:    2. 'NVIDIA GeForce GTX 1070' (P:0 D:0)
[2019.07.28-14.59.57:172][  0]LogWindows:    3. 'NVIDIA GeForce GTX 1070' (P:0 D:0)
[2019.07.28-14.59.57:172][  0]LogWindows: DebugString: FoundDriverCount:4 
[2019.07.28-14.59.57:172][  0]LogD3D11RHI:     Adapter Name: NVIDIA GeForce GTX 1070
[2019.07.28-14.59.57:172][  0]LogD3D11RHI:   Driver Version: 431.60 (internal:26.21.14.3160, unified:431.60)
[2019.07.28-14.59.57:172][  0]LogD3D11RHI:      Driver Date: 7-17-2019
[2019.07.28-14.59.57:172][  0]LogRHI: Texture pool is 5632 MB (70% of 8046 MB)
[2019.07.28-14.59.57:207][  0]LogD3D11RHI: Async texture creation enabled
[2019.07.28-14.59.57:229][  0]LogD3D11RHI: GPU Timing Frequency: 1000.000000 (Debug: 2 2)
[2019.07.28-14.59.57:274][  0]LogShaderCompilers: Guid format shader working directory is -39 characters bigger than the processId version (../../../../../../Users/Joan Abad/Documents/Github/ShooterOnlineOW_Style/Shooter_OW_Style/Intermediate/Shaders/WorkingDirectory/5092/).
[2019.07.28-14.59.57:274][  0]LogShaderCompilers: Cleaned the shader compiler working directory 'C:/Users/Joan Abad/AppData/Local/Temp/UnrealShaderWorkingDir/A42C19DD44712D04E9365D8C608A3CE6/'.
[2019.07.28-14.59.57:484][  0]LogTemp: Display: Loaded TP AllDesktopTargetPlatform
[2019.07.28-14.59.57:498][  0]LogTemp: Display: Loaded TP MacClientTargetPlatform
[2019.07.28-14.59.57:515][  0]LogTemp: Display: Loaded TP MacNoEditorTargetPlatform
[2019.07.28-14.59.57:529][  0]LogTemp: Display: Loaded TP MacServerTargetPlatform
[2019.07.28-14.59.57:545][  0]LogTemp: Display: Loaded TP MacTargetPlatform
[2019.07.28-14.59.57:560][  0]LogTemp: Display: Loaded TP WindowsClientTargetPlatform
[2019.07.28-14.59.57:574][  0]LogTemp: Display: Loaded TP WindowsNoEditorTargetPlatform
[2019.07.28-14.59.57:590][  0]LogTemp: Display: Loaded TP WindowsServerTargetPlatform
[2019.07.28-14.59.57:598][  0]LogTemp: Display: Loaded TP WindowsTargetPlatform
[2019.07.28-14.59.57:679][  0]LogTemp: Display: Loaded TP AndroidTargetPlatform
[2019.07.28-14.59.57:680][  0]LogTemp: Display: Loaded TP AndroidTargetPlatform
[2019.07.28-14.59.57:680][  0]LogTemp: Display: Loaded TP AndroidTargetPlatform
[2019.07.28-14.59.57:680][  0]LogTemp: Display: Loaded TP AndroidTargetPlatform
[2019.07.28-14.59.57:680][  0]LogTemp: Display: Loaded TP AndroidTargetPlatform
[2019.07.28-14.59.57:680][  0]LogTemp: Display: Loaded TP AndroidTargetPlatform
[2019.07.28-14.59.57:680][  0]LogTemp: Display: Loaded TP AndroidTargetPlatform
[2019.07.28-14.59.57:680][  0]LogTemp: Display: Loaded TP AndroidTargetPlatform
[2019.07.28-14.59.57:680][  0]LogTemp: Display: Loaded TP AndroidTargetPlatform
[2019.07.28-14.59.57:680][  0]LogTemp: Display: Loaded TP AndroidTargetPlatform
[2019.07.28-14.59.57:680][  0]LogTemp: Display: Loaded TP AndroidTargetPlatform
[2019.07.28-14.59.57:680][  0]LogTemp: Display: Loaded TP AndroidTargetPlatform
[2019.07.28-14.59.57:680][  0]LogTemp: Display: Loaded TP AndroidTargetPlatform
[2019.07.28-14.59.57:680][  0]LogTemp: Display: Loaded TP AndroidTargetPlatform
[2019.07.28-14.59.57:680][  0]LogTemp: Display: Loaded TP AndroidTargetPlatform
[2019.07.28-14.59.57:680][  0]LogTemp: Display: Loaded TP AndroidTargetPlatform
[2019.07.28-14.59.57:680][  0]LogTemp: Display: Loaded TP AndroidTargetPlatform
[2019.07.28-14.59.57:681][  0]LogTemp: Display: Loaded TP AndroidTargetPlatform
[2019.07.28-14.59.57:683][  0]LogTemp: Display: Loaded TP HTML5TargetPlatform
[2019.07.28-14.59.57:748][  0]LogTemp: Display: Loaded TP IOSTargetPlatform
[2019.07.28-14.59.57:748][  0]LogTemp: Display: Loaded TP IOSTargetPlatform
[2019.07.28-14.59.57:771][  0]LogTemp: Display: Loaded TP TVOSTargetPlatform
[2019.07.28-14.59.57:771][  0]LogTemp: Display: Loaded TP TVOSTargetPlatform
[2019.07.28-14.59.57:785][  0]LogTemp: Display: Loaded TP LinuxClientTargetPlatform
[2019.07.28-14.59.57:800][  0]LogTemp: Display: Loaded TP LinuxNoEditorTargetPlatform
[2019.07.28-14.59.57:814][  0]LogTemp: Display: Loaded TP LinuxServerTargetPlatform
[2019.07.28-14.59.57:827][  0]LogTemp: Display: Loaded TP LinuxTargetPlatform
[2019.07.28-14.59.57:838][  0]LogTemp: Display: Loaded TP LuminTargetPlatform
[2019.07.28-14.59.57:838][  0]LogTargetPlatformManager: Display: Building Assets For Windows
[2019.07.28-14.59.57:930][  0]LogXGEController: Cleaning working directory: C:/Users/Joan Abad/AppData/Local/Temp/UnrealXGEWorkingDir/
[2019.07.28-14.59.57:943][  0]LogShaderCompilers: Display: Using XGE Shader Compiler (Interception Interface).
[2019.07.28-14.59.58:656][  0]LogDerivedDataCache: Display: Max Cache Size: 512 MB
[2019.07.28-14.59.58:736][  0]LogDerivedDataCache: Loaded boot cache 0.08s 71MB C:/Users/Joan Abad/AppData/Local/UnrealEngine/4.20/DerivedDataCache/Boot.ddc.
[2019.07.28-14.59.58:737][  0]LogDerivedDataCache: Display: Loaded Boot cache: C:/Users/Joan Abad/AppData/Local/UnrealEngine/4.20/DerivedDataCache/Boot.ddc
[2019.07.28-14.59.58:737][  0]LogDerivedDataCache: FDerivedDataBackendGraph:  Pak pak cache file ../../../../../../Users/Joan Abad/Documents/Github/ShooterOnlineOW_Style/Shooter_OW_Style/DerivedDataCache/DDC.ddp not found, will not use a pak cache.
[2019.07.28-14.59.58:737][  0]LogDerivedDataCache: Unable to find inner node Pak for hierarchical cache Hierarchy.
[2019.07.28-14.59.58:737][  0]LogDerivedDataCache: FDerivedDataBackendGraph:  CompressedPak pak cache file ../../../../../../Users/Joan Abad/Documents/Github/ShooterOnlineOW_Style/Shooter_OW_Style/DerivedDataCache/Compressed.ddp not found, will not use a pak cache.
[2019.07.28-14.59.58:737][  0]LogDerivedDataCache: Unable to find inner node CompressedPak for hierarchical cache Hierarchy.
[2019.07.28-14.59.58:753][  0]LogDerivedDataCache: Display: Pak cache opened for reading ../../../Engine/DerivedDataCache/Compressed.ddp.
[2019.07.28-14.59.58:765][  0]LogDerivedDataCache: Using Local data cache path C:/Users/Joan Abad/AppData/Local/UnrealEngine/Common/DerivedDataCache: Writable
[2019.07.28-14.59.58:765][  0]LogDerivedDataCache: Shared data cache path not found in *engine.ini, will not use an Shared cache.
[2019.07.28-14.59.58:765][  0]LogDerivedDataCache: Unable to find inner node Shared for hierarchical cache Hierarchy.
[2019.07.28-14.59.58:785][  0]LogMaterial: Verifying Global Shaders for PCD3D_SM5
[2019.07.28-14.59.58:786][  0]LogSlate: Using FreeType 2.6.0
[2019.07.28-14.59.58:787][  0]LogSlate: SlateFontServices - WITH_FREETYPE: 1, WITH_HARFBUZZ: 1
[2019.07.28-14.59.58:856][  0]LogAssetRegistry: FAssetRegistry took 0.0275 seconds to start up
[2019.07.28-14.59.59:154][  0]LogInit: Selected Device Profile: [Windows]
[2019.07.28-14.59.59:299][  0]LogSimplygon: Simplygon DLL not present - disabling.
[2019.07.28-14.59.59:305][  0]LogMeshReduction: Using SimplygonSwarm for distributed automatic mesh merging
[2019.07.28-14.59.59:305][  0]LogMeshReduction: Using ProxyLODMeshReduction for automatic mesh merging
[2019.07.28-14.59.59:305][  0]LogMeshReduction: Using QuadricMeshReduction for automatic static mesh reduction
[2019.07.28-14.59.59:305][  0]LogMeshReduction: No automatic skeletal mesh reduction module available
[2019.07.28-14.59.59:322][  0]LogNetVersion: Shooter_OW_Style 1.0.0, NetCL: 4212847, EngineNetVer: 5, GameNetVer: 0 (Checksum: 1206910907)
[2019.07.28-14.59.59:792][  0]LogPackageLocalizationCache: Processed 11 localized package path(s) for 1 prioritized culture(s) in 0.079720 seconds
[2019.07.28-14.59.59:800][  0]LogUObjectArray: 38425 objects as part of root set at end of initial load.
[2019.07.28-14.59.59:800][  0]LogUObjectAllocator: 6690872 out of 0 bytes used by permanent object pool.
[2019.07.28-14.59.59:800][  0]LogUObjectArray: CloseDisregardForGC: 0/0 objects in disregard for GC pool
[2019.07.28-15.00.00:672][  0]LogTcpMessaging: Initializing TcpMessaging bridge
[2019.07.28-15.00.00:693][  0]LogUdpMessaging: Initializing bridge on interface 0.0.0.0:0 to multicast group 230.0.0.1:6666.
[2019.07.28-15.00.00:879][  0]SourceControl: Source control is disabled
[2019.07.28-15.00.00:880][  0]SourceControl: Source control is disabled
[2019.07.28-15.00.00:885][  0]SourceControl: Source control is disabled
[2019.07.28-15.00.00:887][  0]SourceControl: Source control is disabled
[2019.07.28-15.00.01:126][  0]LogAndroidPermission: UAndroidPermissionCallbackProxy::GetInstance
[2019.07.28-15.00.01:292][  0]LogOcInput: OculusInput pre-init called
[2019.07.28-15.00.01:381][  0]LogEngine: Initializing Engine...
[2019.07.28-15.00.01:381][  0]LogHMD: Failed to initialize OpenVR with code 110
[2019.07.28-15.00.01:383][  0]LogStats: UGameplayTagsManager::ConstructGameplayTagTree: ImportINI prefixes -  0.000 s
[2019.07.28-15.00.01:383][  0]LogStats: UGameplayTagsManager::ConstructGameplayTagTree: Construct from data asset -  0.000 s
[2019.07.28-15.00.01:383][  0]LogStats: UGameplayTagsManager::ConstructGameplayTagTree: ImportINI -  0.000 s
[2019.07.28-15.00.01:383][  0]LogStats: UGameplayTagsManager::ConstructGameplayTagTree: GameplayTagTreeChangedEvent.Broadcast -  0.000 s
[2019.07.28-15.00.01:604][  0]LogInit: Initializing FReadOnlyCVARCache
[2019.07.28-15.00.01:622][  0]LogAIModule: Creating AISystem for world Untitled
[2019.07.28-15.00.01:646][  0]LogInit: XAudio2 using 'Altavoces (5- Logitech G933 Gaming Wireless Headset)' : 2 channels at 44.1 kHz using 16 bits per sample (channel mask 0x3)
[2019.07.28-15.00.01:654][  0]LogInit: FAudioDevice initialized.
[2019.07.28-15.00.01:654][  0]LogNetVersion: Set ProjectVersion to 1.0.0.0. Version Checksum will be recalculated on next use.
[2019.07.28-15.00.01:768][  0]LogDerivedDataCache: Saved boot cache 0.11s 71MB C:/Users/Joan Abad/AppData/Local/UnrealEngine/4.20/DerivedDataCache/Boot.ddc.
[2019.07.28-15.00.01:772][  0]LogInit: Texture streaming: Enabled
[2019.07.28-15.00.01:794][  0]LogEngineSessionManager: EngineSessionManager initialized
[2019.07.28-15.00.01:806][  0]LogInit: Transaction tracking system initialized
[2019.07.28-15.00.01:841][  0]BlueprintLog: New page: Editor Load
[2019.07.28-15.00.01:974][  0]LocalizationService: Localization service is disabled
[2019.07.28-15.00.02:260][  0]LogLinker: Warning: Can't find file '/Game/ThirdPersonBP/ThirdPersonOverview'
[2019.07.28-15.00.02:260][  0]LogLinker: Warning: Can't find file '/Game/ThirdPersonBP/ThirdPersonOverview'
[2019.07.28-15.00.02:260][  0]LogUObjectGlobals: Warning: Failed to find object 'Class /Game/ThirdPersonBP/ThirdPersonOverview.ThirdPersonOverview_C'
[2019.07.28-15.00.02:448][  0]LogCook: Display: Max memory allowance for cook 16384mb min free memory 0mb
[2019.07.28-15.00.02:448][  0]LogCook: Display: Mobile HDR setting 1
[2019.07.28-15.00.02:448][  0]LogGameplayTags: Display: UGameplayTagsManager::DoneAddingNativeTags. DelegateIsBound: 0
[2019.07.28-15.00.02:448][  0]LogStats: UGameplayTagsManager::ConstructGameplayTagTree: ImportINI prefixes -  0.000 s
[2019.07.28-15.00.02:449][  0]LogStats: UGameplayTagsManager::ConstructGameplayTagTree: Construct from data asset -  0.000 s
[2019.07.28-15.00.02:449][  0]LogStats: UGameplayTagsManager::ConstructGameplayTagTree: ImportINI -  0.000 s
[2019.07.28-15.00.02:449][  0]LogStats: UGameplayTagsManager::ConstructGameplayTagTree: GameplayTagTreeChangedEvent.Broadcast -  0.000 s
[2019.07.28-15.00.02:461][  0]LogFileCache: Scanning file cache for directory 'C:/Users/Joan Abad/Documents/Github/ShooterOnlineOW_Style/Shooter_OW_Style/Content/' took 0.01s
[2019.07.28-15.00.02:616][  0]SourceControl: Source control is disabled
[2019.07.28-15.00.02:617][  0]Cmd: MAP LOAD FILE="../../../../../../Users/Joan Abad/Documents/Github/ShooterOnlineOW_Style/Shooter_OW_Style/Content/Levels/FirstMap.umap" TEMPLATE=0 SHOWPROGRESS=1 FEATURELEVEL=3
[2019.07.28-15.00.02:617][  0]LightingResults: New page: Lighting Build
[2019.07.28-15.00.02:619][  0]MapCheck: New page: Map Check
[2019.07.28-15.00.02:619][  0]LightingResults: New page: Lighting Build
[2019.07.28-15.00.02:892][  0]LogAIModule: Creating AISystem for world FirstMap
[2019.07.28-15.00.02:900][  0]LogEditorServer: Finished looking for orphan Actors (0.000 secs)
[2019.07.28-15.00.02:924][  0]Cmd: MAP CHECKDEP NOCLEARLOG
[2019.07.28-15.00.02:966][  0]MapCheck: Map check complete: 0 Error(s), 0 Warning(s), took 41.405ms to complete.
[2019.07.28-15.00.02:966][  0]LogFileHelpers: Loading map 'FirstMap' took 0.349
[2019.07.28-15.00.03:071][  0]LogSlate: Updating window title bar state: overlay mode, drag disabled, window buttons hidden, title bar hidden
[2019.07.28-15.00.03:097][  0]LogSlate: Updating window title bar state: overlay mode, drag disabled, window buttons hidden, title bar hidden
[2019.07.28-15.00.03:104][  0]LogSlate: Updating window title bar state: overlay mode, drag disabled, window buttons hidden, title bar hidden
[2019.07.28-15.00.03:112][  0]LogSlate: Updating window title bar state: overlay mode, drag disabled, window buttons hidden, title bar hidden
[2019.07.28-15.00.03:120][  0]LogCollectionManager: Loaded 0 collections in 0.001758 seconds
[2019.07.28-15.00.03:182][  0]LogFileCache: Scanning file cache for directory 'C:/Users/Joan Abad/Documents/Github/ShooterOnlineOW_Style/Shooter_OW_Style/Saved/Collections/' took 0.02s
[2019.07.28-15.00.03:183][  0]LogFileCache: Scanning file cache for directory 'C:/Users/Joan Abad/Documents/Github/ShooterOnlineOW_Style/Shooter_OW_Style/Content/Developers/JoanAbad/Collections/' took 0.01s
[2019.07.28-15.00.03:183][  0]LogFileCache: Scanning file cache for directory 'C:/Users/Joan Abad/Documents/Github/ShooterOnlineOW_Style/Shooter_OW_Style/Content/Collections/' took 0.01s
[2019.07.28-15.00.03:183][  0]LogCollectionManager: Rebuilt the GUID cache for 0 collections in 0.000001 seconds
[2019.07.28-15.00.03:192][  0]LogContentBrowser: Native class hierarchy populated in 0.0093 seconds. Added 2574 classes and 606 folders.
[2019.07.28-15.00.03:201][  0]LogContentBrowser: Native class hierarchy updated for 'WidgetCarousel' in 0.0003 seconds. Added 0 classes and 0 folders.
[2019.07.28-15.00.03:229][  0]LogContentBrowser: Native class hierarchy updated for 'AddContentDialog' in 0.0004 seconds. Added 0 classes and 0 folders.
[2019.07.28-15.00.03:236][  0]LogContentBrowser: Native class hierarchy updated for 'SceneOutliner' in 0.0005 seconds. Added 1 classes and 2 folders.
[2019.07.28-15.00.04:282][  0]LogSlate: Only BGRA pngs, bmps or icos are supported in by External Image Picker
[2019.07.28-15.00.04:316][  0]LogTemp: Executing iPhonePackager certificates Engine -bundlename com.YourCompany.ShooterOWStyle
[2019.07.28-15.00.04:316][  0]LogTemp: CWD: C:\Program Files\Epic Games\UE_4.20\Engine\Binaries\DotNET\IOS
[2019.07.28-15.00.04:317][  0]LogTemp: Initial Dir: C:\Program Files\Epic Games\UE_4.20
[2019.07.28-15.00.04:317][  0]LogTemp: Env CWD: C:\Program Files\Epic Games\UE_4.20\Engine\Binaries\DotNET\IOS
[2019.07.28-15.00.04:317][  0]LogTemp: BranchPath = JOANPC/C/Program Files/Epic Games/UE_4.20/Engine/Binaries --- GameBranchPath = JOANPC/C/Program Files/Epic Games/UE_4.20/Engine/Binaries
[2019.07.28-15.00.04:317][  0]LogSlate: Took 0.000155 seconds to synchronously load lazily loaded font '../../../Engine/Content/Slate/Fonts/Roboto-Regular.ttf' (155K)
[2019.07.28-15.00.04:319][  0]LogSlate: Took 0.000283 seconds to synchronously load lazily loaded font '../../../Engine/Content/Slate/Fonts/Roboto-Bold.ttf' (160K)
[2019.07.28-15.00.04:325][  0]LogSlate: Took 0.000435 seconds to synchronously load lazily loaded font '../../../Engine/Content/Editor/Slate/Fonts/FontAwesome.ttf' (139K)
[2019.07.28-15.00.04:414][  0]LogTemp: IPP ERROR: Could not find provision directory 'C:\Users\Joan Abad\AppData\Local/Apple Computer/MobileDevice/Provisioning Profiles/'.
[2019.07.28-15.00.04:415][  0]LogRenderer: Reallocating scene render targets to support 1716x884 Format 10 NumSamples 1 (Frame:1).
[2019.07.28-15.00.04:634][  0]LogContentBrowser: Native class hierarchy updated for 'HierarchicalLODOutliner' in 0.0004 seconds. Added 0 classes and 0 folders.
[2019.07.28-15.00.04:634][  0]LogLoad: (Engine Initialization) Total time: 9.68 seconds
[2019.07.28-15.00.04:634][  0]LogLoad: (Engine Initialization) Total Blueprint compile time: 0.00 seconds
[2019.07.28-15.00.04:670][  0]LogContentStreaming: Texture pool size now 1000 MB
[2019.07.28-15.00.04:716][  1]LogAssetRegistry: Asset discovery search completed in 5.8833 seconds
[2019.07.28-15.00.04:719][  1]LogCollectionManager: Rebuilt the object cache for 0 collections in 0.000001 seconds (found 0 objects)
[2019.07.28-15.00.04:719][  1]LogCollectionManager: Fixed up redirectors for 0 collections in 0.000199 seconds (updated 0 objects)
[2019.07.28-15.00.06:181][166]LogSlate: FSceneViewport::OnFocusLost() reason 0
[2019.07.28-15.00.06:255][175]LogTemp: Repeating last play command: New Editor Window (PIE)
[2019.07.28-15.00.06:267][175]LogPlayLevel: PlayLevel: No blueprints needed recompiling
[2019.07.28-15.00.06:280][175]PIE: New page: PIE session: FirstMap (Jul 28, 2019, 7:00:06 PM)
[2019.07.28-15.00.06:281][175]LogPlayLevel: Creating play world package: /Game/Levels/UEDPIE_0_FirstMap
[2019.07.28-15.00.06:283][175]LogPlayLevel: PIE: StaticDuplicateObject took: (0.002743s)
[2019.07.28-15.00.06:284][175]LogAIModule: Creating AISystem for world FirstMap
[2019.07.28-15.00.06:285][175]LogPlayLevel: PIE: World Init took: (0.001085s)
[2019.07.28-15.00.06:285][175]LogPlayLevel: PIE: Created PIE world by copying editor world from /Game/Levels/FirstMap.FirstMap to /Game/Levels/UEDPIE_0_FirstMap.FirstMap (0.004143s)
[2019.07.28-15.00.06:308][175]LogInit: XAudio2 using 'Altavoces (5- Logitech G933 Gaming Wireless Headset)' : 2 channels at 44.1 kHz using 16 bits per sample (channel mask 0x3)
[2019.07.28-15.00.06:314][175]LogInit: FAudioDevice initialized.
[2019.07.28-15.00.06:322][175]LogSlate: Updating window title bar state: overlay mode, drag disabled, window buttons hidden, title bar hidden
[2019.07.28-15.00.06:435][175]LogLoad: Game class is 'GameModeBase'
[2019.07.28-15.00.06:437][175]LogWorld: Bringing World /Game/Levels/UEDPIE_0_FirstMap.FirstMap up for play (max tick rate 0) at 2019.07.28-17.00.06
[2019.07.28-15.00.06:438][175]LogWorld: Bringing up level for play took: 0.001350
[2019.07.28-15.00.06:456][175]LogContentBrowser: Native class hierarchy updated for 'MovieSceneCapture' in 0.0003 seconds. Added 10 classes and 0 folders.
[2019.07.28-15.00.06:460][175]PIE: Play in editor start time for /Game/Levels/UEDPIE_0_FirstMap -0.727
[2019.07.28-15.00.18:354][586]LogSlate: Updating window title bar state: overlay mode, drag disabled, window buttons hidden, title bar hidden
[2019.07.28-15.00.18:365][586]LogSlate: Window 'Shooter_OW_Style Game Preview Standalone (64-bit/PCD3D_SM5)' being destroyed
[2019.07.28-15.00.18:399][586]LogPlayLevel: Display: Shutting down PIE online subsystems
[2019.07.28-15.00.18:475][588]LogPlayLevel: Display: Destroying online subsystem :Context_2
[2019.07.28-15.02.39:620][919]LogSlate: Took 0.000240 seconds to synchronously load lazily loaded font '../../../Engine/Content/Slate/Fonts/Roboto-Light.ttf' (167K)
[2019.07.28-15.02.40:106][919]LogTexture: Display: Building textures: HQ_Lightmap1_2 (AutoDXT, 64X64)
[2019.07.28-15.02.40:106][919]LogTexture: Display: Building textures: HQ_Lightmap0_1 (AutoDXT, 512X512)
[2019.07.28-15.02.40:107][919]LogTexture: Display: Building textures: LQ_Lightmap_0_1 (DXT1, 512X512)
[2019.07.28-15.02.40:107][919]LogTexture: Display: Building textures: LQ_Lightmap_1_2 (DXT1, 64X64)
[2019.07.28-15.02.40:107][919]LogTexture: Display: Building textures: SkyOcclusion0_1 (AutoDXT, 512X256)
[2019.07.28-15.02.40:107][919]LogTexture: Display: Building textures: ShadowMapTexture2D_0 (BGRA8, 512X256)
[2019.07.28-15.02.40:107][919]LogTexture: Display: Building textures: SkyOcclusion1_2 (AutoDXT, 64X32)
[2019.07.28-15.02.40:107][919]LogTexture: Display: Building textures: ShadowMapTexture2D_2 (BGRA8, 64X32)
[2019.07.28-15.02.40:107][919]LogAnimationCompression: Building Anim DDC data for AnimSequence /Game/AnimStarterPack/Hit_React_1.Hit_React_1
[2019.07.28-15.02.40:107][919]LogAnimationCompression: Recompressing (AnimSequence /Game/AnimStarterPack/Hit_React_1.Hit_React_1) using current/default (AnimCompress_BitwiseCompressOnly_25) bFirstRecompressUsingCurrentOrDefault(1) bTryAlternateCompressor(0) IsCompressedDataValid(0)
[2019.07.28-15.02.40:115][919]LogAnimationCompression: Building Anim DDC data for AnimSequence /Game/AnimStarterPack/Fire_Rifle_Ironsights.Fire_Rifle_Ironsights
[2019.07.28-15.02.40:115][919]LogAnimationCompression: Recompressing (AnimSequence /Game/AnimStarterPack/Fire_Rifle_Ironsights.Fire_Rifle_Ironsights) using current/default (AnimCompress_BitwiseCompressOnly_22) bFirstRecompressUsingCurrentOrDefault(1) bTryAlternateCompressor(0) IsCompressedDataValid(0)
[2019.07.28-15.02.40:154][919]LogAnimationCompression: Building Anim DDC data for AnimSequence /Game/AnimStarterPack/Crouch_Idle_Rifle_Hip.Crouch_Idle_Rifle_Hip
[2019.07.28-15.02.40:154][919]LogAnimationCompression: Recompressing (AnimSequence /Game/AnimStarterPack/Crouch_Idle_Rifle_Hip.Crouch_Idle_Rifle_Hip) using current/default (AnimCompress_BitwiseCompressOnly_2) bFirstRecompressUsingCurrentOrDefault(1) bTryAlternateCompressor(0) IsCompressedDataValid(0)
[2019.07.28-15.02.40:388][919]LogAnimationCompression: Building Anim DDC data for AnimSequence /Game/AnimStarterPack/Crouch_Idle_Rifle_Ironsights.Crouch_Idle_Rifle_Ironsights
[2019.07.28-15.02.40:388][919]LogAnimationCompression: Recompressing (AnimSequence /Game/AnimStarterPack/Crouch_Idle_Rifle_Ironsights.Crouch_Idle_Rifle_Ironsights) using current/default (AnimCompress_BitwiseCompressOnly_3) bFirstRecompressUsingCurrentOrDefault(1) bTryAlternateCompressor(0) IsCompressedDataValid(0)
[2019.07.28-15.02.40:437][919]LogAnimationCompression: Building Anim DDC data for AnimSequence /Game/AnimStarterPack/Crouch_Walk_Fwd_Rifle_Ironsights.Crouch_Walk_Fwd_Rifle_Ironsights
[2019.07.28-15.02.40:438][919]LogAnimationCompression: Recompressing (AnimSequence /Game/AnimStarterPack/Crouch_Walk_Fwd_Rifle_Ironsights.Crouch_Walk_Fwd_Rifle_Ironsights) using current/default (AnimCompress_BitwiseCompressOnly_9) bFirstRecompressUsingCurrentOrDefault(1) bTryAlternateCompressor(0) IsCompressedDataValid(0)
[2019.07.28-15.02.40:452][919]LogAnimationCompression: Building Anim DDC data for AnimSequence /Game/AnimStarterPack/Equip_Pistol_Standing.Equip_Pistol_Standing
[2019.07.28-15.02.40:452][919]LogAnimationCompression: Recompressing (AnimSequence /Game/AnimStarterPack/Equip_Pistol_Standing.Equip_Pistol_Standing) using current/default (AnimCompress_BitwiseCompressOnly_19) bFirstRecompressUsingCurrentOrDefault(1) bTryAlternateCompressor(0) IsCompressedDataValid(0)
[2019.07.28-15.02.40:513][919]LogAnimationCompression: Building Anim DDC data for AnimSequence /Game/AnimStarterPack/Walk_Fwd_Rifle_Ironsights.Walk_Fwd_Rifle_Ironsights
[2019.07.28-15.02.40:513][919]LogAnimationCompression: Recompressing (AnimSequence /Game/AnimStarterPack/Walk_Fwd_Rifle_Ironsights.Walk_Fwd_Rifle_Ironsights) using current/default (AnimCompress_BitwiseCompressOnly_59) bFirstRecompressUsingCurrentOrDefault(1) bTryAlternateCompressor(0) IsCompressedDataValid(0)
[2019.07.28-15.02.40:515][919]LogAnimationCompression: Building Anim DDC data for AnimSequence /Game/AnimStarterPack/Reload_Rifle_Hip.Reload_Rifle_Hip
[2019.07.28-15.02.40:515][919]LogAnimationCompression: Recompressing (AnimSequence /Game/AnimStarterPack/Reload_Rifle_Hip.Reload_Rifle_Hip) using current/default (AnimCompress_BitwiseCompressOnly_50) bFirstRecompressUsingCurrentOrDefault(1) bTryAlternateCompressor(0) IsCompressedDataValid(0)
[2019.07.28-15.02.40:517][919]LogAnimationCompression: Building Anim DDC data for AnimSequence /Game/AnimStarterPack/Idle_Rifle_Hip_Break2.Idle_Rifle_Hip_Break2
[2019.07.28-15.02.40:517][919]LogAnimationCompression: Recompressing (AnimSequence /Game/AnimStarterPack/Idle_Rifle_Hip_Break2.Idle_Rifle_Hip_Break2) using current/default (AnimCompress_BitwiseCompressOnly_32) bFirstRecompressUsingCurrentOrDefault(1) bTryAlternateCompressor(0) IsCompressedDataValid(0)
[2019.07.28-15.02.40:520][919]LogAnimationCompression: Building Anim DDC data for AnimSequence /Game/AnimStarterPack/Idle_Rifle_Hip_Break1.Idle_Rifle_Hip_Break1
[2019.07.28-15.02.40:520][919]LogAnimationCompression: Recompressing (AnimSequence /Game/AnimStarterPack/Idle_Rifle_Hip_Break1.Idle_Rifle_Hip_Break1) using current/default (AnimCompress_BitwiseCompressOnly_31) bFirstRecompressUsingCurrentOrDefault(1) bTryAlternateCompressor(0) IsCompressedDataValid(0)
[2019.07.28-15.02.40:523][919]LogAnimationCompression: Building Anim DDC data for AnimSequence /Game/AnimStarterPack/Hit_React_3.Hit_React_3
[2019.07.28-15.02.40:523][919]LogAnimationCompression: Recompressing (AnimSequence /Game/AnimStarterPack/Hit_React_3.Hit_React_3) using current/default (AnimCompress_BitwiseCompressOnly_27) bFirstRecompressUsingCurrentOrDefault(1) bTryAlternateCompressor(0) IsCompressedDataValid(0)
[2019.07.28-15.02.40:524][919]LogAnimationCompression: Building Anim DDC data for AnimSequence /Game/AnimStarterPack/Hit_React_2.Hit_React_2
[2019.07.28-15.02.40:525][919]LogAnimationCompression: Recompressing (AnimSequence /Game/AnimStarterPack/Hit_React_2.Hit_React_2) using current/default (AnimCompress_BitwiseCompressOnly_26) bFirstRecompressUsingCurrentOrDefault(1) bTryAlternateCompressor(0) IsCompressedDataValid(0)
[2019.07.28-15.02.40:526][919]LogAIModule: Creating AISystem for world Showcase
[2019.07.28-15.02.40:527][919]LogActorComponent: RegisterComponentWithWorld: (/Game/AnimStarterPack/Showcase.Showcase:PersistentLevel.WorldSettings.StaticMeshComponent0) Trying to register component with IsPendingKill() == true. Aborting.
[2019.07.28-15.02.40:558][919]LogAssetEditorManager: Opening Asset editor for World /Game/AnimStarterPack/Showcase.Showcase
[2019.07.28-15.02.40:593][919]Cmd: MAP LOAD FILE="../../../../../../Users/Joan Abad/Documents/Github/ShooterOnlineOW_Style/Shooter_OW_Style/Content/AnimStarterPack/Showcase.umap" TEMPLATE=0 SHOWPROGRESS=1 FEATURELEVEL=3
[2019.07.28-15.02.40:593][919]LightingResults: New page: Lighting Build
[2019.07.28-15.02.40:594][919]LoadErrors: New page: Loading map: Showcase.umap
[2019.07.28-15.02.40:595][919]MapCheck: New page: Map Check
[2019.07.28-15.02.40:595][919]LightingResults: New page: Lighting Build
[2019.07.28-15.02.40:752][919]LogEditorServer: Finished looking for orphan Actors (0.000 secs)
[2019.07.28-15.02.40:803][919]Cmd: MAP CHECKDEP NOCLEARLOG
[2019.07.28-15.02.40:858][919]MapCheck: Map check complete: 0 Error(s), 0 Warning(s), took 54.684ms to complete.
[2019.07.28-15.02.40:858][919]LogFileHelpers: Loading map 'Showcase' took 0.266
[2019.07.28-15.02.43:991][257]LogPlayLevel: PlayLevel: No blueprints needed recompiling
[2019.07.28-15.02.43:991][257]PIE: New page: SIE session: Showcase (Jul 28, 2019, 7:02:43 PM)
[2019.07.28-15.02.43:991][257]LogPlayLevel: Creating play world package: /Game/AnimStarterPack/UEDPIE_0_Showcase
[2019.07.28-15.02.43:997][257]LogPlayLevel: PIE: StaticDuplicateObject took: (0.005376s)
[2019.07.28-15.02.43:998][257]LogAIModule: Creating AISystem for world Showcase
[2019.07.28-15.02.43:998][257]LogPlayLevel: PIE: World Init took: (0.000806s)
[2019.07.28-15.02.43:998][257]LogPlayLevel: PIE: Created PIE world by copying editor world from /Game/AnimStarterPack/Showcase.Showcase to /Game/AnimStarterPack/UEDPIE_0_Showcase.Showcase (0.006576s)
[2019.07.28-15.02.44:022][257]LogInit: XAudio2 using 'Altavoces (5- Logitech G933 Gaming Wireless Headset)' : 2 channels at 44.1 kHz using 16 bits per sample (channel mask 0x3)
[2019.07.28-15.02.44:036][257]LogInit: FAudioDevice initialized.
[2019.07.28-15.02.44:076][257]LogLoad: Game class is 'GameModeBase'
[2019.07.28-15.02.44:082][257]LogWorld: Bringing World /Game/AnimStarterPack/UEDPIE_0_Showcase.Showcase up for play (max tick rate 0) at 2019.07.28-17.02.44
[2019.07.28-15.02.44:083][257]LogWorld: Bringing up level for play took: 0.006353
[2019.07.28-15.02.44:095][257]LogGameMode: FindPlayerStart: PATHS NOT DEFINED or NO PLAYERSTART with positive rating
[2019.07.28-15.02.44:096][257]PIE: Play in editor start time for /Game/AnimStarterPack/UEDPIE_0_Showcase 0.91
[2019.07.28-15.02.48:816][763]LogSlate: Updating window title bar state: overlay mode, drag disabled, window buttons hidden, title bar hidden
[2019.07.28-15.02.48:848][763]LogPlayLevel: Display: Shutting down PIE online subsystems
[2019.07.28-15.02.48:870][763]LogSlate: Updating window title bar state: overlay mode, drag disabled, window buttons hidden, title bar hidden
[2019.07.28-15.02.48:935][768]LogPlayLevel: Display: Destroying online subsystem :Context_4
[2019.07.28-15.02.52:470][174]LogSlate: FSceneViewport::OnFocusLost() reason 2
[2019.07.28-15.02.54:485][407]LogSlate: FSceneViewport::OnFocusLost() reason 2
[2019.07.28-15.02.56:073][590]Cmd: MAP LOAD FILE="../../../../../../Users/Joan Abad/Documents/Github/ShooterOnlineOW_Style/Shooter_OW_Style/Content/Levels/FirstMap.umap" TEMPLATE=0 SHOWPROGRESS=1 FEATURELEVEL=3
[2019.07.28-15.02.56:095][590]LightingResults: New page: Lighting Build
[2019.07.28-15.02.56:096][590]LoadErrors: New page: Loading map: FirstMap.umap
[2019.07.28-15.02.56:099][590]MapCheck: New page: Map Check
[2019.07.28-15.02.56:099][590]LightingResults: New page: Lighting Build
[2019.07.28-15.02.56:135][590]LogAIModule: Creating AISystem for world FirstMap
[2019.07.28-15.02.56:205][590]LogEditorServer: Finished looking for orphan Actors (0.000 secs)
[2019.07.28-15.02.56:275][590]Cmd: MAP CHECKDEP NOCLEARLOG
[2019.07.28-15.02.56:337][590]MapCheck: Map check complete: 0 Error(s), 0 Warning(s), took 58.954ms to complete.
[2019.07.28-15.02.56:337][590]LogFileHelpers: Loading map 'FirstMap' took 0.264
[2019.07.28-15.02.56:338][590]LogSlate: Window 'Open Level' being destroyed
[2019.07.28-15.02.57:306][698]LogSlate: FSceneViewport::OnFocusLost() reason 0
[2019.07.28-15.02.58:030][781]LogAIModule: Creating AISystem for world Showcase
[2019.07.28-15.02.58:031][781]LogActorComponent: RegisterComponentWithWorld: (/Game/AnimStarterPack/Showcase.Showcase:PersistentLevel.WorldSettings.StaticMeshComponent0) Trying to register component with IsPendingKill() == true. Aborting.
[2019.07.28-15.03.00:341][781]LogSlate: Window 'Delete Assets' being destroyed
[2019.07.28-15.03.00:353][781]LogSlate: FSceneViewport::OnFocusLost() reason 2
[2019.07.28-15.03.00:418][781]LogSlate: FSceneViewport::OnFocusLost() reason 2
[2019.07.28-15.03.00:439][781]LogSlate: FSceneViewport::OnFocusLost() reason 2
[2019.07.28-15.03.10:489][924]LogSlate: FSceneViewport::OnFocusLost() reason 0
[2019.07.28-15.03.10:790][938]LogBlueprint: Warning: [Compiler Ue4ASP_Character] InputAction Event references unknown Action 'Jump' for  InputAction Jump
[2019.07.28-15.03.10:801][938]LogBlueprint: Warning: [Compiler Ue4ASP_Character] [0195.84] Compile of Ue4ASP_Character successful, but with 1 Warning(s) [in 100 ms] (/Game/AnimStarterPack/Ue4ASP_Character.Ue4ASP_Character)
[2019.07.28-15.03.10:809][938]LogAnimationCompression: Building Anim DDC data for AnimSequence /Game/AnimStarterPack/Jump_From_Stand.Jump_From_Stand
[2019.07.28-15.03.10:809][938]LogAnimationCompression: Recompressing (AnimSequence /Game/AnimStarterPack/Jump_From_Stand.Jump_From_Stand) using current/default (AnimCompress_BitwiseCompressOnly_39) bFirstRecompressUsingCurrentOrDefault(1) bTryAlternateCompressor(0) IsCompressedDataValid(0)
[2019.07.28-15.03.10:810][938]LogAnimationCompression: Building Anim DDC data for AnimSequence /Game/AnimStarterPack/Jump_From_Jog.Jump_From_Jog
[2019.07.28-15.03.10:811][938]LogAnimationCompression: Recompressing (AnimSequence /Game/AnimStarterPack/Jump_From_Jog.Jump_From_Jog) using current/default (AnimCompress_BitwiseCompressOnly_38) bFirstRecompressUsingCurrentOrDefault(1) bTryAlternateCompressor(0) IsCompressedDataValid(0)
[2019.07.28-15.03.10:812][938]LogAnimationCompression: Building Anim DDC data for AnimSequence /Game/AnimStarterPack/Crouch_Walk_Fwd_Rifle_Hip.Crouch_Walk_Fwd_Rifle_Hip
[2019.07.28-15.03.10:813][938]LogAnimationCompression: Recompressing (AnimSequence /Game/AnimStarterPack/Crouch_Walk_Fwd_Rifle_Hip.Crouch_Walk_Fwd_Rifle_Hip) using current/default (AnimCompress_BitwiseCompressOnly_8) bFirstRecompressUsingCurrentOrDefault(1) bTryAlternateCompressor(0) IsCompressedDataValid(0)
[2019.07.28-15.03.10:817][938]LogAnimationCompression: Building Anim DDC data for AnimSequence /Game/AnimStarterPack/Crouch_Walk_Bwd_Rifle_Hip.Crouch_Walk_Bwd_Rifle_Hip
[2019.07.28-15.03.10:817][938]LogAnimationCompression: Recompressing (AnimSequence /Game/AnimStarterPack/Crouch_Walk_Bwd_Rifle_Hip.Crouch_Walk_Bwd_Rifle_Hip) using current/default (AnimCompress_BitwiseCompressOnly_6) bFirstRecompressUsingCurrentOrDefault(1) bTryAlternateCompressor(0) IsCompressedDataValid(0)
[2019.07.28-15.03.10:854][938]LogAnimationCompression: Building Anim DDC data for AnimSequence /Game/AnimStarterPack/Crouch_Walk_Lt_Rifle_Hip.Crouch_Walk_Lt_Rifle_Hip
[2019.07.28-15.03.10:854][938]LogAnimationCompression: Recompressing (AnimSequence /Game/AnimStarterPack/Crouch_Walk_Lt_Rifle_Hip.Crouch_Walk_Lt_Rifle_Hip) using current/default (AnimCompress_BitwiseCompressOnly_10) bFirstRecompressUsingCurrentOrDefault(1) bTryAlternateCompressor(0) IsCompressedDataValid(0)
[2019.07.28-15.03.10:860][938]LogAnimationCompression: Building Anim DDC data for AnimSequence /Game/AnimStarterPack/Crouch_Walk_Rt_Rifle_Hip.Crouch_Walk_Rt_Rifle_Hip
[2019.07.28-15.03.10:860][938]LogAnimationCompression: Recompressing (AnimSequence /Game/AnimStarterPack/Crouch_Walk_Rt_Rifle_Hip.Crouch_Walk_Rt_Rifle_Hip) using current/default (AnimCompress_BitwiseCompressOnly_12) bFirstRecompressUsingCurrentOrDefault(1) bTryAlternateCompressor(0) IsCompressedDataValid(0)
[2019.07.28-15.03.10:882][938]LogAnimationCompression: Building Anim DDC data for AnimSequence /Game/AnimStarterPack/Idle_Rifle_Hip.Idle_Rifle_Hip
[2019.07.28-15.03.10:882][938]LogAnimationCompression: Recompressing (AnimSequence /Game/AnimStarterPack/Idle_Rifle_Hip.Idle_Rifle_Hip) using current/default (AnimCompress_BitwiseCompressOnly_30) bFirstRecompressUsingCurrentOrDefault(1) bTryAlternateCompressor(0) IsCompressedDataValid(0)
[2019.07.28-15.03.10:897][938]LogAnimationCompression: Building Anim DDC data for AnimSequence /Game/AnimStarterPack/Jog_Fwd_Rifle.Jog_Fwd_Rifle
[2019.07.28-15.03.10:897][938]LogAnimationCompression: Recompressing (AnimSequence /Game/AnimStarterPack/Jog_Fwd_Rifle.Jog_Fwd_Rifle) using current/default (AnimCompress_BitwiseCompressOnly_35) bFirstRecompressUsingCurrentOrDefault(1) bTryAlternateCompressor(0) IsCompressedDataValid(0)
[2019.07.28-15.03.10:906][938]LogAnimationCompression: Building Anim DDC data for AnimSequence /Game/AnimStarterPack/Jog_Bwd_Rifle.Jog_Bwd_Rifle
[2019.07.28-15.03.10:907][938]LogAnimationCompression: Recompressing (AnimSequence /Game/AnimStarterPack/Jog_Bwd_Rifle.Jog_Bwd_Rifle) using current/default (AnimCompress_BitwiseCompressOnly_34) bFirstRecompressUsingCurrentOrDefault(1) bTryAlternateCompressor(0) IsCompressedDataValid(0)
[2019.07.28-15.03.10:908][938]LogAnimationCompression: Building Anim DDC data for AnimSequence /Game/AnimStarterPack/Jog_Lt_Rifle.Jog_Lt_Rifle
[2019.07.28-15.03.10:908][938]LogAnimationCompression: Recompressing (AnimSequence /Game/AnimStarterPack/Jog_Lt_Rifle.Jog_Lt_Rifle) using current/default (AnimCompress_BitwiseCompressOnly_0) bFirstRecompressUsingCurrentOrDefault(1) bTryAlternateCompressor(0) IsCompressedDataValid(0)
[2019.07.28-15.03.10:924][938]LogAnimationCompression: Building Anim DDC data for AnimSequence /Game/AnimStarterPack/Jog_Rt_Rifle.Jog_Rt_Rifle
[2019.07.28-15.03.10:924][938]LogAnimationCompression: Recompressing (AnimSequence /Game/AnimStarterPack/Jog_Rt_Rifle.Jog_Rt_Rifle) using current/default (AnimCompress_BitwiseCompressOnly_37) bFirstRecompressUsingCurrentOrDefault(1) bTryAlternateCompressor(0) IsCompressedDataValid(0)
[2019.07.28-15.03.10:945][938]LogAssetEditorManager: Opening Asset editor for AnimBlueprint /Game/AnimStarterPack/UE4ASP_HeroTPP_AnimBlueprint.UE4ASP_HeroTPP_AnimBlueprint
[2019.07.28-15.03.11:023][938]LogContentBrowser: Native class hierarchy updated for 'SkeletonEditor' in 0.0003 seconds. Added 1 classes and 2 folders.
[2019.07.28-15.03.11:582][938]LogActorComponent: RegisterComponentWithWorld: (/Engine/Transient.World_3:PersistentLevel.AnimationEditorPreviewActor_0.DebugSkelMeshComponent_0) Already registered. Aborting.
[2019.07.28-15.03.11:699][938]LogContentBrowser: Native class hierarchy updated for 'PinnedCommandList' in 0.0004 seconds. Added 1 classes and 0 folders.
[2019.07.28-15.03.12:168][938]LogContentBrowser: Native class hierarchy updated for 'BlueprintGraph' in 0.0006 seconds. Added 116 classes and 0 folders.
[2019.07.28-15.03.13:012][938]LogSkeletalMesh: USkeletalMeshComponent::InitArticulated : Bodies already created (/Engine/Transient.World_3:PersistentLevel.AnimationEditorPreviewActor_0.DebugSkelMeshComponent_0) - call TermArticulated first.
[2019.07.28-15.03.13:678][938]LogSlate: Took 0.000227 seconds to synchronously load lazily loaded font '../../../Engine/Content/Slate/Fonts/Roboto-BoldCondensed.ttf' (158K)
[2019.07.28-15.03.13:770][938]LogContentBrowser: Native class hierarchy updated for 'ClothingSystemEditorInterface' in 0.0003 seconds. Added 1 classes and 0 folders.
[2019.07.28-15.03.13:989][938]LogContentBrowser: Verbose: The majority of assets in the view are of type: AnimSequence
[2019.07.28-15.03.14:111][939]LogSlate: Took 0.000227 seconds to synchronously load lazily loaded font '../../../Engine/Content/Slate/Fonts/Roboto-Italic.ttf' (157K)
[2019.07.28-15.05.29:322][465]LogSavePackage: Moving '../../../../../../Users/Joan Abad/Documents/Github/ShooterOnlineOW_Style/Shooter_OW_Style/Saved/UE4ASP_HeroTPP_AnimBlueprint98B1B96B4B9CFE97B55D6AAED5A0B022.tmp' to '../../../../../../Users/Joan Abad/Documents/Github/ShooterOnlineOW_Style/Shooter_OW_Style/Content/AnimStarterPack/UE4ASP_HeroTPP_AnimBlueprint.uasset'
[2019.07.28-15.05.46:057][736]LogSlate: FSceneViewport::OnFocusLost() reason 0
[2019.07.28-15.06.12:851][774]BlueprintLog: New page: Compile UE4ASP_HeroTPP_AnimBlueprint
[2019.07.28-15.06.13:185][774]LogSavePackage: Moving '../../../../../../Users/Joan Abad/Documents/Github/ShooterOnlineOW_Style/Shooter_OW_Style/Saved/UE4ASP_HeroTPP_AnimBlueprint45AFF3E442589909724B77A3070DD7B3.tmp' to '../../../../../../Users/Joan Abad/Documents/Github/ShooterOnlineOW_Style/Shooter_OW_Style/Content/AnimStarterPack/UE4ASP_HeroTPP_AnimBlueprint.uasset'
[2019.07.28-15.09.54:194][257]BlueprintLog: New page: Compile UE4ASP_HeroTPP_AnimBlueprint
[2019.07.28-15.09.54:498][257]LogSavePackage: Moving '../../../../../../Users/Joan Abad/Documents/Github/ShooterOnlineOW_Style/Shooter_OW_Style/Saved/UE4ASP_HeroTPP_AnimBlueprint7D592AB64A54E6FFB46CFDA1FDAAF4F1.tmp' to '../../../../../../Users/Joan Abad/Documents/Github/ShooterOnlineOW_Style/Shooter_OW_Style/Content/AnimStarterPack/UE4ASP_HeroTPP_AnimBlueprint.uasset'
[2019.07.28-15.09.54:576][260]LogSlate: FSceneViewport::OnFocusLost() reason 0
[2019.07.28-15.09.54:769][268]LogSavePackage: Moving '../../../../../../Users/Joan Abad/Documents/Github/ShooterOnlineOW_Style/Shooter_OW_Style/Saved/UE4ASP_HeroTPP_AnimBlueprint6657467844CBC615C35EA18894730950.tmp' to '../../../../../../Users/Joan Abad/Documents/Github/ShooterOnlineOW_Style/Shooter_OW_Style/Content/AnimStarterPack/UE4ASP_HeroTPP_AnimBlueprint.uasset'
[2019.07.28-15.09.55:258][307]LogSlate: FSceneViewport::OnFocusLost() reason 0
[2019.07.28-15.09.55:733][337]LogSlate: Window 'UE4ASP_HeroTPP_AnimBlueprint' being destroyed
[2019.07.28-15.09.55:745][338]LogRenderer: Reallocating scene render targets to support 2572x1324 Format 10 NumSamples 1 (Frame:22346).
[2019.07.28-15.10.09:417][900]LogSlate: FSceneViewport::OnFocusLost() reason 0
[2019.07.28-15.10.20:621][134]LogSavePackage: Moving '../../../../../../Users/Joan Abad/Documents/Github/ShooterOnlineOW_Style/Shooter_OW_Style/Saved/UE4ASP_HeroTPP_AnimBlueprintE698E0534EE8E042C0467C8B1BEF9EB0.tmp' to '../../../../../../Users/Joan Abad/Documents/Github/ShooterOnlineOW_Style/Shooter_OW_Style/Content/AnimStarterPack/UE4ASP_HeroTPP_AnimBlueprint.uasset'
[2019.07.28-15.10.24:806][605]LogAssetEditorManager: Opening Asset editor for Blueprint /Game/Programming/Character/Base_Character.Base_Character
[2019.07.28-15.10.26:720][777]LogAssetEditorManager: Opening Asset editor for Blueprint /Game/Programming/Character/Base_Character.Base_Character
[2019.07.28-15.11.02:452][775]BlueprintLog: New page: Compile Base_Character
[2019.07.28-15.11.02:723][775]LogSavePackage: Moving '../../../../../../Users/Joan Abad/Documents/Github/ShooterOnlineOW_Style/Shooter_OW_Style/Saved/Base_Character985DFA5C48BA5075210FA39FF70F38D0.tmp' to '../../../../../../Users/Joan Abad/Documents/Github/ShooterOnlineOW_Style/Shooter_OW_Style/Content/Programming/Character/Base_Character.uasset'
[2019.07.28-15.11.02:982][797]LogSavePackage: Moving '../../../../../../Users/Joan Abad/Documents/Github/ShooterOnlineOW_Style/Shooter_OW_Style/Saved/Base_Character8537D78F4701DC37F3BF028964A069B4.tmp' to '../../../../../../Users/Joan Abad/Documents/Github/ShooterOnlineOW_Style/Shooter_OW_Style/Content/Programming/Character/Base_Character.uasset'
[2019.07.28-15.11.06:014][123]LogSavePackage: Moving '../../../../../../Users/Joan Abad/Documents/Github/ShooterOnlineOW_Style/Shooter_OW_Style/Saved/FirstMap1CDD6B66438809CE44F26EB8282DA93D.tmp' to '../../../../../../Users/Joan Abad/Documents/Github/ShooterOnlineOW_Style/Shooter_OW_Style/Content/Levels/FirstMap.umap'
[2019.07.28-15.11.06:064][123]LogSavePackage: Moving '../../../../../../Users/Joan Abad/Documents/Github/ShooterOnlineOW_Style/Shooter_OW_Style/Saved/FirstMap_BuiltData78A3E3B546568D2A1E6497A863784191.tmp' to '../../../../../../Users/Joan Abad/Documents/Github/ShooterOnlineOW_Style/Shooter_OW_Style/Content/Levels/FirstMap_BuiltData.uasset'
[2019.07.28-15.11.07:595][300]LogTemp: Repeating last play command: Simulate
[2019.07.28-15.11.07:611][300]LogPlayLevel: PlayLevel: No blueprints needed recompiling
[2019.07.28-15.11.07:612][300]PIE: New page: SIE session: FirstMap (Jul 28, 2019, 7:11:07 PM)
[2019.07.28-15.11.07:612][300]LogPlayLevel: Creating play world package: /Game/Levels/UEDPIE_0_FirstMap
[2019.07.28-15.11.07:614][300]LogPlayLevel: PIE: StaticDuplicateObject took: (0.001929s)
[2019.07.28-15.11.07:614][300]LogAIModule: Creating AISystem for world FirstMap
[2019.07.28-15.11.07:615][300]LogPlayLevel: PIE: World Init took: (0.000968s)
[2019.07.28-15.11.07:615][300]LogPlayLevel: PIE: Created PIE world by copying editor world from /Game/Levels/FirstMap.FirstMap to /Game/Levels/UEDPIE_0_FirstMap.FirstMap (0.003188s)
[2019.07.28-15.11.07:648][300]LogInit: XAudio2 using 'Altavoces (5- Logitech G933 Gaming Wireless Headset)' : 2 channels at 44.1 kHz using 16 bits per sample (channel mask 0x3)
[2019.07.28-15.11.07:654][300]LogInit: FAudioDevice initialized.
[2019.07.28-15.11.07:688][300]LogLoad: Game class is 'GameModeBase'
[2019.07.28-15.11.07:690][300]LogWorld: Bringing World /Game/Levels/UEDPIE_0_FirstMap.FirstMap up for play (max tick rate 0) at 2019.07.28-17.11.07
[2019.07.28-15.11.07:690][300]LogWorld: Bringing up level for play took: 0.001552
[2019.07.28-15.11.07:704][300]PIE: Play in editor start time for /Game/Levels/UEDPIE_0_FirstMap 0.517
[2019.07.28-15.11.09:546][424]LogSlate: Updating window title bar state: overlay mode, drag disabled, window buttons hidden, title bar hidden
[2019.07.28-15.11.09:583][424]LogPlayLevel: Display: Shutting down PIE online subsystems
[2019.07.28-15.11.09:612][424]LogSlate: Updating window title bar state: overlay mode, drag disabled, window buttons hidden, title bar hidden
[2019.07.28-15.11.09:648][427]LogPlayLevel: Display: Destroying online subsystem :Context_16
[2019.07.28-15.11.11:067][587]LogPlayLevel: PlayLevel: No blueprints needed recompiling
[2019.07.28-15.11.11:067][587]PIE: New page: PIE session: FirstMap (Jul 28, 2019, 7:11:11 PM)
[2019.07.28-15.11.11:067][587]LogPlayLevel: Creating play world package: /Game/Levels/UEDPIE_0_FirstMap
[2019.07.28-15.11.11:070][587]LogPlayLevel: PIE: StaticDuplicateObject took: (0.003246s)
[2019.07.28-15.11.11:071][587]LogAIModule: Creating AISystem for world FirstMap
[2019.07.28-15.11.11:072][587]LogPlayLevel: PIE: World Init took: (0.001157s)
[2019.07.28-15.11.11:072][587]LogPlayLevel: PIE: Created PIE world by copying editor world from /Game/Levels/FirstMap.FirstMap to /Game/Levels/UEDPIE_0_FirstMap.FirstMap (0.004986s)
[2019.07.28-15.11.11:105][587]LogInit: XAudio2 using 'Altavoces (5- Logitech G933 Gaming Wireless Headset)' : 2 channels at 44.1 kHz using 16 bits per sample (channel mask 0x3)
[2019.07.28-15.11.11:110][587]LogInit: FAudioDevice initialized.
[2019.07.28-15.11.11:120][587]LogSlate: Updating window title bar state: overlay mode, drag disabled, window buttons hidden, title bar hidden
[2019.07.28-15.11.11:243][587]LogLoad: Game class is 'GameModeBase'
[2019.07.28-15.11.11:245][587]LogWorld: Bringing World /Game/Levels/UEDPIE_0_FirstMap.FirstMap up for play (max tick rate 0) at 2019.07.28-17.11.11
[2019.07.28-15.11.11:246][587]LogWorld: Bringing up level for play took: 0.001824
[2019.07.28-15.11.11:263][587]PIE: Play in editor start time for /Game/Levels/UEDPIE_0_FirstMap 0.076
[2019.07.28-15.11.26:175][338]LogSlate: Updating window title bar state: overlay mode, drag disabled, window buttons hidden, title bar hidden
[2019.07.28-15.11.26:188][338]LogSlate: Window 'Shooter_OW_Style Game Preview Standalone (64-bit/PCD3D_SM5)' being destroyed
[2019.07.28-15.11.26:230][338]LogPlayLevel: Display: Shutting down PIE online subsystems
[2019.07.28-15.11.26:277][339]LogPlayLevel: Display: Destroying online subsystem :Context_17
[2019.07.28-15.13.00:663][299]BlueprintLog: New page: Compile UE4ASP_HeroTPP_AnimBlueprint
[2019.07.28-15.13.00:981][299]LogSavePackage: Moving '../../../../../../Users/Joan Abad/Documents/Github/ShooterOnlineOW_Style/Shooter_OW_Style/Saved/UE4ASP_HeroTPP_AnimBlueprint160413D84A3105446617FAAF483B2A32.tmp' to '../../../../../../Users/Joan Abad/Documents/Github/ShooterOnlineOW_Style/Shooter_OW_Style/Content/AnimStarterPack/UE4ASP_HeroTPP_AnimBlueprint.uasset'
[2019.07.28-15.13.05:534][798]LogSavePackage: Moving '../../../../../../Users/Joan Abad/Documents/Github/ShooterOnlineOW_Style/Shooter_OW_Style/Saved/UE4ASP_HeroTPP_AnimBlueprintF0E0F0E0468EEB754CAA1EBB2C60B748.tmp' to '../../../../../../Users/Joan Abad/Documents/Github/ShooterOnlineOW_Style/Shooter_OW_Style/Content/AnimStarterPack/UE4ASP_HeroTPP_AnimBlueprint.uasset'
[2019.07.28-15.13.06:401][886]LogSavePackage: Moving '../../../../../../Users/Joan Abad/Documents/Github/ShooterOnlineOW_Style/Shooter_OW_Style/Saved/UE4ASP_HeroTPP_AnimBlueprint972365A746D3D972DA2950ACFE39F522.tmp' to '../../../../../../Users/Joan Abad/Documents/Github/ShooterOnlineOW_Style/Shooter_OW_Style/Content/AnimStarterPack/UE4ASP_HeroTPP_AnimBlueprint.uasset'
[2019.07.28-15.13.14:158][779]LogTemp: Repeating last play command: New Editor Window (PIE)
[2019.07.28-15.13.14:170][779]LogPlayLevel: PlayLevel: No blueprints needed recompiling
[2019.07.28-15.13.14:170][779]PIE: New page: PIE session: FirstMap (Jul 28, 2019, 7:13:14 PM)
[2019.07.28-15.13.14:170][779]LogPlayLevel: Creating play world package: /Game/Levels/UEDPIE_0_FirstMap
[2019.07.28-15.13.14:173][779]LogPlayLevel: PIE: StaticDuplicateObject took: (0.002413s)
[2019.07.28-15.13.14:173][779]LogAIModule: Creating AISystem for world FirstMap
[2019.07.28-15.13.14:174][779]LogPlayLevel: PIE: World Init took: (0.000841s)
[2019.07.28-15.13.14:174][779]LogPlayLevel: PIE: Created PIE world by copying editor world from /Game/Levels/FirstMap.FirstMap to /Game/Levels/UEDPIE_0_FirstMap.FirstMap (0.003633s)
[2019.07.28-15.13.14:214][779]LogInit: XAudio2 using 'Altavoces (5- Logitech G933 Gaming Wireless Headset)' : 2 channels at 44.1 kHz using 16 bits per sample (channel mask 0x3)
[2019.07.28-15.13.14:226][779]LogInit: FAudioDevice initialized.
[2019.07.28-15.13.14:241][779]LogSlate: Updating window title bar state: overlay mode, drag disabled, window buttons hidden, title bar hidden
[2019.07.28-15.13.14:340][779]LogLoad: Game class is 'GameModeBase'
[2019.07.28-15.13.14:342][779]LogWorld: Bringing World /Game/Levels/UEDPIE_0_FirstMap.FirstMap up for play (max tick rate 0) at 2019.07.28-17.13.14
[2019.07.28-15.13.14:342][779]LogWorld: Bringing up level for play took: 0.001465
[2019.07.28-15.13.14:357][779]PIE: Play in editor start time for /Game/Levels/UEDPIE_0_FirstMap 1.17
[2019.07.28-15.13.27:371][293]LogSlate: Updating window title bar state: overlay mode, drag disabled, window buttons hidden, title bar hidden
[2019.07.28-15.13.27:383][293]LogSlate: Window 'Shooter_OW_Style Game Preview Standalone (64-bit/PCD3D_SM5)' being destroyed
[2019.07.28-15.13.27:426][293]LogPlayLevel: Display: Shutting down PIE online subsystems
[2019.07.28-15.13.27:476][294]LogPlayLevel: Display: Destroying online subsystem :Context_18
[2019.07.28-15.13.28:927][457]LogTemp: Repeating last play command: New Editor Window (PIE)
[2019.07.28-15.13.28:938][457]LogPlayLevel: PlayLevel: No blueprints needed recompiling
[2019.07.28-15.13.28:938][457]PIE: New page: PIE session: FirstMap (Jul 28, 2019, 7:13:28 PM)
[2019.07.28-15.13.28:938][457]LogPlayLevel: Creating play world package: /Game/Levels/UEDPIE_0_FirstMap
[2019.07.28-15.13.28:941][457]LogPlayLevel: PIE: StaticDuplicateObject took: (0.002435s)
[2019.07.28-15.13.28:941][457]LogAIModule: Creating AISystem for world FirstMap
[2019.07.28-15.13.28:942][457]LogPlayLevel: PIE: World Init took: (0.000829s)
[2019.07.28-15.13.28:942][457]LogPlayLevel: PIE: Created PIE world by copying editor world from /Game/Levels/FirstMap.FirstMap to /Game/Levels/UEDPIE_0_FirstMap.FirstMap (0.003543s)
[2019.07.28-15.13.28:975][457]LogInit: XAudio2 using 'Altavoces (5- Logitech G933 Gaming Wireless Headset)' : 2 channels at 44.1 kHz using 16 bits per sample (channel mask 0x3)
[2019.07.28-15.13.28:982][457]LogInit: FAudioDevice initialized.
[2019.07.28-15.13.28:990][457]LogSlate: Updating window title bar state: overlay mode, drag disabled, window buttons hidden, title bar hidden
[2019.07.28-15.13.29:092][457]LogLoad: Game class is 'GameModeBase'
[2019.07.28-15.13.29:094][457]LogWorld: Bringing World /Game/Levels/UEDPIE_0_FirstMap.FirstMap up for play (max tick rate 0) at 2019.07.28-17.13.29
[2019.07.28-15.13.29:094][457]LogWorld: Bringing up level for play took: 0.001672
[2019.07.28-15.13.29:111][457]PIE: Play in editor start time for /Game/Levels/UEDPIE_0_FirstMap -0.076
[2019.07.28-15.13.36:066][258]LogSlate: Updating window title bar state: overlay mode, drag disabled, window buttons hidden, title bar hidden
[2019.07.28-15.13.36:079][258]LogSlate: Window 'Shooter_OW_Style Game Preview Standalone (64-bit/PCD3D_SM5)' being destroyed
[2019.07.28-15.13.36:116][258]LogPlayLevel: Display: Shutting down PIE online subsystems
[2019.07.28-15.13.36:165][259]LogPlayLevel: Display: Destroying online subsystem :Context_19
[2019.07.28-15.13.56:017][590]LogTemp: Repeating last play command: New Editor Window (PIE)
[2019.07.28-15.13.56:028][590]LogPlayLevel: PlayLevel: No blueprints needed recompiling
[2019.07.28-15.13.56:028][590]PIE: New page: PIE session: FirstMap (Jul 28, 2019, 7:13:56 PM)
[2019.07.28-15.13.56:028][590]LogPlayLevel: Creating play world package: /Game/Levels/UEDPIE_0_FirstMap
[2019.07.28-15.13.56:031][590]LogPlayLevel: PIE: StaticDuplicateObject took: (0.002284s)
[2019.07.28-15.13.56:031][590]LogAIModule: Creating AISystem for world FirstMap
[2019.07.28-15.13.56:032][590]LogPlayLevel: PIE: World Init took: (0.001123s)
[2019.07.28-15.13.56:032][590]LogPlayLevel: PIE: Created PIE world by copying editor world from /Game/Levels/FirstMap.FirstMap to /Game/Levels/UEDPIE_0_FirstMap.FirstMap (0.003872s)
[2019.07.28-15.13.56:068][590]LogInit: XAudio2 using 'Altavoces (5- Logitech G933 Gaming Wireless Headset)' : 2 channels at 44.1 kHz using 16 bits per sample (channel mask 0x3)
[2019.07.28-15.13.56:082][590]LogInit: FAudioDevice initialized.
[2019.07.28-15.13.56:093][590]LogSlate: Updating window title bar state: overlay mode, drag disabled, window buttons hidden, title bar hidden
[2019.07.28-15.13.56:198][590]LogLoad: Game class is 'GameModeBase'
[2019.07.28-15.13.56:201][590]LogWorld: Bringing World /Game/Levels/UEDPIE_0_FirstMap.FirstMap up for play (max tick rate 0) at 2019.07.28-17.13.56
[2019.07.28-15.13.56:201][590]LogWorld: Bringing up level for play took: 0.001747
[2019.07.28-15.13.56:222][590]PIE: Play in editor start time for /Game/Levels/UEDPIE_0_FirstMap 1.035
[2019.07.28-15.14.09:178][ 38]LogSlate: FSceneViewport::OnFocusLost() reason 2
[2019.07.28-15.14.09:285][ 51]LogEditorViewport: Clicking on Actor (context menu): StaticMeshActor (Floor)
[2019.07.28-15.14.09:387][ 51]LogSlate: FSceneViewport::OnFocusLost() reason 2
[2019.07.28-15.14.30:391][283]LogSlate: Updating window title bar state: overlay mode, drag disabled, window buttons hidden, title bar hidden
[2019.07.28-15.14.30:403][283]LogSlate: Window 'Shooter_OW_Style Game Preview Standalone (64-bit/PCD3D_SM5)' being destroyed
[2019.07.28-15.14.30:446][283]LogPlayLevel: Display: Shutting down PIE online subsystems
[2019.07.28-15.14.30:495][284]LogPlayLevel: Display: Destroying online subsystem :Context_20
[2019.07.28-15.17.45:717][118]LogSlate: FSceneViewport::OnFocusLost() reason 2
[2019.07.28-15.17.46:510][211]LogSlate: FSceneViewport::OnFocusLost() reason 2
[2019.07.28-15.17.48:583][455]LogSlate: FSceneViewport::OnFocusLost() reason 2
[2019.07.28-15.17.50:802][720]LogSlate: FSceneViewport::OnFocusLost() reason 2
[2019.07.28-15.18.07:873][734]Candidate modules for hot reload:
[2019.07.28-15.18.07:873][734]  Shooter_OW_Style
[2019.07.28-15.18.07:874][734]Launching UnrealBuildTool... [C:/Program Files/Epic Games/UE_4.20/Engine/Binaries/DotNET/UnrealBuildTool.exe  -ModuleWithSuffix=Shooter_OW_Style,1608 Win64 Development -TargetType=Editor -Project="../../../../../../Users/Joan Abad/Documents/Github/ShooterOnlineOW_Style/Shooter_OW_Style/Shooter_OW_Style.uproject" -canskiplink "C:/Users/Joan Abad/Documents/Github/ShooterOnlineOW_Style/Shooter_OW_Style/Shooter_OW_Style.uproject" ]
[2019.07.28-15.18.07:874][734]Warning: Starting HotReload took  0.0s.
[2019.07.28-15.18.29:574][254]CompilerResultsLog: New page: Compilation - Jul 28, 2019, 7:18:29 PM
[2019.07.28-15.18.29:574][254]CompilerResultsLog: Using 'git status' to determine working set for adaptive non-unity build.
[2019.07.28-15.18.29:574][254]CompilerResultsLog: Creating makefile for hot reloading Shooter_OW_StyleEditor (ini files are newer than UBTMakefile)
[2019.07.28-15.18.29:574][254]CompilerResultsLog: Compiling game modules for hot reload
[2019.07.28-15.18.29:574][254]CompilerResultsLog: Using Visual Studio 2017 14.16.27023 toolchain (C:\Program Files (x86)\FCKING VISUAL STUDIO\VC\Tools\MSVC\14.16.27023) and Windows 10.0.16299.0 SDK (C:\Program Files (x86)\Windows Kits\10).
[2019.07.28-15.18.29:574][254]CompilerResultsLog: Parsing headers for Shooter_OW_StyleEditor
[2019.07.28-15.18.29:574][254]CompilerResultsLog:   Running UnrealHeaderTool "C:\Users\Joan Abad\Documents\Github\ShooterOnlineOW_Style\Shooter_OW_Style\Shooter_OW_Style.uproject" "C:\Users\Joan Abad\Documents\Github\ShooterOnlineOW_Style\Shooter_OW_Style\Intermediate\Build\Win64\Shooter_OW_StyleEditor\Development\Shooter_OW_StyleEditor.uhtmanifest" -LogCmds="loginit warning, logexit warning, logdatabase error" -Unattended -WarningsAsErrors -installed
[2019.07.28-15.18.29:574][254]CompilerResultsLog: Reflection code generated for Shooter_OW_StyleEditor in 12,3948823 seconds
[2019.07.28-15.18.29:574][254]CompilerResultsLog: Distributing 4 actions to XGE
[2019.07.28-15.18.29:574][254]CompilerResultsLog: --------------------Build System Warning---------------------------------------
[2019.07.28-15.18.29:574][254]CompilerResultsLog: License is invalid:
[2019.07.28-15.18.29:575][254]CompilerResultsLog:     License information is invalid. Please try reloading your license file using the Coordinator Monitor application on the Coordinator machine, or reinstall IncrediBuild.
[2019.07.28-15.18.29:575][254]CompilerResultsLog:     This build will run in standalone mode.
[2019.07.28-15.18.29:575][254]CompilerResultsLog: 
[2019.07.28-15.18.29:575][254]CompilerResultsLog: -------------------------------------------------------------------------------
[2019.07.28-15.18.29:575][254]CompilerResultsLog: --------------------Project: Default-------------------------------------------
[2019.07.28-15.18.29:575][254]CompilerResultsLog: C_BaseCharacter.cpp (0:01.42 at +0:00)
[2019.07.28-15.18.29:575][254]CompilerResultsLog: C_BaseCharacter.gen.cpp (0:01.12 at +0:01)
[2019.07.28-15.18.29:575][254]CompilerResultsLog: UE4Editor-Shooter_OW_Style-1608.dll (0:01.29 at +0:02)
[2019.07.28-15.18.29:575][254]CompilerResultsLog:    Creando biblioteca C:\Users\Joan Abad\Documents\Github\ShooterOnlineOW_Style\Shooter_OW_Style\Intermediate\Build\Win64\UE4Editor\Development\Shooter_OW_Style\UE4Editor-Shooter_OW_Style-1608.suppressed.lib y objeto C:\Users\Joan Abad\Documents\Github\ShooterOnlineOW_Style\Shooter_OW_Style\Intermediate\Build\Win64\UE4Editor\Development\Shooter_OW_Style\UE4Editor-Shooter_OW_Style-1608.suppressed.exp
[2019.07.28-15.18.29:575][254]CompilerResultsLog: UE4Editor-Shooter_OW_Style-1608.lib (0:00.12 at +0:03)
[2019.07.28-15.18.29:575][254]CompilerResultsLog:    Creando biblioteca C:\Users\Joan Abad\Documents\Github\ShooterOnlineOW_Style\Shooter_OW_Style\Intermediate\Build\Win64\UE4Editor\Development\Shooter_OW_Style\UE4Editor-Shooter_OW_Style-1608.lib y objeto C:\Users\Joan Abad\Documents\Github\ShooterOnlineOW_Style\Shooter_OW_Style\Intermediate\Build\Win64\UE4Editor\Development\Shooter_OW_Style\UE4Editor-Shooter_OW_Style-1608.exp
[2019.07.28-15.18.29:575][254]CompilerResultsLog: ---------------------- Done ----------------------
[2019.07.28-15.18.29:575][254]CompilerResultsLog: 
[2019.07.28-15.18.29:575][254]CompilerResultsLog:     Rebuild All: 1 succeeded, 0 failed, 0 skipped
[2019.07.28-15.18.29:575][254]CompilerResultsLog: 
[2019.07.28-15.18.29:575][254]CompilerResultsLog: 1 build system warning(s):
[2019.07.28-15.18.29:576][254]CompilerResultsLog:    - License is invalid
[2019.07.28-15.18.29:576][254]CompilerResultsLog: 
[2019.07.28-15.18.29:576][254]CompilerResultsLog: Total build time: 21,48 seconds (XGE executor: 4,19 seconds)
[2019.07.28-15.18.29:576][254]LogMainFrame: MainFrame: Module compiling took 21.712 seconds
[2019.07.28-15.18.29:631][254]LogContentBrowser: Native class hierarchy updated for 'Shooter_OW_Style' in 0.0004 seconds. Added 2 classes and 3 folders.
[2019.07.28-15.18.29:634][254]Display: HotReload successful (0 functions remapped  0 scriptstructs remapped)
[2019.07.28-15.18.29:988][254]LogContentBrowser: Native class hierarchy populated in 0.0094 seconds. Added 2576 classes and 610 folders.
[2019.07.28-15.18.29:994][254]Display: HotReload took 22.1s.
[2019.07.28-15.18.32:727][578]LogTemp: Repeating last play command: New Editor Window (PIE)
[2019.07.28-15.18.32:739][578]LogPlayLevel: PlayLevel: No blueprints needed recompiling
[2019.07.28-15.18.32:739][578]PIE: New page: PIE session: FirstMap (Jul 28, 2019, 7:18:32 PM)
[2019.07.28-15.18.32:739][578]LogPlayLevel: Creating play world package: /Game/Levels/UEDPIE_0_FirstMap
[2019.07.28-15.18.32:742][578]LogPlayLevel: PIE: StaticDuplicateObject took: (0.002829s)
[2019.07.28-15.18.32:744][578]LogAIModule: Creating AISystem for world FirstMap
[2019.07.28-15.18.32:745][578]LogPlayLevel: PIE: World Init took: (0.001845s)
[2019.07.28-15.18.32:745][578]LogPlayLevel: PIE: Created PIE world by copying editor world from /Game/Levels/FirstMap.FirstMap to /Game/Levels/UEDPIE_0_FirstMap.FirstMap (0.005521s)
[2019.07.28-15.18.32:793][578]LogInit: XAudio2 using 'Altavoces (5- Logitech G933 Gaming Wireless Headset)' : 2 channels at 44.1 kHz using 16 bits per sample (channel mask 0x3)
[2019.07.28-15.18.32:811][578]LogInit: FAudioDevice initialized.
[2019.07.28-15.18.32:826][578]LogSlate: Updating window title bar state: overlay mode, drag disabled, window buttons hidden, title bar hidden
[2019.07.28-15.18.32:943][578]LogLoad: Game class is 'GameModeBase'
[2019.07.28-15.18.32:945][578]LogWorld: Bringing World /Game/Levels/UEDPIE_0_FirstMap.FirstMap up for play (max tick rate 0) at 2019.07.28-17.18.32
[2019.07.28-15.18.32:945][578]LogWorld: Bringing up level for play took: 0.001399
[2019.07.28-15.18.32:961][578]PIE: Play in editor start time for /Game/Levels/UEDPIE_0_FirstMap -0.226
