Log file open, 07/31/19 20:39:42
LogWindows: Failed to load 'aqProf.dll' (GetLastError=126)
LogWindows: File 'aqProf.dll' does not exist
LogWindows: Failed to load 'VtuneApi.dll' (GetLastError=126)
LogWindows: File 'VtuneApi.dll' does not exist
LogWindows: Failed to load 'VtuneApi32e.dll' (GetLastError=126)
LogWindows: File 'VtuneApi32e.dll' does not exist
LogInit: Display: Running engine for game: Shooter_OW_Style
LogPlatformFile: Not using cached read wrapper
LogTaskGraph: Started task graph with 5 named threads and 14 total threads with 3 sets of task threads.
LogStats: Stats thread started at 0.249028
LogD3D11RHI: Loaded GFSDK_Aftermath_Lib.x64.dll
LogICUInternationalization: Display: ICU TimeZone Detection - Raw Offset: +1:00, Platform Override: ''
LogPluginManager: Mounting plugin Paper2D
LogPluginManager: Mounting plugin AISupport
LogPluginManager: Mounting plugin LightPropagationVolume
LogPluginManager: Mounting plugin CLionSourceCodeAccess
LogPluginManager: Mounting plugin CodeLiteSourceCodeAccess
LogPluginManager: Mounting plugin GitSourceControl
LogPluginManager: Mounting plugin KDevelopSourceCodeAccess
LogPluginManager: Mounting plugin NullSourceCodeAccess
LogPluginManager: Mounting plugin PerforceSourceControl
LogPluginManager: Mounting plugin SubversionSourceControl
LogPluginManager: Mounting plugin UObjectPlugin
LogPluginManager: Mounting plugin VisualStudioCodeSourceCodeAccess
LogPluginManager: Mounting plugin VisualStudioSourceCodeAccess
LogPluginManager: Mounting plugin XCodeSourceCodeAccess
LogPluginManager: Mounting plugin AssetManagerEditor
LogPluginManager: Mounting plugin CryptoKeys
LogPluginManager: Mounting plugin DataValidation
LogPluginManager: Mounting plugin FacialAnimation
LogPluginManager: Mounting plugin GameplayTagsEditor
LogPluginManager: Mounting plugin MacGraphicsSwitching
LogPluginManager: Mounting plugin MeshEditor
LogPluginManager: Mounting plugin MobileLauncherProfileWizard
LogPluginManager: Mounting plugin PluginBrowser
LogPluginManager: Mounting plugin SpeedTreeImporter
LogPluginManager: Mounting plugin DatasmithContent
LogPluginManager: Mounting plugin AlembicImporter
LogPluginManager: Mounting plugin AppleImageUtils
LogPluginManager: Mounting plugin AppleVision
LogPluginManager: Mounting plugin BackChannel
LogPluginManager: Mounting plugin CharacterAI
LogPluginManager: Mounting plugin GeometryCache
LogPluginManager: Mounting plugin HTML5Networking
LogPluginManager: Mounting plugin ProxyLODPlugin
LogPluginManager: Mounting plugin MagicLeap
LogPluginManager: Mounting plugin MagicLeapEmulator
LogPluginManager: Mounting plugin MagicLeapMedia
LogPluginManager: Mounting plugin AndroidMedia
LogPluginManager: Mounting plugin AvfMedia
LogPluginManager: Mounting plugin ImgMedia
LogPluginManager: Mounting plugin LinearTimecode
LogPluginManager: Mounting plugin MediaCompositing
LogPluginManager: Mounting plugin MediaPlayerEditor
LogPluginManager: Mounting plugin WmfMedia
LogPluginManager: Mounting plugin TcpMessaging
LogPluginManager: Mounting plugin UdpMessaging
LogPluginManager: Mounting plugin ActorSequence
LogPluginManager: Mounting plugin LevelSequenceEditor
LogPluginManager: Mounting plugin MatineeToLevelSequence
LogPluginManager: Mounting plugin NetcodeUnitTest
LogPluginManager: Mounting plugin NUTUnrealEngine4
LogPluginManager: Mounting plugin OnlineSubsystemGooglePlay
LogPluginManager: Mounting plugin OnlineSubsystemIOS
LogPluginManager: Mounting plugin OnlineSubsystem
LogPluginManager: Mounting plugin OnlineSubsystemNull
LogPluginManager: Mounting plugin OnlineSubsystemUtils
LogPluginManager: Mounting plugin LauncherChunkInstaller
LogPluginManager: Mounting plugin AndroidDeviceProfileSelector
LogPluginManager: Mounting plugin AndroidMoviePlayer
LogPluginManager: Mounting plugin AndroidPermission
LogPluginManager: Mounting plugin AppleMoviePlayer
LogPluginManager: Mounting plugin ArchVisCharacter
LogPluginManager: Mounting plugin AudioCapture
LogPluginManager: Mounting plugin CableComponent
LogPluginManager: Mounting plugin CustomMeshComponent
LogPluginManager: Mounting plugin EditableMesh
LogPluginManager: Mounting plugin ExampleDeviceProfileSelector
LogPluginManager: Mounting plugin GoogleCloudMessaging
LogPluginManager: Mounting plugin ImmediatePhysics
LogPluginManager: Mounting plugin IOSDeviceProfileSelector
LogPluginManager: Mounting plugin LinuxDeviceProfileSelector
LogPluginManager: Mounting plugin LocationServicesBPLibrary
LogPluginManager: Mounting plugin MobilePatchingUtils
LogPluginManager: Mounting plugin OculusVR
LogPluginManager: Plugin shader directory ../../../Engine/Plugins/Runtime/Oculus/OculusVR/Shaders found
LogPluginManager: Mapping shader source directory ../../../Engine/Plugins/Runtime/Oculus/OculusVR/Shaders to virtual directory /Plugin/OculusVR
LogPluginManager: Mounting plugin PhysXVehicles
LogPluginManager: Mounting plugin ProceduralMeshComponent
LogPluginManager: Mounting plugin RuntimePhysXCooking
LogPluginManager: Mounting plugin SteamVR
LogPluginManager: Mounting plugin WindowsMoviePlayer
LogStreaming: Display: Took  0.144s to configure plugins.
LogInit: Using libcurl 7.55.1-DEV
LogInit:  - built for x86_64-pc-win32
LogInit:  - supports SSL with OpenSSL/1.0.2h
LogInit:  - supports HTTP deflate (compression) using libz 1.2.8
LogInit:  - other features:
LogInit:      CURL_VERSION_SSL
LogInit:      CURL_VERSION_LIBZ
LogInit:      CURL_VERSION_IPV6
LogInit:      CURL_VERSION_ASYNCHDNS
LogInit:      CURL_VERSION_LARGEFILE
LogInit:      CURL_VERSION_IDN
LogInit:  CurlRequestOptions (configurable via config and command line):
LogInit:  - bVerifyPeer = false  - Libcurl will NOT verify peer certificate
LogInit:  - bUseHttpProxy = false  - Libcurl will NOT use HTTP proxy
LogInit:  - bDontReuseConnections = false  - Libcurl will reuse connections
LogInit:  - CertBundlePath = nullptr  - Libcurl will use whatever was configured at build time.
LogInit:  - MaxHostConnections = 16  - Libcurl will limit the number of connections to a host
LogInit:  - LocalHostAddr = Default
LogInit:  - BufferSize = 65536
LogInit: WinSock: version 1.1 (2.2), MaxSocks=32767, MaxUdp=65467
LogInit: Build: ++UE4+Release-4.20-CL-4369336
LogInit: Engine Version: 4.20.3-4369336+++UE4+Release-4.20
LogInit: Compatible Engine Version: 4.20.0-4212847+++UE4+Release-4.20
LogInit: Net CL: 4212847
LogInit: OS: Windows 8.1 (), CPU: Intel(R) Core(TM) i5-6600K CPU @ 3.50GHz, GPU: NVIDIA GeForce GTX 1070
LogInit: Compiled (64-bit): Sep 17 2018 12:26:19
LogInit: Compiled with Visual C++: 19.13.26129.00
LogInit: Build Configuration: Development
LogInit: Branch Name: ++UE4+Release-4.20
LogInit: Command Line:  -skipcompile
LogInit: Base Directory: C:/Program Files/Epic Games/UE_4.20/Engine/Binaries/Win64/
LogInit: Installed Engine Build: 1
LogDevObjectVersion: Number of dev versions registered: 20
LogDevObjectVersion:   Dev-Blueprints (B0D832E4-1F89-4F0D-ACCF-7EB736FD4AA2): 10
LogDevObjectVersion:   Dev-Build (E1C64328-A22C-4D53-A36C-8E866417BD8C): 0
LogDevObjectVersion:   Dev-Core (375EC13C-06E4-48FB-B500-84F0262A717E): 2
LogDevObjectVersion:   Dev-Editor (E4B068ED-F494-42E9-A231-DA0B2E46BB41): 24
LogDevObjectVersion:   Dev-Framework (CFFC743F-43B0-4480-9391-14DF171D2073): 34
LogDevObjectVersion:   Dev-Mobile (B02B49B5-BB20-44E9-A304-32B752E40360): 2
LogDevObjectVersion:   Dev-Networking (A4E4105C-59A1-49B5-A7C5-40C4547EDFEE): 0
LogDevObjectVersion:   Dev-Online (39C831C9-5AE6-47DC-9A44-9C173E1C8E7C): 0
LogDevObjectVersion:   Dev-Physics (78F01B33-EBEA-4F98-B9B4-84EACCB95AA2): 0
LogDevObjectVersion:   Dev-Platform (6631380F-2D4D-43E0-8009-CF276956A95A): 0
LogDevObjectVersion:   Dev-Rendering (12F88B9F-8875-4AFC-A67C-D90C383ABD29): 26
LogDevObjectVersion:   Dev-Sequencer (7B5AE74C-D270-4C10-A958-57980B212A5A): 9
LogDevObjectVersion:   Dev-VR (D7296918-1DD6-4BDD-9DE2-64A83CC13884): 2
LogDevObjectVersion:   Dev-LoadTimes (C2A15278-BFE7-4AFE-6C17-90FF531DF755): 1
LogDevObjectVersion:   Private-Geometry (6EACA3D4-40EC-4CC1-B786-8BED09428FC5): 3
LogDevObjectVersion:   Dev-AnimPhys (29E575DD-E0A3-4627-9D10-D276232CDCEA): 17
LogDevObjectVersion:   Dev-ReflectionCapture (6B266CEC-1EC7-4B8F-A30B-E4D90942FC07): 1
LogDevObjectVersion:   Dev-Automation (0DF73D61-A23F-47EA-B727-89E90C41499A): 1
LogDevObjectVersion:   FortniteMain (601D1886-AC64-4F84-AA16-D3DE0DEAC7D6): 12
LogDevObjectVersion:   Dev-Enterprise (9DFFBCD6-494F-0158-E221-12823C92A888): 1
LogStreaming: Display: Took  0.016s to delete old logs.
LogInit: Presizing for max 8388607 objects, including 0 objects not considered by GC, pre-allocating 0 bytes for permanent pool.
LogInit: Object subsystem initialized
[2019.07.31-18.39.43:230][  0]LogInit: Selected Device Profile: [Windows]
[2019.07.31-18.39.43:230][  0]LogInit: Applying CVar settings loaded from the selected device profile: [Windows]
[2019.07.31-18.39.43:239][  0]LogHAL: Display: Platform has ~ 16 GB [17137950720 / 17179869184 / 16], which maps to Larger [LargestMinGB=32, LargerMinGB=12, DefaultMinGB=8, SmallerMinGB=6, SmallestMinGB=0)
[2019.07.31-18.39.43:239][  0]LogInit: Setting Device Profile CVar: [[r.Vulkan.UseRealUBs:1]]
[2019.07.31-18.39.43:239][  0]LogInit: Going up to parent DeviceProfile []
[2019.07.31-18.39.43:240][  0]LogInit: Computer: JOANPC
[2019.07.31-18.39.43:240][  0]LogInit: User: JoanAbad
[2019.07.31-18.39.43:240][  0]LogInit: CPU Page size=4096, Cores=4
[2019.07.31-18.39.43:240][  0]LogInit: High frequency timer resolution =3.421874 MHz
[2019.07.31-18.39.43:240][  0]LogMemory: Memory total: Physical=16.0GB (16GB approx)
[2019.07.31-18.39.43:240][  0]LogMemory: Platform Memory Stats for Windows
[2019.07.31-18.39.43:240][  0]LogMemory: Process Physical Memory: 100.21 MB used, 100.21 MB peak
[2019.07.31-18.39.43:240][  0]LogMemory: Process Virtual Memory: 92.22 MB used, 92.22 MB peak
[2019.07.31-18.39.43:240][  0]LogMemory: Physical Memory: 10693.98 MB used,  5650.04 MB free, 16344.02 MB total
[2019.07.31-18.39.43:240][  0]LogMemory: Virtual Memory: 482.45 MB used,  5650.04 MB free, 134217728.00 MB total
[2019.07.31-18.39.43:344][  0]LogInit: Overriding language with editor language configuration option (en).
[2019.07.31-18.39.43:344][  0]LogInit: Overriding locale with editor locale configuration option (en).
[2019.07.31-18.39.43:696][  0]LogStreaming: Display: Took  0.352s to InitEngineTextLocalization.
[2019.07.31-18.39.43:696][  0]LogInit: Setting process to per monitor DPI aware
[2019.07.31-18.39.43:729][  0]LogSlate: New Slate User Created.  User Index 0, Is Virtual User: 0
[2019.07.31-18.39.43:729][  0]LogSlate: Slate User Registered.  User Index 0, Is Virtual User: 0
[2019.07.31-18.39.43:865][  0]LogHMD: Failed to initialize OpenVR with code 110
[2019.07.31-18.39.43:865][  0]LogD3D11RHI: D3D11 adapters:
[2019.07.31-18.39.43:942][  0]LogD3D11RHI:    0. 'NVIDIA GeForce GTX 1070' (Feature Level 11_0)
[2019.07.31-18.39.43:942][  0]LogD3D11RHI:       8046/0/8172 MB DedicatedVideo/DedicatedSystem/SharedSystem, Outputs:2, VendorId:0x10de
[2019.07.31-18.39.43:946][  0]LogD3D11RHI:    1. 'Microsoft Basic Render Driver' (Feature Level 11_0)
[2019.07.31-18.39.43:946][  0]LogD3D11RHI:       0/0/256 MB DedicatedVideo/DedicatedSystem/SharedSystem, Outputs:0, VendorId:0x1414
[2019.07.31-18.39.43:946][  0]LogD3D11RHI: Chosen D3D11 Adapter: 0
[2019.07.31-18.39.43:951][  0]LogD3D11RHI: Creating new Direct3DDevice
[2019.07.31-18.39.43:952][  0]LogD3D11RHI:     GPU DeviceId: 0x1b81 (for the marketing name, search the web for "GPU Device Id")
[2019.07.31-18.39.43:952][  0]LogWindows: EnumDisplayDevices:
[2019.07.31-18.39.43:952][  0]LogWindows:    0. 'NVIDIA GeForce GTX 1070' (P:1 D:1)
[2019.07.31-18.39.43:952][  0]LogWindows:    1. 'NVIDIA GeForce GTX 1070' (P:0 D:1)
[2019.07.31-18.39.43:952][  0]LogWindows:    2. 'NVIDIA GeForce GTX 1070' (P:0 D:0)
[2019.07.31-18.39.43:952][  0]LogWindows:    3. 'NVIDIA GeForce GTX 1070' (P:0 D:0)
[2019.07.31-18.39.43:953][  0]LogWindows: DebugString: FoundDriverCount:4 
[2019.07.31-18.39.43:953][  0]LogD3D11RHI:     Adapter Name: NVIDIA GeForce GTX 1070
[2019.07.31-18.39.43:953][  0]LogD3D11RHI:   Driver Version: 431.60 (internal:26.21.14.3160, unified:431.60)
[2019.07.31-18.39.43:953][  0]LogD3D11RHI:      Driver Date: 7-17-2019
[2019.07.31-18.39.43:953][  0]LogRHI: Texture pool is 5632 MB (70% of 8046 MB)
[2019.07.31-18.39.43:977][  0]LogD3D11RHI: Async texture creation enabled
[2019.07.31-18.39.43:998][  0]LogD3D11RHI: GPU Timing Frequency: 1000.000000 (Debug: 2 2)
[2019.07.31-18.39.44:042][  0]LogShaderCompilers: Guid format shader working directory is -44 characters bigger than the processId version (../../../../../../Users/Joan Abad/Documents/Github/New/ShooterOnlineOW_Style/Shooter_OW_Style/Intermediate/Shaders/WorkingDirectory/14804/).
[2019.07.31-18.39.44:042][  0]LogShaderCompilers: Cleaned the shader compiler working directory 'C:/Users/Joan Abad/AppData/Local/Temp/UnrealShaderWorkingDir/65EE4E704710E0FF26721DBDC99FACC2/'.
[2019.07.31-18.39.44:257][  0]LogTemp: Display: Loaded TP AllDesktopTargetPlatform
[2019.07.31-18.39.44:270][  0]LogTemp: Display: Loaded TP MacClientTargetPlatform
[2019.07.31-18.39.44:284][  0]LogTemp: Display: Loaded TP MacNoEditorTargetPlatform
[2019.07.31-18.39.44:298][  0]LogTemp: Display: Loaded TP MacServerTargetPlatform
[2019.07.31-18.39.44:312][  0]LogTemp: Display: Loaded TP MacTargetPlatform
[2019.07.31-18.39.44:325][  0]LogTemp: Display: Loaded TP WindowsClientTargetPlatform
[2019.07.31-18.39.44:339][  0]LogTemp: Display: Loaded TP WindowsNoEditorTargetPlatform
[2019.07.31-18.39.44:354][  0]LogTemp: Display: Loaded TP WindowsServerTargetPlatform
[2019.07.31-18.39.44:360][  0]LogTemp: Display: Loaded TP WindowsTargetPlatform
[2019.07.31-18.39.44:438][  0]LogTemp: Display: Loaded TP AndroidTargetPlatform
[2019.07.31-18.39.44:438][  0]LogTemp: Display: Loaded TP AndroidTargetPlatform
[2019.07.31-18.39.44:438][  0]LogTemp: Display: Loaded TP AndroidTargetPlatform
[2019.07.31-18.39.44:438][  0]LogTemp: Display: Loaded TP AndroidTargetPlatform
[2019.07.31-18.39.44:438][  0]LogTemp: Display: Loaded TP AndroidTargetPlatform
[2019.07.31-18.39.44:438][  0]LogTemp: Display: Loaded TP AndroidTargetPlatform
[2019.07.31-18.39.44:438][  0]LogTemp: Display: Loaded TP AndroidTargetPlatform
[2019.07.31-18.39.44:438][  0]LogTemp: Display: Loaded TP AndroidTargetPlatform
[2019.07.31-18.39.44:438][  0]LogTemp: Display: Loaded TP AndroidTargetPlatform
[2019.07.31-18.39.44:438][  0]LogTemp: Display: Loaded TP AndroidTargetPlatform
[2019.07.31-18.39.44:438][  0]LogTemp: Display: Loaded TP AndroidTargetPlatform
[2019.07.31-18.39.44:438][  0]LogTemp: Display: Loaded TP AndroidTargetPlatform
[2019.07.31-18.39.44:438][  0]LogTemp: Display: Loaded TP AndroidTargetPlatform
[2019.07.31-18.39.44:438][  0]LogTemp: Display: Loaded TP AndroidTargetPlatform
[2019.07.31-18.39.44:438][  0]LogTemp: Display: Loaded TP AndroidTargetPlatform
[2019.07.31-18.39.44:438][  0]LogTemp: Display: Loaded TP AndroidTargetPlatform
[2019.07.31-18.39.44:438][  0]LogTemp: Display: Loaded TP AndroidTargetPlatform
[2019.07.31-18.39.44:438][  0]LogTemp: Display: Loaded TP AndroidTargetPlatform
[2019.07.31-18.39.44:440][  0]LogTemp: Display: Loaded TP HTML5TargetPlatform
[2019.07.31-18.39.44:527][  0]LogTemp: Display: Loaded TP IOSTargetPlatform
[2019.07.31-18.39.44:527][  0]LogTemp: Display: Loaded TP IOSTargetPlatform
[2019.07.31-18.39.44:551][  0]LogTemp: Display: Loaded TP TVOSTargetPlatform
[2019.07.31-18.39.44:551][  0]LogTemp: Display: Loaded TP TVOSTargetPlatform
[2019.07.31-18.39.44:565][  0]LogTemp: Display: Loaded TP LinuxClientTargetPlatform
[2019.07.31-18.39.44:587][  0]LogTemp: Display: Loaded TP LinuxNoEditorTargetPlatform
[2019.07.31-18.39.44:601][  0]LogTemp: Display: Loaded TP LinuxServerTargetPlatform
[2019.07.31-18.39.44:615][  0]LogTemp: Display: Loaded TP LinuxTargetPlatform
[2019.07.31-18.39.44:624][  0]LogTemp: Display: Loaded TP LuminTargetPlatform
[2019.07.31-18.39.44:624][  0]LogTargetPlatformManager: Display: Building Assets For Windows
[2019.07.31-18.39.44:700][  0]LogXGEController: Cleaning working directory: C:/Users/Joan Abad/AppData/Local/Temp/UnrealXGEWorkingDir/
[2019.07.31-18.39.44:743][  0]LogShaderCompilers: Display: Using XGE Shader Compiler (Interception Interface).
[2019.07.31-18.39.45:464][  0]LogDerivedDataCache: Display: Max Cache Size: 512 MB
[2019.07.31-18.39.46:024][  0]LogDerivedDataCache: Loaded boot cache 0.56s 71MB C:/Users/Joan Abad/AppData/Local/UnrealEngine/4.20/DerivedDataCache/Boot.ddc.
[2019.07.31-18.39.46:025][  0]LogDerivedDataCache: Display: Loaded Boot cache: C:/Users/Joan Abad/AppData/Local/UnrealEngine/4.20/DerivedDataCache/Boot.ddc
[2019.07.31-18.39.46:025][  0]LogDerivedDataCache: FDerivedDataBackendGraph:  Pak pak cache file ../../../../../../Users/Joan Abad/Documents/Github/New/ShooterOnlineOW_Style/Shooter_OW_Style/DerivedDataCache/DDC.ddp not found, will not use a pak cache.
[2019.07.31-18.39.46:025][  0]LogDerivedDataCache: Unable to find inner node Pak for hierarchical cache Hierarchy.
[2019.07.31-18.39.46:025][  0]LogDerivedDataCache: FDerivedDataBackendGraph:  CompressedPak pak cache file ../../../../../../Users/Joan Abad/Documents/Github/New/ShooterOnlineOW_Style/Shooter_OW_Style/DerivedDataCache/Compressed.ddp not found, will not use a pak cache.
[2019.07.31-18.39.46:025][  0]LogDerivedDataCache: Unable to find inner node CompressedPak for hierarchical cache Hierarchy.
[2019.07.31-18.39.46:040][  0]LogDerivedDataCache: Display: Pak cache opened for reading ../../../Engine/DerivedDataCache/Compressed.ddp.
[2019.07.31-18.39.46:053][  0]LogDerivedDataCache: Using Local data cache path C:/Users/Joan Abad/AppData/Local/UnrealEngine/Common/DerivedDataCache: Writable
[2019.07.31-18.39.46:053][  0]LogDerivedDataCache: Shared data cache path not found in *engine.ini, will not use an Shared cache.
[2019.07.31-18.39.46:053][  0]LogDerivedDataCache: Unable to find inner node Shared for hierarchical cache Hierarchy.
[2019.07.31-18.39.46:072][  0]LogMaterial: Verifying Global Shaders for PCD3D_SM5
[2019.07.31-18.39.46:074][  0]LogSlate: Using FreeType 2.6.0
[2019.07.31-18.39.46:074][  0]LogSlate: SlateFontServices - WITH_FREETYPE: 1, WITH_HARFBUZZ: 1
[2019.07.31-18.39.46:144][  0]LogAssetRegistry: FAssetRegistry took 0.0288 seconds to start up
[2019.07.31-18.39.46:442][  0]LogInit: Selected Device Profile: [Windows]
[2019.07.31-18.39.46:572][  0]LogSimplygon: Simplygon DLL not present - disabling.
[2019.07.31-18.39.46:577][  0]LogMeshReduction: Using SimplygonSwarm for distributed automatic mesh merging
[2019.07.31-18.39.46:577][  0]LogMeshReduction: Using ProxyLODMeshReduction for automatic mesh merging
[2019.07.31-18.39.46:577][  0]LogMeshReduction: Using QuadricMeshReduction for automatic static mesh reduction
[2019.07.31-18.39.46:577][  0]LogMeshReduction: No automatic skeletal mesh reduction module available
[2019.07.31-18.39.46:594][  0]LogNetVersion: Shooter_OW_Style 1.0.0, NetCL: 4212847, EngineNetVer: 5, GameNetVer: 0 (Checksum: 1206910907)
[2019.07.31-18.39.47:066][  0]LogPackageLocalizationCache: Processed 11 localized package path(s) for 1 prioritized culture(s) in 0.058965 seconds
[2019.07.31-18.39.47:074][  0]LogUObjectArray: 38425 objects as part of root set at end of initial load.
[2019.07.31-18.39.47:074][  0]LogUObjectAllocator: 6690872 out of 0 bytes used by permanent object pool.
[2019.07.31-18.39.47:074][  0]LogUObjectArray: CloseDisregardForGC: 0/0 objects in disregard for GC pool
[2019.07.31-18.39.47:976][  0]LogTcpMessaging: Initializing TcpMessaging bridge
[2019.07.31-18.39.47:992][  0]LogUdpMessaging: Initializing bridge on interface 0.0.0.0:0 to multicast group 230.0.0.1:6666.
[2019.07.31-18.39.48:206][  0]SourceControl: Source control is disabled
[2019.07.31-18.39.48:207][  0]SourceControl: Source control is disabled
[2019.07.31-18.39.48:211][  0]SourceControl: Source control is disabled
[2019.07.31-18.39.48:213][  0]SourceControl: Source control is disabled
[2019.07.31-18.39.48:456][  0]LogAndroidPermission: UAndroidPermissionCallbackProxy::GetInstance
[2019.07.31-18.39.48:597][  0]LogOcInput: OculusInput pre-init called
[2019.07.31-18.39.48:667][  0]LogEngine: Initializing Engine...
[2019.07.31-18.39.48:668][  0]LogHMD: Failed to initialize OpenVR with code 110
[2019.07.31-18.39.48:670][  0]LogStats: UGameplayTagsManager::ConstructGameplayTagTree: ImportINI prefixes -  0.000 s
[2019.07.31-18.39.48:670][  0]LogStats: UGameplayTagsManager::ConstructGameplayTagTree: Construct from data asset -  0.000 s
[2019.07.31-18.39.48:670][  0]LogStats: UGameplayTagsManager::ConstructGameplayTagTree: ImportINI -  0.000 s
[2019.07.31-18.39.48:670][  0]LogStats: UGameplayTagsManager::ConstructGameplayTagTree: GameplayTagTreeChangedEvent.Broadcast -  0.000 s
[2019.07.31-18.39.48:873][  0]LogInit: Initializing FReadOnlyCVARCache
[2019.07.31-18.39.48:889][  0]LogAIModule: Creating AISystem for world Untitled
[2019.07.31-18.39.48:912][  0]LogInit: XAudio2 using 'Altavoces (5- Logitech G933 Gaming Wireless Headset)' : 2 channels at 44.1 kHz using 16 bits per sample (channel mask 0x3)
[2019.07.31-18.39.48:918][  0]LogInit: FAudioDevice initialized.
[2019.07.31-18.39.48:919][  0]LogNetVersion: Set ProjectVersion to 1.0.0.0. Version Checksum will be recalculated on next use.
[2019.07.31-18.39.49:282][  0]LogDerivedDataCache: Saved boot cache 0.36s 71MB C:/Users/Joan Abad/AppData/Local/UnrealEngine/4.20/DerivedDataCache/Boot.ddc.
[2019.07.31-18.39.49:286][  0]LogInit: Texture streaming: Enabled
[2019.07.31-18.39.49:315][  0]LogEngineSessionManager: EngineSessionManager initialized
[2019.07.31-18.39.49:325][  0]LogInit: Transaction tracking system initialized
[2019.07.31-18.39.49:359][  0]BlueprintLog: New page: Editor Load
[2019.07.31-18.39.49:563][  0]LocalizationService: Localization service is disabled
[2019.07.31-18.39.49:842][  0]LogLinker: Warning: Can't find file '/Game/ThirdPersonBP/ThirdPersonOverview'
[2019.07.31-18.39.49:842][  0]LogLinker: Warning: Can't find file '/Game/ThirdPersonBP/ThirdPersonOverview'
[2019.07.31-18.39.49:842][  0]LogUObjectGlobals: Warning: Failed to find object 'Class /Game/ThirdPersonBP/ThirdPersonOverview.ThirdPersonOverview_C'
[2019.07.31-18.39.50:017][  0]LogCook: Display: Max memory allowance for cook 16384mb min free memory 0mb
[2019.07.31-18.39.50:017][  0]LogCook: Display: Mobile HDR setting 1
[2019.07.31-18.39.50:017][  0]LogGameplayTags: Display: UGameplayTagsManager::DoneAddingNativeTags. DelegateIsBound: 0
[2019.07.31-18.39.50:017][  0]LogStats: UGameplayTagsManager::ConstructGameplayTagTree: ImportINI prefixes -  0.000 s
[2019.07.31-18.39.50:017][  0]LogStats: UGameplayTagsManager::ConstructGameplayTagTree: Construct from data asset -  0.000 s
[2019.07.31-18.39.50:017][  0]LogStats: UGameplayTagsManager::ConstructGameplayTagTree: ImportINI -  0.000 s
[2019.07.31-18.39.50:018][  0]LogStats: UGameplayTagsManager::ConstructGameplayTagTree: GameplayTagTreeChangedEvent.Broadcast -  0.000 s
[2019.07.31-18.39.50:254][  0]LogFileCache: Scanning file cache for directory 'C:/Users/Joan Abad/Documents/Github/New/ShooterOnlineOW_Style/Shooter_OW_Style/Content/' took 0.01s
[2019.07.31-18.39.50:254][  0]SourceControl: Source control is disabled
[2019.07.31-18.39.50:255][  0]Cmd: MAP LOAD FILE="../../../../../../Users/Joan Abad/Documents/Github/New/ShooterOnlineOW_Style/Shooter_OW_Style/Content/Levels/FirstMap.umap" TEMPLATE=0 SHOWPROGRESS=1 FEATURELEVEL=3
[2019.07.31-18.39.50:255][  0]LightingResults: New page: Lighting Build
[2019.07.31-18.39.50:257][  0]MapCheck: New page: Map Check
[2019.07.31-18.39.50:257][  0]LightingResults: New page: Lighting Build
[2019.07.31-18.39.50:748][  0]LogAIModule: Creating AISystem for world FirstMap
[2019.07.31-18.39.50:779][  0]LogEditorServer: Finished looking for orphan Actors (0.000 secs)
[2019.07.31-18.39.50:818][  0]Cmd: MAP CHECKDEP NOCLEARLOG
[2019.07.31-18.39.50:868][  0]MapCheck: Map check complete: 0 Error(s), 0 Warning(s), took 49.7ms to complete.
[2019.07.31-18.39.50:868][  0]LogFileHelpers: Loading map 'FirstMap' took 0.613
[2019.07.31-18.39.50:962][  0]LogSlate: Updating window title bar state: overlay mode, drag disabled, window buttons hidden, title bar hidden
[2019.07.31-18.39.50:970][  0]LogSlate: Updating window title bar state: overlay mode, drag disabled, window buttons hidden, title bar hidden
[2019.07.31-18.39.50:977][  0]LogSlate: Updating window title bar state: overlay mode, drag disabled, window buttons hidden, title bar hidden
[2019.07.31-18.39.50:984][  0]LogSlate: Updating window title bar state: overlay mode, drag disabled, window buttons hidden, title bar hidden
[2019.07.31-18.39.50:991][  0]LogCollectionManager: Loaded 0 collections in 0.001354 seconds
[2019.07.31-18.39.51:042][  0]LogFileCache: Scanning file cache for directory 'C:/Users/Joan Abad/Documents/Github/New/ShooterOnlineOW_Style/Shooter_OW_Style/Saved/Collections/' took 0.01s
[2019.07.31-18.39.51:042][  0]LogFileCache: Scanning file cache for directory 'C:/Users/Joan Abad/Documents/Github/New/ShooterOnlineOW_Style/Shooter_OW_Style/Content/Developers/JoanAbad/Collections/' took 0.01s
[2019.07.31-18.39.51:042][  0]LogFileCache: Scanning file cache for directory 'C:/Users/Joan Abad/Documents/Github/New/ShooterOnlineOW_Style/Shooter_OW_Style/Content/Collections/' took 0.01s
[2019.07.31-18.39.51:043][  0]LogCollectionManager: Rebuilt the GUID cache for 0 collections in 0.000001 seconds
[2019.07.31-18.39.51:051][  0]LogContentBrowser: Native class hierarchy populated in 0.0080 seconds. Added 2578 classes and 606 folders.
[2019.07.31-18.39.51:058][  0]LogContentBrowser: Native class hierarchy updated for 'WidgetCarousel' in 0.0003 seconds. Added 0 classes and 0 folders.
[2019.07.31-18.39.51:085][  0]LogContentBrowser: Native class hierarchy updated for 'AddContentDialog' in 0.0004 seconds. Added 0 classes and 0 folders.
[2019.07.31-18.39.51:092][  0]LogContentBrowser: Native class hierarchy updated for 'SceneOutliner' in 0.0004 seconds. Added 1 classes and 2 folders.
[2019.07.31-18.39.52:150][  0]LogSlate: Only BGRA pngs, bmps or icos are supported in by External Image Picker
[2019.07.31-18.39.52:178][  0]LogSlate: Took 0.000262 seconds to synchronously load lazily loaded font '../../../Engine/Content/Slate/Fonts/Roboto-Regular.ttf' (155K)
[2019.07.31-18.39.52:180][  0]LogSlate: Took 0.000146 seconds to synchronously load lazily loaded font '../../../Engine/Content/Slate/Fonts/Roboto-Bold.ttf' (160K)
[2019.07.31-18.39.52:187][  0]LogSlate: Took 0.000396 seconds to synchronously load lazily loaded font '../../../Engine/Content/Editor/Slate/Fonts/FontAwesome.ttf' (139K)
[2019.07.31-18.39.52:289][  0]LogRenderer: Reallocating scene render targets to support 1716x884 Format 10 NumSamples 1 (Frame:1).
[2019.07.31-18.39.52:470][  0]LogTemp: Executing iPhonePackager certificates Engine -bundlename com.YourCompany.ShooterOWStyle
[2019.07.31-18.39.52:470][  0]LogTemp: CWD: C:\Program Files\Epic Games\UE_4.20\Engine\Binaries\DotNET\IOS
[2019.07.31-18.39.52:470][  0]LogTemp: Initial Dir: C:\Program Files\Epic Games\UE_4.20
[2019.07.31-18.39.52:470][  0]LogTemp: Env CWD: C:\Program Files\Epic Games\UE_4.20\Engine\Binaries\DotNET\IOS
[2019.07.31-18.39.52:470][  0]LogTemp: BranchPath = JOANPC/C/Program Files/Epic Games/UE_4.20/Engine/Binaries --- GameBranchPath = JOANPC/C/Program Files/Epic Games/UE_4.20/Engine/Binaries
[2019.07.31-18.39.52:470][  0]LogTemp: IPP ERROR: Could not find provision directory 'C:\Users\Joan Abad\AppData\Local/Apple Computer/MobileDevice/Provisioning Profiles/'.
[2019.07.31-18.39.52:490][  0]LogContentBrowser: Native class hierarchy updated for 'HierarchicalLODOutliner' in 0.0005 seconds. Added 0 classes and 0 folders.
[2019.07.31-18.39.52:490][  0]LogLoad: (Engine Initialization) Total time: 10.57 seconds
[2019.07.31-18.39.52:490][  0]LogLoad: (Engine Initialization) Total Blueprint compile time: 0.00 seconds
[2019.07.31-18.39.52:530][  0]LogContentStreaming: Texture pool size now 1000 MB
[2019.07.31-18.39.52:584][  1]LogAssetRegistry: Asset discovery search completed in 6.4650 seconds
[2019.07.31-18.39.52:588][  1]LogCollectionManager: Rebuilt the object cache for 0 collections in 0.000000 seconds (found 0 objects)
[2019.07.31-18.39.52:588][  1]LogCollectionManager: Fixed up redirectors for 0 collections in 0.000137 seconds (updated 0 objects)
[2019.07.31-18.41.22:041][517]LogEditorViewport: Clicking on Actor (LMB): Base_Character_C (Base_Character)
[2019.07.31-18.41.23:105][602]LogSlate: FSceneViewport::OnFocusLost() reason 0
[2019.07.31-18.41.23:221][614]LogSlate: Took 0.000154 seconds to synchronously load lazily loaded font '../../../Engine/Content/Slate/Fonts/Roboto-Light.ttf' (167K)
[2019.07.31-18.41.23:228][614]LogAssetEditorManager: Opening Asset editor for Blueprint /Game/Programming/Character/Base_Character.Base_Character
[2019.07.31-18.41.23:647][614]LogContentBrowser: Native class hierarchy updated for 'BlueprintGraph' in 0.0007 seconds. Added 116 classes and 0 folders.
[2019.07.31-18.41.24:412][614]LogSlate: Took 0.000191 seconds to synchronously load lazily loaded font '../../../Engine/Content/Slate/Fonts/Roboto-BoldCondensed.ttf' (158K)
[2019.07.31-18.41.24:471][615]LogSlate: Took 0.000235 seconds to synchronously load lazily loaded font '../../../Engine/Content/Slate/Fonts/Roboto-Italic.ttf' (157K)
[2019.07.31-18.41.34:652][788]BlueprintLog: New page: Compile Base_Character
[2019.07.31-18.41.35:093][788]LogSavePackage: Moving '../../../../../../Users/Joan Abad/Documents/Github/New/ShooterOnlineOW_Style/Shooter_OW_Style/Saved/Base_Character6327101D441F10ED5BE2CAB6B5332FBF.tmp' to '../../../../../../Users/Joan Abad/Documents/Github/New/ShooterOnlineOW_Style/Shooter_OW_Style/Content/Programming/Character/Base_Character.uasset'
[2019.07.31-18.41.35:708][840]LogSavePackage: Moving '../../../../../../Users/Joan Abad/Documents/Github/New/ShooterOnlineOW_Style/Shooter_OW_Style/Saved/FirstMap2D1B64624C291FFC11E7B491FC8D669D.tmp' to '../../../../../../Users/Joan Abad/Documents/Github/New/ShooterOnlineOW_Style/Shooter_OW_Style/Content/Levels/FirstMap.umap'
[2019.07.31-18.41.35:740][840]LogFileHelpers: Saving map 'FirstMap' took 0.143
[2019.07.31-18.41.36:674][951]LogTemp: Repeating last play command: New Editor Window (PIE)
[2019.07.31-18.41.36:693][951]LogPlayLevel: PlayLevel: No blueprints needed recompiling
[2019.07.31-18.41.36:706][951]PIE: New page: PIE session: FirstMap (Jul 31, 2019, 10:41:36 PM)
[2019.07.31-18.41.36:707][951]LogPlayLevel: Creating play world package: /Game/Levels/UEDPIE_0_FirstMap
[2019.07.31-18.41.36:709][951]LogPlayLevel: PIE: StaticDuplicateObject took: (0.002426s)
[2019.07.31-18.41.36:710][951]LogAIModule: Creating AISystem for world FirstMap
[2019.07.31-18.41.36:710][951]LogPlayLevel: PIE: World Init took: (0.001069s)
[2019.07.31-18.41.36:710][951]LogPlayLevel: PIE: Created PIE world by copying editor world from /Game/Levels/FirstMap.FirstMap to /Game/Levels/UEDPIE_0_FirstMap.FirstMap (0.003874s)
[2019.07.31-18.41.36:774][951]LogInit: XAudio2 using 'Altavoces (5- Logitech G933 Gaming Wireless Headset)' : 2 channels at 44.1 kHz using 16 bits per sample (channel mask 0x3)
[2019.07.31-18.41.36:782][951]LogInit: FAudioDevice initialized.
[2019.07.31-18.41.36:789][951]LogSlate: Updating window title bar state: overlay mode, drag disabled, window buttons hidden, title bar hidden
[2019.07.31-18.41.36:897][951]LogLoad: Game class is 'GameModeBase'
[2019.07.31-18.41.36:899][951]LogWorld: Bringing World /Game/Levels/UEDPIE_0_FirstMap.FirstMap up for play (max tick rate 0) at 2019.07.31-20.41.36
[2019.07.31-18.41.36:900][951]LogWorld: Bringing up level for play took: 0.001609
[2019.07.31-18.41.36:918][951]LogContentBrowser: Native class hierarchy updated for 'MovieSceneCapture' in 0.0004 seconds. Added 10 classes and 0 folders.
[2019.07.31-18.41.36:920][951]PIE: Play in editor start time for /Game/Levels/UEDPIE_0_FirstMap -0.267
[2019.07.31-18.41.37:710][ 30]LogRenderer: Reallocating scene render targets to support 2560x1380 Format 10 NumSamples 1 (Frame:81).
[2019.07.31-18.41.48:733][278]LogSlate: Updating window title bar state: overlay mode, drag disabled, window buttons hidden, title bar hidden
[2019.07.31-18.41.48:752][278]LogSlate: Window 'Shooter_OW_Style Game Preview Standalone (64-bit/PCD3D_SM5)' being destroyed
[2019.07.31-18.41.48:790][278]LogPlayLevel: Display: Shutting down PIE online subsystems
[2019.07.31-18.41.48:855][279]LogPlayLevel: Display: Destroying online subsystem :Context_5
[2019.07.31-19.22.02:881][921]LogSavePackage: Moving '../../../../../../Users/Joan Abad/Documents/Github/New/ShooterOnlineOW_Style/Shooter_OW_Style/Saved/Base_Character05F67C94437308DDDC32919CB07ADCA8.tmp' to '../../../../../../Users/Joan Abad/Documents/Github/New/ShooterOnlineOW_Style/Shooter_OW_Style/Content/Programming/Character/Base_Character.uasset'
[2019.07.31-19.29.20:913][758]Candidate modules for hot reload:
[2019.07.31-19.29.20:914][758]  Shooter_OW_Style
[2019.07.31-19.29.20:914][758]Launching UnrealBuildTool... [C:/Program Files/Epic Games/UE_4.20/Engine/Binaries/DotNET/UnrealBuildTool.exe  -ModuleWithSuffix=Shooter_OW_Style,9556 Win64 Development -TargetType=Editor -Project="../../../../../../Users/Joan Abad/Documents/Github/New/ShooterOnlineOW_Style/Shooter_OW_Style/Shooter_OW_Style.uproject" -canskiplink "C:/Users/Joan Abad/Documents/Github/New/ShooterOnlineOW_Style/Shooter_OW_Style/Shooter_OW_Style.uproject" ]
[2019.07.31-19.29.20:914][758]Warning: Starting HotReload took  0.0s.
[2019.07.31-19.29.36:206][ 28]CompilerResultsLog: New page: Compilation - Jul 31, 2019, 11:29:36 PM
[2019.07.31-19.29.36:207][ 28]CompilerResultsLog: Using 'git status' to determine working set for adaptive non-unity build.
[2019.07.31-19.29.36:207][ 28]CompilerResultsLog: Creating makefile for hot reloading Shooter_OW_StyleEditor (ini files are newer than UBTMakefile)
[2019.07.31-19.29.36:207][ 28]CompilerResultsLog: Compiling game modules for hot reload
[2019.07.31-19.29.36:207][ 28]CompilerResultsLog: Using Visual Studio 2017 14.16.27023 toolchain (C:\Program Files (x86)\FCKING VISUAL STUDIO\VC\Tools\MSVC\14.16.27023) and Windows 10.0.16299.0 SDK (C:\Program Files (x86)\Windows Kits\10).
[2019.07.31-19.29.36:208][ 28]CompilerResultsLog: Parsing headers for Shooter_OW_StyleEditor
[2019.07.31-19.29.36:208][ 28]CompilerResultsLog:   Running UnrealHeaderTool "C:\Users\Joan Abad\Documents\Github\New\ShooterOnlineOW_Style\Shooter_OW_Style\Shooter_OW_Style.uproject" "C:\Users\Joan Abad\Documents\Github\New\ShooterOnlineOW_Style\Shooter_OW_Style\Intermediate\Build\Win64\Shooter_OW_StyleEditor\Development\Shooter_OW_StyleEditor.uhtmanifest" -LogCmds="loginit warning, logexit warning, logdatabase error" -Unattended -WarningsAsErrors -installed
[2019.07.31-19.29.36:208][ 28]CompilerResultsLog: Error: C:/Users/Joan Abad/Documents/Github/New/ShooterOnlineOW_Style/Shooter_OW_Style/Source/Shooter_OW_Style/Public/HealthComponent.h(10)  : Error: Missing ')' in Delegate Declaration
[2019.07.31-19.29.36:208][ 28]CompilerResultsLog: Error: UnrealHeaderTool failed for target 'Shooter_OW_StyleEditor' (platform: Win64, module info: C:\Users\Joan Abad\Documents\Github\New\ShooterOnlineOW_Style\Shooter_OW_Style\Intermediate\Build\Win64\Shooter_OW_StyleEditor\Development\Shooter_OW_StyleEditor.uhtmanifest, exit code: OtherCompilationError (5)).
[2019.07.31-19.29.36:209][ 28]LogMainFrame: MainFrame: Module compiling took 15.303 seconds
[2019.07.31-19.29.36:209][ 28]Warning: HotReload failed, recompile failed
[2019.07.31-19.31.17:985][639]Candidate modules for hot reload:
[2019.07.31-19.31.17:985][639]  Shooter_OW_Style
[2019.07.31-19.31.17:985][639]Launching UnrealBuildTool... [C:/Program Files/Epic Games/UE_4.20/Engine/Binaries/DotNET/UnrealBuildTool.exe  -ModuleWithSuffix=Shooter_OW_Style,3513 Win64 Development -TargetType=Editor -Project="../../../../../../Users/Joan Abad/Documents/Github/New/ShooterOnlineOW_Style/Shooter_OW_Style/Shooter_OW_Style.uproject" -canskiplink "C:/Users/Joan Abad/Documents/Github/New/ShooterOnlineOW_Style/Shooter_OW_Style/Shooter_OW_Style.uproject" ]
[2019.07.31-19.31.17:986][639]Warning: Starting HotReload took  0.0s.
[2019.07.31-19.31.23:821][670]CompilerResultsLog: New page: Compilation - Jul 31, 2019, 11:31:23 PM
[2019.07.31-19.31.23:822][670]CompilerResultsLog: Using 'git status' to determine working set for adaptive non-unity build.
[2019.07.31-19.31.23:822][670]CompilerResultsLog: Creating makefile for hot reloading Shooter_OW_StyleEditor (ini files are newer than UBTMakefile)
[2019.07.31-19.31.23:823][670]CompilerResultsLog: Compiling game modules for hot reload
[2019.07.31-19.31.23:823][670]CompilerResultsLog: Using Visual Studio 2017 14.16.27023 toolchain (C:\Program Files (x86)\FCKING VISUAL STUDIO\VC\Tools\MSVC\14.16.27023) and Windows 10.0.16299.0 SDK (C:\Program Files (x86)\Windows Kits\10).
[2019.07.31-19.31.23:823][670]CompilerResultsLog: Parsing headers for Shooter_OW_StyleEditor
[2019.07.31-19.31.23:823][670]CompilerResultsLog:   Running UnrealHeaderTool "C:\Users\Joan Abad\Documents\Github\New\ShooterOnlineOW_Style\Shooter_OW_Style\Shooter_OW_Style.uproject" "C:\Users\Joan Abad\Documents\Github\New\ShooterOnlineOW_Style\Shooter_OW_Style\Intermediate\Build\Win64\Shooter_OW_StyleEditor\Development\Shooter_OW_StyleEditor.uhtmanifest" -LogCmds="loginit warning, logexit warning, logdatabase error" -Unattended -WarningsAsErrors -installed
[2019.07.31-19.31.23:824][670]CompilerResultsLog: Error: C:/Users/Joan Abad/Documents/Github/New/ShooterOnlineOW_Style/Shooter_OW_Style/Source/Shooter_OW_Style/Public/HealthComponent.h(8) : Error: #include found after .generated.h file - the .generated.h file should always be the last #include in a header
[2019.07.31-19.31.23:824][670]CompilerResultsLog: Error: UnrealHeaderTool failed for target 'Shooter_OW_StyleEditor' (platform: Win64, module info: C:\Users\Joan Abad\Documents\Github\New\ShooterOnlineOW_Style\Shooter_OW_Style\Intermediate\Build\Win64\Shooter_OW_StyleEditor\Development\Shooter_OW_StyleEditor.uhtmanifest, exit code: OtherCompilationError (5)).
[2019.07.31-19.31.23:824][670]LogMainFrame: MainFrame: Module compiling took 5.849 seconds
[2019.07.31-19.31.23:825][670]Warning: HotReload failed, recompile failed
[2019.07.31-19.34.42:403][345]Candidate modules for hot reload:
[2019.07.31-19.34.42:403][345]  Shooter_OW_Style
[2019.07.31-19.34.42:404][345]Launching UnrealBuildTool... [C:/Program Files/Epic Games/UE_4.20/Engine/Binaries/DotNET/UnrealBuildTool.exe  -ModuleWithSuffix=Shooter_OW_Style,3438 Win64 Development -TargetType=Editor -Project="../../../../../../Users/Joan Abad/Documents/Github/New/ShooterOnlineOW_Style/Shooter_OW_Style/Shooter_OW_Style.uproject" -canskiplink "C:/Users/Joan Abad/Documents/Github/New/ShooterOnlineOW_Style/Shooter_OW_Style/Shooter_OW_Style.uproject" ]
[2019.07.31-19.34.42:404][345]Warning: Starting HotReload took  0.0s.
[2019.07.31-19.34.48:222][377]CompilerResultsLog: New page: Compilation - Jul 31, 2019, 11:34:48 PM
[2019.07.31-19.34.48:223][377]CompilerResultsLog: Using 'git status' to determine working set for adaptive non-unity build.
[2019.07.31-19.34.48:223][377]CompilerResultsLog: Creating makefile for hot reloading Shooter_OW_StyleEditor (ini files are newer than UBTMakefile)
[2019.07.31-19.34.48:224][377]CompilerResultsLog: Compiling game modules for hot reload
[2019.07.31-19.34.48:224][377]CompilerResultsLog: Using Visual Studio 2017 14.16.27023 toolchain (C:\Program Files (x86)\FCKING VISUAL STUDIO\VC\Tools\MSVC\14.16.27023) and Windows 10.0.16299.0 SDK (C:\Program Files (x86)\Windows Kits\10).
[2019.07.31-19.34.48:224][377]CompilerResultsLog: Parsing headers for Shooter_OW_StyleEditor
[2019.07.31-19.34.48:224][377]CompilerResultsLog:   Running UnrealHeaderTool "C:\Users\Joan Abad\Documents\Github\New\ShooterOnlineOW_Style\Shooter_OW_Style\Shooter_OW_Style.uproject" "C:\Users\Joan Abad\Documents\Github\New\ShooterOnlineOW_Style\Shooter_OW_Style\Intermediate\Build\Win64\Shooter_OW_StyleEditor\Development\Shooter_OW_StyleEditor.uhtmanifest" -LogCmds="loginit warning, logexit warning, logdatabase error" -Unattended -WarningsAsErrors -installed
[2019.07.31-19.34.48:225][377]CompilerResultsLog: Error: C:/Users/Joan Abad/Documents/Github/New/ShooterOnlineOW_Style/Shooter_OW_Style/Source/Shooter_OW_Style/Public/HealthComponent.h(8) : Error: #include found after .generated.h file - the .generated.h file should always be the last #include in a header
[2019.07.31-19.34.48:225][377]CompilerResultsLog: Error: UnrealHeaderTool failed for target 'Shooter_OW_StyleEditor' (platform: Win64, module info: C:\Users\Joan Abad\Documents\Github\New\ShooterOnlineOW_Style\Shooter_OW_Style\Intermediate\Build\Win64\Shooter_OW_StyleEditor\Development\Shooter_OW_StyleEditor.uhtmanifest, exit code: OtherCompilationError (5)).
[2019.07.31-19.34.48:225][377]LogMainFrame: MainFrame: Module compiling took 5.830 seconds
[2019.07.31-19.34.48:226][377]Warning: HotReload failed, recompile failed
