Log file open, 08/02/19 08:30:58
LogWindows: Failed to load 'aqProf.dll' (GetLastError=126)
LogWindows: File 'aqProf.dll' does not exist
LogWindows: Failed to load 'VtuneApi.dll' (GetLastError=126)
LogWindows: File 'VtuneApi.dll' does not exist
LogWindows: Failed to load 'VtuneApi32e.dll' (GetLastError=126)
LogWindows: File 'VtuneApi32e.dll' does not exist
LogInit: Display: Running engine for game: Shooter_OW_Style
LogPlatformFile: Not using cached read wrapper
LogTaskGraph: Started task graph with 5 named threads and 14 total threads with 3 sets of task threads.
LogStats: Stats thread started at 0.246941
LogD3D11RHI: Loaded GFSDK_Aftermath_Lib.x64.dll
LogICUInternationalization: Display: ICU TimeZone Detection - Raw Offset: +1:00, Platform Override: ''
LogPluginManager: Mounting plugin Paper2D
LogPluginManager: Mounting plugin AISupport
LogPluginManager: Mounting plugin LightPropagationVolume
LogPluginManager: Mounting plugin CLionSourceCodeAccess
LogPluginManager: Mounting plugin CodeLiteSourceCodeAccess
LogPluginManager: Mounting plugin GitSourceControl
LogPluginManager: Mounting plugin KDevelopSourceCodeAccess
LogPluginManager: Mounting plugin NullSourceCodeAccess
LogPluginManager: Mounting plugin PerforceSourceControl
LogPluginManager: Mounting plugin SubversionSourceControl
LogPluginManager: Mounting plugin UObjectPlugin
LogPluginManager: Mounting plugin VisualStudioCodeSourceCodeAccess
LogPluginManager: Mounting plugin VisualStudioSourceCodeAccess
LogPluginManager: Mounting plugin XCodeSourceCodeAccess
LogPluginManager: Mounting plugin AssetManagerEditor
LogPluginManager: Mounting plugin CryptoKeys
LogPluginManager: Mounting plugin DataValidation
LogPluginManager: Mounting plugin FacialAnimation
LogPluginManager: Mounting plugin GameplayTagsEditor
LogPluginManager: Mounting plugin MacGraphicsSwitching
LogPluginManager: Mounting plugin MeshEditor
LogPluginManager: Mounting plugin MobileLauncherProfileWizard
LogPluginManager: Mounting plugin PluginBrowser
LogPluginManager: Mounting plugin SpeedTreeImporter
LogPluginManager: Mounting plugin DatasmithContent
LogPluginManager: Mounting plugin AlembicImporter
LogPluginManager: Mounting plugin AppleImageUtils
LogPluginManager: Mounting plugin AppleVision
LogPluginManager: Mounting plugin BackChannel
LogPluginManager: Mounting plugin CharacterAI
LogPluginManager: Mounting plugin GeometryCache
LogPluginManager: Mounting plugin HTML5Networking
LogPluginManager: Mounting plugin ProxyLODPlugin
LogPluginManager: Mounting plugin MagicLeap
LogPluginManager: Mounting plugin MagicLeapEmulator
LogPluginManager: Mounting plugin MagicLeapMedia
LogPluginManager: Mounting plugin AndroidMedia
LogPluginManager: Mounting plugin AvfMedia
LogPluginManager: Mounting plugin ImgMedia
LogPluginManager: Mounting plugin LinearTimecode
LogPluginManager: Mounting plugin MediaCompositing
LogPluginManager: Mounting plugin MediaPlayerEditor
LogPluginManager: Mounting plugin WmfMedia
LogPluginManager: Mounting plugin TcpMessaging
LogPluginManager: Mounting plugin UdpMessaging
LogPluginManager: Mounting plugin ActorSequence
LogPluginManager: Mounting plugin LevelSequenceEditor
LogPluginManager: Mounting plugin MatineeToLevelSequence
LogPluginManager: Mounting plugin NetcodeUnitTest
LogPluginManager: Mounting plugin NUTUnrealEngine4
LogPluginManager: Mounting plugin OnlineSubsystemGooglePlay
LogPluginManager: Mounting plugin OnlineSubsystemIOS
LogPluginManager: Mounting plugin OnlineSubsystem
LogPluginManager: Mounting plugin OnlineSubsystemNull
LogPluginManager: Mounting plugin OnlineSubsystemUtils
LogPluginManager: Mounting plugin LauncherChunkInstaller
LogPluginManager: Mounting plugin AndroidDeviceProfileSelector
LogPluginManager: Mounting plugin AndroidMoviePlayer
LogPluginManager: Mounting plugin AndroidPermission
LogPluginManager: Mounting plugin AppleMoviePlayer
LogPluginManager: Mounting plugin ArchVisCharacter
LogPluginManager: Mounting plugin AudioCapture
LogPluginManager: Mounting plugin CableComponent
LogPluginManager: Mounting plugin CustomMeshComponent
LogPluginManager: Mounting plugin EditableMesh
LogPluginManager: Mounting plugin ExampleDeviceProfileSelector
LogPluginManager: Mounting plugin GoogleCloudMessaging
LogPluginManager: Mounting plugin ImmediatePhysics
LogPluginManager: Mounting plugin IOSDeviceProfileSelector
LogPluginManager: Mounting plugin LinuxDeviceProfileSelector
LogPluginManager: Mounting plugin LocationServicesBPLibrary
LogPluginManager: Mounting plugin MobilePatchingUtils
LogPluginManager: Mounting plugin OculusVR
LogPluginManager: Plugin shader directory ../../../Engine/Plugins/Runtime/Oculus/OculusVR/Shaders found
LogPluginManager: Mapping shader source directory ../../../Engine/Plugins/Runtime/Oculus/OculusVR/Shaders to virtual directory /Plugin/OculusVR
LogPluginManager: Mounting plugin PhysXVehicles
LogPluginManager: Mounting plugin ProceduralMeshComponent
LogPluginManager: Mounting plugin RuntimePhysXCooking
LogPluginManager: Mounting plugin SteamVR
LogPluginManager: Mounting plugin WindowsMoviePlayer
LogStreaming: Display: Took  0.099s to configure plugins.
LogInit: Using libcurl 7.55.1-DEV
LogInit:  - built for x86_64-pc-win32
LogInit:  - supports SSL with OpenSSL/1.0.2h
LogInit:  - supports HTTP deflate (compression) using libz 1.2.8
LogInit:  - other features:
LogInit:      CURL_VERSION_SSL
LogInit:      CURL_VERSION_LIBZ
LogInit:      CURL_VERSION_IPV6
LogInit:      CURL_VERSION_ASYNCHDNS
LogInit:      CURL_VERSION_LARGEFILE
LogInit:      CURL_VERSION_IDN
LogInit:  CurlRequestOptions (configurable via config and command line):
LogInit:  - bVerifyPeer = false  - Libcurl will NOT verify peer certificate
LogInit:  - bUseHttpProxy = false  - Libcurl will NOT use HTTP proxy
LogInit:  - bDontReuseConnections = false  - Libcurl will reuse connections
LogInit:  - CertBundlePath = nullptr  - Libcurl will use whatever was configured at build time.
LogInit:  - MaxHostConnections = 16  - Libcurl will limit the number of connections to a host
LogInit:  - LocalHostAddr = Default
LogInit:  - BufferSize = 65536
LogInit: WinSock: version 1.1 (2.2), MaxSocks=32767, MaxUdp=65467
LogInit: Build: ++UE4+Release-4.20-CL-4369336
LogInit: Engine Version: 4.20.3-4369336+++UE4+Release-4.20
LogInit: Compatible Engine Version: 4.20.0-4212847+++UE4+Release-4.20
LogInit: Net CL: 4212847
LogInit: OS: Windows 8.1 (), CPU: Intel(R) Core(TM) i5-6600K CPU @ 3.50GHz, GPU: NVIDIA GeForce GTX 1070
LogInit: Compiled (64-bit): Sep 17 2018 12:26:19
LogInit: Compiled with Visual C++: 19.13.26129.00
LogInit: Build Configuration: Development
LogInit: Branch Name: ++UE4+Release-4.20
LogInit: Command Line:  -skipcompile
LogInit: Base Directory: C:/Program Files/Epic Games/UE_4.20/Engine/Binaries/Win64/
LogInit: Installed Engine Build: 1
LogDevObjectVersion: Number of dev versions registered: 20
LogDevObjectVersion:   Dev-Blueprints (B0D832E4-1F89-4F0D-ACCF-7EB736FD4AA2): 10
LogDevObjectVersion:   Dev-Build (E1C64328-A22C-4D53-A36C-8E866417BD8C): 0
LogDevObjectVersion:   Dev-Core (375EC13C-06E4-48FB-B500-84F0262A717E): 2
LogDevObjectVersion:   Dev-Editor (E4B068ED-F494-42E9-A231-DA0B2E46BB41): 24
LogDevObjectVersion:   Dev-Framework (CFFC743F-43B0-4480-9391-14DF171D2073): 34
LogDevObjectVersion:   Dev-Mobile (B02B49B5-BB20-44E9-A304-32B752E40360): 2
LogDevObjectVersion:   Dev-Networking (A4E4105C-59A1-49B5-A7C5-40C4547EDFEE): 0
LogDevObjectVersion:   Dev-Online (39C831C9-5AE6-47DC-9A44-9C173E1C8E7C): 0
LogDevObjectVersion:   Dev-Physics (78F01B33-EBEA-4F98-B9B4-84EACCB95AA2): 0
LogDevObjectVersion:   Dev-Platform (6631380F-2D4D-43E0-8009-CF276956A95A): 0
LogDevObjectVersion:   Dev-Rendering (12F88B9F-8875-4AFC-A67C-D90C383ABD29): 26
LogDevObjectVersion:   Dev-Sequencer (7B5AE74C-D270-4C10-A958-57980B212A5A): 9
LogDevObjectVersion:   Dev-VR (D7296918-1DD6-4BDD-9DE2-64A83CC13884): 2
LogDevObjectVersion:   Dev-LoadTimes (C2A15278-BFE7-4AFE-6C17-90FF531DF755): 1
LogDevObjectVersion:   Private-Geometry (6EACA3D4-40EC-4CC1-B786-8BED09428FC5): 3
LogDevObjectVersion:   Dev-AnimPhys (29E575DD-E0A3-4627-9D10-D276232CDCEA): 17
LogDevObjectVersion:   Dev-ReflectionCapture (6B266CEC-1EC7-4B8F-A30B-E4D90942FC07): 1
LogDevObjectVersion:   Dev-Automation (0DF73D61-A23F-47EA-B727-89E90C41499A): 1
LogDevObjectVersion:   FortniteMain (601D1886-AC64-4F84-AA16-D3DE0DEAC7D6): 12
LogDevObjectVersion:   Dev-Enterprise (9DFFBCD6-494F-0158-E221-12823C92A888): 1
LogStreaming: Display: Took  0.002s to delete old logs.
LogInit: Presizing for max 8388607 objects, including 0 objects not considered by GC, pre-allocating 0 bytes for permanent pool.
LogInit: Object subsystem initialized
[2019.08.02-06.30.58:611][  0]LogInit: Selected Device Profile: [Windows]
[2019.08.02-06.30.58:611][  0]LogInit: Applying CVar settings loaded from the selected device profile: [Windows]
[2019.08.02-06.30.58:618][  0]LogHAL: Display: Platform has ~ 16 GB [17137950720 / 17179869184 / 16], which maps to Larger [LargestMinGB=32, LargerMinGB=12, DefaultMinGB=8, SmallerMinGB=6, SmallestMinGB=0)
[2019.08.02-06.30.58:618][  0]LogInit: Setting Device Profile CVar: [[r.Vulkan.UseRealUBs:1]]
[2019.08.02-06.30.58:618][  0]LogInit: Going up to parent DeviceProfile []
[2019.08.02-06.30.58:618][  0]LogInit: Computer: JOANPC
[2019.08.02-06.30.58:618][  0]LogInit: User: JoanAbad
[2019.08.02-06.30.58:618][  0]LogInit: CPU Page size=4096, Cores=4
[2019.08.02-06.30.58:618][  0]LogInit: High frequency timer resolution =3.421870 MHz
[2019.08.02-06.30.58:619][  0]LogMemory: Memory total: Physical=16.0GB (16GB approx)
[2019.08.02-06.30.58:619][  0]LogMemory: Platform Memory Stats for Windows
[2019.08.02-06.30.58:619][  0]LogMemory: Process Physical Memory: 100.79 MB used, 100.79 MB peak
[2019.08.02-06.30.58:619][  0]LogMemory: Process Virtual Memory: 94.67 MB used, 94.67 MB peak
[2019.08.02-06.30.58:619][  0]LogMemory: Physical Memory: 6719.97 MB used,  9624.05 MB free, 16344.02 MB total
[2019.08.02-06.30.58:619][  0]LogMemory: Virtual Memory: 484.88 MB used,  9624.05 MB free, 134217728.00 MB total
[2019.08.02-06.30.58:708][  0]LogInit: Overriding language with editor language configuration option (en).
[2019.08.02-06.30.58:708][  0]LogInit: Overriding locale with editor locale configuration option (en).
[2019.08.02-06.30.59:073][  0]LogStreaming: Display: Took  0.365s to InitEngineTextLocalization.
[2019.08.02-06.30.59:073][  0]LogInit: Setting process to per monitor DPI aware
[2019.08.02-06.30.59:103][  0]LogSlate: New Slate User Created.  User Index 0, Is Virtual User: 0
[2019.08.02-06.30.59:103][  0]LogSlate: Slate User Registered.  User Index 0, Is Virtual User: 0
[2019.08.02-06.30.59:237][  0]LogHMD: Failed to initialize OpenVR with code 110
[2019.08.02-06.30.59:237][  0]LogD3D11RHI: D3D11 adapters:
[2019.08.02-06.30.59:310][  0]LogD3D11RHI:    0. 'NVIDIA GeForce GTX 1070' (Feature Level 11_0)
[2019.08.02-06.30.59:310][  0]LogD3D11RHI:       8046/0/8172 MB DedicatedVideo/DedicatedSystem/SharedSystem, Outputs:2, VendorId:0x10de
[2019.08.02-06.30.59:314][  0]LogD3D11RHI:    1. 'Microsoft Basic Render Driver' (Feature Level 11_0)
[2019.08.02-06.30.59:314][  0]LogD3D11RHI:       0/0/256 MB DedicatedVideo/DedicatedSystem/SharedSystem, Outputs:0, VendorId:0x1414
[2019.08.02-06.30.59:314][  0]LogD3D11RHI: Chosen D3D11 Adapter: 0
[2019.08.02-06.30.59:319][  0]LogD3D11RHI: Creating new Direct3DDevice
[2019.08.02-06.30.59:319][  0]LogD3D11RHI:     GPU DeviceId: 0x1b81 (for the marketing name, search the web for "GPU Device Id")
[2019.08.02-06.30.59:319][  0]LogWindows: EnumDisplayDevices:
[2019.08.02-06.30.59:319][  0]LogWindows:    0. 'NVIDIA GeForce GTX 1070' (P:1 D:1)
[2019.08.02-06.30.59:320][  0]LogWindows:    1. 'NVIDIA GeForce GTX 1070' (P:0 D:1)
[2019.08.02-06.30.59:320][  0]LogWindows:    2. 'NVIDIA GeForce GTX 1070' (P:0 D:0)
[2019.08.02-06.30.59:320][  0]LogWindows:    3. 'NVIDIA GeForce GTX 1070' (P:0 D:0)
[2019.08.02-06.30.59:321][  0]LogWindows: DebugString: FoundDriverCount:4 
[2019.08.02-06.30.59:321][  0]LogD3D11RHI:     Adapter Name: NVIDIA GeForce GTX 1070
[2019.08.02-06.30.59:321][  0]LogD3D11RHI:   Driver Version: 431.60 (internal:26.21.14.3160, unified:431.60)
[2019.08.02-06.30.59:321][  0]LogD3D11RHI:      Driver Date: 7-17-2019
[2019.08.02-06.30.59:321][  0]LogRHI: Texture pool is 5632 MB (70% of 8046 MB)
[2019.08.02-06.30.59:347][  0]LogD3D11RHI: Async texture creation enabled
[2019.08.02-06.30.59:369][  0]LogD3D11RHI: GPU Timing Frequency: 1000.000000 (Debug: 2 2)
[2019.08.02-06.30.59:414][  0]LogShaderCompilers: Guid format shader working directory is -43 characters bigger than the processId version (../../../../../../Users/Joan Abad/Documents/Github/New/ShooterOnlineOW_Style/Shooter_OW_Style/Intermediate/Shaders/WorkingDirectory/1512/).
[2019.08.02-06.30.59:414][  0]LogShaderCompilers: Cleaned the shader compiler working directory 'C:/Users/Joan Abad/AppData/Local/Temp/UnrealShaderWorkingDir/24B5427141ACE50EC9A23CA5AD43D4E4/'.
[2019.08.02-06.30.59:697][  0]LogTemp: Display: Loaded TP AllDesktopTargetPlatform
[2019.08.02-06.30.59:711][  0]LogTemp: Display: Loaded TP MacClientTargetPlatform
[2019.08.02-06.30.59:725][  0]LogTemp: Display: Loaded TP MacNoEditorTargetPlatform
[2019.08.02-06.30.59:740][  0]LogTemp: Display: Loaded TP MacServerTargetPlatform
[2019.08.02-06.30.59:756][  0]LogTemp: Display: Loaded TP MacTargetPlatform
[2019.08.02-06.30.59:771][  0]LogTemp: Display: Loaded TP WindowsClientTargetPlatform
[2019.08.02-06.30.59:785][  0]LogTemp: Display: Loaded TP WindowsNoEditorTargetPlatform
[2019.08.02-06.30.59:799][  0]LogTemp: Display: Loaded TP WindowsServerTargetPlatform
[2019.08.02-06.30.59:806][  0]LogTemp: Display: Loaded TP WindowsTargetPlatform
[2019.08.02-06.30.59:883][  0]LogTemp: Display: Loaded TP AndroidTargetPlatform
[2019.08.02-06.30.59:883][  0]LogTemp: Display: Loaded TP AndroidTargetPlatform
[2019.08.02-06.30.59:883][  0]LogTemp: Display: Loaded TP AndroidTargetPlatform
[2019.08.02-06.30.59:883][  0]LogTemp: Display: Loaded TP AndroidTargetPlatform
[2019.08.02-06.30.59:883][  0]LogTemp: Display: Loaded TP AndroidTargetPlatform
[2019.08.02-06.30.59:883][  0]LogTemp: Display: Loaded TP AndroidTargetPlatform
[2019.08.02-06.30.59:883][  0]LogTemp: Display: Loaded TP AndroidTargetPlatform
[2019.08.02-06.30.59:883][  0]LogTemp: Display: Loaded TP AndroidTargetPlatform
[2019.08.02-06.30.59:883][  0]LogTemp: Display: Loaded TP AndroidTargetPlatform
[2019.08.02-06.30.59:883][  0]LogTemp: Display: Loaded TP AndroidTargetPlatform
[2019.08.02-06.30.59:883][  0]LogTemp: Display: Loaded TP AndroidTargetPlatform
[2019.08.02-06.30.59:883][  0]LogTemp: Display: Loaded TP AndroidTargetPlatform
[2019.08.02-06.30.59:883][  0]LogTemp: Display: Loaded TP AndroidTargetPlatform
[2019.08.02-06.30.59:883][  0]LogTemp: Display: Loaded TP AndroidTargetPlatform
[2019.08.02-06.30.59:883][  0]LogTemp: Display: Loaded TP AndroidTargetPlatform
[2019.08.02-06.30.59:883][  0]LogTemp: Display: Loaded TP AndroidTargetPlatform
[2019.08.02-06.30.59:883][  0]LogTemp: Display: Loaded TP AndroidTargetPlatform
[2019.08.02-06.30.59:884][  0]LogTemp: Display: Loaded TP AndroidTargetPlatform
[2019.08.02-06.30.59:887][  0]LogTemp: Display: Loaded TP HTML5TargetPlatform
[2019.08.02-06.30.59:959][  0]LogTemp: Display: Loaded TP IOSTargetPlatform
[2019.08.02-06.30.59:959][  0]LogTemp: Display: Loaded TP IOSTargetPlatform
[2019.08.02-06.30.59:985][  0]LogTemp: Display: Loaded TP TVOSTargetPlatform
[2019.08.02-06.30.59:985][  0]LogTemp: Display: Loaded TP TVOSTargetPlatform
[2019.08.02-06.30.59:999][  0]LogTemp: Display: Loaded TP LinuxClientTargetPlatform
[2019.08.02-06.31.00:013][  0]LogTemp: Display: Loaded TP LinuxNoEditorTargetPlatform
[2019.08.02-06.31.00:026][  0]LogTemp: Display: Loaded TP LinuxServerTargetPlatform
[2019.08.02-06.31.00:040][  0]LogTemp: Display: Loaded TP LinuxTargetPlatform
[2019.08.02-06.31.00:052][  0]LogTemp: Display: Loaded TP LuminTargetPlatform
[2019.08.02-06.31.00:053][  0]LogTargetPlatformManager: Display: Building Assets For Windows
[2019.08.02-06.31.00:150][  0]LogXGEController: Cleaning working directory: C:/Users/Joan Abad/AppData/Local/Temp/UnrealXGEWorkingDir/
[2019.08.02-06.31.00:162][  0]LogShaderCompilers: Display: Using XGE Shader Compiler (Interception Interface).
[2019.08.02-06.31.00:867][  0]LogDerivedDataCache: Display: Max Cache Size: 512 MB
[2019.08.02-06.31.00:948][  0]LogDerivedDataCache: Loaded boot cache 0.08s 71MB C:/Users/Joan Abad/AppData/Local/UnrealEngine/4.20/DerivedDataCache/Boot.ddc.
[2019.08.02-06.31.00:948][  0]LogDerivedDataCache: Display: Loaded Boot cache: C:/Users/Joan Abad/AppData/Local/UnrealEngine/4.20/DerivedDataCache/Boot.ddc
[2019.08.02-06.31.00:949][  0]LogDerivedDataCache: FDerivedDataBackendGraph:  Pak pak cache file ../../../../../../Users/Joan Abad/Documents/Github/New/ShooterOnlineOW_Style/Shooter_OW_Style/DerivedDataCache/DDC.ddp not found, will not use a pak cache.
[2019.08.02-06.31.00:949][  0]LogDerivedDataCache: Unable to find inner node Pak for hierarchical cache Hierarchy.
[2019.08.02-06.31.00:949][  0]LogDerivedDataCache: FDerivedDataBackendGraph:  CompressedPak pak cache file ../../../../../../Users/Joan Abad/Documents/Github/New/ShooterOnlineOW_Style/Shooter_OW_Style/DerivedDataCache/Compressed.ddp not found, will not use a pak cache.
[2019.08.02-06.31.00:949][  0]LogDerivedDataCache: Unable to find inner node CompressedPak for hierarchical cache Hierarchy.
[2019.08.02-06.31.00:963][  0]LogDerivedDataCache: Display: Pak cache opened for reading ../../../Engine/DerivedDataCache/Compressed.ddp.
[2019.08.02-06.31.00:976][  0]LogDerivedDataCache: Using Local data cache path C:/Users/Joan Abad/AppData/Local/UnrealEngine/Common/DerivedDataCache: Writable
[2019.08.02-06.31.00:976][  0]LogDerivedDataCache: Shared data cache path not found in *engine.ini, will not use an Shared cache.
[2019.08.02-06.31.00:976][  0]LogDerivedDataCache: Unable to find inner node Shared for hierarchical cache Hierarchy.
[2019.08.02-06.31.00:995][  0]LogMaterial: Verifying Global Shaders for PCD3D_SM5
[2019.08.02-06.31.00:996][  0]LogSlate: Using FreeType 2.6.0
[2019.08.02-06.31.00:997][  0]LogSlate: SlateFontServices - WITH_FREETYPE: 1, WITH_HARFBUZZ: 1
[2019.08.02-06.31.01:067][  0]LogAssetRegistry: FAssetRegistry took 0.0284 seconds to start up
[2019.08.02-06.31.01:351][  0]LogInit: Selected Device Profile: [Windows]
[2019.08.02-06.31.01:487][  0]LogSimplygon: Simplygon DLL not present - disabling.
[2019.08.02-06.31.01:502][  0]LogMeshReduction: Using SimplygonSwarm for distributed automatic mesh merging
[2019.08.02-06.31.01:502][  0]LogMeshReduction: Using ProxyLODMeshReduction for automatic mesh merging
[2019.08.02-06.31.01:502][  0]LogMeshReduction: Using QuadricMeshReduction for automatic static mesh reduction
[2019.08.02-06.31.01:502][  0]LogMeshReduction: No automatic skeletal mesh reduction module available
[2019.08.02-06.31.01:521][  0]LogNetVersion: Shooter_OW_Style 1.0.0, NetCL: 4212847, EngineNetVer: 5, GameNetVer: 0 (Checksum: 1206910907)
[2019.08.02-06.31.01:947][  0]LogPackageLocalizationCache: Processed 11 localized package path(s) for 1 prioritized culture(s) in 0.044965 seconds
[2019.08.02-06.31.01:952][  0]LogUObjectArray: 38425 objects as part of root set at end of initial load.
[2019.08.02-06.31.01:953][  0]LogUObjectAllocator: 6690864 out of 0 bytes used by permanent object pool.
[2019.08.02-06.31.01:953][  0]LogUObjectArray: CloseDisregardForGC: 0/0 objects in disregard for GC pool
[2019.08.02-06.31.02:802][  0]LogTcpMessaging: Initializing TcpMessaging bridge
[2019.08.02-06.31.02:822][  0]LogUdpMessaging: Initializing bridge on interface 0.0.0.0:0 to multicast group 230.0.0.1:6666.
[2019.08.02-06.31.03:024][  0]SourceControl: Source control is disabled
[2019.08.02-06.31.03:024][  0]SourceControl: Source control is disabled
[2019.08.02-06.31.03:030][  0]SourceControl: Source control is disabled
[2019.08.02-06.31.03:032][  0]SourceControl: Source control is disabled
[2019.08.02-06.31.03:263][  0]LogAndroidPermission: UAndroidPermissionCallbackProxy::GetInstance
[2019.08.02-06.31.03:334][  0]LogOcInput: OculusInput pre-init called
[2019.08.02-06.31.03:398][  0]LogEngine: Initializing Engine...
[2019.08.02-06.31.03:399][  0]LogHMD: Failed to initialize OpenVR with code 110
[2019.08.02-06.31.03:400][  0]LogStats: UGameplayTagsManager::ConstructGameplayTagTree: ImportINI prefixes -  0.000 s
[2019.08.02-06.31.03:400][  0]LogStats: UGameplayTagsManager::ConstructGameplayTagTree: Construct from data asset -  0.000 s
[2019.08.02-06.31.03:400][  0]LogStats: UGameplayTagsManager::ConstructGameplayTagTree: ImportINI -  0.000 s
[2019.08.02-06.31.03:400][  0]LogStats: UGameplayTagsManager::ConstructGameplayTagTree: GameplayTagTreeChangedEvent.Broadcast -  0.000 s
[2019.08.02-06.31.03:642][  0]LogInit: Initializing FReadOnlyCVARCache
[2019.08.02-06.31.03:655][  0]LogAIModule: Creating AISystem for world Untitled
[2019.08.02-06.31.03:674][  0]LogInit: XAudio2 using 'Altavoces (5- Logitech G933 Gaming Wireless Headset)' : 2 channels at 44.1 kHz using 16 bits per sample (channel mask 0x3)
[2019.08.02-06.31.03:683][  0]LogInit: FAudioDevice initialized.
[2019.08.02-06.31.03:683][  0]LogNetVersion: Set ProjectVersion to 1.0.0.0. Version Checksum will be recalculated on next use.
[2019.08.02-06.31.03:899][  0]LogDerivedDataCache: Saved boot cache 0.22s 71MB C:/Users/Joan Abad/AppData/Local/UnrealEngine/4.20/DerivedDataCache/Boot.ddc.
[2019.08.02-06.31.03:906][  0]LogInit: Texture streaming: Enabled
[2019.08.02-06.31.03:937][  0]LogEngineSessionManager: EngineSessionManager initialized
[2019.08.02-06.31.03:948][  0]LogInit: Transaction tracking system initialized
[2019.08.02-06.31.03:975][  0]BlueprintLog: New page: Editor Load
[2019.08.02-06.31.04:088][  0]LocalizationService: Localization service is disabled
[2019.08.02-06.31.04:384][  0]LogLinker: Warning: Can't find file '/Game/ThirdPersonBP/ThirdPersonOverview'
[2019.08.02-06.31.04:384][  0]LogLinker: Warning: Can't find file '/Game/ThirdPersonBP/ThirdPersonOverview'
[2019.08.02-06.31.04:384][  0]LogUObjectGlobals: Warning: Failed to find object 'Class /Game/ThirdPersonBP/ThirdPersonOverview.ThirdPersonOverview_C'
[2019.08.02-06.31.04:557][  0]LogCook: Display: Max memory allowance for cook 16384mb min free memory 0mb
[2019.08.02-06.31.04:557][  0]LogCook: Display: Mobile HDR setting 1
[2019.08.02-06.31.04:557][  0]LogGameplayTags: Display: UGameplayTagsManager::DoneAddingNativeTags. DelegateIsBound: 0
[2019.08.02-06.31.04:557][  0]LogStats: UGameplayTagsManager::ConstructGameplayTagTree: ImportINI prefixes -  0.000 s
[2019.08.02-06.31.04:557][  0]LogStats: UGameplayTagsManager::ConstructGameplayTagTree: Construct from data asset -  0.000 s
[2019.08.02-06.31.04:557][  0]LogStats: UGameplayTagsManager::ConstructGameplayTagTree: ImportINI -  0.000 s
[2019.08.02-06.31.04:558][  0]LogStats: UGameplayTagsManager::ConstructGameplayTagTree: GameplayTagTreeChangedEvent.Broadcast -  0.000 s
[2019.08.02-06.31.04:742][  0]LogFileCache: Scanning file cache for directory 'C:/Users/Joan Abad/Documents/Github/New/ShooterOnlineOW_Style/Shooter_OW_Style/Content/' took 0.01s
[2019.08.02-06.31.04:742][  0]SourceControl: Source control is disabled
[2019.08.02-06.31.04:742][  0]Cmd: MAP LOAD FILE="../../../../../../Users/Joan Abad/Documents/Github/New/ShooterOnlineOW_Style/Shooter_OW_Style/Content/Levels/FirstMap.umap" TEMPLATE=0 SHOWPROGRESS=1 FEATURELEVEL=3
[2019.08.02-06.31.04:743][  0]LightingResults: New page: Lighting Build
[2019.08.02-06.31.04:745][  0]MapCheck: New page: Map Check
[2019.08.02-06.31.04:745][  0]LightingResults: New page: Lighting Build
[2019.08.02-06.31.05:291][  0]LogAIModule: Creating AISystem for world FirstMap
[2019.08.02-06.31.05:303][  0]LogEditorServer: Finished looking for orphan Actors (0.000 secs)
[2019.08.02-06.31.05:327][  0]Cmd: MAP CHECKDEP NOCLEARLOG
[2019.08.02-06.31.05:376][  0]MapCheck: Map check complete: 0 Error(s), 0 Warning(s), took 48.603ms to complete.
[2019.08.02-06.31.05:376][  0]LogFileHelpers: Loading map 'FirstMap' took 0.635
[2019.08.02-06.31.05:483][  0]LogSlate: Updating window title bar state: overlay mode, drag disabled, window buttons hidden, title bar hidden
[2019.08.02-06.31.05:490][  0]LogSlate: Updating window title bar state: overlay mode, drag disabled, window buttons hidden, title bar hidden
[2019.08.02-06.31.05:498][  0]LogSlate: Updating window title bar state: overlay mode, drag disabled, window buttons hidden, title bar hidden
[2019.08.02-06.31.05:506][  0]LogSlate: Updating window title bar state: overlay mode, drag disabled, window buttons hidden, title bar hidden
[2019.08.02-06.31.05:513][  0]LogCollectionManager: Loaded 0 collections in 0.001404 seconds
[2019.08.02-06.31.05:569][  0]LogFileCache: Scanning file cache for directory 'C:/Users/Joan Abad/Documents/Github/New/ShooterOnlineOW_Style/Shooter_OW_Style/Saved/Collections/' took 0.01s
[2019.08.02-06.31.05:569][  0]LogFileCache: Scanning file cache for directory 'C:/Users/Joan Abad/Documents/Github/New/ShooterOnlineOW_Style/Shooter_OW_Style/Content/Developers/JoanAbad/Collections/' took 0.01s
[2019.08.02-06.31.05:569][  0]LogFileCache: Scanning file cache for directory 'C:/Users/Joan Abad/Documents/Github/New/ShooterOnlineOW_Style/Shooter_OW_Style/Content/Collections/' took 0.01s
[2019.08.02-06.31.05:569][  0]LogCollectionManager: Rebuilt the GUID cache for 0 collections in 0.000000 seconds
[2019.08.02-06.31.05:579][  0]LogContentBrowser: Native class hierarchy populated in 0.0095 seconds. Added 2580 classes and 606 folders.
[2019.08.02-06.31.05:586][  0]LogContentBrowser: Native class hierarchy updated for 'WidgetCarousel' in 0.0003 seconds. Added 0 classes and 0 folders.
[2019.08.02-06.31.05:613][  0]LogContentBrowser: Native class hierarchy updated for 'AddContentDialog' in 0.0003 seconds. Added 0 classes and 0 folders.
[2019.08.02-06.31.05:619][  0]LogContentBrowser: Native class hierarchy updated for 'SceneOutliner' in 0.0003 seconds. Added 1 classes and 2 folders.
[2019.08.02-06.31.05:688][  0]LogSlate: Took 0.000323 seconds to synchronously load lazily loaded font '../../../Engine/Content/Slate/Fonts/Roboto-Regular.ttf' (155K)
[2019.08.02-06.31.05:691][  0]LogSlate: Took 0.000236 seconds to synchronously load lazily loaded font '../../../Engine/Content/Slate/Fonts/Roboto-Bold.ttf' (160K)
[2019.08.02-06.31.05:697][  0]LogSlate: Took 0.000299 seconds to synchronously load lazily loaded font '../../../Engine/Content/Editor/Slate/Fonts/FontAwesome.ttf' (139K)
[2019.08.02-06.31.05:772][  0]LogRenderer: Reallocating scene render targets to support 1716x884 Format 10 NumSamples 1 (Frame:1).
[2019.08.02-06.31.05:948][  0]LogContentBrowser: Native class hierarchy updated for 'HierarchicalLODOutliner' in 0.0004 seconds. Added 0 classes and 0 folders.
[2019.08.02-06.31.05:948][  0]LogLoad: (Engine Initialization) Total time: 8.56 seconds
[2019.08.02-06.31.05:949][  0]LogLoad: (Engine Initialization) Total Blueprint compile time: 0.00 seconds
[2019.08.02-06.31.05:980][  0]LogContentStreaming: Texture pool size now 1000 MB
[2019.08.02-06.31.06:039][  1]LogAssetRegistry: Asset discovery search completed in 4.9970 seconds
[2019.08.02-06.31.06:041][  1]LogCollectionManager: Rebuilt the object cache for 0 collections in 0.000000 seconds (found 0 objects)
[2019.08.02-06.31.06:041][  1]LogCollectionManager: Fixed up redirectors for 0 collections in 0.000088 seconds (updated 0 objects)
[2019.08.02-06.31.11:606][658]LogEditorViewport: Clicking on Actor (LMB): BP_Claymore_C (BP_Claymore2)
[2019.08.02-06.31.12:346][737]LogSlate: Took 0.000156 seconds to synchronously load lazily loaded font '../../../Engine/Content/Slate/Fonts/Roboto-Italic.ttf' (157K)
[2019.08.02-06.31.13:380][855]LogSlate: FSceneViewport::OnFocusLost() reason 0
[2019.08.02-06.31.14:888][ 26]LogEditorViewport: Clicking on Actor (context menu): StaticMeshActor (Floor)
[2019.08.02-06.31.15:019][ 26]LogSlate: FSceneViewport::OnFocusLost() reason 2
[2019.08.02-06.31.18:834][433]LogEditorViewport: Clicking on Actor (context menu): StaticMeshActor (Floor)
[2019.08.02-06.31.18:864][433]LogSlate: FSceneViewport::OnFocusLost() reason 2
[2019.08.02-06.31.25:223][118]LogSlate: FSceneViewport::OnFocusLost() reason 0
[2019.08.02-06.31.29:122][553]LogSlate: FSceneViewport::OnFocusLost() reason 0
[2019.08.02-06.31.31:773][865]LogSlate: Took 0.000165 seconds to synchronously load lazily loaded font '../../../Engine/Content/Slate/Fonts/Roboto-Light.ttf' (167K)
[2019.08.02-06.31.31:863][865]LogSavePackage: Moving '../../../../../../Users/Joan Abad/Documents/Github/New/ShooterOnlineOW_Style/Shooter_OW_Style/Saved/FirstMap770B818D496B3C4CD8AEE69990F10A17.tmp' to '../../../../../../Users/Joan Abad/Documents/Github/New/ShooterOnlineOW_Style/Shooter_OW_Style/Content/Levels/FirstMap.umap'
[2019.08.02-06.31.31:919][865]LogSavePackage: Moving '../../../../../../Users/Joan Abad/Documents/Github/New/ShooterOnlineOW_Style/Shooter_OW_Style/Saved/FirstMap_BuiltData1CE9E45B461A9AE387493D8D02DC6770.tmp' to '../../../../../../Users/Joan Abad/Documents/Github/New/ShooterOnlineOW_Style/Shooter_OW_Style/Content/Levels/FirstMap_BuiltData.uasset'
[2019.08.02-06.31.32:502][929]LogSlate: FSceneViewport::OnFocusLost() reason 0
[2019.08.02-06.31.32:671][947]LogAssetEditorManager: Opening Asset editor for Blueprint /Game/Programming/Actors/Claymore/BP_Claymore.BP_Claymore
[2019.08.02-06.31.33:082][947]LogContentBrowser: Native class hierarchy updated for 'BlueprintGraph' in 0.0006 seconds. Added 116 classes and 0 folders.
[2019.08.02-06.31.35:218][104]LogAssetEditorManager: Opening Asset editor for Blueprint /Game/Programming/Actors/Claymore/BP_Claymore.BP_Claymore
[2019.08.02-06.31.35:503][104]LogSlate: Took 0.000160 seconds to synchronously load lazily loaded font '../../../Engine/Content/Slate/Fonts/Roboto-BoldCondensed.ttf' (158K)
[2019.08.02-06.31.36:578][224]LogRenderer: Reallocating scene render targets to support 1716x984 Format 10 NumSamples 1 (Frame:1).
[2019.08.02-06.31.43:464][ 38]LogSlate: FSceneViewport::OnFocusLost() reason 0
[2019.08.02-06.31.56:090][539]BlueprintLog: New page: Compile BP_Claymore
[2019.08.02-06.31.56:322][539]LogSavePackage: Moving '../../../../../../Users/Joan Abad/Documents/Github/New/ShooterOnlineOW_Style/Shooter_OW_Style/Saved/BP_ClaymoreA540EF31411E9C9934D5EDACF68248BC.tmp' to '../../../../../../Users/Joan Abad/Documents/Github/New/ShooterOnlineOW_Style/Shooter_OW_Style/Content/Programming/Actors/Claymore/BP_Claymore.uasset'
[2019.08.02-06.31.56:619][567]LogSavePackage: Moving '../../../../../../Users/Joan Abad/Documents/Github/New/ShooterOnlineOW_Style/Shooter_OW_Style/Saved/BP_Claymore3C428AC94A478C5E756A7AB63AACE649.tmp' to '../../../../../../Users/Joan Abad/Documents/Github/New/ShooterOnlineOW_Style/Shooter_OW_Style/Content/Programming/Actors/Claymore/BP_Claymore.uasset'
[2019.08.02-06.31.58:192][735]LogSavePackage: Moving '../../../../../../Users/Joan Abad/Documents/Github/New/ShooterOnlineOW_Style/Shooter_OW_Style/Saved/FirstMap496C69704E0E6D69F08C2CA9D66E846D.tmp' to '../../../../../../Users/Joan Abad/Documents/Github/New/ShooterOnlineOW_Style/Shooter_OW_Style/Content/Levels/FirstMap.umap'
[2019.08.02-06.31.58:224][735]LogFileHelpers: Saving map 'FirstMap' took 0.157
[2019.08.02-06.32.02:866][257]LogSlate: FSceneViewport::OnFocusLost() reason 0
[2019.08.02-06.32.07:516][791]LogEditorViewport: Clicking on Component (LMB): StaticMeshComponent (StaticMesh)
[2019.08.02-06.32.09:689][ 40]LogSlate: FSceneViewport::OnFocusLost() reason 0
[2019.08.02-06.32.10:084][ 87]LogEditorActor: Deleted Actor: BP_Claymore_C
[2019.08.02-06.32.10:113][ 87]LogEditorActor: Deleted 1 Actors (0.031 secs)
[2019.08.02-06.32.12:674][373]LogSavePackage: Moving '../../../../../../Users/Joan Abad/Documents/Github/New/ShooterOnlineOW_Style/Shooter_OW_Style/Saved/FirstMap1E914BDB4A16BCCFABDF8BABE21C070E.tmp' to '../../../../../../Users/Joan Abad/Documents/Github/New/ShooterOnlineOW_Style/Shooter_OW_Style/Content/Levels/FirstMap.umap'
[2019.08.02-06.32.12:706][373]LogFileHelpers: Saving map 'FirstMap' took 0.156
[2019.08.02-06.32.17:001][875]LogSlate: FSceneViewport::OnFocusLost() reason 0
[2019.08.02-06.32.23:960][672]LogSlate: FSceneViewport::OnFocusLost() reason 0
[2019.08.02-06.32.28:461][203]LogEditorViewport: Clicking on Component (LMB): StaticMeshComponent (StaticMesh)
[2019.08.02-06.32.33:179][752]LogSlate: FSceneViewport::OnFocusLost() reason 0
[2019.08.02-06.32.55:452][119]LogSlate: FSceneViewport::OnFocusLost() reason 0
[2019.08.02-06.33.08:847][711]BlueprintLog: New page: Compile BP_Claymore
[2019.08.02-06.33.09:082][711]LogSavePackage: Moving '../../../../../../Users/Joan Abad/Documents/Github/New/ShooterOnlineOW_Style/Shooter_OW_Style/Saved/BP_ClaymoreFC9695A344FF9525A096D7A0FE7B81F4.tmp' to '../../../../../../Users/Joan Abad/Documents/Github/New/ShooterOnlineOW_Style/Shooter_OW_Style/Content/Programming/Actors/Claymore/BP_Claymore.uasset'
[2019.08.02-06.33.10:183][810]LogSavePackage: Moving '../../../../../../Users/Joan Abad/Documents/Github/New/ShooterOnlineOW_Style/Shooter_OW_Style/Saved/FirstMapA8C6382244B92834238B04B79F637362.tmp' to '../../../../../../Users/Joan Abad/Documents/Github/New/ShooterOnlineOW_Style/Shooter_OW_Style/Content/Levels/FirstMap.umap'
[2019.08.02-06.33.10:221][810]LogFileHelpers: Saving map 'FirstMap' took 0.166
[2019.08.02-06.33.23:761][415]LogEditorViewport: Clicking on Actor (context menu): StaticMeshActor (Floor)
[2019.08.02-06.33.23:833][415]LogSlate: FSceneViewport::OnFocusLost() reason 2
[2019.08.02-06.33.25:384][594]LogEditorViewport: Clicking on Actor (LMB): StaticMeshActor (Floor)
[2019.08.02-06.33.26:409][710]LogEditorViewport: Clicking on Actor (LMB): BP_Claymore_C (BP_Claymore)
[2019.08.02-06.33.30:594][204]Cmd: DELETE
[2019.08.02-06.33.30:594][204]Cmd: ACTOR DELETE
[2019.08.02-06.33.30:596][204]LogEditorActor: Deleted Actor: BP_Claymore_C
[2019.08.02-06.33.30:624][204]LogEditorActor: Deleted 1 Actors (0.030 secs)
[2019.08.02-06.33.33:796][569]LogSlate: FSceneViewport::OnFocusLost() reason 2
[2019.08.02-06.33.33:933][569]LogSavePackage: Moving '../../../../../../Users/Joan Abad/Documents/Github/New/ShooterOnlineOW_Style/Shooter_OW_Style/Saved/FirstMap9E7EB010426EBC54E1D20F88E4EFA86A.tmp' to '../../../../../../Users/Joan Abad/Documents/Github/New/ShooterOnlineOW_Style/Shooter_OW_Style/Content/Levels/FirstMap.umap'
[2019.08.02-06.33.33:965][569]LogFileHelpers: Saving map 'FirstMap' took 0.158
[2019.08.02-06.33.34:511][603]LogSlate: FSceneViewport::OnFocusLost() reason 0
[2019.08.02-06.33.59:467][577]BlueprintLog: New page: Compile BP_Claymore
[2019.08.02-06.33.59:683][577]LogSavePackage: Moving '../../../../../../Users/Joan Abad/Documents/Github/New/ShooterOnlineOW_Style/Shooter_OW_Style/Saved/BP_ClaymoreE69FC7EC41A9C5387056C9AF09E1AC08.tmp' to '../../../../../../Users/Joan Abad/Documents/Github/New/ShooterOnlineOW_Style/Shooter_OW_Style/Content/Programming/Actors/Claymore/BP_Claymore.uasset'
[2019.08.02-06.34.00:411][655]LogSavePackage: Moving '../../../../../../Users/Joan Abad/Documents/Github/New/ShooterOnlineOW_Style/Shooter_OW_Style/Saved/BP_ClaymoreBB72BE7844980298298D30A30ADE98DB.tmp' to '../../../../../../Users/Joan Abad/Documents/Github/New/ShooterOnlineOW_Style/Shooter_OW_Style/Content/Programming/Actors/Claymore/BP_Claymore.uasset'
[2019.08.02-06.34.15:448][127]LogSlate: FSceneViewport::OnFocusLost() reason 0
[2019.08.02-06.34.15:560][129]LogTemp: Repeating last play command: New Editor Window (PIE)
[2019.08.02-06.34.15:606][129]LogPlayLevel: PlayLevel: No blueprints needed recompiling
[2019.08.02-06.34.15:723][129]PIE: New page: PIE session: FirstMap (Aug 2, 2019, 10:34:15 AM)
[2019.08.02-06.34.15:723][129]LogPlayLevel: Creating play world package: /Game/Levels/UEDPIE_0_FirstMap
[2019.08.02-06.34.15:749][129]LogPlayLevel: PIE: StaticDuplicateObject took: (0.025777s)
[2019.08.02-06.34.15:750][129]LogAIModule: Creating AISystem for world FirstMap
[2019.08.02-06.34.15:750][129]LogPlayLevel: PIE: World Init took: (0.000971s)
[2019.08.02-06.34.15:750][129]LogPlayLevel: PIE: Created PIE world by copying editor world from /Game/Levels/FirstMap.FirstMap to /Game/Levels/UEDPIE_0_FirstMap.FirstMap (0.027048s)
[2019.08.02-06.34.15:781][129]LogInit: XAudio2 using 'Altavoces (5- Logitech G933 Gaming Wireless Headset)' : 2 channels at 44.1 kHz using 16 bits per sample (channel mask 0x3)
[2019.08.02-06.34.15:788][129]LogInit: FAudioDevice initialized.
[2019.08.02-06.34.15:822][129]LogSlate: Updating window title bar state: overlay mode, drag disabled, window buttons hidden, title bar hidden
[2019.08.02-06.34.15:929][129]LogLoad: Game class is 'GameModeBase'
[2019.08.02-06.34.15:965][129]LogWorld: Bringing World /Game/Levels/UEDPIE_0_FirstMap.FirstMap up for play (max tick rate 0) at 2019.08.02-08.34.15
[2019.08.02-06.34.16:043][129]LogWorld: Bringing up level for play took: 0.098626
[2019.08.02-06.34.16:103][129]LogContentBrowser: Native class hierarchy updated for 'MovieSceneCapture' in 0.0005 seconds. Added 10 classes and 0 folders.
[2019.08.02-06.34.16:138][129]PIE: Play in editor start time for /Game/Levels/UEDPIE_0_FirstMap -0.049
[2019.08.02-06.34.17:327][238]LogSlate: Updating window title bar state: overlay mode, drag disabled, window buttons hidden, title bar hidden
[2019.08.02-06.34.17:345][238]LogSlate: Window 'Shooter_OW_Style Game Preview Standalone (64-bit/PCD3D_SM5)' being destroyed
[2019.08.02-06.34.17:398][238]LogPlayLevel: Display: Shutting down PIE online subsystems
[2019.08.02-06.34.17:434][239]LogPlayLevel: Display: Destroying online subsystem :Context_6
[2019.08.02-06.34.24:361][ 40]LogEditorViewport: Clicking on Actor (context menu): StaticMeshActor (Floor)
[2019.08.02-06.34.24:414][ 40]LogSlate: FSceneViewport::OnFocusLost() reason 2
[2019.08.02-06.34.26:100][231]LogEditorViewport: Clicking on Actor (LMB): BP_Claymore_C (BP_Claymore)
[2019.08.02-06.34.30:324][711]LogSlate: FSceneViewport::OnFocusLost() reason 0
[2019.08.02-06.34.33:057][989]LogSlate: FSceneViewport::OnFocusLost() reason 0
[2019.08.02-06.34.58:617][851]LogSlate: FSceneViewport::OnFocusLost() reason 0
[2019.08.02-06.35.01:639][182]Cmd: TRANSACTION UNDO
[2019.08.02-06.35.01:639][182]LogEditorTransaction: Undo Move Components
[2019.08.02-06.35.04:212][449]LogSlate: FSceneViewport::OnFocusLost() reason 2
[2019.08.02-06.35.04:331][449]LogSavePackage: Moving '../../../../../../Users/Joan Abad/Documents/Github/New/ShooterOnlineOW_Style/Shooter_OW_Style/Saved/FirstMap5DE7DA8B4F75733830F6A0A5F13B4D7E.tmp' to '../../../../../../Users/Joan Abad/Documents/Github/New/ShooterOnlineOW_Style/Shooter_OW_Style/Content/Levels/FirstMap.umap'
[2019.08.02-06.35.04:387][449]LogSavePackage: Moving '../../../../../../Users/Joan Abad/Documents/Github/New/ShooterOnlineOW_Style/Shooter_OW_Style/Saved/FirstMap_BuiltData622B5DAB421B2E4B93659CB356EA767A.tmp' to '../../../../../../Users/Joan Abad/Documents/Github/New/ShooterOnlineOW_Style/Shooter_OW_Style/Content/Levels/FirstMap_BuiltData.uasset'
[2019.08.02-06.35.04:917][509]LogSlate: FSceneViewport::OnFocusLost() reason 0
[2019.08.02-06.35.18:918][174]BlueprintLog: New page: Compile BP_Claymore
[2019.08.02-06.35.19:140][174]LogSavePackage: Moving '../../../../../../Users/Joan Abad/Documents/Github/New/ShooterOnlineOW_Style/Shooter_OW_Style/Saved/BP_Claymore5A06BFBE43EEDDB7DCD21B96DDD2F350.tmp' to '../../../../../../Users/Joan Abad/Documents/Github/New/ShooterOnlineOW_Style/Shooter_OW_Style/Content/Programming/Actors/Claymore/BP_Claymore.uasset'
[2019.08.02-06.35.19:502][211]LogSavePackage: Moving '../../../../../../Users/Joan Abad/Documents/Github/New/ShooterOnlineOW_Style/Shooter_OW_Style/Saved/BP_Claymore3B6ED2BB44EB25BBF9A82BBFB5873FDA.tmp' to '../../../../../../Users/Joan Abad/Documents/Github/New/ShooterOnlineOW_Style/Shooter_OW_Style/Content/Programming/Actors/Claymore/BP_Claymore.uasset'
[2019.08.02-06.35.21:264][396]LogSavePackage: Moving '../../../../../../Users/Joan Abad/Documents/Github/New/ShooterOnlineOW_Style/Shooter_OW_Style/Saved/FirstMap59C404EF45405B61723F8FA5FBE634ED.tmp' to '../../../../../../Users/Joan Abad/Documents/Github/New/ShooterOnlineOW_Style/Shooter_OW_Style/Content/Levels/FirstMap.umap'
[2019.08.02-06.35.21:299][396]LogFileHelpers: Saving map 'FirstMap' took 0.166
[2019.08.02-06.35.25:270][845]Cmd: TRANSACTION UNDO
[2019.08.02-06.35.25:270][845]LogEditorTransaction: Undo Move Components
[2019.08.02-06.35.25:689][877]LogSlate: FSceneViewport::OnFocusLost() reason 0
[2019.08.02-06.35.30:299][413]BlueprintLog: New page: Compile BP_Claymore
[2019.08.02-06.35.30:521][413]LogSavePackage: Moving '../../../../../../Users/Joan Abad/Documents/Github/New/ShooterOnlineOW_Style/Shooter_OW_Style/Saved/BP_Claymore6A20C2224ABC7D7F1CADC2933CDBD87A.tmp' to '../../../../../../Users/Joan Abad/Documents/Github/New/ShooterOnlineOW_Style/Shooter_OW_Style/Content/Programming/Actors/Claymore/BP_Claymore.uasset'
[2019.08.02-06.35.30:986][463]LogSavePackage: Moving '../../../../../../Users/Joan Abad/Documents/Github/New/ShooterOnlineOW_Style/Shooter_OW_Style/Saved/BP_Claymore2634CE74429E968366754780B920836B.tmp' to '../../../../../../Users/Joan Abad/Documents/Github/New/ShooterOnlineOW_Style/Shooter_OW_Style/Content/Programming/Actors/Claymore/BP_Claymore.uasset'
[2019.08.02-06.35.36:911][157]BlueprintLog: New page: Compile BP_Claymore
[2019.08.02-06.35.37:139][157]LogSavePackage: Moving '../../../../../../Users/Joan Abad/Documents/Github/New/ShooterOnlineOW_Style/Shooter_OW_Style/Saved/BP_ClaymoreC88DAD5943E51A79B5CBAF9F36719639.tmp' to '../../../../../../Users/Joan Abad/Documents/Github/New/ShooterOnlineOW_Style/Shooter_OW_Style/Content/Programming/Actors/Claymore/BP_Claymore.uasset'
[2019.08.02-06.35.37:353][176]LogSavePackage: Moving '../../../../../../Users/Joan Abad/Documents/Github/New/ShooterOnlineOW_Style/Shooter_OW_Style/Saved/BP_ClaymoreCFBB4AC849A8778A1D1A25A9D36628E3.tmp' to '../../../../../../Users/Joan Abad/Documents/Github/New/ShooterOnlineOW_Style/Shooter_OW_Style/Content/Programming/Actors/Claymore/BP_Claymore.uasset'
[2019.08.02-06.35.38:055][240]LogSavePackage: Moving '../../../../../../Users/Joan Abad/Documents/Github/New/ShooterOnlineOW_Style/Shooter_OW_Style/Saved/FirstMapD415FF834CF6A024F63D0C93546BF234.tmp' to '../../../../../../Users/Joan Abad/Documents/Github/New/ShooterOnlineOW_Style/Shooter_OW_Style/Content/Levels/FirstMap.umap'
[2019.08.02-06.35.38:088][240]LogFileHelpers: Saving map 'FirstMap' took 0.154
[2019.08.02-06.35.59:805][654]LogEditorViewport: Clicking on Component (LMB): StaticMeshComponent (StaticMesh)
[2019.08.02-06.36.01:487][845]LogSlate: FSceneViewport::OnFocusLost() reason 0
[2019.08.02-06.36.01:958][900]LogEditorActor: Deleted Actor: BP_Claymore_C
[2019.08.02-06.36.01:991][900]LogEditorActor: Deleted 1 Actors (0.035 secs)
[2019.08.02-06.37.59:936][959]LogSlate: FSceneViewport::OnFocusLost() reason 0
[2019.08.02-06.38.02:095][  9]LogSlate: Window 'Save Content' being destroyed
[2019.08.02-06.38.02:108][  9]LogSlate: FSceneViewport::OnFocusLost() reason 2
[2019.08.02-06.38.02:303][  9]LogSavePackage: Moving '../../../../../../Users/Joan Abad/Documents/Github/New/ShooterOnlineOW_Style/Shooter_OW_Style/Saved/FirstMap4BA7868E466A93A6B5D778B46B799019.tmp' to '../../../../../../Users/Joan Abad/Documents/Github/New/ShooterOnlineOW_Style/Shooter_OW_Style/Content/Levels/FirstMap.umap'
[2019.08.02-06.38.02:341][  9]LogFileHelpers: Saving map 'FirstMap' took 0.225
[2019.08.02-06.38.02:489][  9]LogSlate: Window 'Shooter_OW_Style - Unreal Editor' being destroyed
[2019.08.02-06.38.02:490][  9]LogWindowsTextInputMethodSystem: Display: IME system now deactivated.
[2019.08.02-06.38.02:750][ 10]Cmd: QUIT_EDITOR
[2019.08.02-06.38.03:435][ 10]LogExit: Preparing to exit.
[2019.08.02-06.38.03:631][ 10]LogExit: Editor shut down
[2019.08.02-06.38.03:632][ 10]LogExit: Transaction tracking system shut down
[2019.08.02-06.38.03:864][ 10]LogExit: Object subsystem successfully closed.
[2019.08.02-06.38.03:883][ 10]LogShaderCompilers: Display: Shaders left to compile 0
[2019.08.02-06.38.03:887][ 10]LogD3D11RHI: Shutdown
[2019.08.02-06.38.03:887][ 10]LogD3D11RHI: CleanupD3DDevice
[2019.08.02-06.38.03:891][ 10]LogD3D11RHI: ~FD3D11DynamicRHI
[2019.08.02-06.38.03:906][ 10]LogModuleManager: Shutting down and abandoning module MovieSceneCapture (618)
[2019.08.02-06.38.03:907][ 10]LogModuleManager: Shutting down and abandoning module Voice (616)
[2019.08.02-06.38.04:050][ 10]LogModuleManager: Shutting down and abandoning module BlueprintGraph (614)
[2019.08.02-06.38.04:050][ 10]LogModuleManager: Shutting down and abandoning module HierarchicalLODOutliner (612)
[2019.08.02-06.38.04:050][ 10]LogModuleManager: Shutting down and abandoning module SceneOutliner (610)
[2019.08.02-06.38.04:051][ 10]LogModuleManager: Shutting down and abandoning module AddContentDialog (608)
[2019.08.02-06.38.04:051][ 10]LogModuleManager: Shutting down and abandoning module WidgetCarousel (607)
[2019.08.02-06.38.04:051][ 10]LogModuleManager: Shutting down and abandoning module EditorWidgets (604)
[2019.08.02-06.38.04:051][ 10]LogModuleManager: Shutting down and abandoning module CollectionManager (602)
[2019.08.02-06.38.04:051][ 10]LogModuleManager: Shutting down and abandoning module StatsViewer (600)
[2019.08.02-06.38.04:051][ 10]LogModuleManager: Shutting down and abandoning module FoliageEdit (598)
[2019.08.02-06.38.04:052][ 10]LogModuleManager: Shutting down and abandoning module LandscapeEditor (596)
[2019.08.02-06.38.04:052][ 10]LogModuleManager: Shutting down and abandoning module MeshPaintMode (594)
[2019.08.02-06.38.04:052][ 10]LogModuleManager: Shutting down and abandoning module SceneDepthPickerMode (592)
[2019.08.02-06.38.04:052][ 10]LogModuleManager: Shutting down and abandoning module ActorPickerMode (590)
[2019.08.02-06.38.04:052][ 10]LogModuleManager: Shutting down and abandoning module GeometryMode (588)
[2019.08.02-06.38.04:052][ 10]LogModuleManager: Shutting down and abandoning module TextureAlignMode (586)
[2019.08.02-06.38.04:052][ 10]LogModuleManager: Shutting down and abandoning module BspMode (584)
[2019.08.02-06.38.04:052][ 10]LogModuleManager: Shutting down and abandoning module PIEPreviewDeviceProfileSelector (582)
[2019.08.02-06.38.04:052][ 10]LogModuleManager: Shutting down and abandoning module SequenceRecorderSections (580)
[2019.08.02-06.38.04:053][ 10]LogModuleManager: Shutting down and abandoning module AutomationWorker (578)
[2019.08.02-06.38.04:053][ 10]LogModuleManager: Shutting down and abandoning module AudioCaptureEditor (576)
[2019.08.02-06.38.04:053][ 10]LogModuleManager: Shutting down and abandoning module SequenceRecorder (575)
[2019.08.02-06.38.04:053][ 10]LogModuleManager: Shutting down and abandoning module MatineeToLevelSequence (572)
[2019.08.02-06.38.04:053][ 10]LogModuleManager: Shutting down and abandoning module LevelSequenceEditor (570)
[2019.08.02-06.38.04:053][ 10]LogModuleManager: Shutting down and abandoning module PlacementMode (569)
[2019.08.02-06.38.04:054][ 10]LogModuleManager: Shutting down and abandoning module MaterialEditor (568)
[2019.08.02-06.38.04:054][ 10]LogModuleManager: Shutting down and abandoning module WmfMediaFactory (564)
[2019.08.02-06.38.04:054][ 10]LogModuleManager: Shutting down and abandoning module WmfMediaEditor (562)
[2019.08.02-06.38.04:054][ 10]LogModuleManager: Shutting down and abandoning module MediaPlayerEditor (560)
[2019.08.02-06.38.04:054][ 10]LogModuleManager: Shutting down and abandoning module OpenExrWrapper (558)
[2019.08.02-06.38.04:054][ 10]LogModuleManager: Shutting down and abandoning module ImgMediaFactory (556)
[2019.08.02-06.38.04:054][ 10]LogModuleManager: Shutting down and abandoning module ImgMediaEditor (554)
[2019.08.02-06.38.04:054][ 10]LogModuleManager: Shutting down and abandoning module AvfMediaFactory (552)
[2019.08.02-06.38.04:054][ 10]LogModuleManager: Shutting down and abandoning module AvfMediaEditor (550)
[2019.08.02-06.38.04:055][ 10]LogModuleManager: Shutting down and abandoning module AndroidMediaFactory (548)
[2019.08.02-06.38.04:055][ 10]LogModuleManager: Shutting down and abandoning module AndroidMediaEditor (546)
[2019.08.02-06.38.04:055][ 10]LogModuleManager: Shutting down and abandoning module MagicLeapCameraPreviewFactory (544)
[2019.08.02-06.38.04:055][ 10]LogModuleManager: Shutting down and abandoning module MagicLeapMediaFactory (542)
[2019.08.02-06.38.04:055][ 10]LogModuleManager: Shutting down and abandoning module MagicLeapMediaEditor (540)
[2019.08.02-06.38.04:055][ 10]LogModuleManager: Shutting down and abandoning module CharacterAI (538)
[2019.08.02-06.38.04:055][ 10]LogModuleManager: Shutting down and abandoning module SmartSnapping (536)
[2019.08.02-06.38.04:055][ 10]LogModuleManager: Shutting down and abandoning module SessionServices (534)
[2019.08.02-06.38.04:056][ 10]LogModuleManager: Shutting down and abandoning module ViewportSnapping (532)
[2019.08.02-06.38.04:056][ 10]LogModuleManager: Shutting down and abandoning module ViewportInteraction (530)
[2019.08.02-06.38.04:056][ 10]LogModuleManager: Shutting down and abandoning module ClothPainter (528)
[2019.08.02-06.38.04:057][ 10]LogModuleManager: Shutting down and abandoning module SkeletalMeshEditor (527)
[2019.08.02-06.38.04:057][ 10]LogModuleManager: Shutting down and abandoning module LogVisualizer (524)
[2019.08.02-06.38.04:057][ 10]LogModuleManager: Shutting down and abandoning module IntroTutorials (522)
[2019.08.02-06.38.04:057][ 10]LogModuleManager: Shutting down and abandoning module GameProjectGeneration (521)
[2019.08.02-06.38.04:057][ 10]LogModuleManager: Shutting down and abandoning module LuminPlatformEditor (518)
[2019.08.02-06.38.04:057][ 10]LogModuleManager: Shutting down and abandoning module IOSPlatformEditor (516)
[2019.08.02-06.38.04:057][ 10]LogModuleManager: Shutting down and abandoning module HTML5PlatformEditor (514)
[2019.08.02-06.38.04:058][ 10]LogModuleManager: Shutting down and abandoning module AndroidPlatformEditor (512)
[2019.08.02-06.38.04:058][ 10]LogModuleManager: Shutting down and abandoning module AndroidDeviceDetection (511)
[2019.08.02-06.38.04:842][ 10]LogModuleManager: Shutting down and abandoning module WindowsPlatformEditor (508)
[2019.08.02-06.38.04:842][ 10]LogModuleManager: Shutting down and abandoning module LuminRuntimeSettings (506)
[2019.08.02-06.38.04:842][ 10]LogModuleManager: Shutting down and abandoning module IOSRuntimeSettings (504)
[2019.08.02-06.38.04:842][ 10]LogModuleManager: Shutting down and abandoning module AndroidRuntimeSettings (502)
[2019.08.02-06.38.04:842][ 10]LogModuleManager: Shutting down and abandoning module InputBindingEditor (500)
[2019.08.02-06.38.04:842][ 10]LogModuleManager: Shutting down and abandoning module MergeActors (498)
[2019.08.02-06.38.04:842][ 10]LogModuleManager: Shutting down and abandoning module LocalizationDashboard (496)
[2019.08.02-06.38.04:842][ 10]LogModuleManager: Shutting down and abandoning module LocalizationService (495)
[2019.08.02-06.38.04:843][ 10]LogModuleManager: Shutting down and abandoning module HardwareTargeting (492)
[2019.08.02-06.38.04:843][ 10]LogModuleManager: Shutting down and abandoning module DeviceProfileEditor (490)
[2019.08.02-06.38.04:843][ 10]LogModuleManager: Shutting down and abandoning module UndoHistory (488)
[2019.08.02-06.38.04:843][ 10]LogModuleManager: Shutting down and abandoning module XmlParser (486)
[2019.08.02-06.38.04:843][ 10]LogModuleManager: Shutting down and abandoning module Blutility (484)
[2019.08.02-06.38.04:843][ 10]LogModuleManager: Shutting down and abandoning module ProjectSettingsViewer (482)
[2019.08.02-06.38.04:843][ 10]LogModuleManager: Shutting down and abandoning module ProjectTargetPlatformEditor (481)
[2019.08.02-06.38.04:844][ 10]LogModuleManager: Shutting down and abandoning module EditorSettingsViewer (478)
[2019.08.02-06.38.04:844][ 10]LogModuleManager: Shutting down and abandoning module SettingsEditor (476)
[2019.08.02-06.38.04:845][ 10]LogModuleManager: Shutting down and abandoning module ProjectLauncher (474)
[2019.08.02-06.38.04:845][ 10]LogModuleManager: Shutting down and abandoning module SessionFrontend (472)
[2019.08.02-06.38.04:846][ 10]LogModuleManager: Shutting down and abandoning module ProfilerClient (470)
[2019.08.02-06.38.04:846][ 10]LogModuleManager: Shutting down and abandoning module DeviceManager (468)
[2019.08.02-06.38.04:846][ 10]LogModuleManager: Shutting down and abandoning module TargetDeviceServices (467)
[2019.08.02-06.38.04:902][ 10]LogModuleManager: Shutting down and abandoning module AutomationController (464)
[2019.08.02-06.38.04:902][ 10]LogModuleManager: Shutting down and abandoning module AutomationWindow (462)
[2019.08.02-06.38.04:902][ 10]LogModuleManager: Shutting down and abandoning module Layers (460)
[2019.08.02-06.38.04:902][ 10]LogModuleManager: Shutting down and abandoning module ComponentVisualizers (458)
[2019.08.02-06.38.04:902][ 10]LogModuleManager: Shutting down and abandoning module DetailCustomizations (456)
[2019.08.02-06.38.04:902][ 10]LogModuleManager: Shutting down and abandoning module PackagesDialog (454)
[2019.08.02-06.38.04:903][ 10]LogModuleManager: Shutting down and abandoning module Persona (452)
[2019.08.02-06.38.04:903][ 10]LogModuleManager: Shutting down and abandoning module AdvancedPreviewScene (451)
[2019.08.02-06.38.04:903][ 10]LogModuleManager: Shutting down and abandoning module AnimGraph (449)
[2019.08.02-06.38.04:903][ 10]LogModuleManager: Shutting down and abandoning module Kismet (446)
[2019.08.02-06.38.04:907][ 10]LogModuleManager: Shutting down and abandoning module GraphEditor (444)
[2019.08.02-06.38.04:907][ 10]LogModuleManager: Shutting down and abandoning module ClassViewer (442)
[2019.08.02-06.38.04:907][ 10]LogModuleManager: Shutting down and abandoning module Toolbox (440)
[2019.08.02-06.38.04:908][ 10]LogModuleManager: Shutting down and abandoning module DesktopPlatform (439)
[2019.08.02-06.38.04:908][ 10]LogModuleManager: Shutting down and abandoning module ModuleUI (436)
[2019.08.02-06.38.04:908][ 10]LogModuleManager: Shutting down and abandoning module MovieSceneTools (434)
[2019.08.02-06.38.04:908][ 10]LogModuleManager: Shutting down and abandoning module OutputLog (432)
[2019.08.02-06.38.04:908][ 10]LogModuleManager: Shutting down and abandoning module GammaUI (430)
[2019.08.02-06.38.04:908][ 10]LogModuleManager: Shutting down and abandoning module Documentation (428)
[2019.08.02-06.38.04:908][ 10]LogModuleManager: Shutting down and abandoning module MovieSceneTracks (426)
[2019.08.02-06.38.04:908][ 10]LogModuleManager: Shutting down and abandoning module MovieScene (424)
[2019.08.02-06.38.04:908][ 10]LogModuleManager: Shutting down and abandoning module StreamingPauseRendering (422)
[2019.08.02-06.38.04:909][ 10]LogModuleManager: Shutting down and abandoning module LauncherPlatform (420)
[2019.08.02-06.38.04:909][ 10]LogModuleManager: Shutting down and abandoning module AnalyticsET (418)
[2019.08.02-06.38.04:909][ 10]LogModuleManager: Shutting down and abandoning module PortalServices (416)
[2019.08.02-06.38.04:909][ 10]LogModuleManager: Shutting down and abandoning module PortalRpc (414)
[2019.08.02-06.38.04:909][ 10]LogModuleManager: Shutting down and abandoning module MessagingRpc (412)
[2019.08.02-06.38.04:909][ 10]LogModuleManager: Shutting down and abandoning module AIModule (410)
[2019.08.02-06.38.04:909][ 10]LogModuleManager: Shutting down and abandoning module GameplayDebugger (409)
[2019.08.02-06.38.04:909][ 10]LogModuleManager: Shutting down and abandoning module AITestSuite (407)
[2019.08.02-06.38.04:909][ 10]LogModuleManager: Shutting down and abandoning module NavigationSystem (405)
[2019.08.02-06.38.04:909][ 10]LogModuleManager: Shutting down and abandoning module ProfilerService (402)
[2019.08.02-06.38.05:095][ 10]LogModuleManager: Shutting down and abandoning module TaskGraph (400)
[2019.08.02-06.38.05:096][ 10]LogModuleManager: Shutting down and abandoning module SteamVRController (398)
[2019.08.02-06.38.05:096][ 10]LogModuleManager: Shutting down and abandoning module ProceduralMeshComponentEditor (396)
[2019.08.02-06.38.05:097][ 10]LogModuleManager: Shutting down and abandoning module ProceduralMeshComponent (394)
[2019.08.02-06.38.05:097][ 10]LogModuleManager: Shutting down and abandoning module OculusInput (392)
[2019.08.02-06.38.05:097][ 10]LogModuleManager: Shutting down and abandoning module MobilePatchingUtils (390)
[2019.08.02-06.38.05:097][ 10]LogModuleManager: Shutting down and abandoning module EditableMesh (388)
[2019.08.02-06.38.05:097][ 10]LogModuleManager: Shutting down and abandoning module CustomMeshComponent (386)
[2019.08.02-06.38.05:097][ 10]LogModuleManager: Shutting down and abandoning module CableComponent (384)
[2019.08.02-06.38.05:098][ 10]LogModuleManager: Shutting down and abandoning module AudioCapture (382)
[2019.08.02-06.38.05:098][ 10]LogModuleManager: Shutting down and abandoning module ArchVisCharacter (380)
[2019.08.02-06.38.05:098][ 10]LogModuleManager: Shutting down and abandoning module AndroidPermission (378)
[2019.08.02-06.38.05:098][ 10]LogModuleManager: Shutting down and abandoning module NUTUnrealEngine4 (376)
[2019.08.02-06.38.05:098][ 10]LogModuleManager: Shutting down and abandoning module NetcodeUnitTest (374)
[2019.08.02-06.38.05:098][ 10]LogModuleManager: Shutting down and abandoning module MediaCompositingEditor (372)
[2019.08.02-06.38.05:098][ 10]LogModuleManager: Shutting down and abandoning module MediaCompositing (370)
[2019.08.02-06.38.05:099][ 10]LogModuleManager: Shutting down and abandoning module LinearTimecode (368)
[2019.08.02-06.38.05:099][ 10]LogModuleManager: Shutting down and abandoning module ImgMedia (366)
[2019.08.02-06.38.05:112][ 10]LogModuleManager: Shutting down and abandoning module HTML5Networking (364)
[2019.08.02-06.38.05:113][ 10]LogModuleManager: Shutting down and abandoning module GeometryCacheTracks (362)
[2019.08.02-06.38.05:113][ 10]LogModuleManager: Shutting down and abandoning module GeometryCacheSequencer (360)
[2019.08.02-06.38.05:113][ 10]LogModuleManager: Shutting down and abandoning module BackChannel (358)
[2019.08.02-06.38.05:114][ 10]LogModuleManager: Shutting down and abandoning module AppleVision (356)
[2019.08.02-06.38.05:114][ 10]LogModuleManager: Shutting down and abandoning module AppleImageUtils (354)
[2019.08.02-06.38.05:114][ 10]LogModuleManager: Shutting down and abandoning module AlembicImporter (352)
[2019.08.02-06.38.05:114][ 10]LogModuleManager: Shutting down and abandoning module AlembicLibrary (351)
[2019.08.02-06.38.05:114][ 10]LogModuleManager: Shutting down and abandoning module GeometryCache (350)
[2019.08.02-06.38.05:114][ 10]LogModuleManager: Shutting down and abandoning module GeometryCacheEd (349)
[2019.08.02-06.38.05:115][ 10]LogModuleManager: Shutting down and abandoning module DatasmithContentEditor (344)
[2019.08.02-06.38.05:115][ 10]LogModuleManager: Shutting down and abandoning module DatasmithContent (342)
[2019.08.02-06.38.05:115][ 10]LogModuleManager: Shutting down and abandoning module SpeedTreeImporter (340)
[2019.08.02-06.38.05:116][ 10]LogModuleManager: Shutting down and abandoning module PluginBrowser (338)
[2019.08.02-06.38.05:116][ 10]LogModuleManager: Shutting down and abandoning module MobileLauncherProfileWizard (336)
[2019.08.02-06.38.05:116][ 10]LogModuleManager: Shutting down and abandoning module PolygonModeling (334)
[2019.08.02-06.38.05:116][ 10]LogModuleManager: Shutting down and abandoning module MeshEditor (332)
[2019.08.02-06.38.05:116][ 10]LogModuleManager: Shutting down and abandoning module CryptoKeysOpenSSL (330)
[2019.08.02-06.38.05:117][ 10]LogModuleManager: Shutting down and abandoning module CryptoKeys (328)
[2019.08.02-06.38.05:117][ 10]LogModuleManager: Shutting down and abandoning module VisualStudioSourceCodeAccess (326)
[2019.08.02-06.38.05:117][ 10]LogModuleManager: Shutting down and abandoning module VisualStudioCodeSourceCodeAccess (324)
[2019.08.02-06.38.05:117][ 10]LogModuleManager: Shutting down and abandoning module UObjectPlugin (322)
[2019.08.02-06.38.05:117][ 10]LogModuleManager: Shutting down and abandoning module SubversionSourceControl (320)
[2019.08.02-06.38.05:118][ 10]LogModuleManager: Shutting down and abandoning module PerforceSourceControl (318)
[2019.08.02-06.38.05:118][ 10]LogModuleManager: Shutting down and abandoning module GitSourceControl (316)
[2019.08.02-06.38.05:118][ 10]LogModuleManager: Shutting down and abandoning module SourceControl (315)
[2019.08.02-06.38.05:118][ 10]LogModuleManager: Shutting down and abandoning module CLionSourceCodeAccess (312)
[2019.08.02-06.38.05:118][ 10]LogModuleManager: Shutting down and abandoning module LightPropagationVolumeEditor (310)
[2019.08.02-06.38.05:118][ 10]LogModuleManager: Shutting down and abandoning module PaperTiledImporter (308)
[2019.08.02-06.38.05:118][ 10]LogModuleManager: Shutting down and abandoning module PaperSpriteSheetImporter (306)
[2019.08.02-06.38.05:118][ 10]LogModuleManager: Shutting down and abandoning module Paper2DEditor (304)
[2019.08.02-06.38.05:118][ 10]LogModuleManager: Shutting down and abandoning module MeshPaint (303)
[2019.08.02-06.38.05:119][ 10]LogModuleManager: Shutting down and abandoning module Shooter_OW_Style (300)
[2019.08.02-06.38.05:119][ 10]LogModuleManager: Shutting down and abandoning module RuntimePhysXCooking (298)
[2019.08.02-06.38.05:119][ 10]LogModuleManager: Shutting down and abandoning module PhysXVehiclesEditor (296)
[2019.08.02-06.38.05:119][ 10]LogModuleManager: Shutting down and abandoning module PhysXVehicles (294)
[2019.08.02-06.38.05:119][ 10]LogModuleManager: Shutting down and abandoning module OculusEditor (292)
[2019.08.02-06.38.05:119][ 10]LogModuleManager: Shutting down and abandoning module LocationServicesBPLibrary (290)
[2019.08.02-06.38.05:120][ 10]LogModuleManager: Shutting down and abandoning module ImmediatePhysicsEditor (288)
[2019.08.02-06.38.05:120][ 10]LogModuleManager: Shutting down and abandoning module ImmediatePhysics (286)
[2019.08.02-06.38.05:120][ 10]LogModuleManager: Shutting down and abandoning module ActorSequence (284)
[2019.08.02-06.38.05:120][ 10]LogModuleManager: Shutting down and abandoning module UdpMessaging (282)
[2019.08.02-06.38.05:221][ 10]LogModuleManager: Shutting down and abandoning module TcpMessaging (280)
[2019.08.02-06.38.05:322][ 10]LogModuleManager: Shutting down and abandoning module MagicLeapAudio (278)
[2019.08.02-06.38.05:322][ 10]LogModuleManager: Shutting down and abandoning module GameplayTagsEditor (276)
[2019.08.02-06.38.05:322][ 10]LogModuleManager: Shutting down and abandoning module FacialAnimationEditor (274)
[2019.08.02-06.38.05:322][ 10]LogModuleManager: Shutting down and abandoning module FacialAnimation (272)
[2019.08.02-06.38.05:322][ 10]LogModuleManager: Shutting down and abandoning module DataValidation (270)
[2019.08.02-06.38.05:322][ 10]LogModuleManager: Shutting down and abandoning module AssetManagerEditor (268)
[2019.08.02-06.38.05:323][ 10]LogModuleManager: Shutting down and abandoning module LevelEditor (267)
[2019.08.02-06.38.05:323][ 10]LogModuleManager: Shutting down and abandoning module PixelInspectorModule (266)
[2019.08.02-06.38.05:323][ 10]LogModuleManager: Shutting down and abandoning module CommonMenuExtensions (264)
[2019.08.02-06.38.05:324][ 10]LogModuleManager: Shutting down and abandoning module MainFrame (262)
[2019.08.02-06.38.05:324][ 10]LogModuleManager: Shutting down and abandoning module HotReload (261)
[2019.08.02-06.38.05:325][ 10]LogModuleManager: Shutting down and abandoning module ContentBrowser (257)
[2019.08.02-06.38.05:326][ 10]LogModuleManager: Shutting down and abandoning module TreeMap (255)
[2019.08.02-06.38.05:326][ 10]LogModuleManager: Shutting down and abandoning module LightPropagationVolumeRuntime (252)
[2019.08.02-06.38.05:326][ 10]LogModuleManager: Shutting down and abandoning module AISupportModule (250)
[2019.08.02-06.38.05:326][ 10]LogModuleManager: Shutting down and abandoning module Paper2D (248)
[2019.08.02-06.38.05:327][ 10]LogModuleManager: Shutting down and abandoning module WindowsMoviePlayer (246)
[2019.08.02-06.38.05:327][ 10]LogModuleManager: Shutting down and abandoning module WmfMedia (244)
[2019.08.02-06.38.05:329][ 10]LogModuleManager: Shutting down and abandoning module Media (243)
[2019.08.02-06.38.05:337][ 10]LogModuleManager: Shutting down and abandoning module PacketHandler (240)
[2019.08.02-06.38.05:337][ 10]LogModuleManager: Shutting down and abandoning module ClothingSystemEditor (238)
[2019.08.02-06.38.05:337][ 10]LogModuleManager: Shutting down and abandoning module ClothingSystemRuntime (236)
[2019.08.02-06.38.05:337][ 10]LogModuleManager: Shutting down and abandoning module MediaAssets (234)
[2019.08.02-06.38.05:337][ 10]LogModuleManager: Shutting down and abandoning module Overlay (232)
[2019.08.02-06.38.05:337][ 10]LogModuleManager: Shutting down and abandoning module OverlayEditor (231)
[2019.08.02-06.38.05:337][ 10]LogModuleManager: Shutting down and abandoning module VREditor (228)
[2019.08.02-06.38.05:338][ 10]LogModuleManager: Shutting down and abandoning module StringTableEditor (226)
[2019.08.02-06.38.05:338][ 10]LogModuleManager: Shutting down and abandoning module GameplayTasksEditor (224)
[2019.08.02-06.38.05:338][ 10]LogModuleManager: Shutting down and abandoning module BehaviorTreeEditor (222)
[2019.08.02-06.38.05:338][ 10]LogModuleManager: Shutting down and abandoning module FunctionalTesting (220)
[2019.08.02-06.38.05:338][ 10]LogModuleManager: Shutting down and abandoning module CollisionAnalyzer (218)
[2019.08.02-06.38.05:338][ 10]LogModuleManager: Shutting down and abandoning module WorkspaceMenuStructure (217)
[2019.08.02-06.38.05:338][ 10]LogModuleManager: Shutting down and abandoning module UMG (214)
[2019.08.02-06.38.05:338][ 10]LogModuleManager: Shutting down and abandoning module UMGEditor (213)
[2019.08.02-06.38.05:339][ 10]LogModuleManager: Shutting down and abandoning module Sequencer (212)
[2019.08.02-06.38.05:339][ 10]LogModuleManager: Shutting down and abandoning module MessageLog (209)
[2019.08.02-06.38.05:339][ 10]LogModuleManager: Shutting down and abandoning module SlateReflector (204)
[2019.08.02-06.38.05:339][ 10]LogModuleManager: Shutting down and abandoning module Slate (202)
[2019.08.02-06.38.05:339][ 10]LogModuleManager: Shutting down and abandoning module EditorStyle (200)
[2019.08.02-06.38.05:341][ 10]LogModuleManager: Shutting down and abandoning module MRMesh (198)
[2019.08.02-06.38.05:341][ 10]LogModuleManager: Shutting down and abandoning module SourceCodeAccess (196)
[2019.08.02-06.38.05:341][ 10]LogModuleManager: Shutting down and abandoning module HeadMountedDisplay (194)
[2019.08.02-06.38.05:341][ 10]LogModuleManager: Shutting down and abandoning module XAudio2 (192)
[2019.08.02-06.38.05:341][ 10]LogModuleManager: Shutting down and abandoning module Networking (190)
[2019.08.02-06.38.05:341][ 10]LogModuleManager: Shutting down and abandoning module Core (188)
[2019.08.02-06.38.05:342][ 10]LogModuleManager: Shutting down and abandoning module LevelSequence (186)
[2019.08.02-06.38.05:342][ 10]LogModuleManager: Shutting down and abandoning module KismetCompiler (184)
[2019.08.02-06.38.05:342][ 10]LogModuleManager: Shutting down and abandoning module MeshUtilities (182)
[2019.08.02-06.38.05:342][ 10]LogModuleManager: Shutting down and abandoning module MeshMergeUtilities (181)
[2019.08.02-06.38.05:342][ 10]LogModuleManager: Shutting down and abandoning module MeshReductionInterface (180)
[2019.08.02-06.38.05:342][ 10]LogModuleManager: Shutting down and abandoning module SimplygonSwarm (179)
[2019.08.02-06.38.05:342][ 10]LogModuleManager: Shutting down and abandoning module ProxyLODMeshReduction (177)
[2019.08.02-06.38.05:342][ 10]LogModuleManager: Shutting down and abandoning module SimplygonMeshReduction (175)
[2019.08.02-06.38.05:342][ 10]LogModuleManager: Shutting down and abandoning module QuadricMeshReduction (173)
[2019.08.02-06.38.05:343][ 10]LogModuleManager: Shutting down and abandoning module MaterialBaking (169)
[2019.08.02-06.38.05:343][ 10]LogModuleManager: Shutting down and abandoning module DirectoryWatcher (165)
[2019.08.02-06.38.05:343][ 10]LogModuleManager: Shutting down and abandoning module DerivedDataCache (162)
[2019.08.02-06.38.05:365][ 10]LogDerivedDataCache: Shutdown
[2019.08.02-06.38.05:365][ 10]LogModuleManager: Shutting down and abandoning module XGEController (160)
[2019.08.02-06.38.05:365][ 10]LogXGEController: Cleaning working directory: C:/Users/Joan Abad/AppData/Local/Temp/UnrealXGEWorkingDir/
[2019.08.02-06.38.05:365][ 10]LogModuleManager: Shutting down and abandoning module TargetPlatform (158)
[2019.08.02-06.38.05:366][ 10]LogModuleManager: Shutting down and abandoning module VulkanShaderFormat (157)
[2019.08.02-06.38.05:366][ 10]LogModuleManager: Shutting down and abandoning module ShaderFormatVectorVM (155)
[2019.08.02-06.38.05:366][ 10]LogModuleManager: Shutting down and abandoning module ShaderFormatOpenGL (153)
[2019.08.02-06.38.05:366][ 10]LogModuleManager: Shutting down and abandoning module ShaderFormatD3D (151)
[2019.08.02-06.38.05:367][ 10]LogModuleManager: Shutting down and abandoning module MetalShaderFormat (149)
[2019.08.02-06.38.05:367][ 10]LogModuleManager: Shutting down and abandoning module TextureFormatUncompressed (147)
[2019.08.02-06.38.05:367][ 10]LogModuleManager: Shutting down and abandoning module TextureFormatPVR (145)
[2019.08.02-06.38.05:367][ 10]LogModuleManager: Shutting down and abandoning module TextureFormatDXT (143)
[2019.08.02-06.38.05:367][ 10]LogModuleManager: Shutting down and abandoning module TextureFormatIntelISPCTexComp (141)
[2019.08.02-06.38.05:368][ 10]LogModuleManager: Shutting down and abandoning module TextureFormatASTC (139)
[2019.08.02-06.38.05:368][ 10]LogModuleManager: Shutting down and abandoning module ImageWrapper (138)
[2019.08.02-06.38.05:368][ 10]LogModuleManager: Shutting down and abandoning module TextureFormatAndroid (135)
[2019.08.02-06.38.05:368][ 10]LogModuleManager: Shutting down and abandoning module AudioFormatOpus (133)
[2019.08.02-06.38.05:368][ 10]LogModuleManager: Shutting down and abandoning module AudioFormatOgg (131)
[2019.08.02-06.38.05:368][ 10]LogModuleManager: Shutting down and abandoning module AudioFormatADPCM (129)
[2019.08.02-06.38.05:368][ 10]LogModuleManager: Shutting down and abandoning module LuminTargetPlatform (127)
[2019.08.02-06.38.05:369][ 10]LogModuleManager: Shutting down and abandoning module LinuxTargetPlatform (125)
[2019.08.02-06.38.05:369][ 10]LogModuleManager: Shutting down and abandoning module LinuxServerTargetPlatform (123)
[2019.08.02-06.38.05:369][ 10]LogModuleManager: Shutting down and abandoning module LinuxNoEditorTargetPlatform (121)
[2019.08.02-06.38.05:369][ 10]LogModuleManager: Shutting down and abandoning module LinuxClientTargetPlatform (119)
[2019.08.02-06.38.05:369][ 10]LogModuleManager: Shutting down and abandoning module TVOSTargetPlatform (117)
[2019.08.02-06.38.05:370][ 10]LogModuleManager: Shutting down and abandoning module Messaging (115)
[2019.08.02-06.38.05:370][ 10]LogModuleManager: Shutting down and abandoning module IOSTargetPlatform (113)
[2019.08.02-06.38.05:371][ 10]LogModuleManager: Shutting down and abandoning module HTML5TargetPlatform (111)
[2019.08.02-06.38.05:371][ 10]LogModuleManager: Shutting down and abandoning module AndroidTargetPlatform (109)
[2019.08.02-06.38.05:376][ 10]LogModuleManager: Shutting down and abandoning module WindowsTargetPlatform (107)
[2019.08.02-06.38.05:377][ 10]LogModuleManager: Shutting down and abandoning module WindowsServerTargetPlatform (105)
[2019.08.02-06.38.05:377][ 10]LogModuleManager: Shutting down and abandoning module WindowsNoEditorTargetPlatform (103)
[2019.08.02-06.38.05:377][ 10]LogModuleManager: Shutting down and abandoning module WindowsClientTargetPlatform (101)
[2019.08.02-06.38.05:377][ 10]LogModuleManager: Shutting down and abandoning module MacTargetPlatform (99)
[2019.08.02-06.38.05:377][ 10]LogModuleManager: Shutting down and abandoning module MacServerTargetPlatform (97)
[2019.08.02-06.38.05:377][ 10]LogModuleManager: Shutting down and abandoning module MacNoEditorTargetPlatform (95)
[2019.08.02-06.38.05:377][ 10]LogModuleManager: Shutting down and abandoning module MacClientTargetPlatform (93)
[2019.08.02-06.38.05:377][ 10]LogModuleManager: Shutting down and abandoning module AllDesktopTargetPlatform (91)
[2019.08.02-06.38.05:377][ 10]LogModuleManager: Shutting down and abandoning module InputCore (88)
[2019.08.02-06.38.05:377][ 10]LogModuleManager: Shutting down and abandoning module Settings (86)
[2019.08.02-06.38.05:377][ 10]LogModuleManager: Shutting down and abandoning module PhysXCooking (84)
[2019.08.02-06.38.05:377][ 10]LogModuleManager: Shutting down and abandoning module SteamVR (82)
[2019.08.02-06.38.05:377][ 10]LogModuleManager: Shutting down and abandoning module OculusHMD (80)
[2019.08.02-06.38.05:377][ 10]LogModuleManager: Shutting down and abandoning module ExampleDeviceProfileSelector (78)
[2019.08.02-06.38.05:378][ 10]LogModuleManager: Shutting down and abandoning module LauncherChunkInstaller (76)
[2019.08.02-06.38.05:379][ 10]LogModuleManager: Shutting down and abandoning module OnlineBlueprintSupport (74)
[2019.08.02-06.38.05:380][ 10]LogModuleManager: Shutting down and abandoning module OnlineSubsystem (70)
[2019.08.02-06.38.05:381][ 10]LogModuleManager: Shutting down and abandoning module XMPP (65)
[2019.08.02-06.38.05:381][ 10]LogModuleManager: Shutting down and abandoning module WebSockets (64)
[2019.08.02-06.38.05:418][ 10]LogModuleManager: Shutting down and abandoning module HTTP (61)
[2019.08.02-06.38.05:418][ 10]LogHttp: Display: Http module shutting down, but needs to wait on 1 outstanding Http requests:
[2019.08.02-06.38.05:418][ 10]LogHttp: Display: 	verb=[POST] url=[https://datarouter.ol.epicgames.com/datarouter/api/v1/public/data?SessionID=%7BEE1C8382-4E3C-6F43-2641-E48344193100%7D&AppID=UEEditor.Rocket.Release&AppVersion=4.20.3-4369336%2B%2B%2BUE4%2BRelease-4.20&UserID=ef0cb73c40ee232067bf2f9418bfd32e%7Cedd99b47fa48427186a74866ceca2384%7C85907bce-fbd9-4385-9f0f-76ca26d18a0d&AppEnvironment=datacollector-binary&UploadType=eteventstream] status=Processing
[2019.08.02-06.38.05:423][ 10]LogModuleManager: Shutting down and abandoning module SSL (60)
[2019.08.02-06.38.05:424][ 10]LogModuleManager: Shutting down and abandoning module MagicLeapEmulator (56)
[2019.08.02-06.38.05:425][ 10]LogModuleManager: Shutting down and abandoning module MagicLeapPrivileges (54)
[2019.08.02-06.38.05:425][ 10]LogModuleManager: Shutting down and abandoning module MagicLeapIdentity (52)
[2019.08.02-06.38.05:425][ 10]LogModuleManager: Shutting down and abandoning module MagicLeapHelperVulkan (50)
[2019.08.02-06.38.05:425][ 10]LogModuleManager: Shutting down and abandoning module MagicLeapHelperOpenGL (48)
[2019.08.02-06.38.05:425][ 10]LogModuleManager: Shutting down and abandoning module MagicLeapSecureStorage (46)
[2019.08.02-06.38.05:425][ 10]LogModuleManager: Shutting down and abandoning module MagicLeapGestures (44)
[2019.08.02-06.38.05:425][ 10]LogModuleManager: Shutting down and abandoning module MagicLeapEyeTracker (42)
[2019.08.02-06.38.05:425][ 10]LogModuleManager: Shutting down and abandoning module MagicLeapController (40)
[2019.08.02-06.38.05:426][ 10]LogSlate: Slate User Destroyed.  User Index 0, Is Virtual User: 0
[2019.08.02-06.38.05:426][ 10]LogModuleManager: Shutting down and abandoning module MagicLeap (38)
[2019.08.02-06.38.05:426][ 10]LogModuleManager: Shutting down and abandoning module AnimationModifiers (36)
[2019.08.02-06.38.05:426][ 10]LogModuleManager: Shutting down and abandoning module PropertyEditor (35)
[2019.08.02-06.38.05:426][ 10]LogModuleManager: Shutting down and abandoning module AudioEditor (32)
[2019.08.02-06.38.05:426][ 10]LogModuleManager: Shutting down and abandoning module TextureCompressor (30)
[2019.08.02-06.38.05:428][ 10]LogModuleManager: Shutting down and abandoning module ShaderCore (28)
[2019.08.02-06.38.05:428][ 10]LogModuleManager: Shutting down and abandoning module Landscape (26)
[2019.08.02-06.38.05:428][ 10]LogModuleManager: Shutting down and abandoning module SlateRHIRenderer (24)
[2019.08.02-06.38.05:430][ 10]LogModuleManager: Shutting down and abandoning module OpenGLDrv (22)
[2019.08.02-06.38.05:430][ 10]LogModuleManager: Shutting down and abandoning module D3D11RHI (20)
[2019.08.02-06.38.05:430][ 10]LogModuleManager: Shutting down and abandoning module AnimGraphRuntime (18)
[2019.08.02-06.38.05:430][ 10]LogModuleManager: Shutting down and abandoning module Renderer (16)
[2019.08.02-06.38.05:430][ 10]LogModuleManager: Shutting down and abandoning module Engine (14)
[2019.08.02-06.38.05:430][ 10]LogModuleManager: Shutting down and abandoning module CoreUObject (12)
[2019.08.02-06.38.05:430][ 10]LogModuleManager: Shutting down and abandoning module NetworkFile (10)
[2019.08.02-06.38.05:430][ 10]LogModuleManager: Shutting down and abandoning module CookedIterativeFile (8)
[2019.08.02-06.38.05:430][ 10]LogModuleManager: Shutting down and abandoning module StreamingFile (6)
[2019.08.02-06.38.05:430][ 10]LogModuleManager: Shutting down and abandoning module SandboxFile (4)
[2019.08.02-06.38.05:430][ 10]LogModuleManager: Shutting down and abandoning module PakFile (2)
[2019.08.02-06.38.05:438][ 10]LogExit: Exiting.
[2019.08.02-06.38.05:440][ 10]Log file closed, 08/02/19 08:38:05
