Log file open, 07/29/19 21:00:50
LogWindows: Failed to load 'aqProf.dll' (GetLastError=126)
LogWindows: File 'aqProf.dll' does not exist
LogWindows: Failed to load 'VtuneApi.dll' (GetLastError=126)
LogWindows: File 'VtuneApi.dll' does not exist
LogWindows: Failed to load 'VtuneApi32e.dll' (GetLastError=126)
LogWindows: File 'VtuneApi32e.dll' does not exist
LogInit: Display: Running engine for game: Shooter_OW_Style
LogPlatformFile: Not using cached read wrapper
LogTaskGraph: Started task graph with 5 named threads and 14 total threads with 3 sets of task threads.
LogStats: Stats thread started at 0.250923
LogD3D11RHI: Loaded GFSDK_Aftermath_Lib.x64.dll
LogICUInternationalization: Display: ICU TimeZone Detection - Raw Offset: +1:00, Platform Override: ''
LogPluginManager: Mounting plugin Paper2D
LogPluginManager: Mounting plugin AISupport
LogPluginManager: Mounting plugin LightPropagationVolume
LogPluginManager: Mounting plugin CLionSourceCodeAccess
LogPluginManager: Mounting plugin CodeLiteSourceCodeAccess
LogPluginManager: Mounting plugin GitSourceControl
LogPluginManager: Mounting plugin KDevelopSourceCodeAccess
LogPluginManager: Mounting plugin NullSourceCodeAccess
LogPluginManager: Mounting plugin PerforceSourceControl
LogPluginManager: Mounting plugin SubversionSourceControl
LogPluginManager: Mounting plugin UObjectPlugin
LogPluginManager: Mounting plugin VisualStudioCodeSourceCodeAccess
LogPluginManager: Mounting plugin VisualStudioSourceCodeAccess
LogPluginManager: Mounting plugin XCodeSourceCodeAccess
LogPluginManager: Mounting plugin AssetManagerEditor
LogPluginManager: Mounting plugin CryptoKeys
LogPluginManager: Mounting plugin DataValidation
LogPluginManager: Mounting plugin FacialAnimation
LogPluginManager: Mounting plugin GameplayTagsEditor
LogPluginManager: Mounting plugin MacGraphicsSwitching
LogPluginManager: Mounting plugin MeshEditor
LogPluginManager: Mounting plugin MobileLauncherProfileWizard
LogPluginManager: Mounting plugin PluginBrowser
LogPluginManager: Mounting plugin SpeedTreeImporter
LogPluginManager: Mounting plugin DatasmithContent
LogPluginManager: Mounting plugin AlembicImporter
LogPluginManager: Mounting plugin AppleImageUtils
LogPluginManager: Mounting plugin AppleVision
LogPluginManager: Mounting plugin BackChannel
LogPluginManager: Mounting plugin CharacterAI
LogPluginManager: Mounting plugin GeometryCache
LogPluginManager: Mounting plugin HTML5Networking
LogPluginManager: Mounting plugin ProxyLODPlugin
LogPluginManager: Mounting plugin MagicLeap
LogPluginManager: Mounting plugin MagicLeapEmulator
LogPluginManager: Mounting plugin MagicLeapMedia
LogPluginManager: Mounting plugin AndroidMedia
LogPluginManager: Mounting plugin AvfMedia
LogPluginManager: Mounting plugin ImgMedia
LogPluginManager: Mounting plugin LinearTimecode
LogPluginManager: Mounting plugin MediaCompositing
LogPluginManager: Mounting plugin MediaPlayerEditor
LogPluginManager: Mounting plugin WmfMedia
LogPluginManager: Mounting plugin TcpMessaging
LogPluginManager: Mounting plugin UdpMessaging
LogPluginManager: Mounting plugin ActorSequence
LogPluginManager: Mounting plugin LevelSequenceEditor
LogPluginManager: Mounting plugin MatineeToLevelSequence
LogPluginManager: Mounting plugin NetcodeUnitTest
LogPluginManager: Mounting plugin NUTUnrealEngine4
LogPluginManager: Mounting plugin OnlineSubsystemGooglePlay
LogPluginManager: Mounting plugin OnlineSubsystemIOS
LogPluginManager: Mounting plugin OnlineSubsystem
LogPluginManager: Mounting plugin OnlineSubsystemNull
LogPluginManager: Mounting plugin OnlineSubsystemUtils
LogPluginManager: Mounting plugin LauncherChunkInstaller
LogPluginManager: Mounting plugin AndroidDeviceProfileSelector
LogPluginManager: Mounting plugin AndroidMoviePlayer
LogPluginManager: Mounting plugin AndroidPermission
LogPluginManager: Mounting plugin AppleMoviePlayer
LogPluginManager: Mounting plugin ArchVisCharacter
LogPluginManager: Mounting plugin AudioCapture
LogPluginManager: Mounting plugin CableComponent
LogPluginManager: Mounting plugin CustomMeshComponent
LogPluginManager: Mounting plugin EditableMesh
LogPluginManager: Mounting plugin ExampleDeviceProfileSelector
LogPluginManager: Mounting plugin GoogleCloudMessaging
LogPluginManager: Mounting plugin ImmediatePhysics
LogPluginManager: Mounting plugin IOSDeviceProfileSelector
LogPluginManager: Mounting plugin LinuxDeviceProfileSelector
LogPluginManager: Mounting plugin LocationServicesBPLibrary
LogPluginManager: Mounting plugin MobilePatchingUtils
LogPluginManager: Mounting plugin OculusVR
LogPluginManager: Plugin shader directory ../../../Engine/Plugins/Runtime/Oculus/OculusVR/Shaders found
LogPluginManager: Mapping shader source directory ../../../Engine/Plugins/Runtime/Oculus/OculusVR/Shaders to virtual directory /Plugin/OculusVR
LogPluginManager: Mounting plugin PhysXVehicles
LogPluginManager: Mounting plugin ProceduralMeshComponent
LogPluginManager: Mounting plugin RuntimePhysXCooking
LogPluginManager: Mounting plugin SteamVR
LogPluginManager: Mounting plugin WindowsMoviePlayer
LogStreaming: Display: Took  0.109s to configure plugins.
LogInit: Using libcurl 7.55.1-DEV
LogInit:  - built for x86_64-pc-win32
LogInit:  - supports SSL with OpenSSL/1.0.2h
LogInit:  - supports HTTP deflate (compression) using libz 1.2.8
LogInit:  - other features:
LogInit:      CURL_VERSION_SSL
LogInit:      CURL_VERSION_LIBZ
LogInit:      CURL_VERSION_IPV6
LogInit:      CURL_VERSION_ASYNCHDNS
LogInit:      CURL_VERSION_LARGEFILE
LogInit:      CURL_VERSION_IDN
LogInit:  CurlRequestOptions (configurable via config and command line):
LogInit:  - bVerifyPeer = false  - Libcurl will NOT verify peer certificate
LogInit:  - bUseHttpProxy = false  - Libcurl will NOT use HTTP proxy
LogInit:  - bDontReuseConnections = false  - Libcurl will reuse connections
LogInit:  - CertBundlePath = nullptr  - Libcurl will use whatever was configured at build time.
LogInit:  - MaxHostConnections = 16  - Libcurl will limit the number of connections to a host
LogInit:  - LocalHostAddr = Default
LogInit:  - BufferSize = 65536
LogInit: WinSock: version 1.1 (2.2), MaxSocks=32767, MaxUdp=65467
LogInit: Build: ++UE4+Release-4.20-CL-4369336
LogInit: Engine Version: 4.20.3-4369336+++UE4+Release-4.20
LogInit: Compatible Engine Version: 4.20.0-4212847+++UE4+Release-4.20
LogInit: Net CL: 4212847
LogInit: OS: Windows 8.1 (), CPU: Intel(R) Core(TM) i5-6600K CPU @ 3.50GHz, GPU: NVIDIA GeForce GTX 1070
LogInit: Compiled (64-bit): Sep 17 2018 12:26:19
LogInit: Compiled with Visual C++: 19.13.26129.00
LogInit: Build Configuration: Development
LogInit: Branch Name: ++UE4+Release-4.20
LogInit: Command Line:  -skipcompile
LogInit: Base Directory: C:/Program Files/Epic Games/UE_4.20/Engine/Binaries/Win64/
LogInit: Installed Engine Build: 1
LogDevObjectVersion: Number of dev versions registered: 20
LogDevObjectVersion:   Dev-Blueprints (B0D832E4-1F89-4F0D-ACCF-7EB736FD4AA2): 10
LogDevObjectVersion:   Dev-Build (E1C64328-A22C-4D53-A36C-8E866417BD8C): 0
LogDevObjectVersion:   Dev-Core (375EC13C-06E4-48FB-B500-84F0262A717E): 2
LogDevObjectVersion:   Dev-Editor (E4B068ED-F494-42E9-A231-DA0B2E46BB41): 24
LogDevObjectVersion:   Dev-Framework (CFFC743F-43B0-4480-9391-14DF171D2073): 34
LogDevObjectVersion:   Dev-Mobile (B02B49B5-BB20-44E9-A304-32B752E40360): 2
LogDevObjectVersion:   Dev-Networking (A4E4105C-59A1-49B5-A7C5-40C4547EDFEE): 0
LogDevObjectVersion:   Dev-Online (39C831C9-5AE6-47DC-9A44-9C173E1C8E7C): 0
LogDevObjectVersion:   Dev-Physics (78F01B33-EBEA-4F98-B9B4-84EACCB95AA2): 0
LogDevObjectVersion:   Dev-Platform (6631380F-2D4D-43E0-8009-CF276956A95A): 0
LogDevObjectVersion:   Dev-Rendering (12F88B9F-8875-4AFC-A67C-D90C383ABD29): 26
LogDevObjectVersion:   Dev-Sequencer (7B5AE74C-D270-4C10-A958-57980B212A5A): 9
LogDevObjectVersion:   Dev-VR (D7296918-1DD6-4BDD-9DE2-64A83CC13884): 2
LogDevObjectVersion:   Dev-LoadTimes (C2A15278-BFE7-4AFE-6C17-90FF531DF755): 1
LogDevObjectVersion:   Private-Geometry (6EACA3D4-40EC-4CC1-B786-8BED09428FC5): 3
LogDevObjectVersion:   Dev-AnimPhys (29E575DD-E0A3-4627-9D10-D276232CDCEA): 17
LogDevObjectVersion:   Dev-ReflectionCapture (6B266CEC-1EC7-4B8F-A30B-E4D90942FC07): 1
LogDevObjectVersion:   Dev-Automation (0DF73D61-A23F-47EA-B727-89E90C41499A): 1
LogDevObjectVersion:   FortniteMain (601D1886-AC64-4F84-AA16-D3DE0DEAC7D6): 12
LogDevObjectVersion:   Dev-Enterprise (9DFFBCD6-494F-0158-E221-12823C92A888): 1
LogStreaming: Display: Took  0.002s to delete old logs.
LogInit: Presizing for max 8388607 objects, including 0 objects not considered by GC, pre-allocating 0 bytes for permanent pool.
LogInit: Object subsystem initialized
[2019.07.29-19.00.51:170][  0]LogInit: Selected Device Profile: [Windows]
[2019.07.29-19.00.51:170][  0]LogInit: Applying CVar settings loaded from the selected device profile: [Windows]
[2019.07.29-19.00.51:178][  0]LogHAL: Display: Platform has ~ 16 GB [17137950720 / 17179869184 / 16], which maps to Larger [LargestMinGB=32, LargerMinGB=12, DefaultMinGB=8, SmallerMinGB=6, SmallestMinGB=0)
[2019.07.29-19.00.51:178][  0]LogInit: Setting Device Profile CVar: [[r.Vulkan.UseRealUBs:1]]
[2019.07.29-19.00.51:178][  0]LogInit: Going up to parent DeviceProfile []
[2019.07.29-19.00.51:178][  0]LogInit: Computer: JOANPC
[2019.07.29-19.00.51:178][  0]LogInit: User: JoanAbad
[2019.07.29-19.00.51:178][  0]LogInit: CPU Page size=4096, Cores=4
[2019.07.29-19.00.51:179][  0]LogInit: High frequency timer resolution =3.421873 MHz
[2019.07.29-19.00.51:179][  0]LogMemory: Memory total: Physical=16.0GB (16GB approx)
[2019.07.29-19.00.51:179][  0]LogMemory: Platform Memory Stats for Windows
[2019.07.29-19.00.51:179][  0]LogMemory: Process Physical Memory: 99.96 MB used, 99.96 MB peak
[2019.07.29-19.00.51:179][  0]LogMemory: Process Virtual Memory: 92.27 MB used, 92.27 MB peak
[2019.07.29-19.00.51:179][  0]LogMemory: Physical Memory: 7952.64 MB used,  8391.39 MB free, 16344.02 MB total
[2019.07.29-19.00.51:179][  0]LogMemory: Virtual Memory: 482.45 MB used,  8391.39 MB free, 134217728.00 MB total
[2019.07.29-19.00.51:274][  0]LogInit: Overriding language with editor language configuration option (en).
[2019.07.29-19.00.51:274][  0]LogInit: Overriding locale with editor locale configuration option (en).
[2019.07.29-19.00.51:629][  0]LogStreaming: Display: Took  0.354s to InitEngineTextLocalization.
[2019.07.29-19.00.51:629][  0]LogInit: Setting process to per monitor DPI aware
[2019.07.29-19.00.51:654][  0]LogSlate: New Slate User Created.  User Index 0, Is Virtual User: 0
[2019.07.29-19.00.51:654][  0]LogSlate: Slate User Registered.  User Index 0, Is Virtual User: 0
[2019.07.29-19.00.51:788][  0]LogHMD: Failed to initialize OpenVR with code 110
[2019.07.29-19.00.51:788][  0]LogD3D11RHI: D3D11 adapters:
[2019.07.29-19.00.51:871][  0]LogD3D11RHI:    0. 'NVIDIA GeForce GTX 1070' (Feature Level 11_0)
[2019.07.29-19.00.51:871][  0]LogD3D11RHI:       8046/0/8172 MB DedicatedVideo/DedicatedSystem/SharedSystem, Outputs:2, VendorId:0x10de
[2019.07.29-19.00.51:875][  0]LogD3D11RHI:    1. 'Microsoft Basic Render Driver' (Feature Level 11_0)
[2019.07.29-19.00.51:875][  0]LogD3D11RHI:       0/0/256 MB DedicatedVideo/DedicatedSystem/SharedSystem, Outputs:0, VendorId:0x1414
[2019.07.29-19.00.51:875][  0]LogD3D11RHI: Chosen D3D11 Adapter: 0
[2019.07.29-19.00.51:880][  0]LogD3D11RHI: Creating new Direct3DDevice
[2019.07.29-19.00.51:880][  0]LogD3D11RHI:     GPU DeviceId: 0x1b81 (for the marketing name, search the web for "GPU Device Id")
[2019.07.29-19.00.51:880][  0]LogWindows: EnumDisplayDevices:
[2019.07.29-19.00.51:881][  0]LogWindows:    0. 'NVIDIA GeForce GTX 1070' (P:1 D:1)
[2019.07.29-19.00.51:881][  0]LogWindows:    1. 'NVIDIA GeForce GTX 1070' (P:0 D:1)
[2019.07.29-19.00.51:881][  0]LogWindows:    2. 'NVIDIA GeForce GTX 1070' (P:0 D:0)
[2019.07.29-19.00.51:881][  0]LogWindows:    3. 'NVIDIA GeForce GTX 1070' (P:0 D:0)
[2019.07.29-19.00.51:881][  0]LogWindows: DebugString: FoundDriverCount:4 
[2019.07.29-19.00.51:881][  0]LogD3D11RHI:     Adapter Name: NVIDIA GeForce GTX 1070
[2019.07.29-19.00.51:881][  0]LogD3D11RHI:   Driver Version: 431.60 (internal:26.21.14.3160, unified:431.60)
[2019.07.29-19.00.51:881][  0]LogD3D11RHI:      Driver Date: 7-17-2019
[2019.07.29-19.00.51:881][  0]LogRHI: Texture pool is 5632 MB (70% of 8046 MB)
[2019.07.29-19.00.51:906][  0]LogD3D11RHI: Async texture creation enabled
[2019.07.29-19.00.51:927][  0]LogD3D11RHI: GPU Timing Frequency: 1000.000000 (Debug: 2 2)
[2019.07.29-19.00.51:971][  0]LogShaderCompilers: Guid format shader working directory is -40 characters bigger than the processId version (../../../../../../Users/Joan Abad/Documents/Github/ShooterOnlineOW_Style/Shooter_OW_Style/Intermediate/Shaders/WorkingDirectory/10936/).
[2019.07.29-19.00.51:971][  0]LogShaderCompilers: Cleaned the shader compiler working directory 'C:/Users/Joan Abad/AppData/Local/Temp/UnrealShaderWorkingDir/8B65E88847DB70FB2813E49A0845955A/'.
[2019.07.29-19.00.52:195][  0]LogTemp: Display: Loaded TP AllDesktopTargetPlatform
[2019.07.29-19.00.52:209][  0]LogTemp: Display: Loaded TP MacClientTargetPlatform
[2019.07.29-19.00.52:226][  0]LogTemp: Display: Loaded TP MacNoEditorTargetPlatform
[2019.07.29-19.00.52:239][  0]LogTemp: Display: Loaded TP MacServerTargetPlatform
[2019.07.29-19.00.52:255][  0]LogTemp: Display: Loaded TP MacTargetPlatform
[2019.07.29-19.00.52:268][  0]LogTemp: Display: Loaded TP WindowsClientTargetPlatform
[2019.07.29-19.00.52:282][  0]LogTemp: Display: Loaded TP WindowsNoEditorTargetPlatform
[2019.07.29-19.00.52:297][  0]LogTemp: Display: Loaded TP WindowsServerTargetPlatform
[2019.07.29-19.00.52:310][  0]LogTemp: Display: Loaded TP WindowsTargetPlatform
[2019.07.29-19.00.52:385][  0]LogTemp: Display: Loaded TP AndroidTargetPlatform
[2019.07.29-19.00.52:385][  0]LogTemp: Display: Loaded TP AndroidTargetPlatform
[2019.07.29-19.00.52:385][  0]LogTemp: Display: Loaded TP AndroidTargetPlatform
[2019.07.29-19.00.52:385][  0]LogTemp: Display: Loaded TP AndroidTargetPlatform
[2019.07.29-19.00.52:385][  0]LogTemp: Display: Loaded TP AndroidTargetPlatform
[2019.07.29-19.00.52:385][  0]LogTemp: Display: Loaded TP AndroidTargetPlatform
[2019.07.29-19.00.52:385][  0]LogTemp: Display: Loaded TP AndroidTargetPlatform
[2019.07.29-19.00.52:385][  0]LogTemp: Display: Loaded TP AndroidTargetPlatform
[2019.07.29-19.00.52:385][  0]LogTemp: Display: Loaded TP AndroidTargetPlatform
[2019.07.29-19.00.52:385][  0]LogTemp: Display: Loaded TP AndroidTargetPlatform
[2019.07.29-19.00.52:385][  0]LogTemp: Display: Loaded TP AndroidTargetPlatform
[2019.07.29-19.00.52:385][  0]LogTemp: Display: Loaded TP AndroidTargetPlatform
[2019.07.29-19.00.52:386][  0]LogTemp: Display: Loaded TP AndroidTargetPlatform
[2019.07.29-19.00.52:386][  0]LogTemp: Display: Loaded TP AndroidTargetPlatform
[2019.07.29-19.00.52:386][  0]LogTemp: Display: Loaded TP AndroidTargetPlatform
[2019.07.29-19.00.52:386][  0]LogTemp: Display: Loaded TP AndroidTargetPlatform
[2019.07.29-19.00.52:386][  0]LogTemp: Display: Loaded TP AndroidTargetPlatform
[2019.07.29-19.00.52:386][  0]LogTemp: Display: Loaded TP AndroidTargetPlatform
[2019.07.29-19.00.52:388][  0]LogTemp: Display: Loaded TP HTML5TargetPlatform
[2019.07.29-19.00.52:461][  0]LogTemp: Display: Loaded TP IOSTargetPlatform
[2019.07.29-19.00.52:461][  0]LogTemp: Display: Loaded TP IOSTargetPlatform
[2019.07.29-19.00.52:498][  0]LogTemp: Display: Loaded TP TVOSTargetPlatform
[2019.07.29-19.00.52:498][  0]LogTemp: Display: Loaded TP TVOSTargetPlatform
[2019.07.29-19.00.52:512][  0]LogTemp: Display: Loaded TP LinuxClientTargetPlatform
[2019.07.29-19.00.52:526][  0]LogTemp: Display: Loaded TP LinuxNoEditorTargetPlatform
[2019.07.29-19.00.52:540][  0]LogTemp: Display: Loaded TP LinuxServerTargetPlatform
[2019.07.29-19.00.52:552][  0]LogTemp: Display: Loaded TP LinuxTargetPlatform
[2019.07.29-19.00.52:562][  0]LogTemp: Display: Loaded TP LuminTargetPlatform
[2019.07.29-19.00.52:562][  0]LogTargetPlatformManager: Display: Building Assets For Windows
[2019.07.29-19.00.52:654][  0]LogXGEController: Cleaning working directory: C:/Users/Joan Abad/AppData/Local/Temp/UnrealXGEWorkingDir/
[2019.07.29-19.00.52:679][  0]LogShaderCompilers: Display: Using XGE Shader Compiler (Interception Interface).
[2019.07.29-19.00.53:399][  0]LogDerivedDataCache: Display: Max Cache Size: 512 MB
[2019.07.29-19.00.53:487][  0]LogDerivedDataCache: Loaded boot cache 0.09s 71MB C:/Users/Joan Abad/AppData/Local/UnrealEngine/4.20/DerivedDataCache/Boot.ddc.
[2019.07.29-19.00.53:487][  0]LogDerivedDataCache: Display: Loaded Boot cache: C:/Users/Joan Abad/AppData/Local/UnrealEngine/4.20/DerivedDataCache/Boot.ddc
[2019.07.29-19.00.53:488][  0]LogDerivedDataCache: FDerivedDataBackendGraph:  Pak pak cache file ../../../../../../Users/Joan Abad/Documents/Github/ShooterOnlineOW_Style/Shooter_OW_Style/DerivedDataCache/DDC.ddp not found, will not use a pak cache.
[2019.07.29-19.00.53:488][  0]LogDerivedDataCache: Unable to find inner node Pak for hierarchical cache Hierarchy.
[2019.07.29-19.00.53:488][  0]LogDerivedDataCache: FDerivedDataBackendGraph:  CompressedPak pak cache file ../../../../../../Users/Joan Abad/Documents/Github/ShooterOnlineOW_Style/Shooter_OW_Style/DerivedDataCache/Compressed.ddp not found, will not use a pak cache.
[2019.07.29-19.00.53:488][  0]LogDerivedDataCache: Unable to find inner node CompressedPak for hierarchical cache Hierarchy.
[2019.07.29-19.00.53:502][  0]LogDerivedDataCache: Display: Pak cache opened for reading ../../../Engine/DerivedDataCache/Compressed.ddp.
[2019.07.29-19.00.53:515][  0]LogDerivedDataCache: Using Local data cache path C:/Users/Joan Abad/AppData/Local/UnrealEngine/Common/DerivedDataCache: Writable
[2019.07.29-19.00.53:515][  0]LogDerivedDataCache: Shared data cache path not found in *engine.ini, will not use an Shared cache.
[2019.07.29-19.00.53:515][  0]LogDerivedDataCache: Unable to find inner node Shared for hierarchical cache Hierarchy.
[2019.07.29-19.00.53:535][  0]LogMaterial: Verifying Global Shaders for PCD3D_SM5
[2019.07.29-19.00.53:537][  0]LogSlate: Using FreeType 2.6.0
[2019.07.29-19.00.53:537][  0]LogSlate: SlateFontServices - WITH_FREETYPE: 1, WITH_HARFBUZZ: 1
[2019.07.29-19.00.53:610][  0]LogAssetRegistry: FAssetRegistry took 0.0285 seconds to start up
[2019.07.29-19.00.53:910][  0]LogInit: Selected Device Profile: [Windows]
[2019.07.29-19.00.54:053][  0]LogSimplygon: Simplygon DLL not present - disabling.
[2019.07.29-19.00.54:058][  0]LogMeshReduction: Using SimplygonSwarm for distributed automatic mesh merging
[2019.07.29-19.00.54:058][  0]LogMeshReduction: Using ProxyLODMeshReduction for automatic mesh merging
[2019.07.29-19.00.54:058][  0]LogMeshReduction: Using QuadricMeshReduction for automatic static mesh reduction
[2019.07.29-19.00.54:058][  0]LogMeshReduction: No automatic skeletal mesh reduction module available
[2019.07.29-19.00.54:080][  0]LogNetVersion: Shooter_OW_Style 1.0.0, NetCL: 4212847, EngineNetVer: 5, GameNetVer: 0 (Checksum: 1206910907)
[2019.07.29-19.00.54:534][  0]LogPackageLocalizationCache: Processed 11 localized package path(s) for 1 prioritized culture(s) in 0.046090 seconds
[2019.07.29-19.00.54:542][  0]LogUObjectArray: 38425 objects as part of root set at end of initial load.
[2019.07.29-19.00.54:542][  0]LogUObjectAllocator: 6690864 out of 0 bytes used by permanent object pool.
[2019.07.29-19.00.54:542][  0]LogUObjectArray: CloseDisregardForGC: 0/0 objects in disregard for GC pool
[2019.07.29-19.00.55:519][  0]LogTcpMessaging: Initializing TcpMessaging bridge
[2019.07.29-19.00.55:572][  0]LogUdpMessaging: Initializing bridge on interface 0.0.0.0:0 to multicast group 230.0.0.1:6666.
[2019.07.29-19.00.55:766][  0]SourceControl: Source control is disabled
[2019.07.29-19.00.55:766][  0]SourceControl: Source control is disabled
[2019.07.29-19.00.55:771][  0]SourceControl: Source control is disabled
[2019.07.29-19.00.55:778][  0]SourceControl: Source control is disabled
[2019.07.29-19.00.56:126][  0]LogAndroidPermission: UAndroidPermissionCallbackProxy::GetInstance
[2019.07.29-19.00.56:235][  0]LogOcInput: OculusInput pre-init called
[2019.07.29-19.00.56:296][  0]LogEngine: Initializing Engine...
[2019.07.29-19.00.56:297][  0]LogHMD: Failed to initialize OpenVR with code 110
[2019.07.29-19.00.56:298][  0]LogStats: UGameplayTagsManager::ConstructGameplayTagTree: ImportINI prefixes -  0.000 s
[2019.07.29-19.00.56:298][  0]LogStats: UGameplayTagsManager::ConstructGameplayTagTree: Construct from data asset -  0.000 s
[2019.07.29-19.00.56:298][  0]LogStats: UGameplayTagsManager::ConstructGameplayTagTree: ImportINI -  0.000 s
[2019.07.29-19.00.56:298][  0]LogStats: UGameplayTagsManager::ConstructGameplayTagTree: GameplayTagTreeChangedEvent.Broadcast -  0.000 s
[2019.07.29-19.00.56:523][  0]LogInit: Initializing FReadOnlyCVARCache
[2019.07.29-19.00.56:543][  0]LogAIModule: Creating AISystem for world Untitled
[2019.07.29-19.00.56:563][  0]LogInit: XAudio2 using 'Altavoces (5- Logitech G933 Gaming Wireless Headset)' : 2 channels at 44.1 kHz using 16 bits per sample (channel mask 0x3)
[2019.07.29-19.00.56:572][  0]LogInit: FAudioDevice initialized.
[2019.07.29-19.00.56:573][  0]LogNetVersion: Set ProjectVersion to 1.0.0.0. Version Checksum will be recalculated on next use.
[2019.07.29-19.00.57:007][  0]LogDerivedDataCache: Saved boot cache 0.43s 71MB C:/Users/Joan Abad/AppData/Local/UnrealEngine/4.20/DerivedDataCache/Boot.ddc.
[2019.07.29-19.00.57:012][  0]LogInit: Texture streaming: Enabled
[2019.07.29-19.00.57:040][  0]LogEngineSessionManager: EngineSessionManager initialized
[2019.07.29-19.00.57:040][  0]LogEngineSessionManager: EngineSessionManager sent abnormal shutdown report. Type=Debugger, SessionId={79E536B6-49B3-6425-761F-30863B88CD0F}
[2019.07.29-19.00.57:048][  0]LogInit: Transaction tracking system initialized
[2019.07.29-19.00.57:082][  0]BlueprintLog: New page: Editor Load
[2019.07.29-19.00.57:243][  0]LocalizationService: Localization service is disabled
[2019.07.29-19.00.57:533][  0]LogLinker: Warning: Can't find file '/Game/ThirdPersonBP/ThirdPersonOverview'
[2019.07.29-19.00.57:533][  0]LogLinker: Warning: Can't find file '/Game/ThirdPersonBP/ThirdPersonOverview'
[2019.07.29-19.00.57:533][  0]LogUObjectGlobals: Warning: Failed to find object 'Class /Game/ThirdPersonBP/ThirdPersonOverview.ThirdPersonOverview_C'
[2019.07.29-19.00.57:723][  0]LogCook: Display: Max memory allowance for cook 16384mb min free memory 0mb
[2019.07.29-19.00.57:723][  0]LogCook: Display: Mobile HDR setting 1
[2019.07.29-19.00.57:724][  0]LogGameplayTags: Display: UGameplayTagsManager::DoneAddingNativeTags. DelegateIsBound: 0
[2019.07.29-19.00.57:724][  0]LogStats: UGameplayTagsManager::ConstructGameplayTagTree: ImportINI prefixes -  0.000 s
[2019.07.29-19.00.57:724][  0]LogStats: UGameplayTagsManager::ConstructGameplayTagTree: Construct from data asset -  0.000 s
[2019.07.29-19.00.57:724][  0]LogStats: UGameplayTagsManager::ConstructGameplayTagTree: ImportINI -  0.000 s
[2019.07.29-19.00.57:724][  0]LogStats: UGameplayTagsManager::ConstructGameplayTagTree: GameplayTagTreeChangedEvent.Broadcast -  0.000 s
[2019.07.29-19.00.57:991][  0]LogFileCache: Scanning file cache for directory 'C:/Users/Joan Abad/Documents/Github/ShooterOnlineOW_Style/Shooter_OW_Style/Content/' took 0.01s
[2019.07.29-19.00.57:991][  0]SourceControl: Source control is disabled
[2019.07.29-19.00.57:991][  0]Cmd: MAP LOAD FILE="../../../../../../Users/Joan Abad/Documents/Github/ShooterOnlineOW_Style/Shooter_OW_Style/Content/Levels/FirstMap.umap" TEMPLATE=0 SHOWPROGRESS=1 FEATURELEVEL=3
[2019.07.29-19.00.57:992][  0]LightingResults: New page: Lighting Build
[2019.07.29-19.00.57:995][  0]MapCheck: New page: Map Check
[2019.07.29-19.00.57:995][  0]LightingResults: New page: Lighting Build
[2019.07.29-19.00.58:407][  0]LogAIModule: Creating AISystem for world FirstMap
[2019.07.29-19.00.58:419][  0]LogEditorServer: Finished looking for orphan Actors (0.000 secs)
[2019.07.29-19.00.58:442][  0]Cmd: MAP CHECKDEP NOCLEARLOG
[2019.07.29-19.00.58:490][  0]MapCheck: Map check complete: 0 Error(s), 0 Warning(s), took 48.31ms to complete.
[2019.07.29-19.00.58:490][  0]LogFileHelpers: Loading map 'FirstMap' took 0.499
[2019.07.29-19.00.58:592][  0]LogSlate: Updating window title bar state: overlay mode, drag disabled, window buttons hidden, title bar hidden
[2019.07.29-19.00.58:599][  0]LogSlate: Updating window title bar state: overlay mode, drag disabled, window buttons hidden, title bar hidden
[2019.07.29-19.00.58:607][  0]LogSlate: Updating window title bar state: overlay mode, drag disabled, window buttons hidden, title bar hidden
[2019.07.29-19.00.58:614][  0]LogSlate: Updating window title bar state: overlay mode, drag disabled, window buttons hidden, title bar hidden
[2019.07.29-19.00.58:621][  0]LogCollectionManager: Loaded 0 collections in 0.001573 seconds
[2019.07.29-19.00.58:675][  0]LogFileCache: Scanning file cache for directory 'C:/Users/Joan Abad/Documents/Github/ShooterOnlineOW_Style/Shooter_OW_Style/Saved/Collections/' took 0.01s
[2019.07.29-19.00.58:675][  0]LogFileCache: Scanning file cache for directory 'C:/Users/Joan Abad/Documents/Github/ShooterOnlineOW_Style/Shooter_OW_Style/Content/Developers/JoanAbad/Collections/' took 0.02s
[2019.07.29-19.00.58:675][  0]LogFileCache: Scanning file cache for directory 'C:/Users/Joan Abad/Documents/Github/ShooterOnlineOW_Style/Shooter_OW_Style/Content/Collections/' took 0.01s
[2019.07.29-19.00.58:675][  0]LogCollectionManager: Rebuilt the GUID cache for 0 collections in 0.000000 seconds
[2019.07.29-19.00.58:685][  0]LogContentBrowser: Native class hierarchy populated in 0.0095 seconds. Added 2575 classes and 606 folders.
[2019.07.29-19.00.58:693][  0]LogContentBrowser: Native class hierarchy updated for 'WidgetCarousel' in 0.0003 seconds. Added 0 classes and 0 folders.
[2019.07.29-19.00.58:722][  0]LogContentBrowser: Native class hierarchy updated for 'AddContentDialog' in 0.0003 seconds. Added 0 classes and 0 folders.
[2019.07.29-19.00.58:729][  0]LogContentBrowser: Native class hierarchy updated for 'SceneOutliner' in 0.0006 seconds. Added 1 classes and 2 folders.
[2019.07.29-19.00.58:838][  0]LogContentBrowser: Native class hierarchy updated for 'HierarchicalLODOutliner' in 0.0004 seconds. Added 0 classes and 0 folders.
[2019.07.29-19.00.58:838][  0]LogLoad: (Engine Initialization) Total time: 8.97 seconds
[2019.07.29-19.00.58:839][  0]LogLoad: (Engine Initialization) Total Blueprint compile time: 0.00 seconds
[2019.07.29-19.00.58:869][  0]LogContentStreaming: Texture pool size now 1000 MB
[2019.07.29-19.00.58:872][  0]LogSlate: Took 0.000250 seconds to synchronously load lazily loaded font '../../../Engine/Content/Slate/Fonts/Roboto-Regular.ttf' (155K)
[2019.07.29-19.00.58:874][  0]LogSlate: Took 0.000161 seconds to synchronously load lazily loaded font '../../../Engine/Content/Slate/Fonts/Roboto-Bold.ttf' (160K)
[2019.07.29-19.00.58:878][  0]LogSlate: Took 0.000181 seconds to synchronously load lazily loaded font '../../../Engine/Content/Editor/Slate/Fonts/FontAwesome.ttf' (139K)
[2019.07.29-19.00.59:017][  1]LogRenderer: Reallocating scene render targets to support 852x392 Format 10 NumSamples 1 (Frame:1).
[2019.07.29-19.01.00:405][  1]LogAssetRegistry: Asset discovery search completed in 6.8194 seconds
[2019.07.29-19.01.00:410][  1]LogCollectionManager: Rebuilt the object cache for 0 collections in 0.000000 seconds (found 0 objects)
[2019.07.29-19.01.00:410][  1]LogCollectionManager: Fixed up redirectors for 0 collections in 0.000370 seconds (updated 0 objects)
[2019.07.29-19.01.00:498][  3]LogRenderer: Reallocating scene render targets to support 852x500 Format 10 NumSamples 1 (Frame:1).
[2019.07.29-19.01.04:588][ 13]LogRenderer: Reallocating scene render targets to support 1716x884 Format 10 NumSamples 1 (Frame:3).
[2019.07.29-19.01.06:875][263]LogSlate: FSceneViewport::OnFocusLost() reason 0
[2019.07.29-19.01.06:983][276]LogTemp: Repeating last play command: New Editor Window (PIE)
[2019.07.29-19.01.06:996][276]LogPlayLevel: PlayLevel: No blueprints needed recompiling
[2019.07.29-19.01.07:010][276]PIE: New page: PIE session: FirstMap (Jul 29, 2019, 11:01:07 PM)
[2019.07.29-19.01.07:011][276]LogPlayLevel: Creating play world package: /Game/Levels/UEDPIE_0_FirstMap
[2019.07.29-19.01.07:015][276]LogPlayLevel: PIE: StaticDuplicateObject took: (0.003922s)
[2019.07.29-19.01.07:015][276]LogAIModule: Creating AISystem for world FirstMap
[2019.07.29-19.01.07:016][276]LogPlayLevel: PIE: World Init took: (0.000842s)
[2019.07.29-19.01.07:016][276]LogPlayLevel: PIE: Created PIE world by copying editor world from /Game/Levels/FirstMap.FirstMap to /Game/Levels/UEDPIE_0_FirstMap.FirstMap (0.005171s)
[2019.07.29-19.01.07:041][276]LogInit: XAudio2 using 'Altavoces (5- Logitech G933 Gaming Wireless Headset)' : 2 channels at 44.1 kHz using 16 bits per sample (channel mask 0x3)
[2019.07.29-19.01.07:047][276]LogInit: FAudioDevice initialized.
[2019.07.29-19.01.07:056][276]LogSlate: Updating window title bar state: overlay mode, drag disabled, window buttons hidden, title bar hidden
[2019.07.29-19.01.07:174][276]LogLoad: Game class is 'GameModeBase'
[2019.07.29-19.01.07:177][276]LogWorld: Bringing World /Game/Levels/UEDPIE_0_FirstMap.FirstMap up for play (max tick rate 0) at 2019.07.29-21.01.07
[2019.07.29-19.01.07:178][276]LogWorld: Bringing up level for play took: 0.002042
[2019.07.29-19.01.07:196][276]LogContentBrowser: Native class hierarchy updated for 'MovieSceneCapture' in 0.0004 seconds. Added 10 classes and 0 folders.
[2019.07.29-19.01.07:201][276]PIE: Play in editor start time for /Game/Levels/UEDPIE_0_FirstMap 0.015
[2019.07.29-19.01.10:098][608]LogBlueprintUserMessages: [BP_TargetDummy_2] 20.0
[2019.07.29-19.01.14:901][177]LogBlueprintUserMessages: [BP_TargetDummy_2] 20.0
[2019.07.29-19.01.16:340][349]LogBlueprintUserMessages: [BP_TargetDummy_2] 20.0
[2019.07.29-19.01.16:649][386]LogBlueprintUserMessages: [BP_TargetDummy_2] 20.0
[2019.07.29-19.01.16:899][416]LogBlueprintUserMessages: [BP_TargetDummy_2] 20.0
[2019.07.29-19.01.25:126][400]LogSlate: Updating window title bar state: overlay mode, drag disabled, window buttons hidden, title bar hidden
[2019.07.29-19.01.25:138][400]LogSlate: Window 'Shooter_OW_Style Game Preview Standalone (64-bit/PCD3D_SM5)' being destroyed
[2019.07.29-19.01.25:175][400]LogPlayLevel: Display: Shutting down PIE online subsystems
[2019.07.29-19.01.25:254][402]LogPlayLevel: Display: Destroying online subsystem :Context_3
[2019.07.29-19.02.02:624][951]LogEditorViewport: Clicking on Actor (LMB): BP_TargetDummy_C (BP_TargetDummy)
[2019.07.29-19.02.03:864][ 89]LogSlate: FSceneViewport::OnFocusLost() reason 0
[2019.07.29-19.02.04:791][198]LogSlate: Took 0.000148 seconds to synchronously load lazily loaded font '../../../Engine/Content/Slate/Fonts/Roboto-Light.ttf' (167K)
[2019.07.29-19.02.04:797][198]LogAssetEditorManager: Opening Asset editor for Blueprint /Game/Programming/IA/BP_TargetDummy.BP_TargetDummy
[2019.07.29-19.02.05:221][198]LogContentBrowser: Native class hierarchy updated for 'BlueprintGraph' in 0.0006 seconds. Added 116 classes and 0 folders.
[2019.07.29-19.02.05:986][198]LogSlate: Took 0.000120 seconds to synchronously load lazily loaded font '../../../Engine/Content/Slate/Fonts/Roboto-BoldCondensed.ttf' (158K)
[2019.07.29-19.02.33:453][734]LogSlate: Window 'Color Picker' being destroyed
[2019.07.29-19.02.38:662][290]BlueprintLog: New page: Compile BP_TargetDummy
[2019.07.29-19.02.38:889][290]LogSavePackage: Moving '../../../../../../Users/Joan Abad/Documents/Github/ShooterOnlineOW_Style/Shooter_OW_Style/Saved/BP_TargetDummy78F740AE4F921FEE7B8FBF978CD6F844.tmp' to '../../../../../../Users/Joan Abad/Documents/Github/ShooterOnlineOW_Style/Shooter_OW_Style/Content/Programming/IA/BP_TargetDummy.uasset'
[2019.07.29-19.02.39:306][325]LogSavePackage: Moving '../../../../../../Users/Joan Abad/Documents/Github/ShooterOnlineOW_Style/Shooter_OW_Style/Saved/BP_TargetDummy8AD880E44ED5C4176192AFA4AE89DD25.tmp' to '../../../../../../Users/Joan Abad/Documents/Github/ShooterOnlineOW_Style/Shooter_OW_Style/Content/Programming/IA/BP_TargetDummy.uasset'
[2019.07.29-19.02.40:110][405]LogSlate: Window 'BP_TargetDummy' being destroyed
[2019.07.29-19.02.40:116][406]LogRenderer: Reallocating scene render targets to support 2572x1324 Format 10 NumSamples 1 (Frame:2736).
[2019.07.29-19.02.45:618][ 31]LogSavePackage: Moving '../../../../../../Users/Joan Abad/Documents/Github/ShooterOnlineOW_Style/Shooter_OW_Style/Saved/FirstMapD78FC8EB4DBA9EA2B633ABB638916279.tmp' to '../../../../../../Users/Joan Abad/Documents/Github/ShooterOnlineOW_Style/Shooter_OW_Style/Content/Levels/FirstMap.umap'
[2019.07.29-19.02.45:685][ 31]LogSavePackage: Moving '../../../../../../Users/Joan Abad/Documents/Github/ShooterOnlineOW_Style/Shooter_OW_Style/Saved/FirstMap_BuiltData86B1894B44A457ECE3BDD9A0945AEED2.tmp' to '../../../../../../Users/Joan Abad/Documents/Github/ShooterOnlineOW_Style/Shooter_OW_Style/Content/Levels/FirstMap_BuiltData.uasset'
[2019.07.29-19.02.47:742][265]LogTemp: Repeating last play command: New Editor Window (PIE)
[2019.07.29-19.02.47:758][265]LogPlayLevel: PlayLevel: No blueprints needed recompiling
[2019.07.29-19.02.47:758][265]PIE: New page: PIE session: FirstMap (Jul 29, 2019, 11:02:47 PM)
[2019.07.29-19.02.47:758][265]LogPlayLevel: Creating play world package: /Game/Levels/UEDPIE_0_FirstMap
[2019.07.29-19.02.47:761][265]LogPlayLevel: PIE: StaticDuplicateObject took: (0.002841s)
[2019.07.29-19.02.47:762][265]LogAIModule: Creating AISystem for world FirstMap
[2019.07.29-19.02.47:762][265]LogPlayLevel: PIE: World Init took: (0.001134s)
[2019.07.29-19.02.47:763][265]LogPlayLevel: PIE: Created PIE world by copying editor world from /Game/Levels/FirstMap.FirstMap to /Game/Levels/UEDPIE_0_FirstMap.FirstMap (0.004425s)
[2019.07.29-19.02.47:793][265]LogInit: XAudio2 using 'Altavoces (5- Logitech G933 Gaming Wireless Headset)' : 2 channels at 44.1 kHz using 16 bits per sample (channel mask 0x3)
[2019.07.29-19.02.47:799][265]LogInit: FAudioDevice initialized.
[2019.07.29-19.02.47:807][265]LogSlate: Updating window title bar state: overlay mode, drag disabled, window buttons hidden, title bar hidden
[2019.07.29-19.02.47:900][265]LogLoad: Game class is 'GameModeBase'
[2019.07.29-19.02.47:903][265]LogWorld: Bringing World /Game/Levels/UEDPIE_0_FirstMap.FirstMap up for play (max tick rate 0) at 2019.07.29-21.02.47
[2019.07.29-19.02.47:904][265]LogWorld: Bringing up level for play took: 0.002560
[2019.07.29-19.02.47:923][265]PIE: Play in editor start time for /Game/Levels/UEDPIE_0_FirstMap 0.737
[2019.07.29-19.03.07:700][592]LogSlate: Updating window title bar state: overlay mode, drag disabled, window buttons hidden, title bar hidden
[2019.07.29-19.03.07:714][592]LogSlate: Window 'Shooter_OW_Style Game Preview Standalone (64-bit/PCD3D_SM5)' being destroyed
[2019.07.29-19.03.07:756][592]LogPlayLevel: Display: Shutting down PIE online subsystems
[2019.07.29-19.03.07:800][593]LogPlayLevel: Display: Destroying online subsystem :Context_6
[2019.07.29-19.03.30:584][337]BlueprintLog: New page: Compile BP_TargetDummy
[2019.07.29-19.03.30:791][337]LogSavePackage: Moving '../../../../../../Users/Joan Abad/Documents/Github/ShooterOnlineOW_Style/Shooter_OW_Style/Saved/BP_TargetDummyCA6F703E4B3B99431826F8AFBC668415.tmp' to '../../../../../../Users/Joan Abad/Documents/Github/ShooterOnlineOW_Style/Shooter_OW_Style/Content/Programming/IA/BP_TargetDummy.uasset'
[2019.07.29-19.03.31:145][374]LogSavePackage: Moving '../../../../../../Users/Joan Abad/Documents/Github/ShooterOnlineOW_Style/Shooter_OW_Style/Saved/BP_TargetDummyFF71BB33414A49DC8B1166A9A8B08EC8.tmp' to '../../../../../../Users/Joan Abad/Documents/Github/ShooterOnlineOW_Style/Shooter_OW_Style/Content/Programming/IA/BP_TargetDummy.uasset'
[2019.07.29-19.03.33:461][646]LogSavePackage: Moving '../../../../../../Users/Joan Abad/Documents/Github/ShooterOnlineOW_Style/Shooter_OW_Style/Saved/BP_TargetDummy4AE306DF4B8CD9D3839118AADBE38600.tmp' to '../../../../../../Users/Joan Abad/Documents/Github/ShooterOnlineOW_Style/Shooter_OW_Style/Content/Programming/IA/BP_TargetDummy.uasset'
[2019.07.29-19.03.34:654][767]LogSavePackage: Moving '../../../../../../Users/Joan Abad/Documents/Github/ShooterOnlineOW_Style/Shooter_OW_Style/Saved/FirstMap3763ACAD4E8906ACE583E187328EDE68.tmp' to '../../../../../../Users/Joan Abad/Documents/Github/ShooterOnlineOW_Style/Shooter_OW_Style/Content/Levels/FirstMap.umap'
[2019.07.29-19.03.34:677][767]LogFileHelpers: Saving map 'FirstMap' took 0.127
[2019.07.29-19.03.35:786][900]LogTemp: Repeating last play command: New Editor Window (PIE)
[2019.07.29-19.03.35:802][900]LogPlayLevel: PlayLevel: No blueprints needed recompiling
[2019.07.29-19.03.35:802][900]PIE: New page: PIE session: FirstMap (Jul 29, 2019, 11:03:35 PM)
[2019.07.29-19.03.35:803][900]LogPlayLevel: Creating play world package: /Game/Levels/UEDPIE_0_FirstMap
[2019.07.29-19.03.35:806][900]LogPlayLevel: PIE: StaticDuplicateObject took: (0.002928s)
[2019.07.29-19.03.35:807][900]LogAIModule: Creating AISystem for world FirstMap
[2019.07.29-19.03.35:807][900]LogPlayLevel: PIE: World Init took: (0.001216s)
[2019.07.29-19.03.35:807][900]LogPlayLevel: PIE: Created PIE world by copying editor world from /Game/Levels/FirstMap.FirstMap to /Game/Levels/UEDPIE_0_FirstMap.FirstMap (0.004949s)
[2019.07.29-19.03.35:841][900]LogInit: XAudio2 using 'Altavoces (5- Logitech G933 Gaming Wireless Headset)' : 2 channels at 44.1 kHz using 16 bits per sample (channel mask 0x3)
[2019.07.29-19.03.35:846][900]LogInit: FAudioDevice initialized.
[2019.07.29-19.03.35:855][900]LogSlate: Updating window title bar state: overlay mode, drag disabled, window buttons hidden, title bar hidden
[2019.07.29-19.03.35:937][900]LogLoad: Game class is 'GameModeBase'
[2019.07.29-19.03.35:940][900]LogWorld: Bringing World /Game/Levels/UEDPIE_0_FirstMap.FirstMap up for play (max tick rate 0) at 2019.07.29-21.03.35
[2019.07.29-19.03.35:940][900]LogWorld: Bringing up level for play took: 0.002443
[2019.07.29-19.03.35:957][900]PIE: Play in editor start time for /Game/Levels/UEDPIE_0_FirstMap 0.77
[2019.07.29-19.03.38:582][196]LogSlate: FSceneViewport::OnFocusLost() reason 2
[2019.07.29-19.03.39:559][299]LogRenderer: Reallocating scene render targets to support 2572x1380 Format 10 NumSamples 1 (Frame:401).
[2019.07.29-19.03.51:902][740]LogSlate: Updating window title bar state: overlay mode, drag disabled, window buttons hidden, title bar hidden
[2019.07.29-19.03.51:916][740]LogSlate: Window 'Shooter_OW_Style Game Preview Standalone (64-bit/PCD3D_SM5)' being destroyed
[2019.07.29-19.03.51:958][740]LogPlayLevel: Display: Shutting down PIE online subsystems
[2019.07.29-19.03.52:007][741]LogPlayLevel: Display: Destroying online subsystem :Context_7
[2019.07.29-19.04.35:532][ 74]LogSlate: Took 0.000126 seconds to synchronously load lazily loaded font '../../../Engine/Content/Slate/Fonts/Roboto-Italic.ttf' (157K)
[2019.07.29-19.05.54:832][915]LogSlate: Window 'Shooter_OW_Style - Unreal Editor' being destroyed
[2019.07.29-19.05.54:833][915]LogWindowsTextInputMethodSystem: Display: IME system now deactivated.
[2019.07.29-19.05.55:077][916]Cmd: QUIT_EDITOR
[2019.07.29-19.05.55:435][916]LogExit: Preparing to exit.
[2019.07.29-19.05.56:571][916]LogExit: Editor shut down
[2019.07.29-19.05.56:572][916]LogExit: Transaction tracking system shut down
[2019.07.29-19.05.56:904][916]LogExit: Object subsystem successfully closed.
[2019.07.29-19.05.56:926][916]LogShaderCompilers: Display: Shaders left to compile 0
[2019.07.29-19.05.56:930][916]LogD3D11RHI: Shutdown
[2019.07.29-19.05.56:930][916]LogD3D11RHI: CleanupD3DDevice
[2019.07.29-19.05.56:932][916]LogD3D11RHI: ~FD3D11DynamicRHI
[2019.07.29-19.05.56:946][916]LogModuleManager: Shutting down and abandoning module BlueprintGraph (618)
[2019.07.29-19.05.56:946][916]LogModuleManager: Shutting down and abandoning module MovieSceneCapture (616)
[2019.07.29-19.05.56:946][916]LogModuleManager: Shutting down and abandoning module Voice (614)
[2019.07.29-19.05.56:952][916]LogModuleManager: Shutting down and abandoning module HierarchicalLODOutliner (612)
[2019.07.29-19.05.56:953][916]LogModuleManager: Shutting down and abandoning module SceneOutliner (610)
[2019.07.29-19.05.56:953][916]LogModuleManager: Shutting down and abandoning module AddContentDialog (608)
[2019.07.29-19.05.56:953][916]LogModuleManager: Shutting down and abandoning module WidgetCarousel (607)
[2019.07.29-19.05.56:953][916]LogModuleManager: Shutting down and abandoning module EditorWidgets (604)
[2019.07.29-19.05.56:954][916]LogModuleManager: Shutting down and abandoning module CollectionManager (602)
[2019.07.29-19.05.56:954][916]LogModuleManager: Shutting down and abandoning module StatsViewer (600)
[2019.07.29-19.05.56:954][916]LogModuleManager: Shutting down and abandoning module FoliageEdit (598)
[2019.07.29-19.05.56:954][916]LogModuleManager: Shutting down and abandoning module LandscapeEditor (596)
[2019.07.29-19.05.56:954][916]LogModuleManager: Shutting down and abandoning module MeshPaintMode (594)
[2019.07.29-19.05.56:955][916]LogModuleManager: Shutting down and abandoning module SceneDepthPickerMode (592)
[2019.07.29-19.05.56:955][916]LogModuleManager: Shutting down and abandoning module ActorPickerMode (590)
[2019.07.29-19.05.56:955][916]LogModuleManager: Shutting down and abandoning module GeometryMode (588)
[2019.07.29-19.05.56:955][916]LogModuleManager: Shutting down and abandoning module TextureAlignMode (586)
[2019.07.29-19.05.56:955][916]LogModuleManager: Shutting down and abandoning module BspMode (584)
[2019.07.29-19.05.56:955][916]LogModuleManager: Shutting down and abandoning module PIEPreviewDeviceProfileSelector (582)
[2019.07.29-19.05.56:955][916]LogModuleManager: Shutting down and abandoning module SequenceRecorderSections (580)
[2019.07.29-19.05.56:955][916]LogModuleManager: Shutting down and abandoning module AutomationWorker (578)
[2019.07.29-19.05.56:955][916]LogModuleManager: Shutting down and abandoning module AudioCaptureEditor (576)
[2019.07.29-19.05.56:956][916]LogModuleManager: Shutting down and abandoning module SequenceRecorder (575)
[2019.07.29-19.05.56:956][916]LogModuleManager: Shutting down and abandoning module MatineeToLevelSequence (572)
[2019.07.29-19.05.56:956][916]LogModuleManager: Shutting down and abandoning module LevelSequenceEditor (570)
[2019.07.29-19.05.56:956][916]LogModuleManager: Shutting down and abandoning module PlacementMode (569)
[2019.07.29-19.05.56:956][916]LogModuleManager: Shutting down and abandoning module MaterialEditor (568)
[2019.07.29-19.05.56:956][916]LogModuleManager: Shutting down and abandoning module WmfMediaFactory (564)
[2019.07.29-19.05.56:956][916]LogModuleManager: Shutting down and abandoning module WmfMediaEditor (562)
[2019.07.29-19.05.56:956][916]LogModuleManager: Shutting down and abandoning module MediaPlayerEditor (560)
[2019.07.29-19.05.56:956][916]LogModuleManager: Shutting down and abandoning module OpenExrWrapper (558)
[2019.07.29-19.05.56:956][916]LogModuleManager: Shutting down and abandoning module ImgMediaFactory (556)
[2019.07.29-19.05.56:957][916]LogModuleManager: Shutting down and abandoning module ImgMediaEditor (554)
[2019.07.29-19.05.56:957][916]LogModuleManager: Shutting down and abandoning module AvfMediaFactory (552)
[2019.07.29-19.05.56:957][916]LogModuleManager: Shutting down and abandoning module AvfMediaEditor (550)
[2019.07.29-19.05.56:957][916]LogModuleManager: Shutting down and abandoning module AndroidMediaFactory (548)
[2019.07.29-19.05.56:957][916]LogModuleManager: Shutting down and abandoning module AndroidMediaEditor (546)
[2019.07.29-19.05.56:957][916]LogModuleManager: Shutting down and abandoning module MagicLeapCameraPreviewFactory (544)
[2019.07.29-19.05.56:957][916]LogModuleManager: Shutting down and abandoning module MagicLeapMediaFactory (542)
[2019.07.29-19.05.56:957][916]LogModuleManager: Shutting down and abandoning module MagicLeapMediaEditor (540)
[2019.07.29-19.05.56:957][916]LogModuleManager: Shutting down and abandoning module CharacterAI (538)
[2019.07.29-19.05.56:957][916]LogModuleManager: Shutting down and abandoning module SmartSnapping (536)
[2019.07.29-19.05.56:957][916]LogModuleManager: Shutting down and abandoning module SessionServices (534)
[2019.07.29-19.05.56:957][916]LogModuleManager: Shutting down and abandoning module ViewportSnapping (532)
[2019.07.29-19.05.56:957][916]LogModuleManager: Shutting down and abandoning module ViewportInteraction (530)
[2019.07.29-19.05.56:957][916]LogModuleManager: Shutting down and abandoning module ClothPainter (528)
[2019.07.29-19.05.56:957][916]LogModuleManager: Shutting down and abandoning module SkeletalMeshEditor (527)
[2019.07.29-19.05.56:957][916]LogModuleManager: Shutting down and abandoning module LogVisualizer (524)
[2019.07.29-19.05.56:958][916]LogModuleManager: Shutting down and abandoning module IntroTutorials (522)
[2019.07.29-19.05.56:958][916]LogModuleManager: Shutting down and abandoning module GameProjectGeneration (521)
[2019.07.29-19.05.56:958][916]LogModuleManager: Shutting down and abandoning module LuminPlatformEditor (518)
[2019.07.29-19.05.56:958][916]LogModuleManager: Shutting down and abandoning module IOSPlatformEditor (516)
[2019.07.29-19.05.56:958][916]LogModuleManager: Shutting down and abandoning module HTML5PlatformEditor (514)
[2019.07.29-19.05.56:958][916]LogModuleManager: Shutting down and abandoning module AndroidPlatformEditor (512)
[2019.07.29-19.05.56:959][916]LogModuleManager: Shutting down and abandoning module AndroidDeviceDetection (511)
[2019.07.29-19.05.58:010][916]LogModuleManager: Shutting down and abandoning module WindowsPlatformEditor (508)
[2019.07.29-19.05.58:010][916]LogModuleManager: Shutting down and abandoning module LuminRuntimeSettings (506)
[2019.07.29-19.05.58:010][916]LogModuleManager: Shutting down and abandoning module IOSRuntimeSettings (504)
[2019.07.29-19.05.58:010][916]LogModuleManager: Shutting down and abandoning module AndroidRuntimeSettings (502)
[2019.07.29-19.05.58:010][916]LogModuleManager: Shutting down and abandoning module InputBindingEditor (500)
[2019.07.29-19.05.58:010][916]LogModuleManager: Shutting down and abandoning module MergeActors (498)
[2019.07.29-19.05.58:010][916]LogModuleManager: Shutting down and abandoning module LocalizationDashboard (496)
[2019.07.29-19.05.58:011][916]LogModuleManager: Shutting down and abandoning module LocalizationService (495)
[2019.07.29-19.05.58:011][916]LogModuleManager: Shutting down and abandoning module HardwareTargeting (492)
[2019.07.29-19.05.58:011][916]LogModuleManager: Shutting down and abandoning module DeviceProfileEditor (490)
[2019.07.29-19.05.58:011][916]LogModuleManager: Shutting down and abandoning module UndoHistory (488)
[2019.07.29-19.05.58:011][916]LogModuleManager: Shutting down and abandoning module XmlParser (486)
[2019.07.29-19.05.58:011][916]LogModuleManager: Shutting down and abandoning module Blutility (484)
[2019.07.29-19.05.58:012][916]LogModuleManager: Shutting down and abandoning module ProjectSettingsViewer (482)
[2019.07.29-19.05.58:012][916]LogModuleManager: Shutting down and abandoning module ProjectTargetPlatformEditor (481)
[2019.07.29-19.05.58:012][916]LogModuleManager: Shutting down and abandoning module EditorSettingsViewer (478)
[2019.07.29-19.05.58:012][916]LogModuleManager: Shutting down and abandoning module SettingsEditor (476)
[2019.07.29-19.05.58:012][916]LogModuleManager: Shutting down and abandoning module ProjectLauncher (474)
[2019.07.29-19.05.58:012][916]LogModuleManager: Shutting down and abandoning module SessionFrontend (472)
[2019.07.29-19.05.58:013][916]LogModuleManager: Shutting down and abandoning module ProfilerClient (470)
[2019.07.29-19.05.58:013][916]LogModuleManager: Shutting down and abandoning module DeviceManager (468)
[2019.07.29-19.05.58:013][916]LogModuleManager: Shutting down and abandoning module TargetDeviceServices (467)
[2019.07.29-19.05.58:067][916]LogModuleManager: Shutting down and abandoning module AutomationController (464)
[2019.07.29-19.05.58:067][916]LogModuleManager: Shutting down and abandoning module AutomationWindow (462)
[2019.07.29-19.05.58:067][916]LogModuleManager: Shutting down and abandoning module Layers (460)
[2019.07.29-19.05.58:067][916]LogModuleManager: Shutting down and abandoning module ComponentVisualizers (458)
[2019.07.29-19.05.58:067][916]LogModuleManager: Shutting down and abandoning module DetailCustomizations (456)
[2019.07.29-19.05.58:068][916]LogModuleManager: Shutting down and abandoning module PackagesDialog (454)
[2019.07.29-19.05.58:068][916]LogModuleManager: Shutting down and abandoning module Persona (452)
[2019.07.29-19.05.58:068][916]LogModuleManager: Shutting down and abandoning module AdvancedPreviewScene (451)
[2019.07.29-19.05.58:068][916]LogModuleManager: Shutting down and abandoning module AnimGraph (449)
[2019.07.29-19.05.58:068][916]LogModuleManager: Shutting down and abandoning module Kismet (446)
[2019.07.29-19.05.58:072][916]LogModuleManager: Shutting down and abandoning module GraphEditor (444)
[2019.07.29-19.05.58:072][916]LogModuleManager: Shutting down and abandoning module ClassViewer (442)
[2019.07.29-19.05.58:073][916]LogModuleManager: Shutting down and abandoning module Toolbox (440)
[2019.07.29-19.05.58:073][916]LogModuleManager: Shutting down and abandoning module DesktopPlatform (439)
[2019.07.29-19.05.58:073][916]LogModuleManager: Shutting down and abandoning module ModuleUI (436)
[2019.07.29-19.05.58:073][916]LogModuleManager: Shutting down and abandoning module MovieSceneTools (434)
[2019.07.29-19.05.58:073][916]LogModuleManager: Shutting down and abandoning module OutputLog (432)
[2019.07.29-19.05.58:073][916]LogModuleManager: Shutting down and abandoning module GammaUI (430)
[2019.07.29-19.05.58:073][916]LogModuleManager: Shutting down and abandoning module Documentation (428)
[2019.07.29-19.05.58:073][916]LogModuleManager: Shutting down and abandoning module MovieSceneTracks (426)
[2019.07.29-19.05.58:074][916]LogModuleManager: Shutting down and abandoning module MovieScene (424)
[2019.07.29-19.05.58:074][916]LogModuleManager: Shutting down and abandoning module StreamingPauseRendering (422)
[2019.07.29-19.05.58:074][916]LogModuleManager: Shutting down and abandoning module LauncherPlatform (420)
[2019.07.29-19.05.58:074][916]LogModuleManager: Shutting down and abandoning module AnalyticsET (418)
[2019.07.29-19.05.58:074][916]LogModuleManager: Shutting down and abandoning module PortalServices (416)
[2019.07.29-19.05.58:074][916]LogModuleManager: Shutting down and abandoning module PortalRpc (414)
[2019.07.29-19.05.58:074][916]LogModuleManager: Shutting down and abandoning module MessagingRpc (412)
[2019.07.29-19.05.58:074][916]LogModuleManager: Shutting down and abandoning module AIModule (410)
[2019.07.29-19.05.58:074][916]LogModuleManager: Shutting down and abandoning module GameplayDebugger (409)
[2019.07.29-19.05.58:074][916]LogModuleManager: Shutting down and abandoning module AITestSuite (407)
[2019.07.29-19.05.58:074][916]LogModuleManager: Shutting down and abandoning module NavigationSystem (405)
[2019.07.29-19.05.58:074][916]LogModuleManager: Shutting down and abandoning module ProfilerService (402)
[2019.07.29-19.05.58:082][916]LogModuleManager: Shutting down and abandoning module TaskGraph (400)
[2019.07.29-19.05.58:082][916]LogModuleManager: Shutting down and abandoning module SteamVRController (398)
[2019.07.29-19.05.58:082][916]LogModuleManager: Shutting down and abandoning module ProceduralMeshComponentEditor (396)
[2019.07.29-19.05.58:082][916]LogModuleManager: Shutting down and abandoning module ProceduralMeshComponent (394)
[2019.07.29-19.05.58:082][916]LogModuleManager: Shutting down and abandoning module OculusInput (392)
[2019.07.29-19.05.58:082][916]LogModuleManager: Shutting down and abandoning module MobilePatchingUtils (390)
[2019.07.29-19.05.58:083][916]LogModuleManager: Shutting down and abandoning module EditableMesh (388)
[2019.07.29-19.05.58:083][916]LogModuleManager: Shutting down and abandoning module CustomMeshComponent (386)
[2019.07.29-19.05.58:083][916]LogModuleManager: Shutting down and abandoning module CableComponent (384)
[2019.07.29-19.05.58:083][916]LogModuleManager: Shutting down and abandoning module AudioCapture (382)
[2019.07.29-19.05.58:083][916]LogModuleManager: Shutting down and abandoning module ArchVisCharacter (380)
[2019.07.29-19.05.58:083][916]LogModuleManager: Shutting down and abandoning module AndroidPermission (378)
[2019.07.29-19.05.58:083][916]LogModuleManager: Shutting down and abandoning module NUTUnrealEngine4 (376)
[2019.07.29-19.05.58:083][916]LogModuleManager: Shutting down and abandoning module NetcodeUnitTest (374)
[2019.07.29-19.05.58:084][916]LogModuleManager: Shutting down and abandoning module MediaCompositingEditor (372)
[2019.07.29-19.05.58:084][916]LogModuleManager: Shutting down and abandoning module MediaCompositing (370)
[2019.07.29-19.05.58:084][916]LogModuleManager: Shutting down and abandoning module LinearTimecode (368)
[2019.07.29-19.05.58:084][916]LogModuleManager: Shutting down and abandoning module ImgMedia (366)
[2019.07.29-19.05.58:090][916]LogModuleManager: Shutting down and abandoning module HTML5Networking (364)
[2019.07.29-19.05.58:090][916]LogModuleManager: Shutting down and abandoning module GeometryCacheTracks (362)
[2019.07.29-19.05.58:090][916]LogModuleManager: Shutting down and abandoning module GeometryCacheSequencer (360)
[2019.07.29-19.05.58:090][916]LogModuleManager: Shutting down and abandoning module BackChannel (358)
[2019.07.29-19.05.58:090][916]LogModuleManager: Shutting down and abandoning module AppleVision (356)
[2019.07.29-19.05.58:090][916]LogModuleManager: Shutting down and abandoning module AppleImageUtils (354)
[2019.07.29-19.05.58:090][916]LogModuleManager: Shutting down and abandoning module AlembicImporter (352)
[2019.07.29-19.05.58:090][916]LogModuleManager: Shutting down and abandoning module AlembicLibrary (351)
[2019.07.29-19.05.58:090][916]LogModuleManager: Shutting down and abandoning module GeometryCache (350)
[2019.07.29-19.05.58:090][916]LogModuleManager: Shutting down and abandoning module GeometryCacheEd (349)
[2019.07.29-19.05.58:090][916]LogModuleManager: Shutting down and abandoning module DatasmithContentEditor (344)
[2019.07.29-19.05.58:091][916]LogModuleManager: Shutting down and abandoning module DatasmithContent (342)
[2019.07.29-19.05.58:091][916]LogModuleManager: Shutting down and abandoning module SpeedTreeImporter (340)
[2019.07.29-19.05.58:092][916]LogModuleManager: Shutting down and abandoning module PluginBrowser (338)
[2019.07.29-19.05.58:092][916]LogModuleManager: Shutting down and abandoning module MobileLauncherProfileWizard (336)
[2019.07.29-19.05.58:092][916]LogModuleManager: Shutting down and abandoning module PolygonModeling (334)
[2019.07.29-19.05.58:092][916]LogModuleManager: Shutting down and abandoning module MeshEditor (332)
[2019.07.29-19.05.58:092][916]LogModuleManager: Shutting down and abandoning module CryptoKeysOpenSSL (330)
[2019.07.29-19.05.58:092][916]LogModuleManager: Shutting down and abandoning module CryptoKeys (328)
[2019.07.29-19.05.58:092][916]LogModuleManager: Shutting down and abandoning module VisualStudioSourceCodeAccess (326)
[2019.07.29-19.05.58:092][916]LogModuleManager: Shutting down and abandoning module VisualStudioCodeSourceCodeAccess (324)
[2019.07.29-19.05.58:092][916]LogModuleManager: Shutting down and abandoning module UObjectPlugin (322)
[2019.07.29-19.05.58:093][916]LogModuleManager: Shutting down and abandoning module SubversionSourceControl (320)
[2019.07.29-19.05.58:093][916]LogModuleManager: Shutting down and abandoning module PerforceSourceControl (318)
[2019.07.29-19.05.58:093][916]LogModuleManager: Shutting down and abandoning module GitSourceControl (316)
[2019.07.29-19.05.58:093][916]LogModuleManager: Shutting down and abandoning module SourceControl (315)
[2019.07.29-19.05.58:094][916]LogModuleManager: Shutting down and abandoning module CLionSourceCodeAccess (312)
[2019.07.29-19.05.58:094][916]LogModuleManager: Shutting down and abandoning module LightPropagationVolumeEditor (310)
[2019.07.29-19.05.58:094][916]LogModuleManager: Shutting down and abandoning module PaperTiledImporter (308)
[2019.07.29-19.05.58:094][916]LogModuleManager: Shutting down and abandoning module PaperSpriteSheetImporter (306)
[2019.07.29-19.05.58:094][916]LogModuleManager: Shutting down and abandoning module Paper2DEditor (304)
[2019.07.29-19.05.58:094][916]LogModuleManager: Shutting down and abandoning module MeshPaint (303)
[2019.07.29-19.05.58:094][916]LogModuleManager: Shutting down and abandoning module Shooter_OW_Style (300)
[2019.07.29-19.05.58:094][916]LogModuleManager: Shutting down and abandoning module RuntimePhysXCooking (298)
[2019.07.29-19.05.58:094][916]LogModuleManager: Shutting down and abandoning module PhysXVehiclesEditor (296)
[2019.07.29-19.05.58:095][916]LogModuleManager: Shutting down and abandoning module PhysXVehicles (294)
[2019.07.29-19.05.58:095][916]LogModuleManager: Shutting down and abandoning module OculusEditor (292)
[2019.07.29-19.05.58:095][916]LogModuleManager: Shutting down and abandoning module LocationServicesBPLibrary (290)
[2019.07.29-19.05.58:095][916]LogModuleManager: Shutting down and abandoning module ImmediatePhysicsEditor (288)
[2019.07.29-19.05.58:095][916]LogModuleManager: Shutting down and abandoning module ImmediatePhysics (286)
[2019.07.29-19.05.58:095][916]LogModuleManager: Shutting down and abandoning module ActorSequence (284)
[2019.07.29-19.05.58:095][916]LogModuleManager: Shutting down and abandoning module UdpMessaging (282)
[2019.07.29-19.05.58:196][916]LogModuleManager: Shutting down and abandoning module TcpMessaging (280)
[2019.07.29-19.05.58:297][916]LogModuleManager: Shutting down and abandoning module MagicLeapAudio (278)
[2019.07.29-19.05.58:297][916]LogModuleManager: Shutting down and abandoning module GameplayTagsEditor (276)
[2019.07.29-19.05.58:297][916]LogModuleManager: Shutting down and abandoning module FacialAnimationEditor (274)
[2019.07.29-19.05.58:297][916]LogModuleManager: Shutting down and abandoning module FacialAnimation (272)
[2019.07.29-19.05.58:297][916]LogModuleManager: Shutting down and abandoning module DataValidation (270)
[2019.07.29-19.05.58:298][916]LogModuleManager: Shutting down and abandoning module AssetManagerEditor (268)
[2019.07.29-19.05.58:298][916]LogModuleManager: Shutting down and abandoning module LevelEditor (267)
[2019.07.29-19.05.58:299][916]LogModuleManager: Shutting down and abandoning module PixelInspectorModule (266)
[2019.07.29-19.05.58:299][916]LogModuleManager: Shutting down and abandoning module CommonMenuExtensions (264)
[2019.07.29-19.05.58:300][916]LogModuleManager: Shutting down and abandoning module MainFrame (262)
[2019.07.29-19.05.58:300][916]LogModuleManager: Shutting down and abandoning module HotReload (261)
[2019.07.29-19.05.58:301][916]LogModuleManager: Shutting down and abandoning module ContentBrowser (257)
[2019.07.29-19.05.58:302][916]LogModuleManager: Shutting down and abandoning module TreeMap (255)
[2019.07.29-19.05.58:302][916]LogModuleManager: Shutting down and abandoning module LightPropagationVolumeRuntime (252)
[2019.07.29-19.05.58:302][916]LogModuleManager: Shutting down and abandoning module AISupportModule (250)
[2019.07.29-19.05.58:302][916]LogModuleManager: Shutting down and abandoning module Paper2D (248)
[2019.07.29-19.05.58:303][916]LogModuleManager: Shutting down and abandoning module WindowsMoviePlayer (246)
[2019.07.29-19.05.58:303][916]LogModuleManager: Shutting down and abandoning module WmfMedia (244)
[2019.07.29-19.05.58:303][916]LogModuleManager: Shutting down and abandoning module Media (243)
[2019.07.29-19.05.58:310][916]LogModuleManager: Shutting down and abandoning module PacketHandler (240)
[2019.07.29-19.05.58:310][916]LogModuleManager: Shutting down and abandoning module ClothingSystemEditor (238)
[2019.07.29-19.05.58:311][916]LogModuleManager: Shutting down and abandoning module ClothingSystemRuntime (236)
[2019.07.29-19.05.58:311][916]LogModuleManager: Shutting down and abandoning module MediaAssets (234)
[2019.07.29-19.05.58:312][916]LogModuleManager: Shutting down and abandoning module Overlay (232)
[2019.07.29-19.05.58:312][916]LogModuleManager: Shutting down and abandoning module OverlayEditor (231)
[2019.07.29-19.05.58:312][916]LogModuleManager: Shutting down and abandoning module VREditor (228)
[2019.07.29-19.05.58:312][916]LogModuleManager: Shutting down and abandoning module StringTableEditor (226)
[2019.07.29-19.05.58:312][916]LogModuleManager: Shutting down and abandoning module GameplayTasksEditor (224)
[2019.07.29-19.05.58:313][916]LogModuleManager: Shutting down and abandoning module BehaviorTreeEditor (222)
[2019.07.29-19.05.58:313][916]LogModuleManager: Shutting down and abandoning module FunctionalTesting (220)
[2019.07.29-19.05.58:313][916]LogModuleManager: Shutting down and abandoning module CollisionAnalyzer (218)
[2019.07.29-19.05.58:314][916]LogModuleManager: Shutting down and abandoning module WorkspaceMenuStructure (217)
[2019.07.29-19.05.58:314][916]LogModuleManager: Shutting down and abandoning module UMG (214)
[2019.07.29-19.05.58:314][916]LogModuleManager: Shutting down and abandoning module UMGEditor (213)
[2019.07.29-19.05.58:315][916]LogModuleManager: Shutting down and abandoning module Sequencer (212)
[2019.07.29-19.05.58:315][916]LogModuleManager: Shutting down and abandoning module MessageLog (209)
[2019.07.29-19.05.58:316][916]LogModuleManager: Shutting down and abandoning module SlateReflector (204)
[2019.07.29-19.05.58:316][916]LogModuleManager: Shutting down and abandoning module Slate (202)
[2019.07.29-19.05.58:316][916]LogModuleManager: Shutting down and abandoning module EditorStyle (200)
[2019.07.29-19.05.58:318][916]LogModuleManager: Shutting down and abandoning module MRMesh (198)
[2019.07.29-19.05.58:318][916]LogModuleManager: Shutting down and abandoning module SourceCodeAccess (196)
[2019.07.29-19.05.58:318][916]LogModuleManager: Shutting down and abandoning module HeadMountedDisplay (194)
[2019.07.29-19.05.58:318][916]LogModuleManager: Shutting down and abandoning module XAudio2 (192)
[2019.07.29-19.05.58:319][916]LogModuleManager: Shutting down and abandoning module Networking (190)
[2019.07.29-19.05.58:319][916]LogModuleManager: Shutting down and abandoning module Core (188)
[2019.07.29-19.05.58:319][916]LogModuleManager: Shutting down and abandoning module LevelSequence (186)
[2019.07.29-19.05.58:320][916]LogModuleManager: Shutting down and abandoning module KismetCompiler (184)
[2019.07.29-19.05.58:320][916]LogModuleManager: Shutting down and abandoning module MeshUtilities (182)
[2019.07.29-19.05.58:321][916]LogModuleManager: Shutting down and abandoning module MeshMergeUtilities (181)
[2019.07.29-19.05.58:321][916]LogModuleManager: Shutting down and abandoning module MeshReductionInterface (180)
[2019.07.29-19.05.58:322][916]LogModuleManager: Shutting down and abandoning module SimplygonSwarm (179)
[2019.07.29-19.05.58:324][916]LogModuleManager: Shutting down and abandoning module ProxyLODMeshReduction (177)
[2019.07.29-19.05.58:324][916]LogModuleManager: Shutting down and abandoning module SimplygonMeshReduction (175)
[2019.07.29-19.05.58:324][916]LogModuleManager: Shutting down and abandoning module QuadricMeshReduction (173)
[2019.07.29-19.05.58:324][916]LogModuleManager: Shutting down and abandoning module MaterialBaking (169)
[2019.07.29-19.05.58:324][916]LogModuleManager: Shutting down and abandoning module DirectoryWatcher (165)
[2019.07.29-19.05.58:324][916]LogModuleManager: Shutting down and abandoning module DerivedDataCache (162)
[2019.07.29-19.05.58:408][916]LogDerivedDataCache: Shutdown
[2019.07.29-19.05.58:408][916]LogModuleManager: Shutting down and abandoning module XGEController (160)
[2019.07.29-19.05.58:410][916]LogXGEController: Cleaning working directory: C:/Users/Joan Abad/AppData/Local/Temp/UnrealXGEWorkingDir/
[2019.07.29-19.05.58:410][916]LogModuleManager: Shutting down and abandoning module TargetPlatform (158)
[2019.07.29-19.05.58:411][916]LogModuleManager: Shutting down and abandoning module VulkanShaderFormat (157)
[2019.07.29-19.05.58:413][916]LogModuleManager: Shutting down and abandoning module ShaderFormatVectorVM (155)
[2019.07.29-19.05.58:414][916]LogModuleManager: Shutting down and abandoning module ShaderFormatOpenGL (153)
[2019.07.29-19.05.58:414][916]LogModuleManager: Shutting down and abandoning module ShaderFormatD3D (151)
[2019.07.29-19.05.58:414][916]LogModuleManager: Shutting down and abandoning module MetalShaderFormat (149)
[2019.07.29-19.05.58:415][916]LogModuleManager: Shutting down and abandoning module TextureFormatUncompressed (147)
[2019.07.29-19.05.58:415][916]LogModuleManager: Shutting down and abandoning module TextureFormatPVR (145)
[2019.07.29-19.05.58:415][916]LogModuleManager: Shutting down and abandoning module TextureFormatDXT (143)
[2019.07.29-19.05.58:417][916]LogModuleManager: Shutting down and abandoning module TextureFormatIntelISPCTexComp (141)
[2019.07.29-19.05.58:420][916]LogModuleManager: Shutting down and abandoning module TextureFormatASTC (139)
[2019.07.29-19.05.58:420][916]LogModuleManager: Shutting down and abandoning module ImageWrapper (138)
[2019.07.29-19.05.58:420][916]LogModuleManager: Shutting down and abandoning module TextureFormatAndroid (135)
[2019.07.29-19.05.58:420][916]LogModuleManager: Shutting down and abandoning module AudioFormatOpus (133)
[2019.07.29-19.05.58:420][916]LogModuleManager: Shutting down and abandoning module AudioFormatOgg (131)
[2019.07.29-19.05.58:421][916]LogModuleManager: Shutting down and abandoning module AudioFormatADPCM (129)
[2019.07.29-19.05.58:421][916]LogModuleManager: Shutting down and abandoning module LuminTargetPlatform (127)
[2019.07.29-19.05.58:421][916]LogModuleManager: Shutting down and abandoning module LinuxTargetPlatform (125)
[2019.07.29-19.05.58:421][916]LogModuleManager: Shutting down and abandoning module LinuxServerTargetPlatform (123)
[2019.07.29-19.05.58:421][916]LogModuleManager: Shutting down and abandoning module LinuxNoEditorTargetPlatform (121)
[2019.07.29-19.05.58:422][916]LogModuleManager: Shutting down and abandoning module LinuxClientTargetPlatform (119)
[2019.07.29-19.05.58:422][916]LogModuleManager: Shutting down and abandoning module TVOSTargetPlatform (117)
[2019.07.29-19.05.58:423][916]LogModuleManager: Shutting down and abandoning module Messaging (115)
[2019.07.29-19.05.58:423][916]LogModuleManager: Shutting down and abandoning module IOSTargetPlatform (113)
[2019.07.29-19.05.58:423][916]LogModuleManager: Shutting down and abandoning module HTML5TargetPlatform (111)
[2019.07.29-19.05.58:424][916]LogModuleManager: Shutting down and abandoning module AndroidTargetPlatform (109)
[2019.07.29-19.05.58:429][916]LogModuleManager: Shutting down and abandoning module WindowsTargetPlatform (107)
[2019.07.29-19.05.58:429][916]LogModuleManager: Shutting down and abandoning module WindowsServerTargetPlatform (105)
[2019.07.29-19.05.58:429][916]LogModuleManager: Shutting down and abandoning module WindowsNoEditorTargetPlatform (103)
[2019.07.29-19.05.58:429][916]LogModuleManager: Shutting down and abandoning module WindowsClientTargetPlatform (101)
[2019.07.29-19.05.58:429][916]LogModuleManager: Shutting down and abandoning module MacTargetPlatform (99)
[2019.07.29-19.05.58:430][916]LogModuleManager: Shutting down and abandoning module MacServerTargetPlatform (97)
[2019.07.29-19.05.58:430][916]LogModuleManager: Shutting down and abandoning module MacNoEditorTargetPlatform (95)
[2019.07.29-19.05.58:430][916]LogModuleManager: Shutting down and abandoning module MacClientTargetPlatform (93)
[2019.07.29-19.05.58:430][916]LogModuleManager: Shutting down and abandoning module AllDesktopTargetPlatform (91)
[2019.07.29-19.05.58:430][916]LogModuleManager: Shutting down and abandoning module InputCore (88)
[2019.07.29-19.05.58:430][916]LogModuleManager: Shutting down and abandoning module Settings (86)
[2019.07.29-19.05.58:430][916]LogModuleManager: Shutting down and abandoning module PhysXCooking (84)
[2019.07.29-19.05.58:430][916]LogModuleManager: Shutting down and abandoning module SteamVR (82)
[2019.07.29-19.05.58:430][916]LogModuleManager: Shutting down and abandoning module OculusHMD (80)
[2019.07.29-19.05.58:430][916]LogModuleManager: Shutting down and abandoning module ExampleDeviceProfileSelector (78)
[2019.07.29-19.05.58:430][916]LogModuleManager: Shutting down and abandoning module LauncherChunkInstaller (76)
[2019.07.29-19.05.58:430][916]LogModuleManager: Shutting down and abandoning module OnlineBlueprintSupport (74)
[2019.07.29-19.05.58:430][916]LogModuleManager: Shutting down and abandoning module OnlineSubsystem (70)
[2019.07.29-19.05.58:432][916]LogModuleManager: Shutting down and abandoning module XMPP (65)
[2019.07.29-19.05.58:432][916]LogModuleManager: Shutting down and abandoning module WebSockets (64)
[2019.07.29-19.05.58:451][916]LogModuleManager: Shutting down and abandoning module HTTP (61)
[2019.07.29-19.05.58:451][916]LogHttp: Display: Http module shutting down, but needs to wait on 1 outstanding Http requests:
[2019.07.29-19.05.58:451][916]LogHttp: Display: 	verb=[POST] url=[https://datarouter.ol.epicgames.com/datarouter/api/v1/public/data?SessionID=%7B67D0750C-4E16-1EF9-EF93-F78C3F6E1897%7D&AppID=UEEditor.Rocket.Release&AppVersion=4.20.3-4369336%2B%2B%2BUE4%2BRelease-4.20&UserID=ef0cb73c40ee232067bf2f9418bfd32e%7Cedd99b47fa48427186a74866ceca2384%7C85907bce-fbd9-4385-9f0f-76ca26d18a0d&AppEnvironment=datacollector-binary&UploadType=eteventstream] status=Processing
[2019.07.29-19.05.58:457][916]LogModuleManager: Shutting down and abandoning module SSL (60)
[2019.07.29-19.05.58:459][916]LogModuleManager: Shutting down and abandoning module MagicLeapEmulator (56)
[2019.07.29-19.05.58:459][916]LogModuleManager: Shutting down and abandoning module MagicLeapPrivileges (54)
[2019.07.29-19.05.58:459][916]LogModuleManager: Shutting down and abandoning module MagicLeapIdentity (52)
[2019.07.29-19.05.58:459][916]LogModuleManager: Shutting down and abandoning module MagicLeapHelperVulkan (50)
[2019.07.29-19.05.58:459][916]LogModuleManager: Shutting down and abandoning module MagicLeapHelperOpenGL (48)
[2019.07.29-19.05.58:459][916]LogModuleManager: Shutting down and abandoning module MagicLeapSecureStorage (46)
[2019.07.29-19.05.58:459][916]LogModuleManager: Shutting down and abandoning module MagicLeapGestures (44)
[2019.07.29-19.05.58:459][916]LogModuleManager: Shutting down and abandoning module MagicLeapEyeTracker (42)
[2019.07.29-19.05.58:459][916]LogModuleManager: Shutting down and abandoning module MagicLeapController (40)
[2019.07.29-19.05.58:459][916]LogSlate: Slate User Destroyed.  User Index 0, Is Virtual User: 0
[2019.07.29-19.05.58:459][916]LogModuleManager: Shutting down and abandoning module MagicLeap (38)
[2019.07.29-19.05.58:460][916]LogModuleManager: Shutting down and abandoning module AnimationModifiers (36)
[2019.07.29-19.05.58:460][916]LogModuleManager: Shutting down and abandoning module PropertyEditor (35)
[2019.07.29-19.05.58:460][916]LogModuleManager: Shutting down and abandoning module AudioEditor (32)
[2019.07.29-19.05.58:460][916]LogModuleManager: Shutting down and abandoning module TextureCompressor (30)
[2019.07.29-19.05.58:461][916]LogModuleManager: Shutting down and abandoning module ShaderCore (28)
[2019.07.29-19.05.58:461][916]LogModuleManager: Shutting down and abandoning module Landscape (26)
[2019.07.29-19.05.58:461][916]LogModuleManager: Shutting down and abandoning module SlateRHIRenderer (24)
[2019.07.29-19.05.58:461][916]LogModuleManager: Shutting down and abandoning module OpenGLDrv (22)
[2019.07.29-19.05.58:461][916]LogModuleManager: Shutting down and abandoning module D3D11RHI (20)
[2019.07.29-19.05.58:462][916]LogModuleManager: Shutting down and abandoning module AnimGraphRuntime (18)
[2019.07.29-19.05.58:462][916]LogModuleManager: Shutting down and abandoning module Renderer (16)
[2019.07.29-19.05.58:462][916]LogModuleManager: Shutting down and abandoning module Engine (14)
[2019.07.29-19.05.58:462][916]LogModuleManager: Shutting down and abandoning module CoreUObject (12)
[2019.07.29-19.05.58:462][916]LogModuleManager: Shutting down and abandoning module NetworkFile (10)
[2019.07.29-19.05.58:462][916]LogModuleManager: Shutting down and abandoning module CookedIterativeFile (8)
[2019.07.29-19.05.58:462][916]LogModuleManager: Shutting down and abandoning module StreamingFile (6)
[2019.07.29-19.05.58:462][916]LogModuleManager: Shutting down and abandoning module SandboxFile (4)
[2019.07.29-19.05.58:462][916]LogModuleManager: Shutting down and abandoning module PakFile (2)
[2019.07.29-19.05.58:469][916]LogExit: Exiting.
[2019.07.29-19.05.58:476][916]Log file closed, 07/29/19 21:05:58
