Log file open, 08/02/19 08:42:55
LogWindows: Failed to load 'aqProf.dll' (GetLastError=126)
LogWindows: File 'aqProf.dll' does not exist
LogWindows: Failed to load 'VtuneApi.dll' (GetLastError=126)
LogWindows: File 'VtuneApi.dll' does not exist
LogWindows: Failed to load 'VtuneApi32e.dll' (GetLastError=126)
LogWindows: File 'VtuneApi32e.dll' does not exist
LogInit: Display: Running engine for game: Shooter_OW_Style
LogPlatformFile: Not using cached read wrapper
LogTaskGraph: Started task graph with 5 named threads and 14 total threads with 3 sets of task threads.
LogStats: Stats thread started at 0.254785
LogD3D11RHI: Loaded GFSDK_Aftermath_Lib.x64.dll
LogICUInternationalization: Display: ICU TimeZone Detection - Raw Offset: +1:00, Platform Override: ''
LogPluginManager: Mounting plugin Paper2D
LogPluginManager: Mounting plugin AISupport
LogPluginManager: Mounting plugin LightPropagationVolume
LogPluginManager: Mounting plugin CLionSourceCodeAccess
LogPluginManager: Mounting plugin CodeLiteSourceCodeAccess
LogPluginManager: Mounting plugin GitSourceControl
LogPluginManager: Mounting plugin KDevelopSourceCodeAccess
LogPluginManager: Mounting plugin NullSourceCodeAccess
LogPluginManager: Mounting plugin PerforceSourceControl
LogPluginManager: Mounting plugin SubversionSourceControl
LogPluginManager: Mounting plugin UObjectPlugin
LogPluginManager: Mounting plugin VisualStudioCodeSourceCodeAccess
LogPluginManager: Mounting plugin VisualStudioSourceCodeAccess
LogPluginManager: Mounting plugin XCodeSourceCodeAccess
LogPluginManager: Mounting plugin AssetManagerEditor
LogPluginManager: Mounting plugin CryptoKeys
LogPluginManager: Mounting plugin DataValidation
LogPluginManager: Mounting plugin FacialAnimation
LogPluginManager: Mounting plugin GameplayTagsEditor
LogPluginManager: Mounting plugin MacGraphicsSwitching
LogPluginManager: Mounting plugin MeshEditor
LogPluginManager: Mounting plugin MobileLauncherProfileWizard
LogPluginManager: Mounting plugin PluginBrowser
LogPluginManager: Mounting plugin SpeedTreeImporter
LogPluginManager: Mounting plugin DatasmithContent
LogPluginManager: Mounting plugin AlembicImporter
LogPluginManager: Mounting plugin AppleImageUtils
LogPluginManager: Mounting plugin AppleVision
LogPluginManager: Mounting plugin BackChannel
LogPluginManager: Mounting plugin CharacterAI
LogPluginManager: Mounting plugin GeometryCache
LogPluginManager: Mounting plugin HTML5Networking
LogPluginManager: Mounting plugin ProxyLODPlugin
LogPluginManager: Mounting plugin MagicLeap
LogPluginManager: Mounting plugin MagicLeapEmulator
LogPluginManager: Mounting plugin MagicLeapMedia
LogPluginManager: Mounting plugin AndroidMedia
LogPluginManager: Mounting plugin AvfMedia
LogPluginManager: Mounting plugin ImgMedia
LogPluginManager: Mounting plugin LinearTimecode
LogPluginManager: Mounting plugin MediaCompositing
LogPluginManager: Mounting plugin MediaPlayerEditor
LogPluginManager: Mounting plugin WmfMedia
LogPluginManager: Mounting plugin TcpMessaging
LogPluginManager: Mounting plugin UdpMessaging
LogPluginManager: Mounting plugin ActorSequence
LogPluginManager: Mounting plugin LevelSequenceEditor
LogPluginManager: Mounting plugin MatineeToLevelSequence
LogPluginManager: Mounting plugin NetcodeUnitTest
LogPluginManager: Mounting plugin NUTUnrealEngine4
LogPluginManager: Mounting plugin OnlineSubsystemGooglePlay
LogPluginManager: Mounting plugin OnlineSubsystemIOS
LogPluginManager: Mounting plugin OnlineSubsystem
LogPluginManager: Mounting plugin OnlineSubsystemNull
LogPluginManager: Mounting plugin OnlineSubsystemUtils
LogPluginManager: Mounting plugin LauncherChunkInstaller
LogPluginManager: Mounting plugin AndroidDeviceProfileSelector
LogPluginManager: Mounting plugin AndroidMoviePlayer
LogPluginManager: Mounting plugin AndroidPermission
LogPluginManager: Mounting plugin AppleMoviePlayer
LogPluginManager: Mounting plugin ArchVisCharacter
LogPluginManager: Mounting plugin AudioCapture
LogPluginManager: Mounting plugin CableComponent
LogPluginManager: Mounting plugin CustomMeshComponent
LogPluginManager: Mounting plugin EditableMesh
LogPluginManager: Mounting plugin ExampleDeviceProfileSelector
LogPluginManager: Mounting plugin GoogleCloudMessaging
LogPluginManager: Mounting plugin ImmediatePhysics
LogPluginManager: Mounting plugin IOSDeviceProfileSelector
LogPluginManager: Mounting plugin LinuxDeviceProfileSelector
LogPluginManager: Mounting plugin LocationServicesBPLibrary
LogPluginManager: Mounting plugin MobilePatchingUtils
LogPluginManager: Mounting plugin OculusVR
LogPluginManager: Plugin shader directory ../../../Engine/Plugins/Runtime/Oculus/OculusVR/Shaders found
LogPluginManager: Mapping shader source directory ../../../Engine/Plugins/Runtime/Oculus/OculusVR/Shaders to virtual directory /Plugin/OculusVR
LogPluginManager: Mounting plugin PhysXVehicles
LogPluginManager: Mounting plugin ProceduralMeshComponent
LogPluginManager: Mounting plugin RuntimePhysXCooking
LogPluginManager: Mounting plugin SteamVR
LogPluginManager: Mounting plugin WindowsMoviePlayer
LogStreaming: Display: Took  0.121s to configure plugins.
LogInit: Using libcurl 7.55.1-DEV
LogInit:  - built for x86_64-pc-win32
LogInit:  - supports SSL with OpenSSL/1.0.2h
LogInit:  - supports HTTP deflate (compression) using libz 1.2.8
LogInit:  - other features:
LogInit:      CURL_VERSION_SSL
LogInit:      CURL_VERSION_LIBZ
LogInit:      CURL_VERSION_IPV6
LogInit:      CURL_VERSION_ASYNCHDNS
LogInit:      CURL_VERSION_LARGEFILE
LogInit:      CURL_VERSION_IDN
LogInit:  CurlRequestOptions (configurable via config and command line):
LogInit:  - bVerifyPeer = false  - Libcurl will NOT verify peer certificate
LogInit:  - bUseHttpProxy = false  - Libcurl will NOT use HTTP proxy
LogInit:  - bDontReuseConnections = false  - Libcurl will reuse connections
LogInit:  - CertBundlePath = nullptr  - Libcurl will use whatever was configured at build time.
LogInit:  - MaxHostConnections = 16  - Libcurl will limit the number of connections to a host
LogInit:  - LocalHostAddr = Default
LogInit:  - BufferSize = 65536
LogInit: WinSock: version 1.1 (2.2), MaxSocks=32767, MaxUdp=65467
LogInit: Build: ++UE4+Release-4.20-CL-4369336
LogInit: Engine Version: 4.20.3-4369336+++UE4+Release-4.20
LogInit: Compatible Engine Version: 4.20.0-4212847+++UE4+Release-4.20
LogInit: Net CL: 4212847
LogInit: OS: Windows 8.1 (), CPU: Intel(R) Core(TM) i5-6600K CPU @ 3.50GHz, GPU: NVIDIA GeForce GTX 1070
LogInit: Compiled (64-bit): Sep 17 2018 12:26:19
LogInit: Compiled with Visual C++: 19.13.26129.00
LogInit: Build Configuration: Development
LogInit: Branch Name: ++UE4+Release-4.20
LogInit: Command Line:  -skipcompile
LogInit: Base Directory: C:/Program Files/Epic Games/UE_4.20/Engine/Binaries/Win64/
LogInit: Installed Engine Build: 1
LogDevObjectVersion: Number of dev versions registered: 20
LogDevObjectVersion:   Dev-Blueprints (B0D832E4-1F89-4F0D-ACCF-7EB736FD4AA2): 10
LogDevObjectVersion:   Dev-Build (E1C64328-A22C-4D53-A36C-8E866417BD8C): 0
LogDevObjectVersion:   Dev-Core (375EC13C-06E4-48FB-B500-84F0262A717E): 2
LogDevObjectVersion:   Dev-Editor (E4B068ED-F494-42E9-A231-DA0B2E46BB41): 24
LogDevObjectVersion:   Dev-Framework (CFFC743F-43B0-4480-9391-14DF171D2073): 34
LogDevObjectVersion:   Dev-Mobile (B02B49B5-BB20-44E9-A304-32B752E40360): 2
LogDevObjectVersion:   Dev-Networking (A4E4105C-59A1-49B5-A7C5-40C4547EDFEE): 0
LogDevObjectVersion:   Dev-Online (39C831C9-5AE6-47DC-9A44-9C173E1C8E7C): 0
LogDevObjectVersion:   Dev-Physics (78F01B33-EBEA-4F98-B9B4-84EACCB95AA2): 0
LogDevObjectVersion:   Dev-Platform (6631380F-2D4D-43E0-8009-CF276956A95A): 0
LogDevObjectVersion:   Dev-Rendering (12F88B9F-8875-4AFC-A67C-D90C383ABD29): 26
LogDevObjectVersion:   Dev-Sequencer (7B5AE74C-D270-4C10-A958-57980B212A5A): 9
LogDevObjectVersion:   Dev-VR (D7296918-1DD6-4BDD-9DE2-64A83CC13884): 2
LogDevObjectVersion:   Dev-LoadTimes (C2A15278-BFE7-4AFE-6C17-90FF531DF755): 1
LogDevObjectVersion:   Private-Geometry (6EACA3D4-40EC-4CC1-B786-8BED09428FC5): 3
LogDevObjectVersion:   Dev-AnimPhys (29E575DD-E0A3-4627-9D10-D276232CDCEA): 17
LogDevObjectVersion:   Dev-ReflectionCapture (6B266CEC-1EC7-4B8F-A30B-E4D90942FC07): 1
LogDevObjectVersion:   Dev-Automation (0DF73D61-A23F-47EA-B727-89E90C41499A): 1
LogDevObjectVersion:   FortniteMain (601D1886-AC64-4F84-AA16-D3DE0DEAC7D6): 12
LogDevObjectVersion:   Dev-Enterprise (9DFFBCD6-494F-0158-E221-12823C92A888): 1
LogStreaming: Display: Took  0.002s to delete old logs.
LogInit: Presizing for max 8388607 objects, including 0 objects not considered by GC, pre-allocating 0 bytes for permanent pool.
LogInit: Object subsystem initialized
[2019.08.02-06.42.55:960][  0]LogInit: Selected Device Profile: [Windows]
[2019.08.02-06.42.55:960][  0]LogInit: Applying CVar settings loaded from the selected device profile: [Windows]
[2019.08.02-06.42.55:968][  0]LogHAL: Display: Platform has ~ 16 GB [17137950720 / 17179869184 / 16], which maps to Larger [LargestMinGB=32, LargerMinGB=12, DefaultMinGB=8, SmallerMinGB=6, SmallestMinGB=0)
[2019.08.02-06.42.55:969][  0]LogInit: Setting Device Profile CVar: [[r.Vulkan.UseRealUBs:1]]
[2019.08.02-06.42.55:969][  0]LogInit: Going up to parent DeviceProfile []
[2019.08.02-06.42.55:970][  0]LogInit: Computer: JOANPC
[2019.08.02-06.42.55:970][  0]LogInit: User: JoanAbad
[2019.08.02-06.42.55:970][  0]LogInit: CPU Page size=4096, Cores=4
[2019.08.02-06.42.55:970][  0]LogInit: High frequency timer resolution =3.421870 MHz
[2019.08.02-06.42.55:970][  0]LogMemory: Memory total: Physical=16.0GB (16GB approx)
[2019.08.02-06.42.55:970][  0]LogMemory: Platform Memory Stats for Windows
[2019.08.02-06.42.55:970][  0]LogMemory: Process Physical Memory: 100.88 MB used, 100.88 MB peak
[2019.08.02-06.42.55:970][  0]LogMemory: Process Virtual Memory: 94.68 MB used, 94.68 MB peak
[2019.08.02-06.42.55:970][  0]LogMemory: Physical Memory: 8034.28 MB used,  8309.75 MB free, 16344.02 MB total
[2019.08.02-06.42.55:971][  0]LogMemory: Virtual Memory: 484.88 MB used,  8309.75 MB free, 134217728.00 MB total
[2019.08.02-06.42.56:062][  0]LogInit: Overriding language with editor language configuration option (en).
[2019.08.02-06.42.56:062][  0]LogInit: Overriding locale with editor locale configuration option (en).
[2019.08.02-06.42.56:428][  0]LogStreaming: Display: Took  0.366s to InitEngineTextLocalization.
[2019.08.02-06.42.56:428][  0]LogInit: Setting process to per monitor DPI aware
[2019.08.02-06.42.56:464][  0]LogSlate: New Slate User Created.  User Index 0, Is Virtual User: 0
[2019.08.02-06.42.56:464][  0]LogSlate: Slate User Registered.  User Index 0, Is Virtual User: 0
[2019.08.02-06.42.56:596][  0]LogHMD: Failed to initialize OpenVR with code 110
[2019.08.02-06.42.56:596][  0]LogD3D11RHI: D3D11 adapters:
[2019.08.02-06.42.56:652][  0]LogD3D11RHI:    0. 'NVIDIA GeForce GTX 1070' (Feature Level 11_0)
[2019.08.02-06.42.56:652][  0]LogD3D11RHI:       8046/0/8172 MB DedicatedVideo/DedicatedSystem/SharedSystem, Outputs:2, VendorId:0x10de
[2019.08.02-06.42.56:660][  0]LogD3D11RHI:    1. 'Microsoft Basic Render Driver' (Feature Level 11_0)
[2019.08.02-06.42.56:660][  0]LogD3D11RHI:       0/0/256 MB DedicatedVideo/DedicatedSystem/SharedSystem, Outputs:0, VendorId:0x1414
[2019.08.02-06.42.56:660][  0]LogD3D11RHI: Chosen D3D11 Adapter: 0
[2019.08.02-06.42.56:667][  0]LogD3D11RHI: Creating new Direct3DDevice
[2019.08.02-06.42.56:667][  0]LogD3D11RHI:     GPU DeviceId: 0x1b81 (for the marketing name, search the web for "GPU Device Id")
[2019.08.02-06.42.56:667][  0]LogWindows: EnumDisplayDevices:
[2019.08.02-06.42.56:667][  0]LogWindows:    0. 'NVIDIA GeForce GTX 1070' (P:1 D:1)
[2019.08.02-06.42.56:667][  0]LogWindows:    1. 'NVIDIA GeForce GTX 1070' (P:0 D:1)
[2019.08.02-06.42.56:667][  0]LogWindows:    2. 'NVIDIA GeForce GTX 1070' (P:0 D:0)
[2019.08.02-06.42.56:667][  0]LogWindows:    3. 'NVIDIA GeForce GTX 1070' (P:0 D:0)
[2019.08.02-06.42.56:668][  0]LogWindows: DebugString: FoundDriverCount:4 
[2019.08.02-06.42.56:668][  0]LogD3D11RHI:     Adapter Name: NVIDIA GeForce GTX 1070
[2019.08.02-06.42.56:668][  0]LogD3D11RHI:   Driver Version: 431.60 (internal:26.21.14.3160, unified:431.60)
[2019.08.02-06.42.56:668][  0]LogD3D11RHI:      Driver Date: 7-17-2019
[2019.08.02-06.42.56:668][  0]LogRHI: Texture pool is 5632 MB (70% of 8046 MB)
[2019.08.02-06.42.56:692][  0]LogD3D11RHI: Async texture creation enabled
[2019.08.02-06.42.56:711][  0]LogD3D11RHI: GPU Timing Frequency: 1000.000000 (Debug: 2 2)
[2019.08.02-06.42.56:755][  0]LogShaderCompilers: Guid format shader working directory is -44 characters bigger than the processId version (../../../../../../Users/Joan Abad/Documents/Github/New/ShooterOnlineOW_Style/Shooter_OW_Style/Intermediate/Shaders/WorkingDirectory/12204/).
[2019.08.02-06.42.56:755][  0]LogShaderCompilers: Cleaned the shader compiler working directory 'C:/Users/Joan Abad/AppData/Local/Temp/UnrealShaderWorkingDir/7A69010F42F4F3DECE3109A4E2BF0E49/'.
[2019.08.02-06.42.56:946][  0]LogTemp: Display: Loaded TP AllDesktopTargetPlatform
[2019.08.02-06.42.56:961][  0]LogTemp: Display: Loaded TP MacClientTargetPlatform
[2019.08.02-06.42.56:979][  0]LogTemp: Display: Loaded TP MacNoEditorTargetPlatform
[2019.08.02-06.42.56:993][  0]LogTemp: Display: Loaded TP MacServerTargetPlatform
[2019.08.02-06.42.57:008][  0]LogTemp: Display: Loaded TP MacTargetPlatform
[2019.08.02-06.42.57:022][  0]LogTemp: Display: Loaded TP WindowsClientTargetPlatform
[2019.08.02-06.42.57:035][  0]LogTemp: Display: Loaded TP WindowsNoEditorTargetPlatform
[2019.08.02-06.42.57:050][  0]LogTemp: Display: Loaded TP WindowsServerTargetPlatform
[2019.08.02-06.42.57:058][  0]LogTemp: Display: Loaded TP WindowsTargetPlatform
[2019.08.02-06.42.57:135][  0]LogTemp: Display: Loaded TP AndroidTargetPlatform
[2019.08.02-06.42.57:135][  0]LogTemp: Display: Loaded TP AndroidTargetPlatform
[2019.08.02-06.42.57:135][  0]LogTemp: Display: Loaded TP AndroidTargetPlatform
[2019.08.02-06.42.57:135][  0]LogTemp: Display: Loaded TP AndroidTargetPlatform
[2019.08.02-06.42.57:136][  0]LogTemp: Display: Loaded TP AndroidTargetPlatform
[2019.08.02-06.42.57:136][  0]LogTemp: Display: Loaded TP AndroidTargetPlatform
[2019.08.02-06.42.57:136][  0]LogTemp: Display: Loaded TP AndroidTargetPlatform
[2019.08.02-06.42.57:136][  0]LogTemp: Display: Loaded TP AndroidTargetPlatform
[2019.08.02-06.42.57:136][  0]LogTemp: Display: Loaded TP AndroidTargetPlatform
[2019.08.02-06.42.57:136][  0]LogTemp: Display: Loaded TP AndroidTargetPlatform
[2019.08.02-06.42.57:136][  0]LogTemp: Display: Loaded TP AndroidTargetPlatform
[2019.08.02-06.42.57:136][  0]LogTemp: Display: Loaded TP AndroidTargetPlatform
[2019.08.02-06.42.57:136][  0]LogTemp: Display: Loaded TP AndroidTargetPlatform
[2019.08.02-06.42.57:136][  0]LogTemp: Display: Loaded TP AndroidTargetPlatform
[2019.08.02-06.42.57:136][  0]LogTemp: Display: Loaded TP AndroidTargetPlatform
[2019.08.02-06.42.57:136][  0]LogTemp: Display: Loaded TP AndroidTargetPlatform
[2019.08.02-06.42.57:136][  0]LogTemp: Display: Loaded TP AndroidTargetPlatform
[2019.08.02-06.42.57:136][  0]LogTemp: Display: Loaded TP AndroidTargetPlatform
[2019.08.02-06.42.57:138][  0]LogTemp: Display: Loaded TP HTML5TargetPlatform
[2019.08.02-06.42.57:211][  0]LogTemp: Display: Loaded TP IOSTargetPlatform
[2019.08.02-06.42.57:211][  0]LogTemp: Display: Loaded TP IOSTargetPlatform
[2019.08.02-06.42.57:234][  0]LogTemp: Display: Loaded TP TVOSTargetPlatform
[2019.08.02-06.42.57:235][  0]LogTemp: Display: Loaded TP TVOSTargetPlatform
[2019.08.02-06.42.57:248][  0]LogTemp: Display: Loaded TP LinuxClientTargetPlatform
[2019.08.02-06.42.57:261][  0]LogTemp: Display: Loaded TP LinuxNoEditorTargetPlatform
[2019.08.02-06.42.57:274][  0]LogTemp: Display: Loaded TP LinuxServerTargetPlatform
[2019.08.02-06.42.57:287][  0]LogTemp: Display: Loaded TP LinuxTargetPlatform
[2019.08.02-06.42.57:297][  0]LogTemp: Display: Loaded TP LuminTargetPlatform
[2019.08.02-06.42.57:297][  0]LogTargetPlatformManager: Display: Building Assets For Windows
[2019.08.02-06.42.57:386][  0]LogXGEController: Cleaning working directory: C:/Users/Joan Abad/AppData/Local/Temp/UnrealXGEWorkingDir/
[2019.08.02-06.42.57:400][  0]LogShaderCompilers: Display: Using XGE Shader Compiler (Interception Interface).
[2019.08.02-06.42.58:130][  0]LogDerivedDataCache: Display: Max Cache Size: 512 MB
[2019.08.02-06.42.58:211][  0]LogDerivedDataCache: Loaded boot cache 0.08s 71MB C:/Users/Joan Abad/AppData/Local/UnrealEngine/4.20/DerivedDataCache/Boot.ddc.
[2019.08.02-06.42.58:212][  0]LogDerivedDataCache: Display: Loaded Boot cache: C:/Users/Joan Abad/AppData/Local/UnrealEngine/4.20/DerivedDataCache/Boot.ddc
[2019.08.02-06.42.58:212][  0]LogDerivedDataCache: FDerivedDataBackendGraph:  Pak pak cache file ../../../../../../Users/Joan Abad/Documents/Github/New/ShooterOnlineOW_Style/Shooter_OW_Style/DerivedDataCache/DDC.ddp not found, will not use a pak cache.
[2019.08.02-06.42.58:212][  0]LogDerivedDataCache: Unable to find inner node Pak for hierarchical cache Hierarchy.
[2019.08.02-06.42.58:212][  0]LogDerivedDataCache: FDerivedDataBackendGraph:  CompressedPak pak cache file ../../../../../../Users/Joan Abad/Documents/Github/New/ShooterOnlineOW_Style/Shooter_OW_Style/DerivedDataCache/Compressed.ddp not found, will not use a pak cache.
[2019.08.02-06.42.58:212][  0]LogDerivedDataCache: Unable to find inner node CompressedPak for hierarchical cache Hierarchy.
[2019.08.02-06.42.58:228][  0]LogDerivedDataCache: Display: Pak cache opened for reading ../../../Engine/DerivedDataCache/Compressed.ddp.
[2019.08.02-06.42.58:242][  0]LogDerivedDataCache: Using Local data cache path C:/Users/Joan Abad/AppData/Local/UnrealEngine/Common/DerivedDataCache: Writable
[2019.08.02-06.42.58:242][  0]LogDerivedDataCache: Shared data cache path not found in *engine.ini, will not use an Shared cache.
[2019.08.02-06.42.58:242][  0]LogDerivedDataCache: Unable to find inner node Shared for hierarchical cache Hierarchy.
[2019.08.02-06.42.58:264][  0]LogMaterial: Verifying Global Shaders for PCD3D_SM5
[2019.08.02-06.42.58:265][  0]LogSlate: Using FreeType 2.6.0
[2019.08.02-06.42.58:266][  0]LogSlate: SlateFontServices - WITH_FREETYPE: 1, WITH_HARFBUZZ: 1
[2019.08.02-06.42.58:349][  0]LogAssetRegistry: FAssetRegistry took 0.0394 seconds to start up
[2019.08.02-06.42.58:640][  0]LogInit: Selected Device Profile: [Windows]
[2019.08.02-06.42.58:782][  0]LogSimplygon: Simplygon DLL not present - disabling.
[2019.08.02-06.42.58:787][  0]LogMeshReduction: Using SimplygonSwarm for distributed automatic mesh merging
[2019.08.02-06.42.58:787][  0]LogMeshReduction: Using ProxyLODMeshReduction for automatic mesh merging
[2019.08.02-06.42.58:787][  0]LogMeshReduction: Using QuadricMeshReduction for automatic static mesh reduction
[2019.08.02-06.42.58:787][  0]LogMeshReduction: No automatic skeletal mesh reduction module available
[2019.08.02-06.42.58:805][  0]LogNetVersion: Shooter_OW_Style 1.0.0, NetCL: 4212847, EngineNetVer: 5, GameNetVer: 0 (Checksum: 1206910907)
[2019.08.02-06.42.59:240][  0]LogPackageLocalizationCache: Processed 11 localized package path(s) for 1 prioritized culture(s) in 0.044453 seconds
[2019.08.02-06.42.59:246][  0]LogUObjectArray: 38425 objects as part of root set at end of initial load.
[2019.08.02-06.42.59:246][  0]LogUObjectAllocator: 6690864 out of 0 bytes used by permanent object pool.
[2019.08.02-06.42.59:246][  0]LogUObjectArray: CloseDisregardForGC: 0/0 objects in disregard for GC pool
[2019.08.02-06.43.00:162][  0]LogTcpMessaging: Initializing TcpMessaging bridge
[2019.08.02-06.43.00:178][  0]LogUdpMessaging: Initializing bridge on interface 0.0.0.0:0 to multicast group 230.0.0.1:6666.
[2019.08.02-06.43.00:360][  0]SourceControl: Source control is disabled
[2019.08.02-06.43.00:360][  0]SourceControl: Source control is disabled
[2019.08.02-06.43.00:365][  0]SourceControl: Source control is disabled
[2019.08.02-06.43.00:369][  0]SourceControl: Source control is disabled
[2019.08.02-06.43.00:589][  0]LogAndroidPermission: UAndroidPermissionCallbackProxy::GetInstance
[2019.08.02-06.43.00:745][  0]LogOcInput: OculusInput pre-init called
[2019.08.02-06.43.00:815][  0]LogEngine: Initializing Engine...
[2019.08.02-06.43.00:816][  0]LogHMD: Failed to initialize OpenVR with code 110
[2019.08.02-06.43.00:817][  0]LogStats: UGameplayTagsManager::ConstructGameplayTagTree: ImportINI prefixes -  0.000 s
[2019.08.02-06.43.00:817][  0]LogStats: UGameplayTagsManager::ConstructGameplayTagTree: Construct from data asset -  0.000 s
[2019.08.02-06.43.00:817][  0]LogStats: UGameplayTagsManager::ConstructGameplayTagTree: ImportINI -  0.000 s
[2019.08.02-06.43.00:817][  0]LogStats: UGameplayTagsManager::ConstructGameplayTagTree: GameplayTagTreeChangedEvent.Broadcast -  0.000 s
[2019.08.02-06.43.01:033][  0]LogInit: Initializing FReadOnlyCVARCache
[2019.08.02-06.43.01:050][  0]LogAIModule: Creating AISystem for world Untitled
[2019.08.02-06.43.01:074][  0]LogInit: XAudio2 using 'Altavoces (5- Logitech G933 Gaming Wireless Headset)' : 2 channels at 44.1 kHz using 16 bits per sample (channel mask 0x3)
[2019.08.02-06.43.01:080][  0]LogInit: FAudioDevice initialized.
[2019.08.02-06.43.01:080][  0]LogNetVersion: Set ProjectVersion to 1.0.0.0. Version Checksum will be recalculated on next use.
[2019.08.02-06.43.01:180][  0]LogDerivedDataCache: Saved boot cache 0.10s 71MB C:/Users/Joan Abad/AppData/Local/UnrealEngine/4.20/DerivedDataCache/Boot.ddc.
[2019.08.02-06.43.01:184][  0]LogInit: Texture streaming: Enabled
[2019.08.02-06.43.01:213][  0]LogEngineSessionManager: EngineSessionManager initialized
[2019.08.02-06.43.01:222][  0]LogInit: Transaction tracking system initialized
[2019.08.02-06.43.01:249][  0]BlueprintLog: New page: Editor Load
[2019.08.02-06.43.01:354][  0]LocalizationService: Localization service is disabled
[2019.08.02-06.43.01:600][  0]LogLinker: Warning: Can't find file '/Game/ThirdPersonBP/ThirdPersonOverview'
[2019.08.02-06.43.01:600][  0]LogLinker: Warning: Can't find file '/Game/ThirdPersonBP/ThirdPersonOverview'
[2019.08.02-06.43.01:600][  0]LogUObjectGlobals: Warning: Failed to find object 'Class /Game/ThirdPersonBP/ThirdPersonOverview.ThirdPersonOverview_C'
[2019.08.02-06.43.01:788][  0]LogCook: Display: Max memory allowance for cook 16384mb min free memory 0mb
[2019.08.02-06.43.01:788][  0]LogCook: Display: Mobile HDR setting 1
[2019.08.02-06.43.01:788][  0]LogGameplayTags: Display: UGameplayTagsManager::DoneAddingNativeTags. DelegateIsBound: 0
[2019.08.02-06.43.01:788][  0]LogStats: UGameplayTagsManager::ConstructGameplayTagTree: ImportINI prefixes -  0.000 s
[2019.08.02-06.43.01:788][  0]LogStats: UGameplayTagsManager::ConstructGameplayTagTree: Construct from data asset -  0.000 s
[2019.08.02-06.43.01:788][  0]LogStats: UGameplayTagsManager::ConstructGameplayTagTree: ImportINI -  0.000 s
[2019.08.02-06.43.01:789][  0]LogStats: UGameplayTagsManager::ConstructGameplayTagTree: GameplayTagTreeChangedEvent.Broadcast -  0.000 s
[2019.08.02-06.43.01:960][  0]LogFileCache: Scanning file cache for directory 'C:/Users/Joan Abad/Documents/Github/New/ShooterOnlineOW_Style/Shooter_OW_Style/Content/' took 0.01s
[2019.08.02-06.43.01:963][  0]SourceControl: Source control is disabled
[2019.08.02-06.43.01:964][  0]Cmd: MAP LOAD FILE="../../../../../../Users/Joan Abad/Documents/Github/New/ShooterOnlineOW_Style/Shooter_OW_Style/Content/Levels/FirstMap.umap" TEMPLATE=0 SHOWPROGRESS=1 FEATURELEVEL=3
[2019.08.02-06.43.01:965][  0]LightingResults: New page: Lighting Build
[2019.08.02-06.43.01:967][  0]MapCheck: New page: Map Check
[2019.08.02-06.43.01:967][  0]LightingResults: New page: Lighting Build
[2019.08.02-06.43.02:525][  0]LogAIModule: Creating AISystem for world FirstMap
[2019.08.02-06.43.02:537][  0]LogEditorServer: Finished looking for orphan Actors (0.000 secs)
[2019.08.02-06.43.02:562][  0]Cmd: MAP CHECKDEP NOCLEARLOG
[2019.08.02-06.43.02:613][  0]MapCheck: Map check complete: 0 Error(s), 0 Warning(s), took 50.379ms to complete.
[2019.08.02-06.43.02:613][  0]LogFileHelpers: Loading map 'FirstMap' took 0.649
[2019.08.02-06.43.02:723][  0]LogSlate: Updating window title bar state: overlay mode, drag disabled, window buttons hidden, title bar hidden
[2019.08.02-06.43.02:729][  0]LogSlate: Updating window title bar state: overlay mode, drag disabled, window buttons hidden, title bar hidden
[2019.08.02-06.43.02:737][  0]LogSlate: Updating window title bar state: overlay mode, drag disabled, window buttons hidden, title bar hidden
[2019.08.02-06.43.02:745][  0]LogSlate: Updating window title bar state: overlay mode, drag disabled, window buttons hidden, title bar hidden
[2019.08.02-06.43.02:751][  0]LogCollectionManager: Loaded 0 collections in 0.001627 seconds
[2019.08.02-06.43.02:802][  0]LogFileCache: Scanning file cache for directory 'C:/Users/Joan Abad/Documents/Github/New/ShooterOnlineOW_Style/Shooter_OW_Style/Saved/Collections/' took 0.01s
[2019.08.02-06.43.02:803][  0]LogFileCache: Scanning file cache for directory 'C:/Users/Joan Abad/Documents/Github/New/ShooterOnlineOW_Style/Shooter_OW_Style/Content/Developers/JoanAbad/Collections/' took 0.01s
[2019.08.02-06.43.02:803][  0]LogFileCache: Scanning file cache for directory 'C:/Users/Joan Abad/Documents/Github/New/ShooterOnlineOW_Style/Shooter_OW_Style/Content/Collections/' took 0.01s
[2019.08.02-06.43.02:803][  0]LogCollectionManager: Rebuilt the GUID cache for 0 collections in 0.000001 seconds
[2019.08.02-06.43.02:813][  0]LogContentBrowser: Native class hierarchy populated in 0.0097 seconds. Added 2580 classes and 606 folders.
[2019.08.02-06.43.02:822][  0]LogContentBrowser: Native class hierarchy updated for 'WidgetCarousel' in 0.0004 seconds. Added 0 classes and 0 folders.
[2019.08.02-06.43.02:848][  0]LogContentBrowser: Native class hierarchy updated for 'AddContentDialog' in 0.0003 seconds. Added 0 classes and 0 folders.
[2019.08.02-06.43.02:855][  0]LogContentBrowser: Native class hierarchy updated for 'SceneOutliner' in 0.0004 seconds. Added 1 classes and 2 folders.
[2019.08.02-06.43.02:922][  0]LogSlate: Took 0.000283 seconds to synchronously load lazily loaded font '../../../Engine/Content/Slate/Fonts/Roboto-Regular.ttf' (155K)
[2019.08.02-06.43.02:924][  0]LogSlate: Took 0.000147 seconds to synchronously load lazily loaded font '../../../Engine/Content/Slate/Fonts/Roboto-Bold.ttf' (160K)
[2019.08.02-06.43.02:929][  0]LogSlate: Took 0.000208 seconds to synchronously load lazily loaded font '../../../Engine/Content/Editor/Slate/Fonts/FontAwesome.ttf' (139K)
[2019.08.02-06.43.03:006][  0]LogRenderer: Reallocating scene render targets to support 1716x884 Format 10 NumSamples 1 (Frame:1).
[2019.08.02-06.43.03:157][  0]LogContentBrowser: Native class hierarchy updated for 'HierarchicalLODOutliner' in 0.0004 seconds. Added 0 classes and 0 folders.
[2019.08.02-06.43.03:157][  0]LogLoad: (Engine Initialization) Total time: 8.51 seconds
[2019.08.02-06.43.03:157][  0]LogLoad: (Engine Initialization) Total Blueprint compile time: 0.00 seconds
[2019.08.02-06.43.03:189][  0]LogContentStreaming: Texture pool size now 1000 MB
[2019.08.02-06.43.03:242][  1]LogActor: Warning: BP_Claymore_C /Engine/Transient.World_0:PersistentLevel.BP_Claymore_C_0 has natively added scene component(s), but none of them were set as the actor's RootComponent - picking one arbitrarily
[2019.08.02-06.43.03:251][  1]LogAssetRegistry: Asset discovery search completed in 4.9380 seconds
[2019.08.02-06.43.03:254][  1]LogCollectionManager: Rebuilt the object cache for 0 collections in 0.000000 seconds (found 0 objects)
[2019.08.02-06.43.03:254][  1]LogCollectionManager: Fixed up redirectors for 0 collections in 0.000164 seconds (updated 0 objects)
[2019.08.02-06.43.05:865][302]LogSlate: FSceneViewport::OnFocusLost() reason 0
[2019.08.02-06.43.06:039][322]LogSlate: Took 0.000160 seconds to synchronously load lazily loaded font '../../../Engine/Content/Slate/Fonts/Roboto-Light.ttf' (167K)
[2019.08.02-06.43.06:047][322]LogAssetEditorManager: Opening Asset editor for Blueprint /Game/Programming/Actors/Claymore/BP_Claymore.BP_Claymore
[2019.08.02-06.43.06:465][322]LogContentBrowser: Native class hierarchy updated for 'BlueprintGraph' in 0.0008 seconds. Added 116 classes and 0 folders.
[2019.08.02-06.43.07:204][322]LogActor: Warning: BP_Claymore_C /Engine/Transient.World_1:PersistentLevel.BP_Claymore_C_0 has natively added scene component(s), but none of them were set as the actor's RootComponent - picking one arbitrarily
[2019.08.02-06.43.08:571][467]LogAssetEditorManager: Opening Asset editor for Blueprint /Game/Programming/Actors/Claymore/BP_Claymore.BP_Claymore
[2019.08.02-06.43.08:860][467]LogActor: Warning: BP_Claymore_C /Engine/Transient.World_4:PersistentLevel.BP_Claymore_C_0 has natively added scene component(s), but none of them were set as the actor's RootComponent - picking one arbitrarily
[2019.08.02-06.43.08:863][467]LogSlate: Took 0.000139 seconds to synchronously load lazily loaded font '../../../Engine/Content/Slate/Fonts/Roboto-BoldCondensed.ttf' (158K)
[2019.08.02-06.43.10:045][604]LogSlate: Took 0.000184 seconds to synchronously load lazily loaded font '../../../Engine/Content/Slate/Fonts/Roboto-Italic.ttf' (157K)
[2019.08.02-06.43.13:582][ 11]LogEditorViewport: Clicking on Actor (LMB): BP_Claymore_C (BP_Claymore)
[2019.08.02-06.43.15:214][186]LogSlate: FSceneViewport::OnFocusLost() reason 0
[2019.08.02-06.43.25:153][341]LogEditorViewport: Clicking on Actor (LMB): StaticMeshActor (Floor)
[2019.08.02-06.43.28:552][735]LogEditorViewport: Clicking on Actor (LMB): BP_Claymore_C (BP_Claymore)
[2019.08.02-06.43.29:657][851]LogSlate: FSceneViewport::OnFocusLost() reason 0
[2019.08.02-06.43.33:513][297]LogEditorViewport: Clicking on Actor (LMB): StaticMeshActor (Floor)
[2019.08.02-06.43.34:907][452]LogSlate: FSceneViewport::OnFocusLost() reason 0
[2019.08.02-06.43.35:089][462]LogSavePackage: Moving '../../../../../../Users/Joan Abad/Documents/Github/New/ShooterOnlineOW_Style/Shooter_OW_Style/Saved/FirstMap3017295147BBA792B3FEB1BDF095F50B.tmp' to '../../../../../../Users/Joan Abad/Documents/Github/New/ShooterOnlineOW_Style/Shooter_OW_Style/Content/Levels/FirstMap.umap'
[2019.08.02-06.43.35:147][462]LogSavePackage: Moving '../../../../../../Users/Joan Abad/Documents/Github/New/ShooterOnlineOW_Style/Shooter_OW_Style/Saved/FirstMap_BuiltData8BA8EBA6480BD94BBDE614A9C4EA94DF.tmp' to '../../../../../../Users/Joan Abad/Documents/Github/New/ShooterOnlineOW_Style/Shooter_OW_Style/Content/Levels/FirstMap_BuiltData.uasset'
[2019.08.02-06.43.36:194][583]LogEditorViewport: Clicking on Actor (LMB): BP_Claymore_C (BP_Claymore)
[2019.08.02-06.43.42:009][253]LogEditorViewport: Clicking on Actor (context menu): StaticMeshActor (Floor)
[2019.08.02-06.43.42:069][253]LogSlate: FSceneViewport::OnFocusLost() reason 2
[2019.08.02-06.43.43:923][467]LogEditorViewport: Clicking on Actor (LMB): BP_Claymore_C (BP_Claymore)
[2019.08.02-06.43.50:809][232]LogSlate: FSceneViewport::OnFocusLost() reason 0
[2019.08.02-06.43.59:352][208]LogSlate: FSceneViewport::OnFocusLost() reason 0
[2019.08.02-06.43.59:583][224]LogSavePackage: Moving '../../../../../../Users/Joan Abad/Documents/Github/New/ShooterOnlineOW_Style/Shooter_OW_Style/Saved/FirstMap8F73D0F8477B63262851F0BD8CF5047E.tmp' to '../../../../../../Users/Joan Abad/Documents/Github/New/ShooterOnlineOW_Style/Shooter_OW_Style/Content/Levels/FirstMap.umap'
[2019.08.02-06.43.59:635][224]LogSavePackage: Moving '../../../../../../Users/Joan Abad/Documents/Github/New/ShooterOnlineOW_Style/Shooter_OW_Style/Saved/FirstMap_BuiltData22297D9D49B7347316B11683C5B10678.tmp' to '../../../../../../Users/Joan Abad/Documents/Github/New/ShooterOnlineOW_Style/Shooter_OW_Style/Content/Levels/FirstMap_BuiltData.uasset'
[2019.08.02-06.50.58:540][513]LogSlate: FSceneViewport::OnFocusLost() reason 0
[2019.08.02-06.50.58:764][528]Candidate modules for hot reload:
[2019.08.02-06.50.58:765][528]  Shooter_OW_Style
[2019.08.02-06.50.58:765][528]Launching UnrealBuildTool... [C:/Program Files/Epic Games/UE_4.20/Engine/Binaries/DotNET/UnrealBuildTool.exe  -ModuleWithSuffix=Shooter_OW_Style,75 Win64 Development -TargetType=Editor -Project="../../../../../../Users/Joan Abad/Documents/Github/New/ShooterOnlineOW_Style/Shooter_OW_Style/Shooter_OW_Style.uproject" -canskiplink "C:/Users/Joan Abad/Documents/Github/New/ShooterOnlineOW_Style/Shooter_OW_Style/Shooter_OW_Style.uproject" ]
[2019.08.02-06.50.58:766][528]Warning: Starting HotReload took  0.1s.
[2019.08.02-06.51.20:004][792]CompilerResultsLog: New page: Compilation - Aug 2, 2019, 10:51:20 AM
[2019.08.02-06.51.20:005][792]CompilerResultsLog: Using 'git status' to determine working set for adaptive non-unity build.
[2019.08.02-06.51.20:005][792]CompilerResultsLog: Compiling game modules for hot reload
[2019.08.02-06.51.20:005][792]CompilerResultsLog: Parsing headers for Shooter_OW_StyleEditor
[2019.08.02-06.51.20:006][792]CompilerResultsLog:   Running UnrealHeaderTool "C:\Users\Joan Abad\Documents\Github\New\ShooterOnlineOW_Style\Shooter_OW_Style\Shooter_OW_Style.uproject" "C:\Users\Joan Abad\Documents\Github\New\ShooterOnlineOW_Style\Shooter_OW_Style\Intermediate\Build\Win64\Shooter_OW_StyleEditor\Development\Shooter_OW_StyleEditor.uhtmanifest" -LogCmds="loginit warning, logexit warning, logdatabase error" -Unattended -WarningsAsErrors -installed
[2019.08.02-06.51.20:006][792]CompilerResultsLog: Reflection code generated for Shooter_OW_StyleEditor in 10,1036091 seconds
[2019.08.02-06.51.20:006][792]CompilerResultsLog: Distributing 5 actions to XGE
[2019.08.02-06.51.20:006][792]CompilerResultsLog: --------------------Build System Warning---------------------------------------
[2019.08.02-06.51.20:006][792]CompilerResultsLog: License is invalid:
[2019.08.02-06.51.20:007][792]CompilerResultsLog:     License information is invalid. Please try reloading your license file using the Coordinator Monitor application on the Coordinator machine, or reinstall IncrediBuild.
[2019.08.02-06.51.20:007][792]CompilerResultsLog:     This build will run in standalone mode.
[2019.08.02-06.51.20:007][792]CompilerResultsLog: 
[2019.08.02-06.51.20:007][792]CompilerResultsLog: -------------------------------------------------------------------------------
[2019.08.02-06.51.20:007][792]CompilerResultsLog: --------------------Project: Default-------------------------------------------
[2019.08.02-06.51.20:007][792]CompilerResultsLog: Shooter_OW_Style.init.gen.cpp (0:00.42 at +0:00)
[2019.08.02-06.51.20:008][792]CompilerResultsLog: Claymore.gen.cpp (0:00.89 at +0:00)
[2019.08.02-06.51.20:008][792]CompilerResultsLog: Claymore.cpp (0:05.25 at +0:01)
[2019.08.02-06.51.20:008][792]CompilerResultsLog: UE4Editor-Shooter_OW_Style-75.dll (0:00.84 at +0:06)
[2019.08.02-06.51.20:008][792]CompilerResultsLog:    Creando biblioteca C:\Users\Joan Abad\Documents\Github\New\ShooterOnlineOW_Style\Shooter_OW_Style\Intermediate\Build\Win64\UE4Editor\Development\Shooter_OW_Style\UE4Editor-Shooter_OW_Style-75.suppressed.lib y objeto C:\Users\Joan Abad\Documents\Github\New\ShooterOnlineOW_Style\Shooter_OW_Style\Intermediate\Build\Win64\UE4Editor\Development\Shooter_OW_Style\UE4Editor-Shooter_OW_Style-75.suppressed.exp
[2019.08.02-06.51.20:008][792]CompilerResultsLog: UE4Editor-Shooter_OW_Style-75.lib (0:00.12 at +0:07)
[2019.08.02-06.51.20:008][792]CompilerResultsLog:    Creando biblioteca C:\Users\Joan Abad\Documents\Github\New\ShooterOnlineOW_Style\Shooter_OW_Style\Intermediate\Build\Win64\UE4Editor\Development\Shooter_OW_Style\UE4Editor-Shooter_OW_Style-75.lib y objeto C:\Users\Joan Abad\Documents\Github\New\ShooterOnlineOW_Style\Shooter_OW_Style\Intermediate\Build\Win64\UE4Editor\Development\Shooter_OW_Style\UE4Editor-Shooter_OW_Style-75.exp
[2019.08.02-06.51.20:008][792]CompilerResultsLog: ---------------------- Done ----------------------
[2019.08.02-06.51.20:008][792]CompilerResultsLog: 
[2019.08.02-06.51.20:009][792]CompilerResultsLog:     Rebuild All: 1 succeeded, 0 failed, 0 skipped
[2019.08.02-06.51.20:009][792]CompilerResultsLog: 
[2019.08.02-06.51.20:009][792]CompilerResultsLog: 1 build system warning(s):
[2019.08.02-06.51.20:009][792]CompilerResultsLog:    - License is invalid
[2019.08.02-06.51.20:009][792]CompilerResultsLog: 
[2019.08.02-06.51.20:009][792]CompilerResultsLog: Total build time: 21,00 seconds (XGE executor: 7,68 seconds)
[2019.08.02-06.51.20:009][792]LogMainFrame: MainFrame: Module compiling took 21.265 seconds
[2019.08.02-06.51.20:045][792]LogClass: Could not find existing class Claymore in package /Script/Shooter_OW_Style for HotReload, assuming new class
[2019.08.02-06.51.20:045][792]LogClass: Function OnBoxBeginOverlap is new.
[2019.08.02-06.51.20:063][792]LogHotReload: Re-instancing Claymore after hot-reload.
[2019.08.02-06.51.20:067][792]LogActor: Warning: BP_Claymore_C /Game/Levels/FirstMap.FirstMap:PersistentLevel.BP_Claymore_8 has natively added scene component(s), but none of them were set as the actor's RootComponent - picking one arbitrarily
[2019.08.02-06.51.20:082][792]LogActor: Warning: BP_Claymore_C /Engine/Transient.World_0:PersistentLevel.BP_Claymore_C_0 has natively added scene component(s), but none of them were set as the actor's RootComponent - picking one arbitrarily
[2019.08.02-06.51.20:290][792]LogContentBrowser: Native class hierarchy updated for 'Shooter_OW_Style' in 0.0004 seconds. Added 8 classes and 3 folders.
[2019.08.02-06.51.20:294][792]Display: HotReload successful (3 functions remapped  0 scriptstructs remapped)
[2019.08.02-06.51.20:659][792]LogContentBrowser: Native class hierarchy populated in 0.0094 seconds. Added 2581 classes and 608 folders.
[2019.08.02-06.51.20:669][792]Display: HotReload took 22.0s.
[2019.08.02-06.51.26:373][809]LogTemp: Repeating last play command: New Editor Window (PIE)
[2019.08.02-06.51.26:398][809]LogPlayLevel: PlayLevel: No blueprints needed recompiling
[2019.08.02-06.51.26:411][809]PIE: New page: PIE session: FirstMap (Aug 2, 2019, 10:51:26 AM)
[2019.08.02-06.51.26:411][809]LogPlayLevel: Creating play world package: /Game/Levels/UEDPIE_0_FirstMap
[2019.08.02-06.51.26:415][809]LogPlayLevel: PIE: StaticDuplicateObject took: (0.003753s)
[2019.08.02-06.51.26:416][809]LogAIModule: Creating AISystem for world FirstMap
[2019.08.02-06.51.26:416][809]LogPlayLevel: PIE: World Init took: (0.001048s)
[2019.08.02-06.51.26:417][809]LogPlayLevel: PIE: Created PIE world by copying editor world from /Game/Levels/FirstMap.FirstMap to /Game/Levels/UEDPIE_0_FirstMap.FirstMap (0.005227s)
[2019.08.02-06.51.26:482][809]LogInit: XAudio2 using 'Altavoces (5- Logitech G933 Gaming Wireless Headset)' : 2 channels at 44.1 kHz using 16 bits per sample (channel mask 0x3)
[2019.08.02-06.51.26:488][809]LogInit: FAudioDevice initialized.
[2019.08.02-06.51.26:496][809]LogSlate: Updating window title bar state: overlay mode, drag disabled, window buttons hidden, title bar hidden
[2019.08.02-06.51.26:598][809]LogLoad: Game class is 'GameModeBase'
[2019.08.02-06.51.26:601][809]LogWorld: Bringing World /Game/Levels/UEDPIE_0_FirstMap.FirstMap up for play (max tick rate 0) at 2019.08.02-08.51.26
[2019.08.02-06.51.26:602][809]LogWorld: Bringing up level for play took: 0.002883
[2019.08.02-06.51.26:630][809]LogContentBrowser: Native class hierarchy updated for 'MovieSceneCapture' in 0.0003 seconds. Added 10 classes and 0 folders.
[2019.08.02-06.51.26:636][809]PIE: Play in editor start time for /Game/Levels/UEDPIE_0_FirstMap 0.449
[2019.08.02-06.51.28:116][954]LogRenderer: Reallocating scene render targets to support 2560x1380 Format 10 NumSamples 1 (Frame:147).
[2019.08.02-06.51.40:147][367]LogSlate: Updating window title bar state: overlay mode, drag disabled, window buttons hidden, title bar hidden
[2019.08.02-06.51.40:167][367]LogSlate: Window 'Shooter_OW_Style Game Preview Standalone (64-bit/PCD3D_SM5)' being destroyed
[2019.08.02-06.51.40:206][367]LogPlayLevel: Display: Shutting down PIE online subsystems
[2019.08.02-06.51.40:274][368]LogPlayLevel: Display: Destroying online subsystem :Context_6
[2019.08.02-06.51.41:916][559]LogSlate: FSceneViewport::OnFocusLost() reason 0
[2019.08.02-06.51.42:722][654]LogActor: Warning: BP_Claymore_C /Engine/Transient.World_0:PersistentLevel.BP_Claymore_C_1 has natively added scene component(s), but none of them were set as the actor's RootComponent - picking one arbitrarily
[2019.08.02-06.51.47:944][868]LogEditorViewport: Clicking on Actor (LMB): BP_Claymore_C (BP_Claymore)
[2019.08.02-06.51.49:797][ 78]LogSlate: FSceneViewport::OnFocusLost() reason 0
[2019.08.02-06.51.49:892][ 88]LogAssetEditorManager: Opening Asset editor for Blueprint /Game/Programming/Actors/Claymore/BP_Claymore.BP_Claymore
[2019.08.02-06.51.50:208][ 88]LogActor: Warning: BP_Claymore_C /Engine/Transient.World_5:PersistentLevel.BP_Claymore_C_0 has natively added scene component(s), but none of them were set as the actor's RootComponent - picking one arbitrarily
[2019.08.02-06.51.54:182][521]BlueprintLog: New page: Compile BP_Claymore
[2019.08.02-06.51.54:195][521]LogActor: Warning: BP_Claymore_C /Game/Levels/FirstMap.FirstMap:PersistentLevel.BP_Claymore_8 has natively added scene component(s), but none of them were set as the actor's RootComponent - picking one arbitrarily
[2019.08.02-06.51.54:221][521]LogActor: Warning: BP_Claymore_C /Engine/Transient.World_0:PersistentLevel.BP_Claymore_C_1 has natively added scene component(s), but none of them were set as the actor's RootComponent - picking one arbitrarily
[2019.08.02-06.51.54:222][521]LogActor: Warning: BP_Claymore_C /Engine/Transient.World_5:PersistentLevel.BP_Claymore_C_0 has natively added scene component(s), but none of them were set as the actor's RootComponent - picking one arbitrarily
[2019.08.02-06.51.54:371][521]LogActor: Warning: BP_Claymore_C /Engine/Transient.World_0:PersistentLevel.BP_Claymore_C_2 has natively added scene component(s), but none of them were set as the actor's RootComponent - picking one arbitrarily
[2019.08.02-06.51.54:445][521]LogSavePackage: Moving '../../../../../../Users/Joan Abad/Documents/Github/New/ShooterOnlineOW_Style/Shooter_OW_Style/Saved/BP_ClaymoreB15612C3431FCFF6B101CF80F962B108.tmp' to '../../../../../../Users/Joan Abad/Documents/Github/New/ShooterOnlineOW_Style/Shooter_OW_Style/Content/Programming/Actors/Claymore/BP_Claymore.uasset'
[2019.08.02-06.51.54:733][545]LogSavePackage: Moving '../../../../../../Users/Joan Abad/Documents/Github/New/ShooterOnlineOW_Style/Shooter_OW_Style/Saved/BP_Claymore992748AA40893BE76D032ABD0617BFA5.tmp' to '../../../../../../Users/Joan Abad/Documents/Github/New/ShooterOnlineOW_Style/Shooter_OW_Style/Content/Programming/Actors/Claymore/BP_Claymore.uasset'
[2019.08.02-06.51.55:411][604]LogSavePackage: Moving '../../../../../../Users/Joan Abad/Documents/Github/New/ShooterOnlineOW_Style/Shooter_OW_Style/Saved/FirstMap511BCB5B4091E14A1E5ABAAEB960FD5A.tmp' to '../../../../../../Users/Joan Abad/Documents/Github/New/ShooterOnlineOW_Style/Shooter_OW_Style/Content/Levels/FirstMap.umap'
[2019.08.02-06.51.55:446][604]LogFileHelpers: Saving map 'FirstMap' took 0.163
[2019.08.02-06.51.55:839][651]LogTemp: Repeating last play command: New Editor Window (PIE)
[2019.08.02-06.51.55:858][651]LogPlayLevel: PlayLevel: No blueprints needed recompiling
[2019.08.02-06.51.55:859][651]PIE: New page: PIE session: FirstMap (Aug 2, 2019, 10:51:55 AM)
[2019.08.02-06.51.55:859][651]LogPlayLevel: Creating play world package: /Game/Levels/UEDPIE_0_FirstMap
[2019.08.02-06.51.55:862][651]LogPlayLevel: PIE: StaticDuplicateObject took: (0.003158s)
[2019.08.02-06.51.55:863][651]LogAIModule: Creating AISystem for world FirstMap
[2019.08.02-06.51.55:864][651]LogPlayLevel: PIE: World Init took: (0.001351s)
[2019.08.02-06.51.55:864][651]LogPlayLevel: PIE: Created PIE world by copying editor world from /Game/Levels/FirstMap.FirstMap to /Game/Levels/UEDPIE_0_FirstMap.FirstMap (0.004987s)
[2019.08.02-06.51.55:895][651]LogInit: XAudio2 using 'Altavoces (5- Logitech G933 Gaming Wireless Headset)' : 2 channels at 44.1 kHz using 16 bits per sample (channel mask 0x3)
[2019.08.02-06.51.55:901][651]LogInit: FAudioDevice initialized.
[2019.08.02-06.51.55:911][651]LogSlate: Updating window title bar state: overlay mode, drag disabled, window buttons hidden, title bar hidden
[2019.08.02-06.51.56:008][651]LogLoad: Game class is 'GameModeBase'
[2019.08.02-06.51.56:011][651]LogWorld: Bringing World /Game/Levels/UEDPIE_0_FirstMap.FirstMap up for play (max tick rate 0) at 2019.08.02-08.51.56
[2019.08.02-06.51.56:012][651]LogWorld: Bringing up level for play took: 0.003531
[2019.08.02-06.51.56:029][651]PIE: Play in editor start time for /Game/Levels/UEDPIE_0_FirstMap -0.157
[2019.08.02-06.52.03:580][531]LogSlate: Updating window title bar state: overlay mode, drag disabled, window buttons hidden, title bar hidden
[2019.08.02-06.52.03:599][531]LogSlate: Window 'Shooter_OW_Style Game Preview Standalone (64-bit/PCD3D_SM5)' being destroyed
[2019.08.02-06.52.03:635][531]LogPlayLevel: Display: Shutting down PIE online subsystems
[2019.08.02-06.52.03:693][532]LogPlayLevel: Display: Destroying online subsystem :Context_8
[2019.08.02-06.52.54:409][  8]LogSlate: Window 'Shooter_OW_Style - Unreal Editor' being destroyed
[2019.08.02-06.52.54:409][  8]LogWindowsTextInputMethodSystem: Display: IME system now deactivated.
[2019.08.02-06.52.54:670][  9]Cmd: QUIT_EDITOR
[2019.08.02-06.52.55:601][  9]LogExit: Preparing to exit.
[2019.08.02-06.52.56:021][  9]LogExit: Editor shut down
[2019.08.02-06.52.56:022][  9]LogExit: Transaction tracking system shut down
[2019.08.02-06.52.56:470][  9]LogExit: Object subsystem successfully closed.
[2019.08.02-06.52.56:494][  9]LogShaderCompilers: Display: Shaders left to compile 0
[2019.08.02-06.52.56:498][  9]LogD3D11RHI: Shutdown
[2019.08.02-06.52.56:498][  9]LogD3D11RHI: CleanupD3DDevice
[2019.08.02-06.52.56:500][  9]LogD3D11RHI: ~FD3D11DynamicRHI
[2019.08.02-06.52.56:512][  9]LogModuleManager: Shutting down and abandoning module MovieSceneCapture (619)
[2019.08.02-06.52.56:512][  9]LogModuleManager: Shutting down and abandoning module Voice (617)
[2019.08.02-06.52.56:512][  9]LogModuleManager: Shutting down and abandoning module Shooter_OW_Style (615)
[2019.08.02-06.52.56:513][  9]LogModuleManager: Shutting down and abandoning module BlueprintGraph (614)
[2019.08.02-06.52.56:513][  9]LogModuleManager: Shutting down and abandoning module HierarchicalLODOutliner (612)
[2019.08.02-06.52.56:513][  9]LogModuleManager: Shutting down and abandoning module SceneOutliner (610)
[2019.08.02-06.52.56:513][  9]LogModuleManager: Shutting down and abandoning module AddContentDialog (608)
[2019.08.02-06.52.56:514][  9]LogModuleManager: Shutting down and abandoning module WidgetCarousel (607)
[2019.08.02-06.52.56:514][  9]LogModuleManager: Shutting down and abandoning module EditorWidgets (604)
[2019.08.02-06.52.56:514][  9]LogModuleManager: Shutting down and abandoning module CollectionManager (602)
[2019.08.02-06.52.56:514][  9]LogModuleManager: Shutting down and abandoning module StatsViewer (600)
[2019.08.02-06.52.56:514][  9]LogModuleManager: Shutting down and abandoning module FoliageEdit (598)
[2019.08.02-06.52.56:514][  9]LogModuleManager: Shutting down and abandoning module LandscapeEditor (596)
[2019.08.02-06.52.56:515][  9]LogModuleManager: Shutting down and abandoning module MeshPaintMode (594)
[2019.08.02-06.52.56:515][  9]LogModuleManager: Shutting down and abandoning module SceneDepthPickerMode (592)
[2019.08.02-06.52.56:515][  9]LogModuleManager: Shutting down and abandoning module ActorPickerMode (590)
[2019.08.02-06.52.56:515][  9]LogModuleManager: Shutting down and abandoning module GeometryMode (588)
[2019.08.02-06.52.56:515][  9]LogModuleManager: Shutting down and abandoning module TextureAlignMode (586)
[2019.08.02-06.52.56:515][  9]LogModuleManager: Shutting down and abandoning module BspMode (584)
[2019.08.02-06.52.56:515][  9]LogModuleManager: Shutting down and abandoning module PIEPreviewDeviceProfileSelector (582)
[2019.08.02-06.52.56:515][  9]LogModuleManager: Shutting down and abandoning module SequenceRecorderSections (580)
[2019.08.02-06.52.56:515][  9]LogModuleManager: Shutting down and abandoning module AutomationWorker (578)
[2019.08.02-06.52.56:516][  9]LogModuleManager: Shutting down and abandoning module AudioCaptureEditor (576)
[2019.08.02-06.52.56:516][  9]LogModuleManager: Shutting down and abandoning module SequenceRecorder (575)
[2019.08.02-06.52.56:516][  9]LogModuleManager: Shutting down and abandoning module MatineeToLevelSequence (572)
[2019.08.02-06.52.56:516][  9]LogModuleManager: Shutting down and abandoning module LevelSequenceEditor (570)
[2019.08.02-06.52.56:516][  9]LogModuleManager: Shutting down and abandoning module PlacementMode (569)
[2019.08.02-06.52.56:516][  9]LogModuleManager: Shutting down and abandoning module MaterialEditor (568)
[2019.08.02-06.52.56:516][  9]LogModuleManager: Shutting down and abandoning module WmfMediaFactory (564)
[2019.08.02-06.52.56:517][  9]LogModuleManager: Shutting down and abandoning module WmfMediaEditor (562)
[2019.08.02-06.52.56:517][  9]LogModuleManager: Shutting down and abandoning module MediaPlayerEditor (560)
[2019.08.02-06.52.56:517][  9]LogModuleManager: Shutting down and abandoning module OpenExrWrapper (558)
[2019.08.02-06.52.56:517][  9]LogModuleManager: Shutting down and abandoning module ImgMediaFactory (556)
[2019.08.02-06.52.56:517][  9]LogModuleManager: Shutting down and abandoning module ImgMediaEditor (554)
[2019.08.02-06.52.56:517][  9]LogModuleManager: Shutting down and abandoning module AvfMediaFactory (552)
[2019.08.02-06.52.56:518][  9]LogModuleManager: Shutting down and abandoning module AvfMediaEditor (550)
[2019.08.02-06.52.56:518][  9]LogModuleManager: Shutting down and abandoning module AndroidMediaFactory (548)
[2019.08.02-06.52.56:518][  9]LogModuleManager: Shutting down and abandoning module AndroidMediaEditor (546)
[2019.08.02-06.52.56:518][  9]LogModuleManager: Shutting down and abandoning module MagicLeapCameraPreviewFactory (544)
[2019.08.02-06.52.56:519][  9]LogModuleManager: Shutting down and abandoning module MagicLeapMediaFactory (542)
[2019.08.02-06.52.56:519][  9]LogModuleManager: Shutting down and abandoning module MagicLeapMediaEditor (540)
[2019.08.02-06.52.56:519][  9]LogModuleManager: Shutting down and abandoning module CharacterAI (538)
[2019.08.02-06.52.56:519][  9]LogModuleManager: Shutting down and abandoning module SmartSnapping (536)
[2019.08.02-06.52.56:519][  9]LogModuleManager: Shutting down and abandoning module SessionServices (534)
[2019.08.02-06.52.56:519][  9]LogModuleManager: Shutting down and abandoning module ViewportSnapping (532)
[2019.08.02-06.52.56:519][  9]LogModuleManager: Shutting down and abandoning module ViewportInteraction (530)
[2019.08.02-06.52.56:519][  9]LogModuleManager: Shutting down and abandoning module ClothPainter (528)
[2019.08.02-06.52.56:519][  9]LogModuleManager: Shutting down and abandoning module SkeletalMeshEditor (527)
[2019.08.02-06.52.56:519][  9]LogModuleManager: Shutting down and abandoning module LogVisualizer (524)
[2019.08.02-06.52.56:520][  9]LogModuleManager: Shutting down and abandoning module IntroTutorials (522)
[2019.08.02-06.52.56:520][  9]LogModuleManager: Shutting down and abandoning module GameProjectGeneration (521)
[2019.08.02-06.52.56:520][  9]LogModuleManager: Shutting down and abandoning module LuminPlatformEditor (518)
[2019.08.02-06.52.56:520][  9]LogModuleManager: Shutting down and abandoning module IOSPlatformEditor (516)
[2019.08.02-06.52.56:520][  9]LogModuleManager: Shutting down and abandoning module HTML5PlatformEditor (514)
[2019.08.02-06.52.56:521][  9]LogModuleManager: Shutting down and abandoning module AndroidPlatformEditor (512)
[2019.08.02-06.52.56:521][  9]LogModuleManager: Shutting down and abandoning module AndroidDeviceDetection (511)
[2019.08.02-06.52.57:180][  9]LogModuleManager: Shutting down and abandoning module WindowsPlatformEditor (508)
[2019.08.02-06.52.57:180][  9]LogModuleManager: Shutting down and abandoning module LuminRuntimeSettings (506)
[2019.08.02-06.52.57:180][  9]LogModuleManager: Shutting down and abandoning module IOSRuntimeSettings (504)
[2019.08.02-06.52.57:180][  9]LogModuleManager: Shutting down and abandoning module AndroidRuntimeSettings (502)
[2019.08.02-06.52.57:181][  9]LogModuleManager: Shutting down and abandoning module InputBindingEditor (500)
[2019.08.02-06.52.57:181][  9]LogModuleManager: Shutting down and abandoning module MergeActors (498)
[2019.08.02-06.52.57:181][  9]LogModuleManager: Shutting down and abandoning module LocalizationDashboard (496)
[2019.08.02-06.52.57:181][  9]LogModuleManager: Shutting down and abandoning module LocalizationService (495)
[2019.08.02-06.52.57:181][  9]LogModuleManager: Shutting down and abandoning module HardwareTargeting (492)
[2019.08.02-06.52.57:181][  9]LogModuleManager: Shutting down and abandoning module DeviceProfileEditor (490)
[2019.08.02-06.52.57:181][  9]LogModuleManager: Shutting down and abandoning module UndoHistory (488)
[2019.08.02-06.52.57:182][  9]LogModuleManager: Shutting down and abandoning module XmlParser (486)
[2019.08.02-06.52.57:182][  9]LogModuleManager: Shutting down and abandoning module Blutility (484)
[2019.08.02-06.52.57:182][  9]LogModuleManager: Shutting down and abandoning module ProjectSettingsViewer (482)
[2019.08.02-06.52.57:182][  9]LogModuleManager: Shutting down and abandoning module ProjectTargetPlatformEditor (481)
[2019.08.02-06.52.57:182][  9]LogModuleManager: Shutting down and abandoning module EditorSettingsViewer (478)
[2019.08.02-06.52.57:183][  9]LogModuleManager: Shutting down and abandoning module SettingsEditor (476)
[2019.08.02-06.52.57:183][  9]LogModuleManager: Shutting down and abandoning module ProjectLauncher (474)
[2019.08.02-06.52.57:183][  9]LogModuleManager: Shutting down and abandoning module SessionFrontend (472)
[2019.08.02-06.52.57:183][  9]LogModuleManager: Shutting down and abandoning module ProfilerClient (470)
[2019.08.02-06.52.57:183][  9]LogModuleManager: Shutting down and abandoning module DeviceManager (468)
[2019.08.02-06.52.57:183][  9]LogModuleManager: Shutting down and abandoning module TargetDeviceServices (467)
[2019.08.02-06.52.57:236][  9]LogModuleManager: Shutting down and abandoning module AutomationController (464)
[2019.08.02-06.52.57:236][  9]LogModuleManager: Shutting down and abandoning module AutomationWindow (462)
[2019.08.02-06.52.57:236][  9]LogModuleManager: Shutting down and abandoning module Layers (460)
[2019.08.02-06.52.57:236][  9]LogModuleManager: Shutting down and abandoning module ComponentVisualizers (458)
[2019.08.02-06.52.57:236][  9]LogModuleManager: Shutting down and abandoning module DetailCustomizations (456)
[2019.08.02-06.52.57:236][  9]LogModuleManager: Shutting down and abandoning module PackagesDialog (454)
[2019.08.02-06.52.57:237][  9]LogModuleManager: Shutting down and abandoning module Persona (452)
[2019.08.02-06.52.57:237][  9]LogModuleManager: Shutting down and abandoning module AdvancedPreviewScene (451)
[2019.08.02-06.52.57:237][  9]LogModuleManager: Shutting down and abandoning module AnimGraph (449)
[2019.08.02-06.52.57:237][  9]LogModuleManager: Shutting down and abandoning module Kismet (446)
[2019.08.02-06.52.57:242][  9]LogModuleManager: Shutting down and abandoning module GraphEditor (444)
[2019.08.02-06.52.57:242][  9]LogModuleManager: Shutting down and abandoning module ClassViewer (442)
[2019.08.02-06.52.57:242][  9]LogModuleManager: Shutting down and abandoning module Toolbox (440)
[2019.08.02-06.52.57:242][  9]LogModuleManager: Shutting down and abandoning module DesktopPlatform (439)
[2019.08.02-06.52.57:243][  9]LogModuleManager: Shutting down and abandoning module ModuleUI (436)
[2019.08.02-06.52.57:243][  9]LogModuleManager: Shutting down and abandoning module MovieSceneTools (434)
[2019.08.02-06.52.57:243][  9]LogModuleManager: Shutting down and abandoning module OutputLog (432)
[2019.08.02-06.52.57:243][  9]LogModuleManager: Shutting down and abandoning module GammaUI (430)
[2019.08.02-06.52.57:243][  9]LogModuleManager: Shutting down and abandoning module Documentation (428)
[2019.08.02-06.52.57:244][  9]LogModuleManager: Shutting down and abandoning module MovieSceneTracks (426)
[2019.08.02-06.52.57:244][  9]LogModuleManager: Shutting down and abandoning module MovieScene (424)
[2019.08.02-06.52.57:244][  9]LogModuleManager: Shutting down and abandoning module StreamingPauseRendering (422)
[2019.08.02-06.52.57:244][  9]LogModuleManager: Shutting down and abandoning module LauncherPlatform (420)
[2019.08.02-06.52.57:244][  9]LogModuleManager: Shutting down and abandoning module AnalyticsET (418)
[2019.08.02-06.52.57:244][  9]LogModuleManager: Shutting down and abandoning module PortalServices (416)
[2019.08.02-06.52.57:245][  9]LogModuleManager: Shutting down and abandoning module PortalRpc (414)
[2019.08.02-06.52.57:245][  9]LogModuleManager: Shutting down and abandoning module MessagingRpc (412)
[2019.08.02-06.52.57:245][  9]LogModuleManager: Shutting down and abandoning module AIModule (410)
[2019.08.02-06.52.57:245][  9]LogModuleManager: Shutting down and abandoning module GameplayDebugger (409)
[2019.08.02-06.52.57:245][  9]LogModuleManager: Shutting down and abandoning module AITestSuite (407)
[2019.08.02-06.52.57:245][  9]LogModuleManager: Shutting down and abandoning module NavigationSystem (405)
[2019.08.02-06.52.57:245][  9]LogModuleManager: Shutting down and abandoning module ProfilerService (402)
[2019.08.02-06.52.57:412][  9]LogModuleManager: Shutting down and abandoning module TaskGraph (400)
[2019.08.02-06.52.57:412][  9]LogModuleManager: Shutting down and abandoning module SteamVRController (398)
[2019.08.02-06.52.57:412][  9]LogModuleManager: Shutting down and abandoning module ProceduralMeshComponentEditor (396)
[2019.08.02-06.52.57:413][  9]LogModuleManager: Shutting down and abandoning module ProceduralMeshComponent (394)
[2019.08.02-06.52.57:413][  9]LogModuleManager: Shutting down and abandoning module OculusInput (392)
[2019.08.02-06.52.57:413][  9]LogModuleManager: Shutting down and abandoning module MobilePatchingUtils (390)
[2019.08.02-06.52.57:413][  9]LogModuleManager: Shutting down and abandoning module EditableMesh (388)
[2019.08.02-06.52.57:413][  9]LogModuleManager: Shutting down and abandoning module CustomMeshComponent (386)
[2019.08.02-06.52.57:413][  9]LogModuleManager: Shutting down and abandoning module CableComponent (384)
[2019.08.02-06.52.57:413][  9]LogModuleManager: Shutting down and abandoning module AudioCapture (382)
[2019.08.02-06.52.57:414][  9]LogModuleManager: Shutting down and abandoning module ArchVisCharacter (380)
[2019.08.02-06.52.57:414][  9]LogModuleManager: Shutting down and abandoning module AndroidPermission (378)
[2019.08.02-06.52.57:414][  9]LogModuleManager: Shutting down and abandoning module NUTUnrealEngine4 (376)
[2019.08.02-06.52.57:414][  9]LogModuleManager: Shutting down and abandoning module NetcodeUnitTest (374)
[2019.08.02-06.52.57:414][  9]LogModuleManager: Shutting down and abandoning module MediaCompositingEditor (372)
[2019.08.02-06.52.57:414][  9]LogModuleManager: Shutting down and abandoning module MediaCompositing (370)
[2019.08.02-06.52.57:414][  9]LogModuleManager: Shutting down and abandoning module LinearTimecode (368)
[2019.08.02-06.52.57:414][  9]LogModuleManager: Shutting down and abandoning module ImgMedia (366)
[2019.08.02-06.52.57:422][  9]LogModuleManager: Shutting down and abandoning module HTML5Networking (364)
[2019.08.02-06.52.57:422][  9]LogModuleManager: Shutting down and abandoning module GeometryCacheTracks (362)
[2019.08.02-06.52.57:422][  9]LogModuleManager: Shutting down and abandoning module GeometryCacheSequencer (360)
[2019.08.02-06.52.57:422][  9]LogModuleManager: Shutting down and abandoning module BackChannel (358)
[2019.08.02-06.52.57:422][  9]LogModuleManager: Shutting down and abandoning module AppleVision (356)
[2019.08.02-06.52.57:422][  9]LogModuleManager: Shutting down and abandoning module AppleImageUtils (354)
[2019.08.02-06.52.57:422][  9]LogModuleManager: Shutting down and abandoning module AlembicImporter (352)
[2019.08.02-06.52.57:423][  9]LogModuleManager: Shutting down and abandoning module AlembicLibrary (351)
[2019.08.02-06.52.57:423][  9]LogModuleManager: Shutting down and abandoning module GeometryCache (350)
[2019.08.02-06.52.57:423][  9]LogModuleManager: Shutting down and abandoning module GeometryCacheEd (349)
[2019.08.02-06.52.57:423][  9]LogModuleManager: Shutting down and abandoning module DatasmithContentEditor (344)
[2019.08.02-06.52.57:423][  9]LogModuleManager: Shutting down and abandoning module DatasmithContent (342)
[2019.08.02-06.52.57:423][  9]LogModuleManager: Shutting down and abandoning module SpeedTreeImporter (340)
[2019.08.02-06.52.57:423][  9]LogModuleManager: Shutting down and abandoning module PluginBrowser (338)
[2019.08.02-06.52.57:424][  9]LogModuleManager: Shutting down and abandoning module MobileLauncherProfileWizard (336)
[2019.08.02-06.52.57:424][  9]LogModuleManager: Shutting down and abandoning module PolygonModeling (334)
[2019.08.02-06.52.57:424][  9]LogModuleManager: Shutting down and abandoning module MeshEditor (332)
[2019.08.02-06.52.57:424][  9]LogModuleManager: Shutting down and abandoning module CryptoKeysOpenSSL (330)
[2019.08.02-06.52.57:424][  9]LogModuleManager: Shutting down and abandoning module CryptoKeys (328)
[2019.08.02-06.52.57:424][  9]LogModuleManager: Shutting down and abandoning module VisualStudioSourceCodeAccess (326)
[2019.08.02-06.52.57:424][  9]LogModuleManager: Shutting down and abandoning module VisualStudioCodeSourceCodeAccess (324)
[2019.08.02-06.52.57:424][  9]LogModuleManager: Shutting down and abandoning module UObjectPlugin (322)
[2019.08.02-06.52.57:424][  9]LogModuleManager: Shutting down and abandoning module SubversionSourceControl (320)
[2019.08.02-06.52.57:424][  9]LogModuleManager: Shutting down and abandoning module PerforceSourceControl (318)
[2019.08.02-06.52.57:424][  9]LogModuleManager: Shutting down and abandoning module GitSourceControl (316)
[2019.08.02-06.52.57:424][  9]LogModuleManager: Shutting down and abandoning module SourceControl (315)
[2019.08.02-06.52.57:425][  9]LogModuleManager: Shutting down and abandoning module CLionSourceCodeAccess (312)
[2019.08.02-06.52.57:425][  9]LogModuleManager: Shutting down and abandoning module LightPropagationVolumeEditor (310)
[2019.08.02-06.52.57:425][  9]LogModuleManager: Shutting down and abandoning module PaperTiledImporter (308)
[2019.08.02-06.52.57:425][  9]LogModuleManager: Shutting down and abandoning module PaperSpriteSheetImporter (306)
[2019.08.02-06.52.57:425][  9]LogModuleManager: Shutting down and abandoning module Paper2DEditor (304)
[2019.08.02-06.52.57:425][  9]LogModuleManager: Shutting down and abandoning module MeshPaint (303)
[2019.08.02-06.52.57:425][  9]LogModuleManager: Shutting down and abandoning module RuntimePhysXCooking (298)
[2019.08.02-06.52.57:425][  9]LogModuleManager: Shutting down and abandoning module PhysXVehiclesEditor (296)
[2019.08.02-06.52.57:425][  9]LogModuleManager: Shutting down and abandoning module PhysXVehicles (294)
[2019.08.02-06.52.57:425][  9]LogModuleManager: Shutting down and abandoning module OculusEditor (292)
[2019.08.02-06.52.57:425][  9]LogModuleManager: Shutting down and abandoning module LocationServicesBPLibrary (290)
[2019.08.02-06.52.57:426][  9]LogModuleManager: Shutting down and abandoning module ImmediatePhysicsEditor (288)
[2019.08.02-06.52.57:426][  9]LogModuleManager: Shutting down and abandoning module ImmediatePhysics (286)
[2019.08.02-06.52.57:426][  9]LogModuleManager: Shutting down and abandoning module ActorSequence (284)
[2019.08.02-06.52.57:426][  9]LogModuleManager: Shutting down and abandoning module UdpMessaging (282)
[2019.08.02-06.52.57:527][  9]LogModuleManager: Shutting down and abandoning module TcpMessaging (280)
[2019.08.02-06.52.57:628][  9]LogModuleManager: Shutting down and abandoning module MagicLeapAudio (278)
[2019.08.02-06.52.57:628][  9]LogModuleManager: Shutting down and abandoning module GameplayTagsEditor (276)
[2019.08.02-06.52.57:628][  9]LogModuleManager: Shutting down and abandoning module FacialAnimationEditor (274)
[2019.08.02-06.52.57:628][  9]LogModuleManager: Shutting down and abandoning module FacialAnimation (272)
[2019.08.02-06.52.57:628][  9]LogModuleManager: Shutting down and abandoning module DataValidation (270)
[2019.08.02-06.52.57:628][  9]LogModuleManager: Shutting down and abandoning module AssetManagerEditor (268)
[2019.08.02-06.52.57:629][  9]LogModuleManager: Shutting down and abandoning module LevelEditor (267)
[2019.08.02-06.52.57:630][  9]LogModuleManager: Shutting down and abandoning module PixelInspectorModule (266)
[2019.08.02-06.52.57:630][  9]LogModuleManager: Shutting down and abandoning module CommonMenuExtensions (264)
[2019.08.02-06.52.57:630][  9]LogModuleManager: Shutting down and abandoning module MainFrame (262)
[2019.08.02-06.52.57:631][  9]LogModuleManager: Shutting down and abandoning module HotReload (261)
[2019.08.02-06.52.57:631][  9]LogModuleManager: Shutting down and abandoning module ContentBrowser (257)
[2019.08.02-06.52.57:632][  9]LogModuleManager: Shutting down and abandoning module TreeMap (255)
[2019.08.02-06.52.57:632][  9]LogModuleManager: Shutting down and abandoning module LightPropagationVolumeRuntime (252)
[2019.08.02-06.52.57:632][  9]LogModuleManager: Shutting down and abandoning module AISupportModule (250)
[2019.08.02-06.52.57:633][  9]LogModuleManager: Shutting down and abandoning module Paper2D (248)
[2019.08.02-06.52.57:633][  9]LogModuleManager: Shutting down and abandoning module WindowsMoviePlayer (246)
[2019.08.02-06.52.57:633][  9]LogModuleManager: Shutting down and abandoning module WmfMedia (244)
[2019.08.02-06.52.57:633][  9]LogModuleManager: Shutting down and abandoning module Media (243)
[2019.08.02-06.52.57:640][  9]LogModuleManager: Shutting down and abandoning module PacketHandler (240)
[2019.08.02-06.52.57:640][  9]LogModuleManager: Shutting down and abandoning module ClothingSystemEditor (238)
[2019.08.02-06.52.57:640][  9]LogModuleManager: Shutting down and abandoning module ClothingSystemRuntime (236)
[2019.08.02-06.52.57:640][  9]LogModuleManager: Shutting down and abandoning module MediaAssets (234)
[2019.08.02-06.52.57:640][  9]LogModuleManager: Shutting down and abandoning module Overlay (232)
[2019.08.02-06.52.57:640][  9]LogModuleManager: Shutting down and abandoning module OverlayEditor (231)
[2019.08.02-06.52.57:640][  9]LogModuleManager: Shutting down and abandoning module VREditor (228)
[2019.08.02-06.52.57:641][  9]LogModuleManager: Shutting down and abandoning module StringTableEditor (226)
[2019.08.02-06.52.57:641][  9]LogModuleManager: Shutting down and abandoning module GameplayTasksEditor (224)
[2019.08.02-06.52.57:641][  9]LogModuleManager: Shutting down and abandoning module BehaviorTreeEditor (222)
[2019.08.02-06.52.57:641][  9]LogModuleManager: Shutting down and abandoning module FunctionalTesting (220)
[2019.08.02-06.52.57:641][  9]LogModuleManager: Shutting down and abandoning module CollisionAnalyzer (218)
[2019.08.02-06.52.57:641][  9]LogModuleManager: Shutting down and abandoning module WorkspaceMenuStructure (217)
[2019.08.02-06.52.57:641][  9]LogModuleManager: Shutting down and abandoning module UMG (214)
[2019.08.02-06.52.57:641][  9]LogModuleManager: Shutting down and abandoning module UMGEditor (213)
[2019.08.02-06.52.57:642][  9]LogModuleManager: Shutting down and abandoning module Sequencer (212)
[2019.08.02-06.52.57:642][  9]LogModuleManager: Shutting down and abandoning module MessageLog (209)
[2019.08.02-06.52.57:642][  9]LogModuleManager: Shutting down and abandoning module SlateReflector (204)
[2019.08.02-06.52.57:642][  9]LogModuleManager: Shutting down and abandoning module Slate (202)
[2019.08.02-06.52.57:642][  9]LogModuleManager: Shutting down and abandoning module EditorStyle (200)
[2019.08.02-06.52.57:644][  9]LogModuleManager: Shutting down and abandoning module MRMesh (198)
[2019.08.02-06.52.57:644][  9]LogModuleManager: Shutting down and abandoning module SourceCodeAccess (196)
[2019.08.02-06.52.57:645][  9]LogModuleManager: Shutting down and abandoning module HeadMountedDisplay (194)
[2019.08.02-06.52.57:645][  9]LogModuleManager: Shutting down and abandoning module XAudio2 (192)
[2019.08.02-06.52.57:645][  9]LogModuleManager: Shutting down and abandoning module Networking (190)
[2019.08.02-06.52.57:645][  9]LogModuleManager: Shutting down and abandoning module Core (188)
[2019.08.02-06.52.57:645][  9]LogModuleManager: Shutting down and abandoning module LevelSequence (186)
[2019.08.02-06.52.57:646][  9]LogModuleManager: Shutting down and abandoning module KismetCompiler (184)
[2019.08.02-06.52.57:646][  9]LogModuleManager: Shutting down and abandoning module MeshUtilities (182)
[2019.08.02-06.52.57:646][  9]LogModuleManager: Shutting down and abandoning module MeshMergeUtilities (181)
[2019.08.02-06.52.57:646][  9]LogModuleManager: Shutting down and abandoning module MeshReductionInterface (180)
[2019.08.02-06.52.57:647][  9]LogModuleManager: Shutting down and abandoning module SimplygonSwarm (179)
[2019.08.02-06.52.57:647][  9]LogModuleManager: Shutting down and abandoning module ProxyLODMeshReduction (177)
[2019.08.02-06.52.57:647][  9]LogModuleManager: Shutting down and abandoning module SimplygonMeshReduction (175)
[2019.08.02-06.52.57:647][  9]LogModuleManager: Shutting down and abandoning module QuadricMeshReduction (173)
[2019.08.02-06.52.57:648][  9]LogModuleManager: Shutting down and abandoning module MaterialBaking (169)
[2019.08.02-06.52.57:648][  9]LogModuleManager: Shutting down and abandoning module DirectoryWatcher (165)
[2019.08.02-06.52.57:648][  9]LogModuleManager: Shutting down and abandoning module DerivedDataCache (162)
[2019.08.02-06.52.57:654][  9]LogDerivedDataCache: Shutdown
[2019.08.02-06.52.57:655][  9]LogModuleManager: Shutting down and abandoning module XGEController (160)
[2019.08.02-06.52.57:656][  9]LogXGEController: Cleaning working directory: C:/Users/Joan Abad/AppData/Local/Temp/UnrealXGEWorkingDir/
[2019.08.02-06.52.57:657][  9]LogModuleManager: Shutting down and abandoning module TargetPlatform (158)
[2019.08.02-06.52.57:657][  9]LogModuleManager: Shutting down and abandoning module VulkanShaderFormat (157)
[2019.08.02-06.52.57:657][  9]LogModuleManager: Shutting down and abandoning module ShaderFormatVectorVM (155)
[2019.08.02-06.52.57:657][  9]LogModuleManager: Shutting down and abandoning module ShaderFormatOpenGL (153)
[2019.08.02-06.52.57:657][  9]LogModuleManager: Shutting down and abandoning module ShaderFormatD3D (151)
[2019.08.02-06.52.57:657][  9]LogModuleManager: Shutting down and abandoning module MetalShaderFormat (149)
[2019.08.02-06.52.57:658][  9]LogModuleManager: Shutting down and abandoning module TextureFormatUncompressed (147)
[2019.08.02-06.52.57:658][  9]LogModuleManager: Shutting down and abandoning module TextureFormatPVR (145)
[2019.08.02-06.52.57:658][  9]LogModuleManager: Shutting down and abandoning module TextureFormatDXT (143)
[2019.08.02-06.52.57:658][  9]LogModuleManager: Shutting down and abandoning module TextureFormatIntelISPCTexComp (141)
[2019.08.02-06.52.57:660][  9]LogModuleManager: Shutting down and abandoning module TextureFormatASTC (139)
[2019.08.02-06.52.57:661][  9]LogModuleManager: Shutting down and abandoning module ImageWrapper (138)
[2019.08.02-06.52.57:662][  9]LogModuleManager: Shutting down and abandoning module TextureFormatAndroid (135)
[2019.08.02-06.52.57:662][  9]LogModuleManager: Shutting down and abandoning module AudioFormatOpus (133)
[2019.08.02-06.52.57:663][  9]LogModuleManager: Shutting down and abandoning module AudioFormatOgg (131)
[2019.08.02-06.52.57:663][  9]LogModuleManager: Shutting down and abandoning module AudioFormatADPCM (129)
[2019.08.02-06.52.57:663][  9]LogModuleManager: Shutting down and abandoning module LuminTargetPlatform (127)
[2019.08.02-06.52.57:664][  9]LogModuleManager: Shutting down and abandoning module LinuxTargetPlatform (125)
[2019.08.02-06.52.57:670][  9]LogModuleManager: Shutting down and abandoning module LinuxServerTargetPlatform (123)
[2019.08.02-06.52.57:671][  9]LogModuleManager: Shutting down and abandoning module LinuxNoEditorTargetPlatform (121)
[2019.08.02-06.52.57:672][  9]LogModuleManager: Shutting down and abandoning module LinuxClientTargetPlatform (119)
[2019.08.02-06.52.57:672][  9]LogModuleManager: Shutting down and abandoning module TVOSTargetPlatform (117)
[2019.08.02-06.52.57:673][  9]LogModuleManager: Shutting down and abandoning module Messaging (115)
[2019.08.02-06.52.57:673][  9]LogModuleManager: Shutting down and abandoning module IOSTargetPlatform (113)
[2019.08.02-06.52.57:674][  9]LogModuleManager: Shutting down and abandoning module HTML5TargetPlatform (111)
[2019.08.02-06.52.57:674][  9]LogModuleManager: Shutting down and abandoning module AndroidTargetPlatform (109)
[2019.08.02-06.52.57:681][  9]LogModuleManager: Shutting down and abandoning module WindowsTargetPlatform (107)
[2019.08.02-06.52.57:682][  9]LogModuleManager: Shutting down and abandoning module WindowsServerTargetPlatform (105)
[2019.08.02-06.52.57:682][  9]LogModuleManager: Shutting down and abandoning module WindowsNoEditorTargetPlatform (103)
[2019.08.02-06.52.57:682][  9]LogModuleManager: Shutting down and abandoning module WindowsClientTargetPlatform (101)
[2019.08.02-06.52.57:683][  9]LogModuleManager: Shutting down and abandoning module MacTargetPlatform (99)
[2019.08.02-06.52.57:683][  9]LogModuleManager: Shutting down and abandoning module MacServerTargetPlatform (97)
[2019.08.02-06.52.57:683][  9]LogModuleManager: Shutting down and abandoning module MacNoEditorTargetPlatform (95)
[2019.08.02-06.52.57:683][  9]LogModuleManager: Shutting down and abandoning module MacClientTargetPlatform (93)
[2019.08.02-06.52.57:683][  9]LogModuleManager: Shutting down and abandoning module AllDesktopTargetPlatform (91)
[2019.08.02-06.52.57:684][  9]LogModuleManager: Shutting down and abandoning module InputCore (88)
[2019.08.02-06.52.57:684][  9]LogModuleManager: Shutting down and abandoning module Settings (86)
[2019.08.02-06.52.57:684][  9]LogModuleManager: Shutting down and abandoning module PhysXCooking (84)
[2019.08.02-06.52.57:684][  9]LogModuleManager: Shutting down and abandoning module SteamVR (82)
[2019.08.02-06.52.57:685][  9]LogModuleManager: Shutting down and abandoning module OculusHMD (80)
[2019.08.02-06.52.57:685][  9]LogModuleManager: Shutting down and abandoning module ExampleDeviceProfileSelector (78)
[2019.08.02-06.52.57:685][  9]LogModuleManager: Shutting down and abandoning module LauncherChunkInstaller (76)
[2019.08.02-06.52.57:685][  9]LogModuleManager: Shutting down and abandoning module OnlineBlueprintSupport (74)
[2019.08.02-06.52.57:685][  9]LogModuleManager: Shutting down and abandoning module OnlineSubsystem (70)
[2019.08.02-06.52.57:687][  9]LogModuleManager: Shutting down and abandoning module XMPP (65)
[2019.08.02-06.52.57:692][  9]LogModuleManager: Shutting down and abandoning module WebSockets (64)
[2019.08.02-06.52.57:709][  9]LogModuleManager: Shutting down and abandoning module HTTP (61)
[2019.08.02-06.52.57:709][  9]LogHttp: Display: Http module shutting down, but needs to wait on 1 outstanding Http requests:
[2019.08.02-06.52.57:709][  9]LogHttp: Display: 	verb=[POST] url=[https://datarouter.ol.epicgames.com/datarouter/api/v1/public/data?SessionID=%7BC6BB2952-4398-68B6-168F-00BB49A3E010%7D&AppID=UEEditor.Rocket.Release&AppVersion=4.20.3-4369336%2B%2B%2BUE4%2BRelease-4.20&UserID=ef0cb73c40ee232067bf2f9418bfd32e%7Cedd99b47fa48427186a74866ceca2384%7C85907bce-fbd9-4385-9f0f-76ca26d18a0d&AppEnvironment=datacollector-binary&UploadType=eteventstream] status=Processing
[2019.08.02-06.52.57:728][  9]LogModuleManager: Shutting down and abandoning module SSL (60)
[2019.08.02-06.52.57:729][  9]LogModuleManager: Shutting down and abandoning module MagicLeapEmulator (56)
[2019.08.02-06.52.57:729][  9]LogModuleManager: Shutting down and abandoning module MagicLeapPrivileges (54)
[2019.08.02-06.52.57:730][  9]LogModuleManager: Shutting down and abandoning module MagicLeapIdentity (52)
[2019.08.02-06.52.57:730][  9]LogModuleManager: Shutting down and abandoning module MagicLeapHelperVulkan (50)
[2019.08.02-06.52.57:730][  9]LogModuleManager: Shutting down and abandoning module MagicLeapHelperOpenGL (48)
[2019.08.02-06.52.57:730][  9]LogModuleManager: Shutting down and abandoning module MagicLeapSecureStorage (46)
[2019.08.02-06.52.57:730][  9]LogModuleManager: Shutting down and abandoning module MagicLeapGestures (44)
[2019.08.02-06.52.57:730][  9]LogModuleManager: Shutting down and abandoning module MagicLeapEyeTracker (42)
[2019.08.02-06.52.57:730][  9]LogModuleManager: Shutting down and abandoning module MagicLeapController (40)
[2019.08.02-06.52.57:730][  9]LogSlate: Slate User Destroyed.  User Index 0, Is Virtual User: 0
[2019.08.02-06.52.57:731][  9]LogModuleManager: Shutting down and abandoning module MagicLeap (38)
[2019.08.02-06.52.57:731][  9]LogModuleManager: Shutting down and abandoning module AnimationModifiers (36)
[2019.08.02-06.52.57:731][  9]LogModuleManager: Shutting down and abandoning module PropertyEditor (35)
[2019.08.02-06.52.57:731][  9]LogModuleManager: Shutting down and abandoning module AudioEditor (32)
[2019.08.02-06.52.57:731][  9]LogModuleManager: Shutting down and abandoning module TextureCompressor (30)
[2019.08.02-06.52.57:732][  9]LogModuleManager: Shutting down and abandoning module ShaderCore (28)
[2019.08.02-06.52.57:732][  9]LogModuleManager: Shutting down and abandoning module Landscape (26)
[2019.08.02-06.52.57:732][  9]LogModuleManager: Shutting down and abandoning module SlateRHIRenderer (24)
[2019.08.02-06.52.57:732][  9]LogModuleManager: Shutting down and abandoning module OpenGLDrv (22)
[2019.08.02-06.52.57:733][  9]LogModuleManager: Shutting down and abandoning module D3D11RHI (20)
[2019.08.02-06.52.57:733][  9]LogModuleManager: Shutting down and abandoning module AnimGraphRuntime (18)
[2019.08.02-06.52.57:733][  9]LogModuleManager: Shutting down and abandoning module Renderer (16)
[2019.08.02-06.52.57:733][  9]LogModuleManager: Shutting down and abandoning module Engine (14)
[2019.08.02-06.52.57:733][  9]LogModuleManager: Shutting down and abandoning module CoreUObject (12)
[2019.08.02-06.52.57:733][  9]LogModuleManager: Shutting down and abandoning module NetworkFile (10)
[2019.08.02-06.52.57:733][  9]LogModuleManager: Shutting down and abandoning module CookedIterativeFile (8)
[2019.08.02-06.52.57:733][  9]LogModuleManager: Shutting down and abandoning module StreamingFile (6)
[2019.08.02-06.52.57:733][  9]LogModuleManager: Shutting down and abandoning module SandboxFile (4)
[2019.08.02-06.52.57:733][  9]LogModuleManager: Shutting down and abandoning module PakFile (2)
[2019.08.02-06.52.57:739][  9]LogExit: Exiting.
[2019.08.02-06.52.57:749][  9]Log file closed, 08/02/19 08:52:57
