Log file open, 08/04/19 15:24:56
LogWindows: Failed to load 'aqProf.dll' (GetLastError=126)
LogWindows: File 'aqProf.dll' does not exist
LogWindows: Failed to load 'VtuneApi.dll' (GetLastError=126)
LogWindows: File 'VtuneApi.dll' does not exist
LogWindows: Failed to load 'VtuneApi32e.dll' (GetLastError=126)
LogWindows: File 'VtuneApi32e.dll' does not exist
LogInit: Display: Running engine for game: Shooter_OW_Style
LogPlatformFile: Not using cached read wrapper
LogTaskGraph: Started task graph with 5 named threads and 14 total threads with 3 sets of task threads.
LogStats: Stats thread started at 0.250561
LogD3D11RHI: Loaded GFSDK_Aftermath_Lib.x64.dll
LogICUInternationalization: Display: ICU TimeZone Detection - Raw Offset: +1:00, Platform Override: ''
LogPluginManager: Mounting plugin Paper2D
LogPluginManager: Mounting plugin AISupport
LogPluginManager: Mounting plugin LightPropagationVolume
LogPluginManager: Mounting plugin CLionSourceCodeAccess
LogPluginManager: Mounting plugin CodeLiteSourceCodeAccess
LogPluginManager: Mounting plugin GitSourceControl
LogPluginManager: Mounting plugin KDevelopSourceCodeAccess
LogPluginManager: Mounting plugin NullSourceCodeAccess
LogPluginManager: Mounting plugin PerforceSourceControl
LogPluginManager: Mounting plugin SubversionSourceControl
LogPluginManager: Mounting plugin UObjectPlugin
LogPluginManager: Mounting plugin VisualStudioCodeSourceCodeAccess
LogPluginManager: Mounting plugin VisualStudioSourceCodeAccess
LogPluginManager: Mounting plugin XCodeSourceCodeAccess
LogPluginManager: Mounting plugin AssetManagerEditor
LogPluginManager: Mounting plugin CryptoKeys
LogPluginManager: Mounting plugin DataValidation
LogPluginManager: Mounting plugin FacialAnimation
LogPluginManager: Mounting plugin GameplayTagsEditor
LogPluginManager: Mounting plugin MacGraphicsSwitching
LogPluginManager: Mounting plugin MeshEditor
LogPluginManager: Mounting plugin MobileLauncherProfileWizard
LogPluginManager: Mounting plugin PluginBrowser
LogPluginManager: Mounting plugin SpeedTreeImporter
LogPluginManager: Mounting plugin DatasmithContent
LogPluginManager: Mounting plugin AlembicImporter
LogPluginManager: Mounting plugin AppleImageUtils
LogPluginManager: Mounting plugin AppleVision
LogPluginManager: Mounting plugin BackChannel
LogPluginManager: Mounting plugin CharacterAI
LogPluginManager: Mounting plugin GeometryCache
LogPluginManager: Mounting plugin HTML5Networking
LogPluginManager: Mounting plugin ProxyLODPlugin
LogPluginManager: Mounting plugin MagicLeap
LogPluginManager: Mounting plugin MagicLeapEmulator
LogPluginManager: Mounting plugin MagicLeapMedia
LogPluginManager: Mounting plugin AndroidMedia
LogPluginManager: Mounting plugin AvfMedia
LogPluginManager: Mounting plugin ImgMedia
LogPluginManager: Mounting plugin LinearTimecode
LogPluginManager: Mounting plugin MediaCompositing
LogPluginManager: Mounting plugin MediaPlayerEditor
LogPluginManager: Mounting plugin WmfMedia
LogPluginManager: Mounting plugin TcpMessaging
LogPluginManager: Mounting plugin UdpMessaging
LogPluginManager: Mounting plugin ActorSequence
LogPluginManager: Mounting plugin LevelSequenceEditor
LogPluginManager: Mounting plugin MatineeToLevelSequence
LogPluginManager: Mounting plugin NetcodeUnitTest
LogPluginManager: Mounting plugin NUTUnrealEngine4
LogPluginManager: Mounting plugin OnlineSubsystemGooglePlay
LogPluginManager: Mounting plugin OnlineSubsystemIOS
LogPluginManager: Mounting plugin OnlineSubsystem
LogPluginManager: Mounting plugin OnlineSubsystemNull
LogPluginManager: Mounting plugin OnlineSubsystemUtils
LogPluginManager: Mounting plugin LauncherChunkInstaller
LogPluginManager: Mounting plugin AndroidDeviceProfileSelector
LogPluginManager: Mounting plugin AndroidMoviePlayer
LogPluginManager: Mounting plugin AndroidPermission
LogPluginManager: Mounting plugin AppleMoviePlayer
LogPluginManager: Mounting plugin ArchVisCharacter
LogPluginManager: Mounting plugin AudioCapture
LogPluginManager: Mounting plugin CableComponent
LogPluginManager: Mounting plugin CustomMeshComponent
LogPluginManager: Mounting plugin EditableMesh
LogPluginManager: Mounting plugin ExampleDeviceProfileSelector
LogPluginManager: Mounting plugin GoogleCloudMessaging
LogPluginManager: Mounting plugin ImmediatePhysics
LogPluginManager: Mounting plugin IOSDeviceProfileSelector
LogPluginManager: Mounting plugin LinuxDeviceProfileSelector
LogPluginManager: Mounting plugin LocationServicesBPLibrary
LogPluginManager: Mounting plugin MobilePatchingUtils
LogPluginManager: Mounting plugin OculusVR
LogPluginManager: Plugin shader directory ../../../Engine/Plugins/Runtime/Oculus/OculusVR/Shaders found
LogPluginManager: Mapping shader source directory ../../../Engine/Plugins/Runtime/Oculus/OculusVR/Shaders to virtual directory /Plugin/OculusVR
LogPluginManager: Mounting plugin PhysXVehicles
LogPluginManager: Mounting plugin ProceduralMeshComponent
LogPluginManager: Mounting plugin RuntimePhysXCooking
LogPluginManager: Mounting plugin SteamVR
LogPluginManager: Mounting plugin WindowsMoviePlayer
LogStreaming: Display: Took  0.122s to configure plugins.
LogInit: Using libcurl 7.55.1-DEV
LogInit:  - built for x86_64-pc-win32
LogInit:  - supports SSL with OpenSSL/1.0.2h
LogInit:  - supports HTTP deflate (compression) using libz 1.2.8
LogInit:  - other features:
LogInit:      CURL_VERSION_SSL
LogInit:      CURL_VERSION_LIBZ
LogInit:      CURL_VERSION_IPV6
LogInit:      CURL_VERSION_ASYNCHDNS
LogInit:      CURL_VERSION_LARGEFILE
LogInit:      CURL_VERSION_IDN
LogInit:  CurlRequestOptions (configurable via config and command line):
LogInit:  - bVerifyPeer = false  - Libcurl will NOT verify peer certificate
LogInit:  - bUseHttpProxy = false  - Libcurl will NOT use HTTP proxy
LogInit:  - bDontReuseConnections = false  - Libcurl will reuse connections
LogInit:  - CertBundlePath = nullptr  - Libcurl will use whatever was configured at build time.
LogInit:  - MaxHostConnections = 16  - Libcurl will limit the number of connections to a host
LogInit:  - LocalHostAddr = Default
LogInit:  - BufferSize = 65536
LogInit: WinSock: version 1.1 (2.2), MaxSocks=32767, MaxUdp=65467
LogInit: Build: ++UE4+Release-4.20-CL-4369336
LogInit: Engine Version: 4.20.3-4369336+++UE4+Release-4.20
LogInit: Compatible Engine Version: 4.20.0-4212847+++UE4+Release-4.20
LogInit: Net CL: 4212847
LogInit: OS: Windows 8.1 (), CPU: Intel(R) Core(TM) i5-6600K CPU @ 3.50GHz, GPU: NVIDIA GeForce GTX 1070
LogInit: Compiled (64-bit): Sep 17 2018 12:26:19
LogInit: Compiled with Visual C++: 19.13.26129.00
LogInit: Build Configuration: Development
LogInit: Branch Name: ++UE4+Release-4.20
LogInit: Command Line:  -skipcompile
LogInit: Base Directory: C:/Program Files/Epic Games/UE_4.20/Engine/Binaries/Win64/
LogInit: Installed Engine Build: 1
LogDevObjectVersion: Number of dev versions registered: 20
LogDevObjectVersion:   Dev-Blueprints (B0D832E4-1F89-4F0D-ACCF-7EB736FD4AA2): 10
LogDevObjectVersion:   Dev-Build (E1C64328-A22C-4D53-A36C-8E866417BD8C): 0
LogDevObjectVersion:   Dev-Core (375EC13C-06E4-48FB-B500-84F0262A717E): 2
LogDevObjectVersion:   Dev-Editor (E4B068ED-F494-42E9-A231-DA0B2E46BB41): 24
LogDevObjectVersion:   Dev-Framework (CFFC743F-43B0-4480-9391-14DF171D2073): 34
LogDevObjectVersion:   Dev-Mobile (B02B49B5-BB20-44E9-A304-32B752E40360): 2
LogDevObjectVersion:   Dev-Networking (A4E4105C-59A1-49B5-A7C5-40C4547EDFEE): 0
LogDevObjectVersion:   Dev-Online (39C831C9-5AE6-47DC-9A44-9C173E1C8E7C): 0
LogDevObjectVersion:   Dev-Physics (78F01B33-EBEA-4F98-B9B4-84EACCB95AA2): 0
LogDevObjectVersion:   Dev-Platform (6631380F-2D4D-43E0-8009-CF276956A95A): 0
LogDevObjectVersion:   Dev-Rendering (12F88B9F-8875-4AFC-A67C-D90C383ABD29): 26
LogDevObjectVersion:   Dev-Sequencer (7B5AE74C-D270-4C10-A958-57980B212A5A): 9
LogDevObjectVersion:   Dev-VR (D7296918-1DD6-4BDD-9DE2-64A83CC13884): 2
LogDevObjectVersion:   Dev-LoadTimes (C2A15278-BFE7-4AFE-6C17-90FF531DF755): 1
LogDevObjectVersion:   Private-Geometry (6EACA3D4-40EC-4CC1-B786-8BED09428FC5): 3
LogDevObjectVersion:   Dev-AnimPhys (29E575DD-E0A3-4627-9D10-D276232CDCEA): 17
LogDevObjectVersion:   Dev-ReflectionCapture (6B266CEC-1EC7-4B8F-A30B-E4D90942FC07): 1
LogDevObjectVersion:   Dev-Automation (0DF73D61-A23F-47EA-B727-89E90C41499A): 1
LogDevObjectVersion:   FortniteMain (601D1886-AC64-4F84-AA16-D3DE0DEAC7D6): 12
LogDevObjectVersion:   Dev-Enterprise (9DFFBCD6-494F-0158-E221-12823C92A888): 1
LogStreaming: Display: Took  0.002s to delete old logs.
LogInit: Presizing for max 8388607 objects, including 0 objects not considered by GC, pre-allocating 0 bytes for permanent pool.
LogInit: Object subsystem initialized
[2019.08.04-13.24.57:179][  0]LogInit: Selected Device Profile: [Windows]
[2019.08.04-13.24.57:180][  0]LogInit: Applying CVar settings loaded from the selected device profile: [Windows]
[2019.08.04-13.24.57:189][  0]LogHAL: Display: Platform has ~ 16 GB [17137950720 / 17179869184 / 16], which maps to Larger [LargestMinGB=32, LargerMinGB=12, DefaultMinGB=8, SmallerMinGB=6, SmallestMinGB=0)
[2019.08.04-13.24.57:189][  0]LogInit: Setting Device Profile CVar: [[r.Vulkan.UseRealUBs:1]]
[2019.08.04-13.24.57:189][  0]LogInit: Going up to parent DeviceProfile []
[2019.08.04-13.24.57:189][  0]LogInit: Computer: JOANPC
[2019.08.04-13.24.57:189][  0]LogInit: User: JoanAbad
[2019.08.04-13.24.57:189][  0]LogInit: CPU Page size=4096, Cores=4
[2019.08.04-13.24.57:189][  0]LogInit: High frequency timer resolution =3.421873 MHz
[2019.08.04-13.24.57:190][  0]LogMemory: Memory total: Physical=16.0GB (16GB approx)
[2019.08.04-13.24.57:190][  0]LogMemory: Platform Memory Stats for Windows
[2019.08.04-13.24.57:190][  0]LogMemory: Process Physical Memory: 99.85 MB used, 99.85 MB peak
[2019.08.04-13.24.57:190][  0]LogMemory: Process Virtual Memory: 94.68 MB used, 94.68 MB peak
[2019.08.04-13.24.57:190][  0]LogMemory: Physical Memory: 9729.14 MB used,  6614.89 MB free, 16344.02 MB total
[2019.08.04-13.24.57:190][  0]LogMemory: Virtual Memory: 484.88 MB used,  6614.89 MB free, 134217728.00 MB total
[2019.08.04-13.24.57:287][  0]LogInit: Overriding language with editor language configuration option (en).
[2019.08.04-13.24.57:287][  0]LogInit: Overriding locale with editor locale configuration option (en).
[2019.08.04-13.24.57:645][  0]LogStreaming: Display: Took  0.359s to InitEngineTextLocalization.
[2019.08.04-13.24.57:646][  0]LogInit: Setting process to per monitor DPI aware
[2019.08.04-13.24.57:684][  0]LogSlate: New Slate User Created.  User Index 0, Is Virtual User: 0
[2019.08.04-13.24.57:684][  0]LogSlate: Slate User Registered.  User Index 0, Is Virtual User: 0
[2019.08.04-13.24.57:822][  0]LogHMD: Failed to initialize OpenVR with code 110
[2019.08.04-13.24.57:822][  0]LogD3D11RHI: D3D11 adapters:
[2019.08.04-13.24.57:895][  0]LogD3D11RHI:    0. 'NVIDIA GeForce GTX 1070' (Feature Level 11_0)
[2019.08.04-13.24.57:895][  0]LogD3D11RHI:       8046/0/8172 MB DedicatedVideo/DedicatedSystem/SharedSystem, Outputs:2, VendorId:0x10de
[2019.08.04-13.24.57:899][  0]LogD3D11RHI:    1. 'Microsoft Basic Render Driver' (Feature Level 11_0)
[2019.08.04-13.24.57:899][  0]LogD3D11RHI:       0/0/256 MB DedicatedVideo/DedicatedSystem/SharedSystem, Outputs:0, VendorId:0x1414
[2019.08.04-13.24.57:899][  0]LogD3D11RHI: Chosen D3D11 Adapter: 0
[2019.08.04-13.24.57:904][  0]LogD3D11RHI: Creating new Direct3DDevice
[2019.08.04-13.24.57:904][  0]LogD3D11RHI:     GPU DeviceId: 0x1b81 (for the marketing name, search the web for "GPU Device Id")
[2019.08.04-13.24.57:904][  0]LogWindows: EnumDisplayDevices:
[2019.08.04-13.24.57:904][  0]LogWindows:    0. 'NVIDIA GeForce GTX 1070' (P:1 D:1)
[2019.08.04-13.24.57:904][  0]LogWindows:    1. 'NVIDIA GeForce GTX 1070' (P:0 D:1)
[2019.08.04-13.24.57:904][  0]LogWindows:    2. 'NVIDIA GeForce GTX 1070' (P:0 D:0)
[2019.08.04-13.24.57:904][  0]LogWindows:    3. 'NVIDIA GeForce GTX 1070' (P:0 D:0)
[2019.08.04-13.24.57:905][  0]LogWindows: DebugString: FoundDriverCount:4 
[2019.08.04-13.24.57:905][  0]LogD3D11RHI:     Adapter Name: NVIDIA GeForce GTX 1070
[2019.08.04-13.24.57:905][  0]LogD3D11RHI:   Driver Version: 431.60 (internal:26.21.14.3160, unified:431.60)
[2019.08.04-13.24.57:905][  0]LogD3D11RHI:      Driver Date: 7-17-2019
[2019.08.04-13.24.57:905][  0]LogRHI: Texture pool is 5632 MB (70% of 8046 MB)
[2019.08.04-13.24.57:930][  0]LogD3D11RHI: Async texture creation enabled
[2019.08.04-13.24.57:950][  0]LogD3D11RHI: GPU Timing Frequency: 1000.000000 (Debug: 2 2)
[2019.08.04-13.24.57:994][  0]LogShaderCompilers: Guid format shader working directory is -42 characters bigger than the processId version (../../../../../../Users/Joan Abad/Documents/Github/New/ShooterOnlineOW_Style/Shooter_OW_Style/Intermediate/Shaders/WorkingDirectory/256/).
[2019.08.04-13.24.57:996][  0]LogShaderCompilers: Cleaned the shader compiler working directory 'C:/Users/Joan Abad/AppData/Local/Temp/UnrealShaderWorkingDir/FAF46C3548A1C91DF00336BBC9448FF8/'.
[2019.08.04-13.24.58:213][  0]LogTemp: Display: Loaded TP AllDesktopTargetPlatform
[2019.08.04-13.24.58:227][  0]LogTemp: Display: Loaded TP MacClientTargetPlatform
[2019.08.04-13.24.58:242][  0]LogTemp: Display: Loaded TP MacNoEditorTargetPlatform
[2019.08.04-13.24.58:257][  0]LogTemp: Display: Loaded TP MacServerTargetPlatform
[2019.08.04-13.24.58:271][  0]LogTemp: Display: Loaded TP MacTargetPlatform
[2019.08.04-13.24.58:285][  0]LogTemp: Display: Loaded TP WindowsClientTargetPlatform
[2019.08.04-13.24.58:299][  0]LogTemp: Display: Loaded TP WindowsNoEditorTargetPlatform
[2019.08.04-13.24.58:314][  0]LogTemp: Display: Loaded TP WindowsServerTargetPlatform
[2019.08.04-13.24.58:320][  0]LogTemp: Display: Loaded TP WindowsTargetPlatform
[2019.08.04-13.24.58:396][  0]LogTemp: Display: Loaded TP AndroidTargetPlatform
[2019.08.04-13.24.58:396][  0]LogTemp: Display: Loaded TP AndroidTargetPlatform
[2019.08.04-13.24.58:396][  0]LogTemp: Display: Loaded TP AndroidTargetPlatform
[2019.08.04-13.24.58:396][  0]LogTemp: Display: Loaded TP AndroidTargetPlatform
[2019.08.04-13.24.58:396][  0]LogTemp: Display: Loaded TP AndroidTargetPlatform
[2019.08.04-13.24.58:396][  0]LogTemp: Display: Loaded TP AndroidTargetPlatform
[2019.08.04-13.24.58:396][  0]LogTemp: Display: Loaded TP AndroidTargetPlatform
[2019.08.04-13.24.58:396][  0]LogTemp: Display: Loaded TP AndroidTargetPlatform
[2019.08.04-13.24.58:396][  0]LogTemp: Display: Loaded TP AndroidTargetPlatform
[2019.08.04-13.24.58:396][  0]LogTemp: Display: Loaded TP AndroidTargetPlatform
[2019.08.04-13.24.58:396][  0]LogTemp: Display: Loaded TP AndroidTargetPlatform
[2019.08.04-13.24.58:396][  0]LogTemp: Display: Loaded TP AndroidTargetPlatform
[2019.08.04-13.24.58:396][  0]LogTemp: Display: Loaded TP AndroidTargetPlatform
[2019.08.04-13.24.58:396][  0]LogTemp: Display: Loaded TP AndroidTargetPlatform
[2019.08.04-13.24.58:396][  0]LogTemp: Display: Loaded TP AndroidTargetPlatform
[2019.08.04-13.24.58:396][  0]LogTemp: Display: Loaded TP AndroidTargetPlatform
[2019.08.04-13.24.58:396][  0]LogTemp: Display: Loaded TP AndroidTargetPlatform
[2019.08.04-13.24.58:396][  0]LogTemp: Display: Loaded TP AndroidTargetPlatform
[2019.08.04-13.24.58:398][  0]LogTemp: Display: Loaded TP HTML5TargetPlatform
[2019.08.04-13.24.58:467][  0]LogTemp: Display: Loaded TP IOSTargetPlatform
[2019.08.04-13.24.58:467][  0]LogTemp: Display: Loaded TP IOSTargetPlatform
[2019.08.04-13.24.58:492][  0]LogTemp: Display: Loaded TP TVOSTargetPlatform
[2019.08.04-13.24.58:492][  0]LogTemp: Display: Loaded TP TVOSTargetPlatform
[2019.08.04-13.24.58:509][  0]LogTemp: Display: Loaded TP LinuxClientTargetPlatform
[2019.08.04-13.24.58:523][  0]LogTemp: Display: Loaded TP LinuxNoEditorTargetPlatform
[2019.08.04-13.24.58:536][  0]LogTemp: Display: Loaded TP LinuxServerTargetPlatform
[2019.08.04-13.24.58:551][  0]LogTemp: Display: Loaded TP LinuxTargetPlatform
[2019.08.04-13.24.58:561][  0]LogTemp: Display: Loaded TP LuminTargetPlatform
[2019.08.04-13.24.58:561][  0]LogTargetPlatformManager: Display: Building Assets For Windows
[2019.08.04-13.24.58:655][  0]LogXGEController: Cleaning working directory: C:/Users/Joan Abad/AppData/Local/Temp/UnrealXGEWorkingDir/
[2019.08.04-13.24.58:667][  0]LogShaderCompilers: Display: Using XGE Shader Compiler (Interception Interface).
[2019.08.04-13.24.59:381][  0]LogDerivedDataCache: Display: Max Cache Size: 512 MB
[2019.08.04-13.24.59:459][  0]LogDerivedDataCache: Loaded boot cache 0.08s 71MB C:/Users/Joan Abad/AppData/Local/UnrealEngine/4.20/DerivedDataCache/Boot.ddc.
[2019.08.04-13.24.59:460][  0]LogDerivedDataCache: Display: Loaded Boot cache: C:/Users/Joan Abad/AppData/Local/UnrealEngine/4.20/DerivedDataCache/Boot.ddc
[2019.08.04-13.24.59:460][  0]LogDerivedDataCache: FDerivedDataBackendGraph:  Pak pak cache file ../../../../../../Users/Joan Abad/Documents/Github/New/ShooterOnlineOW_Style/Shooter_OW_Style/DerivedDataCache/DDC.ddp not found, will not use a pak cache.
[2019.08.04-13.24.59:460][  0]LogDerivedDataCache: Unable to find inner node Pak for hierarchical cache Hierarchy.
[2019.08.04-13.24.59:460][  0]LogDerivedDataCache: FDerivedDataBackendGraph:  CompressedPak pak cache file ../../../../../../Users/Joan Abad/Documents/Github/New/ShooterOnlineOW_Style/Shooter_OW_Style/DerivedDataCache/Compressed.ddp not found, will not use a pak cache.
[2019.08.04-13.24.59:460][  0]LogDerivedDataCache: Unable to find inner node CompressedPak for hierarchical cache Hierarchy.
[2019.08.04-13.24.59:475][  0]LogDerivedDataCache: Display: Pak cache opened for reading ../../../Engine/DerivedDataCache/Compressed.ddp.
[2019.08.04-13.24.59:488][  0]LogDerivedDataCache: Using Local data cache path C:/Users/Joan Abad/AppData/Local/UnrealEngine/Common/DerivedDataCache: Writable
[2019.08.04-13.24.59:488][  0]LogDerivedDataCache: Shared data cache path not found in *engine.ini, will not use an Shared cache.
[2019.08.04-13.24.59:488][  0]LogDerivedDataCache: Unable to find inner node Shared for hierarchical cache Hierarchy.
[2019.08.04-13.24.59:508][  0]LogMaterial: Verifying Global Shaders for PCD3D_SM5
[2019.08.04-13.24.59:510][  0]LogSlate: Using FreeType 2.6.0
[2019.08.04-13.24.59:510][  0]LogSlate: SlateFontServices - WITH_FREETYPE: 1, WITH_HARFBUZZ: 1
[2019.08.04-13.24.59:582][  0]LogAssetRegistry: FAssetRegistry took 0.0282 seconds to start up
[2019.08.04-13.24.59:878][  0]LogInit: Selected Device Profile: [Windows]
[2019.08.04-13.25.00:011][  0]LogSimplygon: Simplygon DLL not present - disabling.
[2019.08.04-13.25.00:016][  0]LogMeshReduction: Using SimplygonSwarm for distributed automatic mesh merging
[2019.08.04-13.25.00:016][  0]LogMeshReduction: Using ProxyLODMeshReduction for automatic mesh merging
[2019.08.04-13.25.00:016][  0]LogMeshReduction: Using QuadricMeshReduction for automatic static mesh reduction
[2019.08.04-13.25.00:016][  0]LogMeshReduction: No automatic skeletal mesh reduction module available
[2019.08.04-13.25.00:034][  0]LogNetVersion: Shooter_OW_Style 1.0.0, NetCL: 4212847, EngineNetVer: 5, GameNetVer: 0 (Checksum: 1206910907)
[2019.08.04-13.25.00:495][  0]LogPackageLocalizationCache: Processed 11 localized package path(s) for 1 prioritized culture(s) in 0.051184 seconds
[2019.08.04-13.25.00:504][  0]LogUObjectArray: 38428 objects as part of root set at end of initial load.
[2019.08.04-13.25.00:504][  0]LogUObjectAllocator: 6691584 out of 0 bytes used by permanent object pool.
[2019.08.04-13.25.00:504][  0]LogUObjectArray: CloseDisregardForGC: 0/0 objects in disregard for GC pool
[2019.08.04-13.25.01:302][  0]LogTcpMessaging: Initializing TcpMessaging bridge
[2019.08.04-13.25.01:317][  0]LogUdpMessaging: Initializing bridge on interface 0.0.0.0:0 to multicast group 230.0.0.1:6666.
[2019.08.04-13.25.01:482][  0]SourceControl: Source control is disabled
[2019.08.04-13.25.01:482][  0]SourceControl: Source control is disabled
[2019.08.04-13.25.01:487][  0]SourceControl: Source control is disabled
[2019.08.04-13.25.01:489][  0]SourceControl: Source control is disabled
[2019.08.04-13.25.01:702][  0]LogAndroidPermission: UAndroidPermissionCallbackProxy::GetInstance
[2019.08.04-13.25.01:788][  0]LogOcInput: OculusInput pre-init called
[2019.08.04-13.25.01:847][  0]LogEngine: Initializing Engine...
[2019.08.04-13.25.01:848][  0]LogHMD: Failed to initialize OpenVR with code 110
[2019.08.04-13.25.01:850][  0]LogStats: UGameplayTagsManager::ConstructGameplayTagTree: ImportINI prefixes -  0.000 s
[2019.08.04-13.25.01:850][  0]LogStats: UGameplayTagsManager::ConstructGameplayTagTree: Construct from data asset -  0.000 s
[2019.08.04-13.25.01:850][  0]LogStats: UGameplayTagsManager::ConstructGameplayTagTree: ImportINI -  0.000 s
[2019.08.04-13.25.01:850][  0]LogStats: UGameplayTagsManager::ConstructGameplayTagTree: GameplayTagTreeChangedEvent.Broadcast -  0.000 s
[2019.08.04-13.25.02:069][  0]LogInit: Initializing FReadOnlyCVARCache
[2019.08.04-13.25.02:086][  0]LogAIModule: Creating AISystem for world Untitled
[2019.08.04-13.25.02:106][  0]LogInit: XAudio2 using 'Altavoces (5- Logitech G933 Gaming Wireless Headset)' : 2 channels at 44.1 kHz using 16 bits per sample (channel mask 0x3)
[2019.08.04-13.25.02:118][  0]LogInit: FAudioDevice initialized.
[2019.08.04-13.25.02:118][  0]LogNetVersion: Set ProjectVersion to 1.0.0.0. Version Checksum will be recalculated on next use.
[2019.08.04-13.25.02:291][  0]LogDerivedDataCache: Saved boot cache 0.17s 71MB C:/Users/Joan Abad/AppData/Local/UnrealEngine/4.20/DerivedDataCache/Boot.ddc.
[2019.08.04-13.25.02:292][  0]LogInit: Texture streaming: Enabled
[2019.08.04-13.25.02:312][  0]LogEngineSessionManager: EngineSessionManager initialized
[2019.08.04-13.25.02:321][  0]LogInit: Transaction tracking system initialized
[2019.08.04-13.25.02:349][  0]BlueprintLog: New page: Editor Load
[2019.08.04-13.25.02:442][  0]LocalizationService: Localization service is disabled
[2019.08.04-13.25.02:710][  0]LogLinker: Warning: Can't find file '/Game/ThirdPersonBP/ThirdPersonOverview'
[2019.08.04-13.25.02:710][  0]LogLinker: Warning: Can't find file '/Game/ThirdPersonBP/ThirdPersonOverview'
[2019.08.04-13.25.02:710][  0]LogUObjectGlobals: Warning: Failed to find object 'Class /Game/ThirdPersonBP/ThirdPersonOverview.ThirdPersonOverview_C'
[2019.08.04-13.25.02:903][  0]LogCook: Display: Max memory allowance for cook 16384mb min free memory 0mb
[2019.08.04-13.25.02:903][  0]LogCook: Display: Mobile HDR setting 1
[2019.08.04-13.25.02:903][  0]LogGameplayTags: Display: UGameplayTagsManager::DoneAddingNativeTags. DelegateIsBound: 0
[2019.08.04-13.25.02:903][  0]LogStats: UGameplayTagsManager::ConstructGameplayTagTree: ImportINI prefixes -  0.000 s
[2019.08.04-13.25.02:903][  0]LogStats: UGameplayTagsManager::ConstructGameplayTagTree: Construct from data asset -  0.000 s
[2019.08.04-13.25.02:904][  0]LogStats: UGameplayTagsManager::ConstructGameplayTagTree: ImportINI -  0.000 s
[2019.08.04-13.25.02:904][  0]LogStats: UGameplayTagsManager::ConstructGameplayTagTree: GameplayTagTreeChangedEvent.Broadcast -  0.000 s
[2019.08.04-13.25.03:051][  0]LogFileCache: Scanning file cache for directory 'C:/Users/Joan Abad/Documents/Github/New/ShooterOnlineOW_Style/Shooter_OW_Style/Content/' took 0.01s
[2019.08.04-13.25.03:051][  0]SourceControl: Source control is disabled
[2019.08.04-13.25.03:051][  0]Cmd: MAP LOAD FILE="../../../../../../Users/Joan Abad/Documents/Github/New/ShooterOnlineOW_Style/Shooter_OW_Style/Content/Levels/FirstMap.umap" TEMPLATE=0 SHOWPROGRESS=1 FEATURELEVEL=3
[2019.08.04-13.25.03:051][  0]LightingResults: New page: Lighting Build
[2019.08.04-13.25.03:055][  0]MapCheck: New page: Map Check
[2019.08.04-13.25.03:055][  0]LightingResults: New page: Lighting Build
[2019.08.04-13.25.03:237][  0]LogLinker: Error: HOTRELOADED_HealthComponent_1 has an inappropriate outermost, it was probably saved with a deprecated outer (file: ../../../../../../Users/Joan Abad/Documents/Github/New/ShooterOnlineOW_Style/Shooter_OW_Style/Content/Materials/UI/WBP_HealthIndicator.uasset)
[2019.08.04-13.25.03:241][  0]LogLinker: Error: HOTRELOADED_HealthComponent_1 has an inappropriate outermost, it was probably saved with a deprecated outer (file: ../../../../../../Users/Joan Abad/Documents/Github/New/ShooterOnlineOW_Style/Shooter_OW_Style/Content/Materials/UI/WBP_HealthIndicator.uasset)
[2019.08.04-13.25.03:242][  0]LogLinker: Error: HOTRELOADED_HealthComponent_1 has an inappropriate outermost, it was probably saved with a deprecated outer (file: ../../../../../../Users/Joan Abad/Documents/Github/New/ShooterOnlineOW_Style/Shooter_OW_Style/Content/Materials/UI/WBP_HealthIndicator.uasset)
[2019.08.04-13.25.03:242][  0]LogLinker: Error: HOTRELOADED_HealthComponent_1 has an inappropriate outermost, it was probably saved with a deprecated outer (file: ../../../../../../Users/Joan Abad/Documents/Github/New/ShooterOnlineOW_Style/Shooter_OW_Style/Content/Materials/UI/WBP_HealthIndicator.uasset)
[2019.08.04-13.25.03:684][  0]LogAIModule: Creating AISystem for world FirstMap
[2019.08.04-13.25.03:694][  0]LogEditorServer: Finished looking for orphan Actors (0.000 secs)
[2019.08.04-13.25.03:720][  0]Cmd: MAP CHECKDEP NOCLEARLOG
[2019.08.04-13.25.03:773][  0]MapCheck: Map check complete: 0 Error(s), 0 Warning(s), took 53.571ms to complete.
[2019.08.04-13.25.03:773][  0]LogFileHelpers: Loading map 'FirstMap' took 0.722
[2019.08.04-13.25.03:864][  0]LogSlate: Updating window title bar state: overlay mode, drag disabled, window buttons hidden, title bar hidden
[2019.08.04-13.25.03:871][  0]LogSlate: Updating window title bar state: overlay mode, drag disabled, window buttons hidden, title bar hidden
[2019.08.04-13.25.03:878][  0]LogSlate: Updating window title bar state: overlay mode, drag disabled, window buttons hidden, title bar hidden
[2019.08.04-13.25.03:885][  0]LogSlate: Updating window title bar state: overlay mode, drag disabled, window buttons hidden, title bar hidden
[2019.08.04-13.25.03:892][  0]LogCollectionManager: Loaded 0 collections in 0.001374 seconds
[2019.08.04-13.25.03:940][  0]LogFileCache: Scanning file cache for directory 'C:/Users/Joan Abad/Documents/Github/New/ShooterOnlineOW_Style/Shooter_OW_Style/Saved/Collections/' took 0.01s
[2019.08.04-13.25.03:940][  0]LogFileCache: Scanning file cache for directory 'C:/Users/Joan Abad/Documents/Github/New/ShooterOnlineOW_Style/Shooter_OW_Style/Content/Developers/JoanAbad/Collections/' took 0.01s
[2019.08.04-13.25.03:940][  0]LogFileCache: Scanning file cache for directory 'C:/Users/Joan Abad/Documents/Github/New/ShooterOnlineOW_Style/Shooter_OW_Style/Content/Collections/' took 0.01s
[2019.08.04-13.25.03:940][  0]LogCollectionManager: Rebuilt the GUID cache for 0 collections in 0.000000 seconds
[2019.08.04-13.25.03:949][  0]LogContentBrowser: Native class hierarchy populated in 0.0086 seconds. Added 2581 classes and 606 folders.
[2019.08.04-13.25.03:956][  0]LogContentBrowser: Native class hierarchy updated for 'WidgetCarousel' in 0.0003 seconds. Added 0 classes and 0 folders.
[2019.08.04-13.25.03:983][  0]LogContentBrowser: Native class hierarchy updated for 'AddContentDialog' in 0.0003 seconds. Added 0 classes and 0 folders.
[2019.08.04-13.25.03:989][  0]LogContentBrowser: Native class hierarchy updated for 'SceneOutliner' in 0.0003 seconds. Added 1 classes and 2 folders.
[2019.08.04-13.25.04:067][  0]LogSlate: Took 0.000196 seconds to synchronously load lazily loaded font '../../../Engine/Content/Slate/Fonts/Roboto-Regular.ttf' (155K)
[2019.08.04-13.25.04:069][  0]LogSlate: Took 0.000134 seconds to synchronously load lazily loaded font '../../../Engine/Content/Slate/Fonts/Roboto-Bold.ttf' (160K)
[2019.08.04-13.25.04:147][  0]LogRenderer: Reallocating scene render targets to support 1716x884 Format 10 NumSamples 1 (Frame:1).
[2019.08.04-13.25.04:317][  0]LogContentBrowser: Native class hierarchy updated for 'HierarchicalLODOutliner' in 0.0003 seconds. Added 0 classes and 0 folders.
[2019.08.04-13.25.04:317][  0]LogLoad: (Engine Initialization) Total time: 8.41 seconds
[2019.08.04-13.25.04:317][  0]LogLoad: (Engine Initialization) Total Blueprint compile time: 0.00 seconds
[2019.08.04-13.25.04:346][  0]LogContentStreaming: Texture pool size now 1000 MB
[2019.08.04-13.25.04:367][  1]LogAssetRegistry: Asset discovery search completed in 4.8088 seconds
[2019.08.04-13.25.04:369][  1]LogCollectionManager: Rebuilt the object cache for 0 collections in 0.000000 seconds (found 0 objects)
[2019.08.04-13.25.04:369][  1]LogCollectionManager: Fixed up redirectors for 0 collections in 0.000133 seconds (updated 0 objects)
[2019.08.04-13.25.05:572][132]LogSlate: FSceneViewport::OnFocusLost() reason 0
[2019.08.04-13.25.05:647][141]LogTemp: Repeating last play command: New Editor Window (PIE)
[2019.08.04-13.25.05:668][141]LogPlayLevel: PlayLevel: No blueprints needed recompiling
[2019.08.04-13.25.05:689][141]PIE: New page: PIE session: FirstMap (Aug 4, 2019, 5:25:05 PM)
[2019.08.04-13.25.05:689][141]LogPlayLevel: Creating play world package: /Game/Levels/UEDPIE_1_FirstMap
[2019.08.04-13.25.05:695][141]LogPlayLevel: PIE: StaticDuplicateObject took: (0.005605s)
