Log file open, 07/31/19 18:01:13
LogWindows: Failed to load 'aqProf.dll' (GetLastError=126)
LogWindows: File 'aqProf.dll' does not exist
LogWindows: Failed to load 'VtuneApi.dll' (GetLastError=126)
LogWindows: File 'VtuneApi.dll' does not exist
LogWindows: Failed to load 'VtuneApi32e.dll' (GetLastError=126)
LogWindows: File 'VtuneApi32e.dll' does not exist
LogInit: Display: Running engine for game: Shooter_OW_Style
LogPlatformFile: Not using cached read wrapper
LogTaskGraph: Started task graph with 5 named threads and 14 total threads with 3 sets of task threads.
LogStats: Stats thread started at 0.258600
LogD3D11RHI: Loaded GFSDK_Aftermath_Lib.x64.dll
LogICUInternationalization: Display: ICU TimeZone Detection - Raw Offset: +1:00, Platform Override: ''
LogPluginManager: Mounting plugin Paper2D
LogPluginManager: Mounting plugin AISupport
LogPluginManager: Mounting plugin LightPropagationVolume
LogPluginManager: Mounting plugin CLionSourceCodeAccess
LogPluginManager: Mounting plugin CodeLiteSourceCodeAccess
LogPluginManager: Mounting plugin GitSourceControl
LogPluginManager: Mounting plugin KDevelopSourceCodeAccess
LogPluginManager: Mounting plugin NullSourceCodeAccess
LogPluginManager: Mounting plugin PerforceSourceControl
LogPluginManager: Mounting plugin SubversionSourceControl
LogPluginManager: Mounting plugin UObjectPlugin
LogPluginManager: Mounting plugin VisualStudioCodeSourceCodeAccess
LogPluginManager: Mounting plugin VisualStudioSourceCodeAccess
LogPluginManager: Mounting plugin XCodeSourceCodeAccess
LogPluginManager: Mounting plugin AssetManagerEditor
LogPluginManager: Mounting plugin CryptoKeys
LogPluginManager: Mounting plugin DataValidation
LogPluginManager: Mounting plugin FacialAnimation
LogPluginManager: Mounting plugin GameplayTagsEditor
LogPluginManager: Mounting plugin MacGraphicsSwitching
LogPluginManager: Mounting plugin MeshEditor
LogPluginManager: Mounting plugin MobileLauncherProfileWizard
LogPluginManager: Mounting plugin PluginBrowser
LogPluginManager: Mounting plugin SpeedTreeImporter
LogPluginManager: Mounting plugin DatasmithContent
LogPluginManager: Mounting plugin AlembicImporter
LogPluginManager: Mounting plugin AppleImageUtils
LogPluginManager: Mounting plugin AppleVision
LogPluginManager: Mounting plugin BackChannel
LogPluginManager: Mounting plugin CharacterAI
LogPluginManager: Mounting plugin GeometryCache
LogPluginManager: Mounting plugin HTML5Networking
LogPluginManager: Mounting plugin ProxyLODPlugin
LogPluginManager: Mounting plugin MagicLeap
LogPluginManager: Mounting plugin MagicLeapEmulator
LogPluginManager: Mounting plugin MagicLeapMedia
LogPluginManager: Mounting plugin AndroidMedia
LogPluginManager: Mounting plugin AvfMedia
LogPluginManager: Mounting plugin ImgMedia
LogPluginManager: Mounting plugin LinearTimecode
LogPluginManager: Mounting plugin MediaCompositing
LogPluginManager: Mounting plugin MediaPlayerEditor
LogPluginManager: Mounting plugin WmfMedia
LogPluginManager: Mounting plugin TcpMessaging
LogPluginManager: Mounting plugin UdpMessaging
LogPluginManager: Mounting plugin ActorSequence
LogPluginManager: Mounting plugin LevelSequenceEditor
LogPluginManager: Mounting plugin MatineeToLevelSequence
LogPluginManager: Mounting plugin NetcodeUnitTest
LogPluginManager: Mounting plugin NUTUnrealEngine4
LogPluginManager: Mounting plugin OnlineSubsystemGooglePlay
LogPluginManager: Mounting plugin OnlineSubsystemIOS
LogPluginManager: Mounting plugin OnlineSubsystem
LogPluginManager: Mounting plugin OnlineSubsystemNull
LogPluginManager: Mounting plugin OnlineSubsystemUtils
LogPluginManager: Mounting plugin LauncherChunkInstaller
LogPluginManager: Mounting plugin AndroidDeviceProfileSelector
LogPluginManager: Mounting plugin AndroidMoviePlayer
LogPluginManager: Mounting plugin AndroidPermission
LogPluginManager: Mounting plugin AppleMoviePlayer
LogPluginManager: Mounting plugin ArchVisCharacter
LogPluginManager: Mounting plugin AudioCapture
LogPluginManager: Mounting plugin CableComponent
LogPluginManager: Mounting plugin CustomMeshComponent
LogPluginManager: Mounting plugin EditableMesh
LogPluginManager: Mounting plugin ExampleDeviceProfileSelector
LogPluginManager: Mounting plugin GoogleCloudMessaging
LogPluginManager: Mounting plugin ImmediatePhysics
LogPluginManager: Mounting plugin IOSDeviceProfileSelector
LogPluginManager: Mounting plugin LinuxDeviceProfileSelector
LogPluginManager: Mounting plugin LocationServicesBPLibrary
LogPluginManager: Mounting plugin MobilePatchingUtils
LogPluginManager: Mounting plugin OculusVR
LogPluginManager: Plugin shader directory ../../../Engine/Plugins/Runtime/Oculus/OculusVR/Shaders found
LogPluginManager: Mapping shader source directory ../../../Engine/Plugins/Runtime/Oculus/OculusVR/Shaders to virtual directory /Plugin/OculusVR
LogPluginManager: Mounting plugin PhysXVehicles
LogPluginManager: Mounting plugin ProceduralMeshComponent
LogPluginManager: Mounting plugin RuntimePhysXCooking
LogPluginManager: Mounting plugin SteamVR
LogPluginManager: Mounting plugin WindowsMoviePlayer
LogStreaming: Display: Took  0.137s to configure plugins.
LogInit: Using libcurl 7.55.1-DEV
LogInit:  - built for x86_64-pc-win32
LogInit:  - supports SSL with OpenSSL/1.0.2h
LogInit:  - supports HTTP deflate (compression) using libz 1.2.8
LogInit:  - other features:
LogInit:      CURL_VERSION_SSL
LogInit:      CURL_VERSION_LIBZ
LogInit:      CURL_VERSION_IPV6
LogInit:      CURL_VERSION_ASYNCHDNS
LogInit:      CURL_VERSION_LARGEFILE
LogInit:      CURL_VERSION_IDN
LogInit:  CurlRequestOptions (configurable via config and command line):
LogInit:  - bVerifyPeer = false  - Libcurl will NOT verify peer certificate
LogInit:  - bUseHttpProxy = false  - Libcurl will NOT use HTTP proxy
LogInit:  - bDontReuseConnections = false  - Libcurl will reuse connections
LogInit:  - CertBundlePath = nullptr  - Libcurl will use whatever was configured at build time.
LogInit:  - MaxHostConnections = 16  - Libcurl will limit the number of connections to a host
LogInit:  - LocalHostAddr = Default
LogInit:  - BufferSize = 65536
LogInit: WinSock: version 1.1 (2.2), MaxSocks=32767, MaxUdp=65467
LogInit: Build: ++UE4+Release-4.20-CL-4369336
LogInit: Engine Version: 4.20.3-4369336+++UE4+Release-4.20
LogInit: Compatible Engine Version: 4.20.0-4212847+++UE4+Release-4.20
LogInit: Net CL: 4212847
LogInit: OS: Windows 8.1 (), CPU: Intel(R) Core(TM) i5-6600K CPU @ 3.50GHz, GPU: NVIDIA GeForce GTX 1070
LogInit: Compiled (64-bit): Sep 17 2018 12:26:19
LogInit: Compiled with Visual C++: 19.13.26129.00
LogInit: Build Configuration: Development
LogInit: Branch Name: ++UE4+Release-4.20
LogInit: Command Line:  -skipcompile
LogInit: Base Directory: C:/Program Files/Epic Games/UE_4.20/Engine/Binaries/Win64/
LogInit: Installed Engine Build: 1
LogDevObjectVersion: Number of dev versions registered: 20
LogDevObjectVersion:   Dev-Blueprints (B0D832E4-1F89-4F0D-ACCF-7EB736FD4AA2): 10
LogDevObjectVersion:   Dev-Build (E1C64328-A22C-4D53-A36C-8E866417BD8C): 0
LogDevObjectVersion:   Dev-Core (375EC13C-06E4-48FB-B500-84F0262A717E): 2
LogDevObjectVersion:   Dev-Editor (E4B068ED-F494-42E9-A231-DA0B2E46BB41): 24
LogDevObjectVersion:   Dev-Framework (CFFC743F-43B0-4480-9391-14DF171D2073): 34
LogDevObjectVersion:   Dev-Mobile (B02B49B5-BB20-44E9-A304-32B752E40360): 2
LogDevObjectVersion:   Dev-Networking (A4E4105C-59A1-49B5-A7C5-40C4547EDFEE): 0
LogDevObjectVersion:   Dev-Online (39C831C9-5AE6-47DC-9A44-9C173E1C8E7C): 0
LogDevObjectVersion:   Dev-Physics (78F01B33-EBEA-4F98-B9B4-84EACCB95AA2): 0
LogDevObjectVersion:   Dev-Platform (6631380F-2D4D-43E0-8009-CF276956A95A): 0
LogDevObjectVersion:   Dev-Rendering (12F88B9F-8875-4AFC-A67C-D90C383ABD29): 26
LogDevObjectVersion:   Dev-Sequencer (7B5AE74C-D270-4C10-A958-57980B212A5A): 9
LogDevObjectVersion:   Dev-VR (D7296918-1DD6-4BDD-9DE2-64A83CC13884): 2
LogDevObjectVersion:   Dev-LoadTimes (C2A15278-BFE7-4AFE-6C17-90FF531DF755): 1
LogDevObjectVersion:   Private-Geometry (6EACA3D4-40EC-4CC1-B786-8BED09428FC5): 3
LogDevObjectVersion:   Dev-AnimPhys (29E575DD-E0A3-4627-9D10-D276232CDCEA): 17
LogDevObjectVersion:   Dev-ReflectionCapture (6B266CEC-1EC7-4B8F-A30B-E4D90942FC07): 1
LogDevObjectVersion:   Dev-Automation (0DF73D61-A23F-47EA-B727-89E90C41499A): 1
LogDevObjectVersion:   FortniteMain (601D1886-AC64-4F84-AA16-D3DE0DEAC7D6): 12
LogDevObjectVersion:   Dev-Enterprise (9DFFBCD6-494F-0158-E221-12823C92A888): 1
LogStreaming: Display: Took  0.003s to delete old logs.
LogInit: Presizing for max 8388607 objects, including 0 objects not considered by GC, pre-allocating 0 bytes for permanent pool.
LogInit: Object subsystem initialized
[2019.07.31-16.01.13:472][  0]LogInit: Selected Device Profile: [Windows]
[2019.07.31-16.01.13:472][  0]LogInit: Applying CVar settings loaded from the selected device profile: [Windows]
[2019.07.31-16.01.13:487][  0]LogHAL: Display: Platform has ~ 16 GB [17137950720 / 17179869184 / 16], which maps to Larger [LargestMinGB=32, LargerMinGB=12, DefaultMinGB=8, SmallerMinGB=6, SmallestMinGB=0)
[2019.07.31-16.01.13:487][  0]LogInit: Setting Device Profile CVar: [[r.Vulkan.UseRealUBs:1]]
[2019.07.31-16.01.13:489][  0]LogInit: Going up to parent DeviceProfile []
[2019.07.31-16.01.13:489][  0]LogInit: Computer: JOANPC
[2019.07.31-16.01.13:490][  0]LogInit: User: JoanAbad
[2019.07.31-16.01.13:490][  0]LogInit: CPU Page size=4096, Cores=4
[2019.07.31-16.01.13:490][  0]LogInit: High frequency timer resolution =3.421874 MHz
[2019.07.31-16.01.13:491][  0]LogMemory: Memory total: Physical=16.0GB (16GB approx)
[2019.07.31-16.01.13:491][  0]LogMemory: Platform Memory Stats for Windows
[2019.07.31-16.01.13:491][  0]LogMemory: Process Physical Memory: 99.80 MB used, 99.80 MB peak
[2019.07.31-16.01.13:491][  0]LogMemory: Process Virtual Memory: 84.19 MB used, 84.19 MB peak
[2019.07.31-16.01.13:491][  0]LogMemory: Physical Memory: 9628.99 MB used,  6715.03 MB free, 16344.02 MB total
[2019.07.31-16.01.13:491][  0]LogMemory: Virtual Memory: 474.45 MB used,  6715.03 MB free, 134217728.00 MB total
[2019.07.31-16.01.14:200][  0]LogInit: Overriding language with editor language configuration option (en).
[2019.07.31-16.01.14:200][  0]LogInit: Overriding locale with editor locale configuration option (en).
[2019.07.31-16.01.14:566][  0]LogStreaming: Display: Took  0.366s to InitEngineTextLocalization.
[2019.07.31-16.01.14:566][  0]LogInit: Setting process to per monitor DPI aware
[2019.07.31-16.01.14:628][  0]LogSlate: New Slate User Created.  User Index 0, Is Virtual User: 0
[2019.07.31-16.01.14:628][  0]LogSlate: Slate User Registered.  User Index 0, Is Virtual User: 0
[2019.07.31-16.01.14:768][  0]LogHMD: Failed to initialize OpenVR with code 110
[2019.07.31-16.01.14:768][  0]LogD3D11RHI: D3D11 adapters:
[2019.07.31-16.01.14:938][  0]LogD3D11RHI:    0. 'NVIDIA GeForce GTX 1070' (Feature Level 11_0)
[2019.07.31-16.01.14:938][  0]LogD3D11RHI:       8046/0/8172 MB DedicatedVideo/DedicatedSystem/SharedSystem, Outputs:2, VendorId:0x10de
[2019.07.31-16.01.14:966][  0]LogD3D11RHI:    1. 'Microsoft Basic Render Driver' (Feature Level 11_0)
[2019.07.31-16.01.14:966][  0]LogD3D11RHI:       0/0/256 MB DedicatedVideo/DedicatedSystem/SharedSystem, Outputs:0, VendorId:0x1414
[2019.07.31-16.01.14:966][  0]LogD3D11RHI: Chosen D3D11 Adapter: 0
[2019.07.31-16.01.14:972][  0]LogD3D11RHI: Creating new Direct3DDevice
[2019.07.31-16.01.14:972][  0]LogD3D11RHI:     GPU DeviceId: 0x1b81 (for the marketing name, search the web for "GPU Device Id")
[2019.07.31-16.01.14:972][  0]LogWindows: EnumDisplayDevices:
[2019.07.31-16.01.14:972][  0]LogWindows:    0. 'NVIDIA GeForce GTX 1070' (P:1 D:1)
[2019.07.31-16.01.14:972][  0]LogWindows:    1. 'NVIDIA GeForce GTX 1070' (P:0 D:1)
[2019.07.31-16.01.14:972][  0]LogWindows:    2. 'NVIDIA GeForce GTX 1070' (P:0 D:0)
[2019.07.31-16.01.14:973][  0]LogWindows:    3. 'NVIDIA GeForce GTX 1070' (P:0 D:0)
[2019.07.31-16.01.14:973][  0]LogWindows: DebugString: FoundDriverCount:4 
[2019.07.31-16.01.14:973][  0]LogD3D11RHI:     Adapter Name: NVIDIA GeForce GTX 1070
[2019.07.31-16.01.14:973][  0]LogD3D11RHI:   Driver Version: 431.60 (internal:26.21.14.3160, unified:431.60)
[2019.07.31-16.01.14:973][  0]LogD3D11RHI:      Driver Date: 7-17-2019
[2019.07.31-16.01.14:973][  0]LogRHI: Texture pool is 5632 MB (70% of 8046 MB)
[2019.07.31-16.01.15:008][  0]LogD3D11RHI: Async texture creation enabled
[2019.07.31-16.01.15:029][  0]LogD3D11RHI: GPU Timing Frequency: 1000.000000 (Debug: 2 2)
[2019.07.31-16.01.15:074][  0]LogShaderCompilers: Guid format shader working directory is -44 characters bigger than the processId version (../../../../../../Users/Joan Abad/Documents/Github/New/ShooterOnlineOW_Style/Shooter_OW_Style/Intermediate/Shaders/WorkingDirectory/10016/).
[2019.07.31-16.01.15:074][  0]LogShaderCompilers: Cleaned the shader compiler working directory 'C:/Users/Joan Abad/AppData/Local/Temp/UnrealShaderWorkingDir/BBE1AE2C4A10E1212C0DC498B8AE2C80/'.
[2019.07.31-16.01.15:365][  0]LogTemp: Display: Loaded TP AllDesktopTargetPlatform
[2019.07.31-16.01.15:386][  0]LogTemp: Display: Loaded TP MacClientTargetPlatform
[2019.07.31-16.01.15:403][  0]LogTemp: Display: Loaded TP MacNoEditorTargetPlatform
[2019.07.31-16.01.15:421][  0]LogTemp: Display: Loaded TP MacServerTargetPlatform
[2019.07.31-16.01.15:445][  0]LogTemp: Display: Loaded TP MacTargetPlatform
[2019.07.31-16.01.15:471][  0]LogTemp: Display: Loaded TP WindowsClientTargetPlatform
[2019.07.31-16.01.15:486][  0]LogTemp: Display: Loaded TP WindowsNoEditorTargetPlatform
[2019.07.31-16.01.15:500][  0]LogTemp: Display: Loaded TP WindowsServerTargetPlatform
[2019.07.31-16.01.15:513][  0]LogTemp: Display: Loaded TP WindowsTargetPlatform
[2019.07.31-16.01.15:600][  0]LogTemp: Display: Loaded TP AndroidTargetPlatform
[2019.07.31-16.01.15:601][  0]LogTemp: Display: Loaded TP AndroidTargetPlatform
[2019.07.31-16.01.15:601][  0]LogTemp: Display: Loaded TP AndroidTargetPlatform
[2019.07.31-16.01.15:601][  0]LogTemp: Display: Loaded TP AndroidTargetPlatform
[2019.07.31-16.01.15:601][  0]LogTemp: Display: Loaded TP AndroidTargetPlatform
[2019.07.31-16.01.15:601][  0]LogTemp: Display: Loaded TP AndroidTargetPlatform
[2019.07.31-16.01.15:601][  0]LogTemp: Display: Loaded TP AndroidTargetPlatform
[2019.07.31-16.01.15:601][  0]LogTemp: Display: Loaded TP AndroidTargetPlatform
[2019.07.31-16.01.15:601][  0]LogTemp: Display: Loaded TP AndroidTargetPlatform
[2019.07.31-16.01.15:601][  0]LogTemp: Display: Loaded TP AndroidTargetPlatform
[2019.07.31-16.01.15:601][  0]LogTemp: Display: Loaded TP AndroidTargetPlatform
[2019.07.31-16.01.15:602][  0]LogTemp: Display: Loaded TP AndroidTargetPlatform
[2019.07.31-16.01.15:602][  0]LogTemp: Display: Loaded TP AndroidTargetPlatform
[2019.07.31-16.01.15:602][  0]LogTemp: Display: Loaded TP AndroidTargetPlatform
[2019.07.31-16.01.15:602][  0]LogTemp: Display: Loaded TP AndroidTargetPlatform
[2019.07.31-16.01.15:602][  0]LogTemp: Display: Loaded TP AndroidTargetPlatform
[2019.07.31-16.01.15:602][  0]LogTemp: Display: Loaded TP AndroidTargetPlatform
[2019.07.31-16.01.15:602][  0]LogTemp: Display: Loaded TP AndroidTargetPlatform
[2019.07.31-16.01.15:605][  0]LogTemp: Display: Loaded TP HTML5TargetPlatform
[2019.07.31-16.01.15:676][  0]LogTemp: Display: Loaded TP IOSTargetPlatform
[2019.07.31-16.01.15:676][  0]LogTemp: Display: Loaded TP IOSTargetPlatform
[2019.07.31-16.01.15:701][  0]LogTemp: Display: Loaded TP TVOSTargetPlatform
[2019.07.31-16.01.15:701][  0]LogTemp: Display: Loaded TP TVOSTargetPlatform
[2019.07.31-16.01.15:715][  0]LogTemp: Display: Loaded TP LinuxClientTargetPlatform
[2019.07.31-16.01.15:728][  0]LogTemp: Display: Loaded TP LinuxNoEditorTargetPlatform
[2019.07.31-16.01.15:746][  0]LogTemp: Display: Loaded TP LinuxServerTargetPlatform
[2019.07.31-16.01.15:760][  0]LogTemp: Display: Loaded TP LinuxTargetPlatform
[2019.07.31-16.01.15:770][  0]LogTemp: Display: Loaded TP LuminTargetPlatform
[2019.07.31-16.01.15:773][  0]LogTargetPlatformManager: Display: Building Assets For Windows
[2019.07.31-16.01.15:892][  0]LogXGEController: Cleaning working directory: C:/Users/Joan Abad/AppData/Local/Temp/UnrealXGEWorkingDir/
[2019.07.31-16.01.15:911][  0]LogShaderCompilers: Display: Using XGE Shader Compiler (Interception Interface).
[2019.07.31-16.01.16:630][  0]LogDerivedDataCache: Display: Max Cache Size: 512 MB
[2019.07.31-16.01.16:718][  0]LogDerivedDataCache: Loaded boot cache 0.09s 71MB C:/Users/Joan Abad/AppData/Local/UnrealEngine/4.20/DerivedDataCache/Boot.ddc.
[2019.07.31-16.01.16:720][  0]LogDerivedDataCache: Display: Loaded Boot cache: C:/Users/Joan Abad/AppData/Local/UnrealEngine/4.20/DerivedDataCache/Boot.ddc
[2019.07.31-16.01.16:720][  0]LogDerivedDataCache: FDerivedDataBackendGraph:  Pak pak cache file ../../../../../../Users/Joan Abad/Documents/Github/New/ShooterOnlineOW_Style/Shooter_OW_Style/DerivedDataCache/DDC.ddp not found, will not use a pak cache.
[2019.07.31-16.01.16:720][  0]LogDerivedDataCache: Unable to find inner node Pak for hierarchical cache Hierarchy.
[2019.07.31-16.01.16:720][  0]LogDerivedDataCache: FDerivedDataBackendGraph:  CompressedPak pak cache file ../../../../../../Users/Joan Abad/Documents/Github/New/ShooterOnlineOW_Style/Shooter_OW_Style/DerivedDataCache/Compressed.ddp not found, will not use a pak cache.
[2019.07.31-16.01.16:720][  0]LogDerivedDataCache: Unable to find inner node CompressedPak for hierarchical cache Hierarchy.
[2019.07.31-16.01.16:735][  0]LogDerivedDataCache: Display: Pak cache opened for reading ../../../Engine/DerivedDataCache/Compressed.ddp.
[2019.07.31-16.01.16:748][  0]LogDerivedDataCache: Using Local data cache path C:/Users/Joan Abad/AppData/Local/UnrealEngine/Common/DerivedDataCache: Writable
[2019.07.31-16.01.16:748][  0]LogDerivedDataCache: Shared data cache path not found in *engine.ini, will not use an Shared cache.
[2019.07.31-16.01.16:748][  0]LogDerivedDataCache: Unable to find inner node Shared for hierarchical cache Hierarchy.
[2019.07.31-16.01.16:770][  0]LogMaterial: Verifying Global Shaders for PCD3D_SM5
[2019.07.31-16.01.16:771][  0]LogSlate: Using FreeType 2.6.0
[2019.07.31-16.01.16:772][  0]LogSlate: SlateFontServices - WITH_FREETYPE: 1, WITH_HARFBUZZ: 1
[2019.07.31-16.01.16:846][  0]LogAssetRegistry: FAssetRegistry took 0.0289 seconds to start up
[2019.07.31-16.01.17:159][  0]LogInit: Selected Device Profile: [Windows]
[2019.07.31-16.01.17:297][  0]LogSimplygon: Simplygon DLL not present - disabling.
[2019.07.31-16.01.17:303][  0]LogMeshReduction: Using SimplygonSwarm for distributed automatic mesh merging
[2019.07.31-16.01.17:303][  0]LogMeshReduction: Using ProxyLODMeshReduction for automatic mesh merging
[2019.07.31-16.01.17:303][  0]LogMeshReduction: Using QuadricMeshReduction for automatic static mesh reduction
[2019.07.31-16.01.17:303][  0]LogMeshReduction: No automatic skeletal mesh reduction module available
[2019.07.31-16.01.17:323][  0]LogNetVersion: Shooter_OW_Style 1.0.0, NetCL: 4212847, EngineNetVer: 5, GameNetVer: 0 (Checksum: 1206910907)
[2019.07.31-16.01.18:127][  0]LogPackageLocalizationCache: Processed 11 localized package path(s) for 1 prioritized culture(s) in 0.069653 seconds
[2019.07.31-16.01.18:136][  0]LogUObjectArray: 38425 objects as part of root set at end of initial load.
[2019.07.31-16.01.18:136][  0]LogUObjectAllocator: 6690864 out of 0 bytes used by permanent object pool.
[2019.07.31-16.01.18:136][  0]LogUObjectArray: CloseDisregardForGC: 0/0 objects in disregard for GC pool
[2019.07.31-16.01.19:045][  0]LogTcpMessaging: Initializing TcpMessaging bridge
[2019.07.31-16.01.19:078][  0]LogUdpMessaging: Initializing bridge on interface 0.0.0.0:0 to multicast group 230.0.0.1:6666.
[2019.07.31-16.01.19:338][  0]SourceControl: Source control is disabled
[2019.07.31-16.01.19:338][  0]SourceControl: Source control is disabled
[2019.07.31-16.01.19:343][  0]SourceControl: Source control is disabled
[2019.07.31-16.01.19:345][  0]SourceControl: Source control is disabled
[2019.07.31-16.01.19:598][  0]LogAndroidPermission: UAndroidPermissionCallbackProxy::GetInstance
[2019.07.31-16.01.19:748][  0]LogOcInput: OculusInput pre-init called
[2019.07.31-16.01.19:869][  0]LogEngine: Initializing Engine...
[2019.07.31-16.01.19:870][  0]LogHMD: Failed to initialize OpenVR with code 110
[2019.07.31-16.01.19:871][  0]LogStats: UGameplayTagsManager::ConstructGameplayTagTree: ImportINI prefixes -  0.000 s
[2019.07.31-16.01.19:872][  0]LogStats: UGameplayTagsManager::ConstructGameplayTagTree: Construct from data asset -  0.000 s
[2019.07.31-16.01.19:872][  0]LogStats: UGameplayTagsManager::ConstructGameplayTagTree: ImportINI -  0.000 s
[2019.07.31-16.01.19:872][  0]LogStats: UGameplayTagsManager::ConstructGameplayTagTree: GameplayTagTreeChangedEvent.Broadcast -  0.000 s
[2019.07.31-16.01.20:122][  0]LogInit: Initializing FReadOnlyCVARCache
[2019.07.31-16.01.20:135][  0]LogAIModule: Creating AISystem for world Untitled
[2019.07.31-16.01.20:143][  0]LogInit: XAudio2 using 'Altavoces (5- Logitech G933 Gaming Wireless Headset)' : 2 channels at 44.1 kHz using 16 bits per sample (channel mask 0x3)
[2019.07.31-16.01.20:152][  0]LogInit: FAudioDevice initialized.
[2019.07.31-16.01.20:153][  0]LogNetVersion: Set ProjectVersion to 1.0.0.0. Version Checksum will be recalculated on next use.
[2019.07.31-16.01.20:330][  0]LogDerivedDataCache: Saved boot cache 0.18s 71MB C:/Users/Joan Abad/AppData/Local/UnrealEngine/4.20/DerivedDataCache/Boot.ddc.
[2019.07.31-16.01.20:336][  0]LogInit: Texture streaming: Enabled
[2019.07.31-16.01.20:361][  0]LogEngineSessionManager: EngineSessionManager initialized
[2019.07.31-16.01.20:371][  0]LogInit: Transaction tracking system initialized
[2019.07.31-16.01.20:406][  0]BlueprintLog: New page: Editor Load
[2019.07.31-16.01.20:595][  0]LocalizationService: Localization service is disabled
[2019.07.31-16.01.21:001][  0]LogLinker: Warning: Can't find file '/Game/ThirdPersonBP/ThirdPersonOverview'
[2019.07.31-16.01.21:001][  0]LogLinker: Warning: Can't find file '/Game/ThirdPersonBP/ThirdPersonOverview'
[2019.07.31-16.01.21:002][  0]LogUObjectGlobals: Warning: Failed to find object 'Class /Game/ThirdPersonBP/ThirdPersonOverview.ThirdPersonOverview_C'
[2019.07.31-16.01.21:578][  0]LogCook: Display: Max memory allowance for cook 16384mb min free memory 0mb
[2019.07.31-16.01.21:578][  0]LogCook: Display: Mobile HDR setting 1
[2019.07.31-16.01.21:578][  0]LogGameplayTags: Display: UGameplayTagsManager::DoneAddingNativeTags. DelegateIsBound: 0
[2019.07.31-16.01.21:578][  0]LogStats: UGameplayTagsManager::ConstructGameplayTagTree: ImportINI prefixes -  0.000 s
[2019.07.31-16.01.21:578][  0]LogStats: UGameplayTagsManager::ConstructGameplayTagTree: Construct from data asset -  0.000 s
[2019.07.31-16.01.21:579][  0]LogStats: UGameplayTagsManager::ConstructGameplayTagTree: ImportINI -  0.000 s
[2019.07.31-16.01.21:579][  0]LogStats: UGameplayTagsManager::ConstructGameplayTagTree: GameplayTagTreeChangedEvent.Broadcast -  0.000 s
[2019.07.31-16.01.22:514][  0]LogFileCache: Scanning file cache for directory 'C:/Users/Joan Abad/Documents/Github/New/ShooterOnlineOW_Style/Shooter_OW_Style/Content/' took 0.02s
[2019.07.31-16.01.23:206][  0]SourceControl: Source control is disabled
[2019.07.31-16.01.23:207][  0]Cmd: MAP LOAD FILE="../../../../../../Users/Joan Abad/Documents/Github/New/ShooterOnlineOW_Style/Shooter_OW_Style/Content/Levels/FirstMap.umap" TEMPLATE=0 SHOWPROGRESS=1 FEATURELEVEL=3
[2019.07.31-16.01.23:207][  0]LightingResults: New page: Lighting Build
[2019.07.31-16.01.23:209][  0]MapCheck: New page: Map Check
[2019.07.31-16.01.23:210][  0]LightingResults: New page: Lighting Build
[2019.07.31-16.01.23:721][  0]LogAIModule: Creating AISystem for world FirstMap
[2019.07.31-16.01.23:733][  0]LogEditorServer: Finished looking for orphan Actors (0.000 secs)
[2019.07.31-16.01.23:757][  0]Cmd: MAP CHECKDEP NOCLEARLOG
[2019.07.31-16.01.23:805][  0]MapCheck: Map check complete: 0 Error(s), 0 Warning(s), took 48.211ms to complete.
[2019.07.31-16.01.23:805][  0]LogFileHelpers: Loading map 'FirstMap' took 0.598
[2019.07.31-16.01.23:901][  0]LogSlate: Updating window title bar state: overlay mode, drag disabled, window buttons hidden, title bar hidden
[2019.07.31-16.01.23:908][  0]LogSlate: Updating window title bar state: overlay mode, drag disabled, window buttons hidden, title bar hidden
[2019.07.31-16.01.23:915][  0]LogSlate: Updating window title bar state: overlay mode, drag disabled, window buttons hidden, title bar hidden
[2019.07.31-16.01.23:923][  0]LogSlate: Updating window title bar state: overlay mode, drag disabled, window buttons hidden, title bar hidden
[2019.07.31-16.01.23:929][  0]LogCollectionManager: Loaded 0 collections in 0.001731 seconds
[2019.07.31-16.01.23:983][  0]LogFileCache: Scanning file cache for directory 'C:/Users/Joan Abad/Documents/Github/New/ShooterOnlineOW_Style/Shooter_OW_Style/Saved/Collections/' took 0.02s
[2019.07.31-16.01.23:983][  0]LogFileCache: Scanning file cache for directory 'C:/Users/Joan Abad/Documents/Github/New/ShooterOnlineOW_Style/Shooter_OW_Style/Content/Developers/JoanAbad/Collections/' took 0.01s
[2019.07.31-16.01.23:983][  0]LogFileCache: Scanning file cache for directory 'C:/Users/Joan Abad/Documents/Github/New/ShooterOnlineOW_Style/Shooter_OW_Style/Content/Collections/' took 0.01s
[2019.07.31-16.01.23:983][  0]LogCollectionManager: Rebuilt the GUID cache for 0 collections in 0.000001 seconds
[2019.07.31-16.01.23:992][  0]LogContentBrowser: Native class hierarchy populated in 0.0085 seconds. Added 2576 classes and 606 folders.
[2019.07.31-16.01.24:000][  0]LogContentBrowser: Native class hierarchy updated for 'WidgetCarousel' in 0.0003 seconds. Added 0 classes and 0 folders.
[2019.07.31-16.01.24:028][  0]LogContentBrowser: Native class hierarchy updated for 'AddContentDialog' in 0.0003 seconds. Added 0 classes and 0 folders.
[2019.07.31-16.01.24:043][  0]LogContentBrowser: Native class hierarchy updated for 'SceneOutliner' in 0.0004 seconds. Added 1 classes and 2 folders.
[2019.07.31-16.01.24:123][  0]LogSlate: Took 0.000216 seconds to synchronously load lazily loaded font '../../../Engine/Content/Slate/Fonts/Roboto-Regular.ttf' (155K)
[2019.07.31-16.01.24:125][  0]LogSlate: Took 0.000159 seconds to synchronously load lazily loaded font '../../../Engine/Content/Slate/Fonts/Roboto-Bold.ttf' (160K)
[2019.07.31-16.01.24:130][  0]LogSlate: Took 0.000321 seconds to synchronously load lazily loaded font '../../../Engine/Content/Editor/Slate/Fonts/FontAwesome.ttf' (139K)
[2019.07.31-16.01.24:211][  0]LogRenderer: Reallocating scene render targets to support 1716x884 Format 10 NumSamples 1 (Frame:1).
[2019.07.31-16.01.24:417][  0]LogContentBrowser: Native class hierarchy updated for 'HierarchicalLODOutliner' in 0.0004 seconds. Added 0 classes and 0 folders.
[2019.07.31-16.01.24:417][  0]LogLoad: (Engine Initialization) Total time: 12.22 seconds
[2019.07.31-16.01.24:417][  0]LogLoad: (Engine Initialization) Total Blueprint compile time: 0.00 seconds
[2019.07.31-16.01.24:447][  0]LogContentStreaming: Texture pool size now 1000 MB
[2019.07.31-16.01.24:556][  1]LogAssetRegistry: Asset discovery search completed in 7.7340 seconds
[2019.07.31-16.01.24:559][  1]LogCollectionManager: Rebuilt the object cache for 0 collections in 0.000001 seconds (found 0 objects)
[2019.07.31-16.01.24:559][  1]LogCollectionManager: Fixed up redirectors for 0 collections in 0.000192 seconds (updated 0 objects)
[2019.07.31-16.01.26:484][196]LogSlate: FSceneViewport::OnFocusLost() reason 0
[2019.07.31-16.01.26:584][208]LogSlate: Window 'Message Log' being destroyed
[2019.07.31-16.01.30:367][650]LogSlate: FSceneViewport::OnFocusLost() reason 0
[2019.07.31-16.01.39:512][710]LogSlate: Took 0.000166 seconds to synchronously load lazily loaded font '../../../Engine/Content/Slate/Fonts/Roboto-Light.ttf' (167K)
[2019.07.31-16.01.39:541][710]LogMetaData: Removing '/Game/Programming/Weapons/BP_GrenadeLauncher.BP_GrenadeLauncher_C' ref from Metadata '/Game/Programming/Weapons/Ammo/BP_GrenadeLauncher.PackageMetaData'
[2019.07.31-16.01.39:541][710]LogMetaData: Removing '/Game/Programming/Weapons/BP_GrenadeLauncher.BP_GrenadeLauncher:UserConstructionScript.K2Node_FunctionEntry_0' ref from Metadata '/Game/Programming/Weapons/Ammo/BP_GrenadeLauncher.PackageMetaData'
[2019.07.31-16.01.39:541][710]LogMetaData: Removing '/Game/Programming/Weapons/BP_GrenadeLauncher.BP_GrenadeLauncher:EventGraph.K2Node_Event_0' ref from Metadata '/Game/Programming/Weapons/Ammo/BP_GrenadeLauncher.PackageMetaData'
[2019.07.31-16.01.39:541][710]LogMetaData: Removing '/Game/Programming/Weapons/BP_GrenadeLauncher.BP_GrenadeLauncher:EventGraph.K2Node_Event_1' ref from Metadata '/Game/Programming/Weapons/Ammo/BP_GrenadeLauncher.PackageMetaData'
[2019.07.31-16.01.39:542][710]LogMetaData: Removing '/Game/Programming/Weapons/BP_GrenadeLauncher.BP_GrenadeLauncher:EventGraph.K2Node_Event_2' ref from Metadata '/Game/Programming/Weapons/Ammo/BP_GrenadeLauncher.PackageMetaData'
[2019.07.31-16.01.39:542][710]LogMetaData: Removing '/Game/Programming/Weapons/BP_GrenadeLauncher.SKEL_BP_GrenadeLauncher_C:ReceiveBeginPlay' ref from Metadata '/Game/Programming/Weapons/Ammo/BP_GrenadeLauncher.PackageMetaData'
[2019.07.31-16.01.39:542][710]LogMetaData: Removing '/Game/Programming/Weapons/BP_GrenadeLauncher.SKEL_BP_GrenadeLauncher_C:ReceiveActorBeginOverlap' ref from Metadata '/Game/Programming/Weapons/Ammo/BP_GrenadeLauncher.PackageMetaData'
[2019.07.31-16.01.39:542][710]LogMetaData: Removing '/Game/Programming/Weapons/BP_GrenadeLauncher.SKEL_BP_GrenadeLauncher_C:ReceiveTick' ref from Metadata '/Game/Programming/Weapons/Ammo/BP_GrenadeLauncher.PackageMetaData'
[2019.07.31-16.01.39:542][710]LogMetaData: Removing '/Game/Programming/Weapons/BP_GrenadeLauncher.SKEL_BP_GrenadeLauncher_C:UserConstructionScript' ref from Metadata '/Game/Programming/Weapons/Ammo/BP_GrenadeLauncher.PackageMetaData'
[2019.07.31-16.01.39:542][710]LogMetaData: Removing '/Game/Programming/Weapons/BP_GrenadeLauncher.SKEL_BP_GrenadeLauncher_C' ref from Metadata '/Game/Programming/Weapons/Ammo/BP_GrenadeLauncher.PackageMetaData'
[2019.07.31-16.01.39:600][710]LogSavePackage: Moving '../../../../../../Users/Joan Abad/Documents/Github/New/ShooterOnlineOW_Style/Shooter_OW_Style/Saved/BP_GrenadeLauncher4D046D03451115E00BDF44B269F61C8B.tmp' to '../../../../../../Users/Joan Abad/Documents/Github/New/ShooterOnlineOW_Style/Shooter_OW_Style/Content/Programming/Weapons/BP_GrenadeLauncher.uasset'
[2019.07.31-16.01.41:464][906]LogAssetEditorManager: Opening Asset editor for Blueprint /Game/Programming/Weapons/BP_GrenadeLauncher.BP_GrenadeLauncher
[2019.07.31-16.01.41:898][906]LogContentBrowser: Native class hierarchy updated for 'BlueprintGraph' in 0.0007 seconds. Added 116 classes and 0 folders.
[2019.07.31-16.01.58:152][910]LogSlate: Window 'BP_GrenadeLauncher' being destroyed
[2019.07.31-16.01.58:159][911]LogRenderer: Reallocating scene render targets to support 2572x1324 Format 10 NumSamples 1 (Frame:1534).
[2019.07.31-16.02.04:619][467]LogSlate: Window 'Pick Parent Class' being destroyed
[2019.07.31-16.02.19:402][198]LogSavePackage: Moving '../../../../../../Users/Joan Abad/Documents/Github/New/ShooterOnlineOW_Style/Shooter_OW_Style/Saved/BP_GrenadeLaunced760FA3E14DCE4BD881706ABE0BEDA98C.tmp' to '../../../../../../Users/Joan Abad/Documents/Github/New/ShooterOnlineOW_Style/Shooter_OW_Style/Content/Programming/Weapons/Ammo/BP_GrenadeLaunced.uasset'
[2019.07.31-16.02.19:406][198]LogMetaData: Removing '/Game/Programming/Weapons/Ammo/BP_GrenadeLaunced.BP_GrenadeLaunced:UserConstructionScript.K2Node_FunctionEntry_0' ref from Metadata '/Game/Programming/Weapons/Ammo/BP_GrenadeLauncer.PackageMetaData'
[2019.07.31-16.02.19:406][198]LogMetaData: Removing '/Game/Programming/Weapons/Ammo/BP_GrenadeLaunced.SKEL_BP_GrenadeLaunced_C' ref from Metadata '/Game/Programming/Weapons/Ammo/BP_GrenadeLauncer.PackageMetaData'
[2019.07.31-16.02.19:406][198]LogMetaData: Removing '/Game/Programming/Weapons/Ammo/BP_GrenadeLaunced.BP_GrenadeLaunced_C' ref from Metadata '/Game/Programming/Weapons/Ammo/BP_GrenadeLauncer.PackageMetaData'
[2019.07.31-16.02.19:406][198]LogMetaData: Removing '/Game/Programming/Weapons/Ammo/BP_GrenadeLaunced.BP_GrenadeLaunced:EventGraph.K2Node_Event_0' ref from Metadata '/Game/Programming/Weapons/Ammo/BP_GrenadeLauncer.PackageMetaData'
[2019.07.31-16.02.19:406][198]LogMetaData: Removing '/Game/Programming/Weapons/Ammo/BP_GrenadeLaunced.BP_GrenadeLaunced:EventGraph.K2Node_Event_1' ref from Metadata '/Game/Programming/Weapons/Ammo/BP_GrenadeLauncer.PackageMetaData'
[2019.07.31-16.02.19:407][198]LogMetaData: Removing '/Game/Programming/Weapons/Ammo/BP_GrenadeLaunced.BP_GrenadeLaunced:EventGraph.K2Node_Event_2' ref from Metadata '/Game/Programming/Weapons/Ammo/BP_GrenadeLauncer.PackageMetaData'
[2019.07.31-16.02.19:451][198]LogSavePackage: Moving '../../../../../../Users/Joan Abad/Documents/Github/New/ShooterOnlineOW_Style/Shooter_OW_Style/Saved/BP_GrenadeLauncedBA4DA7AE412702FE1A8E1B84D3E93B4B.tmp' to '../../../../../../Users/Joan Abad/Documents/Github/New/ShooterOnlineOW_Style/Shooter_OW_Style/Content/Programming/Weapons/Ammo/BP_GrenadeLaunced.uasset'
[2019.07.31-16.02.20:336][274]LogAssetEditorManager: Opening Asset editor for Blueprint /Game/Programming/Weapons/Ammo/BP_GrenadeLaunced.BP_GrenadeLaunced
[2019.07.31-16.02.26:096][849]LogSlate: Took 0.000227 seconds to synchronously load lazily loaded font '../../../Engine/Content/Slate/Fonts/Roboto-Italic.ttf' (157K)
[2019.07.31-16.02.26:596][904]BlueprintLog: New page: Compile BP_GrenadeLaunced
[2019.07.31-16.02.26:785][904]LogSavePackage: Moving '../../../../../../Users/Joan Abad/Documents/Github/New/ShooterOnlineOW_Style/Shooter_OW_Style/Saved/BP_GrenadeLauncedC2967F8649E8B9403227A59B4684B513.tmp' to '../../../../../../Users/Joan Abad/Documents/Github/New/ShooterOnlineOW_Style/Shooter_OW_Style/Content/Programming/Weapons/Ammo/BP_GrenadeLaunced.uasset'
[2019.07.31-16.02.27:252][944]LogSavePackage: Moving '../../../../../../Users/Joan Abad/Documents/Github/New/ShooterOnlineOW_Style/Shooter_OW_Style/Saved/BP_GrenadeLauncedE9D6E49541266F0796929C8D7E5F2039.tmp' to '../../../../../../Users/Joan Abad/Documents/Github/New/ShooterOnlineOW_Style/Shooter_OW_Style/Content/Programming/Weapons/Ammo/BP_GrenadeLaunced.uasset'
[2019.07.31-16.02.32:654][549]LogSlate: Prevented a slow task dialog from being summoned while a context menu was open
[2019.07.31-16.02.35:975][928]BlueprintLog: New page: Compile BP_GrenadeLauncher
[2019.07.31-16.02.36:188][928]LogSavePackage: Moving '../../../../../../Users/Joan Abad/Documents/Github/New/ShooterOnlineOW_Style/Shooter_OW_Style/Saved/BP_GrenadeLauncher57E555164FE52DD3878387905D00E42A.tmp' to '../../../../../../Users/Joan Abad/Documents/Github/New/ShooterOnlineOW_Style/Shooter_OW_Style/Content/Programming/Weapons/BP_GrenadeLauncher.uasset'
[2019.07.31-16.02.36:418][942]LogSavePackage: Moving '../../../../../../Users/Joan Abad/Documents/Github/New/ShooterOnlineOW_Style/Shooter_OW_Style/Saved/BP_GrenadeLauncherCDC8DC9D4C31B62348D50AA1D2B6FCF3.tmp' to '../../../../../../Users/Joan Abad/Documents/Github/New/ShooterOnlineOW_Style/Shooter_OW_Style/Content/Programming/Weapons/BP_GrenadeLauncher.uasset'
[2019.07.31-16.02.37:548][ 66]LogTemp: Repeating last play command: New Editor Window (PIE)
[2019.07.31-16.02.37:580][ 66]LogPlayLevel: PlayLevel: No blueprints needed recompiling
[2019.07.31-16.02.37:595][ 66]PIE: New page: PIE session: FirstMap (Jul 31, 2019, 8:02:37 PM)
[2019.07.31-16.02.37:595][ 66]LogPlayLevel: Creating play world package: /Game/Levels/UEDPIE_0_FirstMap
[2019.07.31-16.02.37:598][ 66]LogPlayLevel: PIE: StaticDuplicateObject took: (0.003439s)
[2019.07.31-16.02.37:599][ 66]LogAIModule: Creating AISystem for world FirstMap
[2019.07.31-16.02.37:600][ 66]LogPlayLevel: PIE: World Init took: (0.001119s)
[2019.07.31-16.02.37:600][ 66]LogPlayLevel: PIE: Created PIE world by copying editor world from /Game/Levels/FirstMap.FirstMap to /Game/Levels/UEDPIE_0_FirstMap.FirstMap (0.004946s)
[2019.07.31-16.02.37:633][ 66]LogInit: XAudio2 using 'Altavoces (5- Logitech G933 Gaming Wireless Headset)' : 2 channels at 44.1 kHz using 16 bits per sample (channel mask 0x3)
[2019.07.31-16.02.37:640][ 66]LogInit: FAudioDevice initialized.
[2019.07.31-16.02.37:649][ 66]LogSlate: Updating window title bar state: overlay mode, drag disabled, window buttons hidden, title bar hidden
[2019.07.31-16.02.37:758][ 66]LogLoad: Game class is 'GameModeBase'
[2019.07.31-16.02.37:761][ 66]LogWorld: Bringing World /Game/Levels/UEDPIE_0_FirstMap.FirstMap up for play (max tick rate 0) at 2019.07.31-18.02.37
[2019.07.31-16.02.37:761][ 66]LogWorld: Bringing up level for play took: 0.002073
[2019.07.31-16.02.37:780][ 66]LogContentBrowser: Native class hierarchy updated for 'MovieSceneCapture' in 0.0004 seconds. Added 10 classes and 0 folders.
[2019.07.31-16.02.37:785][ 66]PIE: Play in editor start time for /Game/Levels/UEDPIE_0_FirstMap 0.597
[2019.07.31-16.02.38:492][124]LogSlate: Updating window title bar state: overlay mode, drag disabled, window buttons hidden, title bar hidden
[2019.07.31-16.02.38:508][124]LogSlate: Window 'Shooter_OW_Style Game Preview Standalone (64-bit/PCD3D_SM5)' being destroyed
[2019.07.31-16.02.38:547][124]LogPlayLevel: Display: Shutting down PIE online subsystems
[2019.07.31-16.02.38:596][125]LogPlayLevel: Display: Destroying online subsystem :Context_9
[2019.07.31-16.02.39:194][190]LogEditorViewport: Clicking on Actor (LMB): Base_Character_C (Base_Character)
[2019.07.31-16.02.40:091][252]LogSlate: FSceneViewport::OnFocusLost() reason 0
[2019.07.31-16.02.40:196][262]LogAssetEditorManager: Opening Asset editor for Blueprint /Game/Programming/Character/Base_Character.Base_Character
[2019.07.31-16.02.40:491][262]LogSlate: Took 0.000187 seconds to synchronously load lazily loaded font '../../../Engine/Content/Slate/Fonts/Roboto-BoldCondensed.ttf' (158K)
[2019.07.31-16.03.05:775][534]BlueprintLog: New page: Compile BP_GrenadeLaunced
[2019.07.31-16.03.06:066][534]LogSavePackage: Moving '../../../../../../Users/Joan Abad/Documents/Github/New/ShooterOnlineOW_Style/Shooter_OW_Style/Saved/BP_GrenadeLaunced093E1D5842DCB1A79BCA979D64B21B18.tmp' to '../../../../../../Users/Joan Abad/Documents/Github/New/ShooterOnlineOW_Style/Shooter_OW_Style/Content/Programming/Weapons/Ammo/BP_GrenadeLaunced.uasset'
[2019.07.31-16.03.07:948][735]BlueprintLog: New page: Compile BP_GrenadeLaunced
[2019.07.31-16.03.08:175][735]LogSavePackage: Moving '../../../../../../Users/Joan Abad/Documents/Github/New/ShooterOnlineOW_Style/Shooter_OW_Style/Saved/BP_GrenadeLaunced91588A8A49F435A120E5F086D284728E.tmp' to '../../../../../../Users/Joan Abad/Documents/Github/New/ShooterOnlineOW_Style/Shooter_OW_Style/Content/Programming/Weapons/Ammo/BP_GrenadeLaunced.uasset'
[2019.07.31-16.03.08:339][742]LogSavePackage: Moving '../../../../../../Users/Joan Abad/Documents/Github/New/ShooterOnlineOW_Style/Shooter_OW_Style/Saved/BP_GrenadeLauncedEA83744E45E1328172A8EEB84B6EF0E8.tmp' to '../../../../../../Users/Joan Abad/Documents/Github/New/ShooterOnlineOW_Style/Shooter_OW_Style/Content/Programming/Weapons/Ammo/BP_GrenadeLaunced.uasset'
[2019.07.31-16.03.13:497][282]BlueprintLog: New page: Compile BP_GrenadeLaunced
[2019.07.31-16.03.13:693][282]LogSavePackage: Moving '../../../../../../Users/Joan Abad/Documents/Github/New/ShooterOnlineOW_Style/Shooter_OW_Style/Saved/BP_GrenadeLaunced4E437E8E477255F860B55AB750708BCE.tmp' to '../../../../../../Users/Joan Abad/Documents/Github/New/ShooterOnlineOW_Style/Shooter_OW_Style/Content/Programming/Weapons/Ammo/BP_GrenadeLaunced.uasset'
[2019.07.31-16.03.13:991][297]LogSavePackage: Moving '../../../../../../Users/Joan Abad/Documents/Github/New/ShooterOnlineOW_Style/Shooter_OW_Style/Saved/BP_GrenadeLaunced7AA31F6149A939DB095046B8478509A1.tmp' to '../../../../../../Users/Joan Abad/Documents/Github/New/ShooterOnlineOW_Style/Shooter_OW_Style/Content/Programming/Weapons/Ammo/BP_GrenadeLaunced.uasset'
[2019.07.31-16.03.48:563][297]LogSavePackage: Moving '../../../../../../Users/Joan Abad/Documents/Github/New/ShooterOnlineOW_Style/Shooter_OW_Style/Saved/BP_GrenadeLaunced0EA405BD4C8177D0DA55E6B38DF2EB0B.tmp' to '../../../../../../Users/Joan Abad/Documents/Github/New/ShooterOnlineOW_Style/Shooter_OW_Style/Content/Programming/Weapons/Ammo/BP_GrenadeLaunced.uasset'
[2019.07.31-16.03.53:503][838]BlueprintLog: New page: Compile BP_GrenadeLaunced
[2019.07.31-16.03.53:696][838]LogSavePackage: Moving '../../../../../../Users/Joan Abad/Documents/Github/New/ShooterOnlineOW_Style/Shooter_OW_Style/Saved/BP_GrenadeLaunced5E3884D64F0FFB17AE7416A5FBFD3D8E.tmp' to '../../../../../../Users/Joan Abad/Documents/Github/New/ShooterOnlineOW_Style/Shooter_OW_Style/Content/Programming/Weapons/Ammo/BP_GrenadeLaunced.uasset'
[2019.07.31-16.03.54:244][885]LogSavePackage: Moving '../../../../../../Users/Joan Abad/Documents/Github/New/ShooterOnlineOW_Style/Shooter_OW_Style/Saved/BP_GrenadeLauncedB6B6CC704C69124A048BCCAE63513AB1.tmp' to '../../../../../../Users/Joan Abad/Documents/Github/New/ShooterOnlineOW_Style/Shooter_OW_Style/Content/Programming/Weapons/Ammo/BP_GrenadeLaunced.uasset'
[2019.07.31-16.04.10:211][262]LogAssetEditorManager: Opening Asset editor for Blueprint /Game/Programming/Weapons/BP_GrenadeLauncher.BP_GrenadeLauncher
[2019.07.31-16.04.14:221][677]LogSlate: Prevented a slow task dialog from being summoned while a context menu was open
[2019.07.31-16.05.18:725][ 15]LogSlate: Took 0.007485 seconds to synchronously load lazily loaded font '../../../Engine/Content/Slate/Fonts/Roboto-BoldCondensedItalic.ttf' (160K)
[2019.07.31-16.05.26:232][705]LogSlate: Window 'Change Variable Type' being destroyed
[2019.07.31-16.05.28:487][933]LogSlate: Window 'Find in Blueprints' being destroyed
[2019.07.31-16.05.28:490][933]LogSlate: Window 'Find in Blueprints' being destroyed
[2019.07.31-16.05.33:859][537]BlueprintLog: New page: Compile Base_Character
[2019.07.31-16.05.33:868][537]LogBlueprint: Error: [Compiler Base_Character] In use pin  Rifle  Ref  no longer exists on node  Get . Please refresh node or break links to remove pin.
[2019.07.31-16.05.33:869][537]LogBlueprint: Error: [Compiler Base_Character] In use pin  <Unnamed>  no longer exists on node  Set Rifle__Ref . Please refresh node or break links to remove pin.
[2019.07.31-16.05.34:245][537]LogBlueprint: Warning: [Compiler Base_Character] [0262.05] Compile of Base_Character failed. 2 Fatal Issue(s) 0 Warning(s) [in 385 ms] (/Game/Programming/Character/Base_Character.Base_Character)
[2019.07.31-16.05.34:999][606]LogSavePackage: Moving '../../../../../../Users/Joan Abad/Documents/Github/New/ShooterOnlineOW_Style/Shooter_OW_Style/Saved/Base_Character7EF19A1049931D5F07418BA5D90A65CF.tmp' to '../../../../../../Users/Joan Abad/Documents/Github/New/ShooterOnlineOW_Style/Shooter_OW_Style/Content/Programming/Character/Base_Character.uasset'
[2019.07.31-16.06.01:811][104]LogSlate: Window 'Change Variable Type' being destroyed
[2019.07.31-16.06.03:595][287]LogSlate: Window 'Find in Blueprints' being destroyed
[2019.07.31-16.06.03:596][287]LogSlate: Window 'Find in Blueprints' being destroyed
[2019.07.31-16.06.04:959][441]BlueprintLog: New page: Compile Base_Character
[2019.07.31-16.06.05:437][441]LogSavePackage: Moving '../../../../../../Users/Joan Abad/Documents/Github/New/ShooterOnlineOW_Style/Shooter_OW_Style/Saved/Base_Character4374A21C431B9F5538E48D9F66D925BD.tmp' to '../../../../../../Users/Joan Abad/Documents/Github/New/ShooterOnlineOW_Style/Shooter_OW_Style/Content/Programming/Character/Base_Character.uasset'
[2019.07.31-16.06.08:901][822]LogTemp: Repeating last play command: New Editor Window (PIE)
[2019.07.31-16.06.08:928][822]LogPlayLevel: PlayLevel: No blueprints needed recompiling
[2019.07.31-16.06.08:928][822]PIE: New page: PIE session: FirstMap (Jul 31, 2019, 8:06:08 PM)
[2019.07.31-16.06.08:928][822]LogPlayLevel: Creating play world package: /Game/Levels/UEDPIE_0_FirstMap
[2019.07.31-16.06.08:931][822]LogPlayLevel: PIE: StaticDuplicateObject took: (0.003099s)
[2019.07.31-16.06.08:932][822]LogAIModule: Creating AISystem for world FirstMap
[2019.07.31-16.06.08:932][822]LogPlayLevel: PIE: World Init took: (0.001096s)
[2019.07.31-16.06.08:933][822]LogPlayLevel: PIE: Created PIE world by copying editor world from /Game/Levels/FirstMap.FirstMap to /Game/Levels/UEDPIE_0_FirstMap.FirstMap (0.004549s)
[2019.07.31-16.06.09:026][822]LogInit: XAudio2 using 'Altavoces (5- Logitech G933 Gaming Wireless Headset)' : 2 channels at 44.1 kHz using 16 bits per sample (channel mask 0x3)
[2019.07.31-16.06.09:032][822]LogInit: FAudioDevice initialized.
[2019.07.31-16.06.09:041][822]LogSlate: Updating window title bar state: overlay mode, drag disabled, window buttons hidden, title bar hidden
[2019.07.31-16.06.09:131][822]LogLoad: Game class is 'GameModeBase'
[2019.07.31-16.06.09:134][822]LogWorld: Bringing World /Game/Levels/UEDPIE_0_FirstMap.FirstMap up for play (max tick rate 0) at 2019.07.31-18.06.09
[2019.07.31-16.06.09:135][822]LogWorld: Bringing up level for play took: 0.002328
[2019.07.31-16.06.09:150][822]LogScript: Warning: Accessed None trying to read property Rifle__Ref
	Base_Character_C /Game/Levels/UEDPIE_0_FirstMap.FirstMap:PersistentLevel.Base_Character_2
	Function /Game/Programming/Character/Base_Character.Base_Character_C:ExecuteUbergraph_Base_Character:01DE
[2019.07.31-16.06.09:150][822]PIE: Error: Blueprint Runtime Error: "Accessed None trying to read property Rifle__Ref". Blueprint:  Base_Character Function:  Execute Ubergraph Base Character Graph:  EventGraph Node:  AttachToComponent
[2019.07.31-16.06.09:152][822]PIE: Play in editor start time for /Game/Levels/UEDPIE_0_FirstMap -0.036
[2019.07.31-16.06.10:995][  3]LogSlate: Updating window title bar state: overlay mode, drag disabled, window buttons hidden, title bar hidden
[2019.07.31-16.06.11:013][  3]LogSlate: Window 'Shooter_OW_Style Game Preview Standalone (64-bit/PCD3D_SM5)' being destroyed
[2019.07.31-16.06.11:054][  3]LogPlayLevel: Display: Shutting down PIE online subsystems
[2019.07.31-16.06.11:149][  4]LogPlayLevel: Display: Destroying online subsystem :Context_13
[2019.07.31-16.06.18:478][783]BlueprintLog: New page: Compile Base_Character
[2019.07.31-16.06.18:736][783]LogSavePackage: Moving '../../../../../../Users/Joan Abad/Documents/Github/New/ShooterOnlineOW_Style/Shooter_OW_Style/Saved/Base_Character5FFDEC9C45A9FA8CF1541787F6A518DF.tmp' to '../../../../../../Users/Joan Abad/Documents/Github/New/ShooterOnlineOW_Style/Shooter_OW_Style/Content/Programming/Character/Base_Character.uasset'
[2019.07.31-16.06.18:985][799]LogSavePackage: Moving '../../../../../../Users/Joan Abad/Documents/Github/New/ShooterOnlineOW_Style/Shooter_OW_Style/Saved/Base_Character138723C54E2651D246D115A81B6CB513.tmp' to '../../../../../../Users/Joan Abad/Documents/Github/New/ShooterOnlineOW_Style/Shooter_OW_Style/Content/Programming/Character/Base_Character.uasset'
[2019.07.31-16.06.19:596][866]LogTemp: Repeating last play command: New Editor Window (PIE)
[2019.07.31-16.06.19:624][866]LogPlayLevel: PlayLevel: No blueprints needed recompiling
[2019.07.31-16.06.19:624][866]PIE: New page: PIE session: FirstMap (Jul 31, 2019, 8:06:19 PM)
[2019.07.31-16.06.19:624][866]LogPlayLevel: Creating play world package: /Game/Levels/UEDPIE_0_FirstMap
[2019.07.31-16.06.19:628][866]LogPlayLevel: PIE: StaticDuplicateObject took: (0.003159s)
[2019.07.31-16.06.19:628][866]LogAIModule: Creating AISystem for world FirstMap
[2019.07.31-16.06.19:629][866]LogPlayLevel: PIE: World Init took: (0.001056s)
[2019.07.31-16.06.19:629][866]LogPlayLevel: PIE: Created PIE world by copying editor world from /Game/Levels/FirstMap.FirstMap to /Game/Levels/UEDPIE_0_FirstMap.FirstMap (0.004557s)
[2019.07.31-16.06.19:669][866]LogInit: XAudio2 using 'Altavoces (5- Logitech G933 Gaming Wireless Headset)' : 2 channels at 44.1 kHz using 16 bits per sample (channel mask 0x3)
[2019.07.31-16.06.19:678][866]LogInit: FAudioDevice initialized.
[2019.07.31-16.06.19:686][866]LogSlate: Updating window title bar state: overlay mode, drag disabled, window buttons hidden, title bar hidden
[2019.07.31-16.06.19:781][866]LogLoad: Game class is 'GameModeBase'
[2019.07.31-16.06.19:783][866]LogWorld: Bringing World /Game/Levels/UEDPIE_0_FirstMap.FirstMap up for play (max tick rate 0) at 2019.07.31-18.06.19
[2019.07.31-16.06.19:784][866]LogWorld: Bringing up level for play took: 0.002070
[2019.07.31-16.06.19:799][866]PIE: Play in editor start time for /Game/Levels/UEDPIE_0_FirstMap 0.612
[2019.07.31-16.06.26:929][604]LogSlate: Updating window title bar state: overlay mode, drag disabled, window buttons hidden, title bar hidden
[2019.07.31-16.06.26:945][604]LogSlate: Window 'Shooter_OW_Style Game Preview Standalone (64-bit/PCD3D_SM5)' being destroyed
[2019.07.31-16.06.26:993][604]LogPlayLevel: Display: Shutting down PIE online subsystems
[2019.07.31-16.06.27:103][605]LogPlayLevel: Display: Destroying online subsystem :Context_14
[2019.07.31-16.06.32:995][236]LogSlate: FSceneViewport::OnFocusLost() reason 0
[2019.07.31-16.06.33:120][250]LogTemp: Repeating last play command: New Editor Window (PIE)
[2019.07.31-16.06.33:142][250]LogPlayLevel: PlayLevel: No blueprints needed recompiling
[2019.07.31-16.06.33:142][250]PIE: New page: PIE session: FirstMap (Jul 31, 2019, 8:06:33 PM)
[2019.07.31-16.06.33:142][250]LogPlayLevel: Creating play world package: /Game/Levels/UEDPIE_0_FirstMap
[2019.07.31-16.06.33:146][250]LogPlayLevel: PIE: StaticDuplicateObject took: (0.003096s)
[2019.07.31-16.06.33:146][250]LogAIModule: Creating AISystem for world FirstMap
[2019.07.31-16.06.33:147][250]LogPlayLevel: PIE: World Init took: (0.000984s)
[2019.07.31-16.06.33:147][250]LogPlayLevel: PIE: Created PIE world by copying editor world from /Game/Levels/FirstMap.FirstMap to /Game/Levels/UEDPIE_0_FirstMap.FirstMap (0.004479s)
[2019.07.31-16.06.33:199][250]LogInit: XAudio2 using 'Altavoces (5- Logitech G933 Gaming Wireless Headset)' : 2 channels at 44.1 kHz using 16 bits per sample (channel mask 0x3)
[2019.07.31-16.06.33:207][250]LogInit: FAudioDevice initialized.
[2019.07.31-16.06.33:221][250]LogSlate: Updating window title bar state: overlay mode, drag disabled, window buttons hidden, title bar hidden
[2019.07.31-16.06.33:321][250]LogLoad: Game class is 'GameModeBase'
[2019.07.31-16.06.33:324][250]LogWorld: Bringing World /Game/Levels/UEDPIE_0_FirstMap.FirstMap up for play (max tick rate 0) at 2019.07.31-18.06.33
[2019.07.31-16.06.33:325][250]LogWorld: Bringing up level for play took: 0.002893
[2019.07.31-16.06.33:346][250]PIE: Play in editor start time for /Game/Levels/UEDPIE_0_FirstMap 0.159
[2019.07.31-16.06.34:722][374]LogRenderer: Reallocating scene render targets to support 2572x1380 Format 10 NumSamples 1 (Frame:126).
[2019.07.31-16.06.41:621][118]LogSlate: Updating window title bar state: overlay mode, drag disabled, window buttons hidden, title bar hidden
[2019.07.31-16.06.41:640][118]LogSlate: Window 'Shooter_OW_Style Game Preview Standalone (64-bit/PCD3D_SM5)' being destroyed
[2019.07.31-16.06.41:687][118]LogPlayLevel: Display: Shutting down PIE online subsystems
[2019.07.31-16.06.41:743][119]LogPlayLevel: Display: Destroying online subsystem :Context_15
[2019.07.31-16.06.55:934][721]LogSlate: Window 'Message Log' being destroyed
[2019.07.31-16.06.55:936][721]LogSlate: Window 'Message Log' being destroyed
[2019.07.31-16.08.18:075][517]LogLinker: Warning: Can't find file '/Game/WeaponEffects/Explosion/M_Burst'
[2019.07.31-16.08.18:075][517]LogLinker: Warning: Can't find file for asset '/Game/WeaponEffects/Explosion/M_Burst' while loading ../../../../../../Users/Joan Abad/Documents/Github/New/ShooterOnlineOW_Style/Shooter_OW_Style/Content/Art/Weapons/WeaponEffects/Explosion/P_Explosion.uasset.
[2019.07.31-16.08.18:075][517]LoadErrors: Error: /Game/Art/Weapons/WeaponEffects/Explosion/P_Explosion : Can't find file for asset. /Game/WeaponEffects/Explosion/M_Burst
[2019.07.31-16.08.18:075][517]LogLinker: Warning: Can't find file '/Game/WeaponEffects/Explosion/M_explosion_subUV'
[2019.07.31-16.08.18:076][517]LogLinker: Warning: Can't find file for asset '/Game/WeaponEffects/Explosion/M_explosion_subUV' while loading ../../../../../../Users/Joan Abad/Documents/Github/New/ShooterOnlineOW_Style/Shooter_OW_Style/Content/Art/Weapons/WeaponEffects/Explosion/P_Explosion.uasset.
[2019.07.31-16.08.18:076][517]LoadErrors: Error: /Game/Art/Weapons/WeaponEffects/Explosion/P_Explosion : Can't find file for asset. /Game/WeaponEffects/Explosion/M_explosion_subUV
[2019.07.31-16.08.18:076][517]LogLinker: Warning: Can't find file '/Game/WeaponEffects/Explosion/m_flare_01'
[2019.07.31-16.08.18:076][517]LogLinker: Warning: Can't find file for asset '/Game/WeaponEffects/Explosion/m_flare_01' while loading ../../../../../../Users/Joan Abad/Documents/Github/New/ShooterOnlineOW_Style/Shooter_OW_Style/Content/Art/Weapons/WeaponEffects/Explosion/P_Explosion.uasset.
[2019.07.31-16.08.18:076][517]LoadErrors: Error: /Game/Art/Weapons/WeaponEffects/Explosion/P_Explosion : Can't find file for asset. /Game/WeaponEffects/Explosion/m_flare_01
[2019.07.31-16.08.18:076][517]LogLinker: Warning: Can't find file '/Game/WeaponEffects/Explosion/M_radial_ramp'
[2019.07.31-16.08.18:077][517]LogLinker: Warning: Can't find file for asset '/Game/WeaponEffects/Explosion/M_radial_ramp' while loading ../../../../../../Users/Joan Abad/Documents/Github/New/ShooterOnlineOW_Style/Shooter_OW_Style/Content/Art/Weapons/WeaponEffects/Explosion/P_Explosion.uasset.
[2019.07.31-16.08.18:077][517]LoadErrors: Error: /Game/Art/Weapons/WeaponEffects/Explosion/P_Explosion : Can't find file for asset. /Game/WeaponEffects/Explosion/M_radial_ramp
[2019.07.31-16.08.18:077][517]LogLinker: Warning: Can't find file '/Game/WeaponEffects/Explosion/M_smoke_subUV'
[2019.07.31-16.08.18:077][517]LogLinker: Warning: Can't find file for asset '/Game/WeaponEffects/Explosion/M_smoke_subUV' while loading ../../../../../../Users/Joan Abad/Documents/Github/New/ShooterOnlineOW_Style/Shooter_OW_Style/Content/Art/Weapons/WeaponEffects/Explosion/P_Explosion.uasset.
[2019.07.31-16.08.18:077][517]LoadErrors: Error: /Game/Art/Weapons/WeaponEffects/Explosion/P_Explosion : Can't find file for asset. /Game/WeaponEffects/Explosion/M_smoke_subUV
[2019.07.31-16.08.18:077][517]LogLinker: Warning: Can't find file '/Game/WeaponEffects/Explosion/M_Burst'
[2019.07.31-16.08.18:077][517]LogLinker: Warning: Can't find file for asset '/Game/WeaponEffects/Explosion/M_Burst' while loading ../../../../../../Users/Joan Abad/Documents/Github/New/ShooterOnlineOW_Style/Shooter_OW_Style/Content/Art/Weapons/WeaponEffects/Explosion/P_Explosion.uasset.
[2019.07.31-16.08.18:078][517]LogLinker: Warning: Can't find file '/Game/WeaponEffects/Explosion/M_explosion_subUV'
[2019.07.31-16.08.18:078][517]LogLinker: Warning: Can't find file for asset '/Game/WeaponEffects/Explosion/M_explosion_subUV' while loading ../../../../../../Users/Joan Abad/Documents/Github/New/ShooterOnlineOW_Style/Shooter_OW_Style/Content/Art/Weapons/WeaponEffects/Explosion/P_Explosion.uasset.
[2019.07.31-16.08.18:078][517]LogLinker: Warning: Can't find file '/Game/WeaponEffects/Explosion/m_flare_01'
[2019.07.31-16.08.18:078][517]LogLinker: Warning: Can't find file for asset '/Game/WeaponEffects/Explosion/m_flare_01' while loading ../../../../../../Users/Joan Abad/Documents/Github/New/ShooterOnlineOW_Style/Shooter_OW_Style/Content/Art/Weapons/WeaponEffects/Explosion/P_Explosion.uasset.
[2019.07.31-16.08.18:078][517]LogLinker: Warning: Can't find file '/Game/WeaponEffects/Explosion/M_radial_ramp'
[2019.07.31-16.08.18:079][517]LogLinker: Warning: Can't find file for asset '/Game/WeaponEffects/Explosion/M_radial_ramp' while loading ../../../../../../Users/Joan Abad/Documents/Github/New/ShooterOnlineOW_Style/Shooter_OW_Style/Content/Art/Weapons/WeaponEffects/Explosion/P_Explosion.uasset.
[2019.07.31-16.08.18:079][517]LogLinker: Warning: Can't find file '/Game/WeaponEffects/Explosion/M_smoke_subUV'
[2019.07.31-16.08.18:079][517]LogLinker: Warning: Can't find file for asset '/Game/WeaponEffects/Explosion/M_smoke_subUV' while loading ../../../../../../Users/Joan Abad/Documents/Github/New/ShooterOnlineOW_Style/Shooter_OW_Style/Content/Art/Weapons/WeaponEffects/Explosion/P_Explosion.uasset.
[2019.07.31-16.08.18:095][517]LogLinker: Warning: Can't find file '/Game/WeaponEffects/Explosion/M_smoke_subUV'
[2019.07.31-16.08.18:095][517]LoadErrors: Failed to load /Game/WeaponEffects/Explosion/M_smoke_subUV.M_smoke_subUV Referenced by ParticleModuleRequired_0
[2019.07.31-16.08.18:096][517]LogLinker: Warning: Can't find file for asset '/Game/WeaponEffects/Explosion/M_smoke_subUV' while loading NULL.
[2019.07.31-16.08.18:096][517]LogLinker: Warning: Can't find file '/Game/WeaponEffects/Explosion/M_explosion_subUV'
[2019.07.31-16.08.18:096][517]LoadErrors: Failed to load /Game/WeaponEffects/Explosion/M_explosion_subUV.M_explosion_subUV Referenced by ParticleModuleRequired_2
[2019.07.31-16.08.18:096][517]LogLinker: Warning: Can't find file for asset '/Game/WeaponEffects/Explosion/M_explosion_subUV' while loading NULL.
[2019.07.31-16.08.18:096][517]LogLinker: Warning: Can't find file '/Game/WeaponEffects/Explosion/M_radial_ramp'
[2019.07.31-16.08.18:097][517]LoadErrors: Failed to load /Game/WeaponEffects/Explosion/M_radial_ramp.M_radial_ramp Referenced by ParticleModuleRequired_3
[2019.07.31-16.08.18:097][517]LogLinker: Warning: Can't find file for asset '/Game/WeaponEffects/Explosion/M_radial_ramp' while loading NULL.
[2019.07.31-16.08.18:097][517]LogLinker: Warning: Can't find file '/Game/WeaponEffects/Explosion/m_flare_01'
[2019.07.31-16.08.18:097][517]LoadErrors: Failed to load /Game/WeaponEffects/Explosion/m_flare_01.m_flare_01 Referenced by ParticleModuleRequired_4
[2019.07.31-16.08.18:097][517]LogLinker: Warning: Can't find file for asset '/Game/WeaponEffects/Explosion/m_flare_01' while loading NULL.
[2019.07.31-16.08.18:097][517]LogLinker: Warning: Can't find file '/Game/WeaponEffects/Explosion/M_Burst'
[2019.07.31-16.08.18:098][517]LoadErrors: Failed to load /Game/WeaponEffects/Explosion/M_Burst.M_Burst Referenced by ParticleModuleRequired_8
[2019.07.31-16.08.18:098][517]LogLinker: Warning: Can't find file for asset '/Game/WeaponEffects/Explosion/M_Burst' while loading NULL.
[2019.07.31-16.10.11:986][819]LogSlate: Window 'Color Picker' being destroyed
[2019.07.31-16.10.12:655][885]LogSavePackage: Moving '../../../../../../Users/Joan Abad/Documents/Github/New/ShooterOnlineOW_Style/Shooter_OW_Style/Saved/BP_GrenadeLauncedDAAB3D704502F3FF2BA5838E19C5626E.tmp' to '../../../../../../Users/Joan Abad/Documents/Github/New/ShooterOnlineOW_Style/Shooter_OW_Style/Content/Programming/Weapons/Ammo/BP_GrenadeLaunced.uasset'
[2019.07.31-16.10.13:486][973]BlueprintLog: New page: Compile BP_GrenadeLaunced
[2019.07.31-16.10.14:856][ 82]LogSavePackage: Moving '../../../../../../Users/Joan Abad/Documents/Github/New/ShooterOnlineOW_Style/Shooter_OW_Style/Saved/FirstMap7164389D4DEC26A3035EDB81932FBDD8.tmp' to '../../../../../../Users/Joan Abad/Documents/Github/New/ShooterOnlineOW_Style/Shooter_OW_Style/Content/Levels/FirstMap.umap'
[2019.07.31-16.10.14:887][ 82]LogFileHelpers: Saving map 'FirstMap' took 0.192
[2019.07.31-16.10.16:495][252]LogTemp: Repeating last play command: New Editor Window (PIE)
[2019.07.31-16.10.16:519][252]LogPlayLevel: PlayLevel: No blueprints needed recompiling
[2019.07.31-16.10.16:519][252]PIE: New page: PIE session: FirstMap (Jul 31, 2019, 8:10:16 PM)
[2019.07.31-16.10.16:519][252]LogPlayLevel: Creating play world package: /Game/Levels/UEDPIE_0_FirstMap
[2019.07.31-16.10.16:522][252]LogPlayLevel: PIE: StaticDuplicateObject took: (0.002661s)
[2019.07.31-16.10.16:523][252]LogAIModule: Creating AISystem for world FirstMap
[2019.07.31-16.10.16:523][252]LogPlayLevel: PIE: World Init took: (0.001103s)
[2019.07.31-16.10.16:523][252]LogPlayLevel: PIE: Created PIE world by copying editor world from /Game/Levels/FirstMap.FirstMap to /Game/Levels/UEDPIE_0_FirstMap.FirstMap (0.004100s)
[2019.07.31-16.10.16:563][252]LogInit: XAudio2 using 'Altavoces (5- Logitech G933 Gaming Wireless Headset)' : 2 channels at 44.1 kHz using 16 bits per sample (channel mask 0x3)
[2019.07.31-16.10.16:569][252]LogInit: FAudioDevice initialized.
[2019.07.31-16.10.16:579][252]LogSlate: Updating window title bar state: overlay mode, drag disabled, window buttons hidden, title bar hidden
[2019.07.31-16.10.16:685][252]LogLoad: Game class is 'GameModeBase'
[2019.07.31-16.10.16:688][252]LogWorld: Bringing World /Game/Levels/UEDPIE_0_FirstMap.FirstMap up for play (max tick rate 0) at 2019.07.31-18.10.16
[2019.07.31-16.10.16:688][252]LogWorld: Bringing up level for play took: 0.002353
[2019.07.31-16.10.16:708][252]PIE: Play in editor start time for /Game/Levels/UEDPIE_0_FirstMap -0.479
[2019.07.31-16.10.20:946][687]LogSlate: Updating window title bar state: overlay mode, drag disabled, window buttons hidden, title bar hidden
[2019.07.31-16.10.20:963][687]LogSlate: Window 'Shooter_OW_Style Game Preview Standalone (64-bit/PCD3D_SM5)' being destroyed
[2019.07.31-16.10.21:015][687]LogPlayLevel: Display: Shutting down PIE online subsystems
[2019.07.31-16.10.21:079][688]LogPlayLevel: Display: Destroying online subsystem :Context_16
[2019.07.31-16.10.51:708][763]BlueprintLog: New page: Compile BP_GrenadeLaunced
[2019.07.31-16.10.51:936][763]LogSavePackage: Moving '../../../../../../Users/Joan Abad/Documents/Github/New/ShooterOnlineOW_Style/Shooter_OW_Style/Saved/BP_GrenadeLaunced14BCF737451C35D4197A849FF57353FE.tmp' to '../../../../../../Users/Joan Abad/Documents/Github/New/ShooterOnlineOW_Style/Shooter_OW_Style/Content/Programming/Weapons/Ammo/BP_GrenadeLaunced.uasset'
[2019.07.31-16.10.52:136][776]LogSavePackage: Moving '../../../../../../Users/Joan Abad/Documents/Github/New/ShooterOnlineOW_Style/Shooter_OW_Style/Saved/BP_GrenadeLaunced7584BD3547805D6C2A6AF78A096B8ABF.tmp' to '../../../../../../Users/Joan Abad/Documents/Github/New/ShooterOnlineOW_Style/Shooter_OW_Style/Content/Programming/Weapons/Ammo/BP_GrenadeLaunced.uasset'
[2019.07.31-16.10.52:972][870]LogTemp: Repeating last play command: New Editor Window (PIE)
[2019.07.31-16.10.53:000][870]LogPlayLevel: PlayLevel: No blueprints needed recompiling
[2019.07.31-16.10.53:000][870]PIE: New page: PIE session: FirstMap (Jul 31, 2019, 8:10:53 PM)
[2019.07.31-16.10.53:000][870]LogPlayLevel: Creating play world package: /Game/Levels/UEDPIE_0_FirstMap
[2019.07.31-16.10.53:003][870]LogPlayLevel: PIE: StaticDuplicateObject took: (0.003141s)
[2019.07.31-16.10.53:004][870]LogAIModule: Creating AISystem for world FirstMap
[2019.07.31-16.10.53:004][870]LogPlayLevel: PIE: World Init took: (0.000978s)
[2019.07.31-16.10.53:004][870]LogPlayLevel: PIE: Created PIE world by copying editor world from /Game/Levels/FirstMap.FirstMap to /Game/Levels/UEDPIE_0_FirstMap.FirstMap (0.004493s)
[2019.07.31-16.10.53:042][870]LogInit: XAudio2 using 'Altavoces (5- Logitech G933 Gaming Wireless Headset)' : 2 channels at 44.1 kHz using 16 bits per sample (channel mask 0x3)
[2019.07.31-16.10.53:050][870]LogInit: FAudioDevice initialized.
[2019.07.31-16.10.53:060][870]LogSlate: Updating window title bar state: overlay mode, drag disabled, window buttons hidden, title bar hidden
[2019.07.31-16.10.53:152][870]LogLoad: Game class is 'GameModeBase'
[2019.07.31-16.10.53:155][870]LogWorld: Bringing World /Game/Levels/UEDPIE_0_FirstMap.FirstMap up for play (max tick rate 0) at 2019.07.31-18.10.53
[2019.07.31-16.10.53:155][870]LogWorld: Bringing up level for play took: 0.002069
[2019.07.31-16.10.53:171][870]PIE: Play in editor start time for /Game/Levels/UEDPIE_0_FirstMap -0.016
[2019.07.31-16.11.03:319][950]LogSlate: Updating window title bar state: overlay mode, drag disabled, window buttons hidden, title bar hidden
[2019.07.31-16.11.03:336][950]LogSlate: Window 'Shooter_OW_Style Game Preview Standalone (64-bit/PCD3D_SM5)' being destroyed
[2019.07.31-16.11.03:385][950]LogPlayLevel: Display: Shutting down PIE online subsystems
[2019.07.31-16.11.03:441][951]LogPlayLevel: Display: Destroying online subsystem :Context_17
[2019.07.31-16.11.10:454][779]LogSlate: Prevented a slow task dialog from being summoned while a context menu was open
[2019.07.31-16.11.21:868][113]BlueprintLog: New page: Compile Base_Character
[2019.07.31-16.11.22:592][166]LogSavePackage: Moving '../../../../../../Users/Joan Abad/Documents/Github/New/ShooterOnlineOW_Style/Shooter_OW_Style/Saved/Base_Character684B9F3048F53DCD3E904AA19EF8020E.tmp' to '../../../../../../Users/Joan Abad/Documents/Github/New/ShooterOnlineOW_Style/Shooter_OW_Style/Content/Programming/Character/Base_Character.uasset'
[2019.07.31-16.11.24:320][336]LogSavePackage: Moving '../../../../../../Users/Joan Abad/Documents/Github/New/ShooterOnlineOW_Style/Shooter_OW_Style/Saved/FirstMapEDC098C04785E880FD150F94B6BCA4EE.tmp' to '../../../../../../Users/Joan Abad/Documents/Github/New/ShooterOnlineOW_Style/Shooter_OW_Style/Content/Levels/FirstMap.umap'
[2019.07.31-16.11.24:353][336]LogFileHelpers: Saving map 'FirstMap' took 0.153
[2019.07.31-16.11.45:795][876]LogTemp: Repeating last play command: New Editor Window (PIE)
[2019.07.31-16.11.45:826][876]LogPlayLevel: PlayLevel: No blueprints needed recompiling
[2019.07.31-16.11.45:826][876]PIE: New page: PIE session: FirstMap (Jul 31, 2019, 8:11:45 PM)
[2019.07.31-16.11.45:827][876]LogPlayLevel: Creating play world package: /Game/Levels/UEDPIE_0_FirstMap
[2019.07.31-16.11.45:830][876]LogPlayLevel: PIE: StaticDuplicateObject took: (0.002949s)
[2019.07.31-16.11.45:830][876]LogAIModule: Creating AISystem for world FirstMap
[2019.07.31-16.11.45:831][876]LogPlayLevel: PIE: World Init took: (0.001103s)
[2019.07.31-16.11.45:831][876]LogPlayLevel: PIE: Created PIE world by copying editor world from /Game/Levels/FirstMap.FirstMap to /Game/Levels/UEDPIE_0_FirstMap.FirstMap (0.004399s)
[2019.07.31-16.11.45:866][876]LogInit: XAudio2 using 'Altavoces (5- Logitech G933 Gaming Wireless Headset)' : 2 channels at 44.1 kHz using 16 bits per sample (channel mask 0x3)
[2019.07.31-16.11.45:874][876]LogInit: FAudioDevice initialized.
[2019.07.31-16.11.45:885][876]LogSlate: Updating window title bar state: overlay mode, drag disabled, window buttons hidden, title bar hidden
[2019.07.31-16.11.45:981][876]LogLoad: Game class is 'GameModeBase'
[2019.07.31-16.11.45:984][876]LogWorld: Bringing World /Game/Levels/UEDPIE_0_FirstMap.FirstMap up for play (max tick rate 0) at 2019.07.31-18.11.45
[2019.07.31-16.11.45:984][876]LogWorld: Bringing up level for play took: 0.002403
[2019.07.31-16.11.46:003][876]PIE: Play in editor start time for /Game/Levels/UEDPIE_0_FirstMap 0.815
[2019.07.31-16.11.49:057][181]LogSlate: Updating window title bar state: overlay mode, drag disabled, window buttons hidden, title bar hidden
[2019.07.31-16.11.49:074][181]LogSlate: Window 'Shooter_OW_Style Game Preview Standalone (64-bit/PCD3D_SM5)' being destroyed
[2019.07.31-16.11.49:119][181]LogPlayLevel: Display: Shutting down PIE online subsystems
[2019.07.31-16.11.49:200][182]LogPlayLevel: Display: Destroying online subsystem :Context_18
