Log file open, 07/31/19 18:28:27
LogWindows: Failed to load 'aqProf.dll' (GetLastError=126)
LogWindows: File 'aqProf.dll' does not exist
LogWindows: Failed to load 'VtuneApi.dll' (GetLastError=126)
LogWindows: File 'VtuneApi.dll' does not exist
LogWindows: Failed to load 'VtuneApi32e.dll' (GetLastError=126)
LogWindows: File 'VtuneApi32e.dll' does not exist
LogInit: Display: Running engine for game: Shooter_OW_Style
LogPlatformFile: Not using cached read wrapper
LogTaskGraph: Started task graph with 5 named threads and 14 total threads with 3 sets of task threads.
LogStats: Stats thread started at 0.259229
LogD3D11RHI: Loaded GFSDK_Aftermath_Lib.x64.dll
LogICUInternationalization: Display: ICU TimeZone Detection - Raw Offset: +1:00, Platform Override: ''
LogPluginManager: Mounting plugin Paper2D
LogPluginManager: Mounting plugin AISupport
LogPluginManager: Mounting plugin LightPropagationVolume
LogPluginManager: Mounting plugin CLionSourceCodeAccess
LogPluginManager: Mounting plugin CodeLiteSourceCodeAccess
LogPluginManager: Mounting plugin GitSourceControl
LogPluginManager: Mounting plugin KDevelopSourceCodeAccess
LogPluginManager: Mounting plugin NullSourceCodeAccess
LogPluginManager: Mounting plugin PerforceSourceControl
LogPluginManager: Mounting plugin SubversionSourceControl
LogPluginManager: Mounting plugin UObjectPlugin
LogPluginManager: Mounting plugin VisualStudioCodeSourceCodeAccess
LogPluginManager: Mounting plugin VisualStudioSourceCodeAccess
LogPluginManager: Mounting plugin XCodeSourceCodeAccess
LogPluginManager: Mounting plugin AssetManagerEditor
LogPluginManager: Mounting plugin CryptoKeys
LogPluginManager: Mounting plugin DataValidation
LogPluginManager: Mounting plugin FacialAnimation
LogPluginManager: Mounting plugin GameplayTagsEditor
LogPluginManager: Mounting plugin MacGraphicsSwitching
LogPluginManager: Mounting plugin MeshEditor
LogPluginManager: Mounting plugin MobileLauncherProfileWizard
LogPluginManager: Mounting plugin PluginBrowser
LogPluginManager: Mounting plugin SpeedTreeImporter
LogPluginManager: Mounting plugin DatasmithContent
LogPluginManager: Mounting plugin AlembicImporter
LogPluginManager: Mounting plugin AppleImageUtils
LogPluginManager: Mounting plugin AppleVision
LogPluginManager: Mounting plugin BackChannel
LogPluginManager: Mounting plugin CharacterAI
LogPluginManager: Mounting plugin GeometryCache
LogPluginManager: Mounting plugin HTML5Networking
LogPluginManager: Mounting plugin ProxyLODPlugin
LogPluginManager: Mounting plugin MagicLeap
LogPluginManager: Mounting plugin MagicLeapEmulator
LogPluginManager: Mounting plugin MagicLeapMedia
LogPluginManager: Mounting plugin AndroidMedia
LogPluginManager: Mounting plugin AvfMedia
LogPluginManager: Mounting plugin ImgMedia
LogPluginManager: Mounting plugin LinearTimecode
LogPluginManager: Mounting plugin MediaCompositing
LogPluginManager: Mounting plugin MediaPlayerEditor
LogPluginManager: Mounting plugin WmfMedia
LogPluginManager: Mounting plugin TcpMessaging
LogPluginManager: Mounting plugin UdpMessaging
LogPluginManager: Mounting plugin ActorSequence
LogPluginManager: Mounting plugin LevelSequenceEditor
LogPluginManager: Mounting plugin MatineeToLevelSequence
LogPluginManager: Mounting plugin NetcodeUnitTest
LogPluginManager: Mounting plugin NUTUnrealEngine4
LogPluginManager: Mounting plugin OnlineSubsystemGooglePlay
LogPluginManager: Mounting plugin OnlineSubsystemIOS
LogPluginManager: Mounting plugin OnlineSubsystem
LogPluginManager: Mounting plugin OnlineSubsystemNull
LogPluginManager: Mounting plugin OnlineSubsystemUtils
LogPluginManager: Mounting plugin LauncherChunkInstaller
LogPluginManager: Mounting plugin AndroidDeviceProfileSelector
LogPluginManager: Mounting plugin AndroidMoviePlayer
LogPluginManager: Mounting plugin AndroidPermission
LogPluginManager: Mounting plugin AppleMoviePlayer
LogPluginManager: Mounting plugin ArchVisCharacter
LogPluginManager: Mounting plugin AudioCapture
LogPluginManager: Mounting plugin CableComponent
LogPluginManager: Mounting plugin CustomMeshComponent
LogPluginManager: Mounting plugin EditableMesh
LogPluginManager: Mounting plugin ExampleDeviceProfileSelector
LogPluginManager: Mounting plugin GoogleCloudMessaging
LogPluginManager: Mounting plugin ImmediatePhysics
LogPluginManager: Mounting plugin IOSDeviceProfileSelector
LogPluginManager: Mounting plugin LinuxDeviceProfileSelector
LogPluginManager: Mounting plugin LocationServicesBPLibrary
LogPluginManager: Mounting plugin MobilePatchingUtils
LogPluginManager: Mounting plugin OculusVR
LogPluginManager: Plugin shader directory ../../../Engine/Plugins/Runtime/Oculus/OculusVR/Shaders found
LogPluginManager: Mapping shader source directory ../../../Engine/Plugins/Runtime/Oculus/OculusVR/Shaders to virtual directory /Plugin/OculusVR
LogPluginManager: Mounting plugin PhysXVehicles
LogPluginManager: Mounting plugin ProceduralMeshComponent
LogPluginManager: Mounting plugin RuntimePhysXCooking
LogPluginManager: Mounting plugin SteamVR
LogPluginManager: Mounting plugin WindowsMoviePlayer
LogStreaming: Display: Took  0.150s to configure plugins.
LogInit: Using libcurl 7.55.1-DEV
LogInit:  - built for x86_64-pc-win32
LogInit:  - supports SSL with OpenSSL/1.0.2h
LogInit:  - supports HTTP deflate (compression) using libz 1.2.8
LogInit:  - other features:
LogInit:      CURL_VERSION_SSL
LogInit:      CURL_VERSION_LIBZ
LogInit:      CURL_VERSION_IPV6
LogInit:      CURL_VERSION_ASYNCHDNS
LogInit:      CURL_VERSION_LARGEFILE
LogInit:      CURL_VERSION_IDN
LogInit:  CurlRequestOptions (configurable via config and command line):
LogInit:  - bVerifyPeer = false  - Libcurl will NOT verify peer certificate
LogInit:  - bUseHttpProxy = false  - Libcurl will NOT use HTTP proxy
LogInit:  - bDontReuseConnections = false  - Libcurl will reuse connections
LogInit:  - CertBundlePath = nullptr  - Libcurl will use whatever was configured at build time.
LogInit:  - MaxHostConnections = 16  - Libcurl will limit the number of connections to a host
LogInit:  - LocalHostAddr = Default
LogInit:  - BufferSize = 65536
LogInit: WinSock: version 1.1 (2.2), MaxSocks=32767, MaxUdp=65467
LogInit: Build: ++UE4+Release-4.20-CL-4369336
LogInit: Engine Version: 4.20.3-4369336+++UE4+Release-4.20
LogInit: Compatible Engine Version: 4.20.0-4212847+++UE4+Release-4.20
LogInit: Net CL: 4212847
LogInit: OS: Windows 8.1 (), CPU: Intel(R) Core(TM) i5-6600K CPU @ 3.50GHz, GPU: NVIDIA GeForce GTX 1070
LogInit: Compiled (64-bit): Sep 17 2018 12:26:19
LogInit: Compiled with Visual C++: 19.13.26129.00
LogInit: Build Configuration: Development
LogInit: Branch Name: ++UE4+Release-4.20
LogInit: Command Line:  -skipcompile
LogInit: Base Directory: C:/Program Files/Epic Games/UE_4.20/Engine/Binaries/Win64/
LogInit: Installed Engine Build: 1
LogDevObjectVersion: Number of dev versions registered: 20
LogDevObjectVersion:   Dev-Blueprints (B0D832E4-1F89-4F0D-ACCF-7EB736FD4AA2): 10
LogDevObjectVersion:   Dev-Build (E1C64328-A22C-4D53-A36C-8E866417BD8C): 0
LogDevObjectVersion:   Dev-Core (375EC13C-06E4-48FB-B500-84F0262A717E): 2
LogDevObjectVersion:   Dev-Editor (E4B068ED-F494-42E9-A231-DA0B2E46BB41): 24
LogDevObjectVersion:   Dev-Framework (CFFC743F-43B0-4480-9391-14DF171D2073): 34
LogDevObjectVersion:   Dev-Mobile (B02B49B5-BB20-44E9-A304-32B752E40360): 2
LogDevObjectVersion:   Dev-Networking (A4E4105C-59A1-49B5-A7C5-40C4547EDFEE): 0
LogDevObjectVersion:   Dev-Online (39C831C9-5AE6-47DC-9A44-9C173E1C8E7C): 0
LogDevObjectVersion:   Dev-Physics (78F01B33-EBEA-4F98-B9B4-84EACCB95AA2): 0
LogDevObjectVersion:   Dev-Platform (6631380F-2D4D-43E0-8009-CF276956A95A): 0
LogDevObjectVersion:   Dev-Rendering (12F88B9F-8875-4AFC-A67C-D90C383ABD29): 26
LogDevObjectVersion:   Dev-Sequencer (7B5AE74C-D270-4C10-A958-57980B212A5A): 9
LogDevObjectVersion:   Dev-VR (D7296918-1DD6-4BDD-9DE2-64A83CC13884): 2
LogDevObjectVersion:   Dev-LoadTimes (C2A15278-BFE7-4AFE-6C17-90FF531DF755): 1
LogDevObjectVersion:   Private-Geometry (6EACA3D4-40EC-4CC1-B786-8BED09428FC5): 3
LogDevObjectVersion:   Dev-AnimPhys (29E575DD-E0A3-4627-9D10-D276232CDCEA): 17
LogDevObjectVersion:   Dev-ReflectionCapture (6B266CEC-1EC7-4B8F-A30B-E4D90942FC07): 1
LogDevObjectVersion:   Dev-Automation (0DF73D61-A23F-47EA-B727-89E90C41499A): 1
LogDevObjectVersion:   FortniteMain (601D1886-AC64-4F84-AA16-D3DE0DEAC7D6): 12
LogDevObjectVersion:   Dev-Enterprise (9DFFBCD6-494F-0158-E221-12823C92A888): 1
LogStreaming: Display: Took  0.004s to delete old logs.
LogInit: Presizing for max 8388607 objects, including 0 objects not considered by GC, pre-allocating 0 bytes for permanent pool.
LogInit: Object subsystem initialized
[2019.07.31-16.28.27:953][  0]LogInit: Selected Device Profile: [Windows]
[2019.07.31-16.28.27:953][  0]LogInit: Applying CVar settings loaded from the selected device profile: [Windows]
[2019.07.31-16.28.27:963][  0]LogHAL: Display: Platform has ~ 16 GB [17137950720 / 17179869184 / 16], which maps to Larger [LargestMinGB=32, LargerMinGB=12, DefaultMinGB=8, SmallerMinGB=6, SmallestMinGB=0)
[2019.07.31-16.28.27:963][  0]LogInit: Setting Device Profile CVar: [[r.Vulkan.UseRealUBs:1]]
[2019.07.31-16.28.27:963][  0]LogInit: Going up to parent DeviceProfile []
[2019.07.31-16.28.27:964][  0]LogInit: Computer: JOANPC
[2019.07.31-16.28.27:964][  0]LogInit: User: JoanAbad
[2019.07.31-16.28.27:964][  0]LogInit: CPU Page size=4096, Cores=4
[2019.07.31-16.28.27:964][  0]LogInit: High frequency timer resolution =3.421874 MHz
[2019.07.31-16.28.27:965][  0]LogMemory: Memory total: Physical=16.0GB (16GB approx)
[2019.07.31-16.28.27:965][  0]LogMemory: Platform Memory Stats for Windows
[2019.07.31-16.28.27:965][  0]LogMemory: Process Physical Memory: 99.96 MB used, 99.96 MB peak
[2019.07.31-16.28.27:965][  0]LogMemory: Process Virtual Memory: 92.20 MB used, 92.20 MB peak
[2019.07.31-16.28.27:965][  0]LogMemory: Physical Memory: 10306.91 MB used,  6037.11 MB free, 16344.02 MB total
[2019.07.31-16.28.27:965][  0]LogMemory: Virtual Memory: 482.45 MB used,  6037.11 MB free, 134217728.00 MB total
[2019.07.31-16.28.28:068][  0]LogInit: Overriding language with editor language configuration option (en).
[2019.07.31-16.28.28:068][  0]LogInit: Overriding locale with editor locale configuration option (en).
[2019.07.31-16.28.28:449][  0]LogStreaming: Display: Took  0.382s to InitEngineTextLocalization.
[2019.07.31-16.28.28:450][  0]LogInit: Setting process to per monitor DPI aware
[2019.07.31-16.28.28:479][  0]LogSlate: New Slate User Created.  User Index 0, Is Virtual User: 0
[2019.07.31-16.28.28:479][  0]LogSlate: Slate User Registered.  User Index 0, Is Virtual User: 0
[2019.07.31-16.28.28:623][  0]LogHMD: Failed to initialize OpenVR with code 110
[2019.07.31-16.28.28:623][  0]LogD3D11RHI: D3D11 adapters:
[2019.07.31-16.28.28:735][  0]LogD3D11RHI:    0. 'NVIDIA GeForce GTX 1070' (Feature Level 11_0)
[2019.07.31-16.28.28:735][  0]LogD3D11RHI:       8046/0/8172 MB DedicatedVideo/DedicatedSystem/SharedSystem, Outputs:2, VendorId:0x10de
[2019.07.31-16.28.28:740][  0]LogD3D11RHI:    1. 'Microsoft Basic Render Driver' (Feature Level 11_0)
[2019.07.31-16.28.28:740][  0]LogD3D11RHI:       0/0/256 MB DedicatedVideo/DedicatedSystem/SharedSystem, Outputs:0, VendorId:0x1414
[2019.07.31-16.28.28:740][  0]LogD3D11RHI: Chosen D3D11 Adapter: 0
[2019.07.31-16.28.28:746][  0]LogD3D11RHI: Creating new Direct3DDevice
[2019.07.31-16.28.28:746][  0]LogD3D11RHI:     GPU DeviceId: 0x1b81 (for the marketing name, search the web for "GPU Device Id")
[2019.07.31-16.28.28:746][  0]LogWindows: EnumDisplayDevices:
[2019.07.31-16.28.28:746][  0]LogWindows:    0. 'NVIDIA GeForce GTX 1070' (P:1 D:1)
[2019.07.31-16.28.28:746][  0]LogWindows:    1. 'NVIDIA GeForce GTX 1070' (P:0 D:1)
[2019.07.31-16.28.28:747][  0]LogWindows:    2. 'NVIDIA GeForce GTX 1070' (P:0 D:0)
[2019.07.31-16.28.28:747][  0]LogWindows:    3. 'NVIDIA GeForce GTX 1070' (P:0 D:0)
[2019.07.31-16.28.28:747][  0]LogWindows: DebugString: FoundDriverCount:4 
[2019.07.31-16.28.28:747][  0]LogD3D11RHI:     Adapter Name: NVIDIA GeForce GTX 1070
[2019.07.31-16.28.28:747][  0]LogD3D11RHI:   Driver Version: 431.60 (internal:26.21.14.3160, unified:431.60)
[2019.07.31-16.28.28:747][  0]LogD3D11RHI:      Driver Date: 7-17-2019
[2019.07.31-16.28.28:747][  0]LogRHI: Texture pool is 5632 MB (70% of 8046 MB)
[2019.07.31-16.28.28:777][  0]LogD3D11RHI: Async texture creation enabled
[2019.07.31-16.28.28:798][  0]LogD3D11RHI: GPU Timing Frequency: 1000.000000 (Debug: 2 2)
[2019.07.31-16.28.28:844][  0]LogShaderCompilers: Guid format shader working directory is -44 characters bigger than the processId version (../../../../../../Users/Joan Abad/Documents/Github/New/ShooterOnlineOW_Style/Shooter_OW_Style/Intermediate/Shaders/WorkingDirectory/10448/).
[2019.07.31-16.28.28:844][  0]LogShaderCompilers: Cleaned the shader compiler working directory 'C:/Users/Joan Abad/AppData/Local/Temp/UnrealShaderWorkingDir/AD64BC6F4F88C3126A46889C31C173F9/'.
[2019.07.31-16.28.29:057][  0]LogTemp: Display: Loaded TP AllDesktopTargetPlatform
[2019.07.31-16.28.29:071][  0]LogTemp: Display: Loaded TP MacClientTargetPlatform
[2019.07.31-16.28.29:085][  0]LogTemp: Display: Loaded TP MacNoEditorTargetPlatform
[2019.07.31-16.28.29:100][  0]LogTemp: Display: Loaded TP MacServerTargetPlatform
[2019.07.31-16.28.29:115][  0]LogTemp: Display: Loaded TP MacTargetPlatform
[2019.07.31-16.28.29:130][  0]LogTemp: Display: Loaded TP WindowsClientTargetPlatform
[2019.07.31-16.28.29:145][  0]LogTemp: Display: Loaded TP WindowsNoEditorTargetPlatform
[2019.07.31-16.28.29:162][  0]LogTemp: Display: Loaded TP WindowsServerTargetPlatform
[2019.07.31-16.28.29:171][  0]LogTemp: Display: Loaded TP WindowsTargetPlatform
[2019.07.31-16.28.29:253][  0]LogTemp: Display: Loaded TP AndroidTargetPlatform
[2019.07.31-16.28.29:253][  0]LogTemp: Display: Loaded TP AndroidTargetPlatform
[2019.07.31-16.28.29:253][  0]LogTemp: Display: Loaded TP AndroidTargetPlatform
[2019.07.31-16.28.29:253][  0]LogTemp: Display: Loaded TP AndroidTargetPlatform
[2019.07.31-16.28.29:254][  0]LogTemp: Display: Loaded TP AndroidTargetPlatform
[2019.07.31-16.28.29:254][  0]LogTemp: Display: Loaded TP AndroidTargetPlatform
[2019.07.31-16.28.29:254][  0]LogTemp: Display: Loaded TP AndroidTargetPlatform
[2019.07.31-16.28.29:254][  0]LogTemp: Display: Loaded TP AndroidTargetPlatform
[2019.07.31-16.28.29:254][  0]LogTemp: Display: Loaded TP AndroidTargetPlatform
[2019.07.31-16.28.29:254][  0]LogTemp: Display: Loaded TP AndroidTargetPlatform
[2019.07.31-16.28.29:254][  0]LogTemp: Display: Loaded TP AndroidTargetPlatform
[2019.07.31-16.28.29:254][  0]LogTemp: Display: Loaded TP AndroidTargetPlatform
[2019.07.31-16.28.29:254][  0]LogTemp: Display: Loaded TP AndroidTargetPlatform
[2019.07.31-16.28.29:254][  0]LogTemp: Display: Loaded TP AndroidTargetPlatform
[2019.07.31-16.28.29:254][  0]LogTemp: Display: Loaded TP AndroidTargetPlatform
[2019.07.31-16.28.29:254][  0]LogTemp: Display: Loaded TP AndroidTargetPlatform
[2019.07.31-16.28.29:254][  0]LogTemp: Display: Loaded TP AndroidTargetPlatform
[2019.07.31-16.28.29:254][  0]LogTemp: Display: Loaded TP AndroidTargetPlatform
[2019.07.31-16.28.29:307][  0]LogTemp: Display: Loaded TP HTML5TargetPlatform
[2019.07.31-16.28.29:374][  0]LogTemp: Display: Loaded TP IOSTargetPlatform
[2019.07.31-16.28.29:374][  0]LogTemp: Display: Loaded TP IOSTargetPlatform
[2019.07.31-16.28.29:400][  0]LogTemp: Display: Loaded TP TVOSTargetPlatform
[2019.07.31-16.28.29:400][  0]LogTemp: Display: Loaded TP TVOSTargetPlatform
[2019.07.31-16.28.29:414][  0]LogTemp: Display: Loaded TP LinuxClientTargetPlatform
[2019.07.31-16.28.29:428][  0]LogTemp: Display: Loaded TP LinuxNoEditorTargetPlatform
[2019.07.31-16.28.29:441][  0]LogTemp: Display: Loaded TP LinuxServerTargetPlatform
[2019.07.31-16.28.29:454][  0]LogTemp: Display: Loaded TP LinuxTargetPlatform
[2019.07.31-16.28.29:468][  0]LogTemp: Display: Loaded TP LuminTargetPlatform
[2019.07.31-16.28.29:468][  0]LogTargetPlatformManager: Display: Building Assets For Windows
[2019.07.31-16.28.29:555][  0]LogXGEController: Cleaning working directory: C:/Users/Joan Abad/AppData/Local/Temp/UnrealXGEWorkingDir/
[2019.07.31-16.28.29:590][  0]LogShaderCompilers: Display: Using XGE Shader Compiler (Interception Interface).
[2019.07.31-16.28.30:343][  0]LogDerivedDataCache: Display: Max Cache Size: 512 MB
[2019.07.31-16.28.30:425][  0]LogDerivedDataCache: Loaded boot cache 0.08s 71MB C:/Users/Joan Abad/AppData/Local/UnrealEngine/4.20/DerivedDataCache/Boot.ddc.
[2019.07.31-16.28.30:425][  0]LogDerivedDataCache: Display: Loaded Boot cache: C:/Users/Joan Abad/AppData/Local/UnrealEngine/4.20/DerivedDataCache/Boot.ddc
[2019.07.31-16.28.30:425][  0]LogDerivedDataCache: FDerivedDataBackendGraph:  Pak pak cache file ../../../../../../Users/Joan Abad/Documents/Github/New/ShooterOnlineOW_Style/Shooter_OW_Style/DerivedDataCache/DDC.ddp not found, will not use a pak cache.
[2019.07.31-16.28.30:425][  0]LogDerivedDataCache: Unable to find inner node Pak for hierarchical cache Hierarchy.
[2019.07.31-16.28.30:425][  0]LogDerivedDataCache: FDerivedDataBackendGraph:  CompressedPak pak cache file ../../../../../../Users/Joan Abad/Documents/Github/New/ShooterOnlineOW_Style/Shooter_OW_Style/DerivedDataCache/Compressed.ddp not found, will not use a pak cache.
[2019.07.31-16.28.30:425][  0]LogDerivedDataCache: Unable to find inner node CompressedPak for hierarchical cache Hierarchy.
[2019.07.31-16.28.30:440][  0]LogDerivedDataCache: Display: Pak cache opened for reading ../../../Engine/DerivedDataCache/Compressed.ddp.
[2019.07.31-16.28.30:453][  0]LogDerivedDataCache: Using Local data cache path C:/Users/Joan Abad/AppData/Local/UnrealEngine/Common/DerivedDataCache: Writable
[2019.07.31-16.28.30:453][  0]LogDerivedDataCache: Shared data cache path not found in *engine.ini, will not use an Shared cache.
[2019.07.31-16.28.30:453][  0]LogDerivedDataCache: Unable to find inner node Shared for hierarchical cache Hierarchy.
[2019.07.31-16.28.30:473][  0]LogMaterial: Verifying Global Shaders for PCD3D_SM5
[2019.07.31-16.28.30:475][  0]LogSlate: Using FreeType 2.6.0
[2019.07.31-16.28.30:475][  0]LogSlate: SlateFontServices - WITH_FREETYPE: 1, WITH_HARFBUZZ: 1
[2019.07.31-16.28.30:549][  0]LogAssetRegistry: FAssetRegistry took 0.0288 seconds to start up
[2019.07.31-16.28.30:871][  0]LogInit: Selected Device Profile: [Windows]
[2019.07.31-16.28.31:005][  0]LogSimplygon: Simplygon DLL not present - disabling.
[2019.07.31-16.28.31:011][  0]LogMeshReduction: Using SimplygonSwarm for distributed automatic mesh merging
[2019.07.31-16.28.31:011][  0]LogMeshReduction: Using ProxyLODMeshReduction for automatic mesh merging
[2019.07.31-16.28.31:011][  0]LogMeshReduction: Using QuadricMeshReduction for automatic static mesh reduction
[2019.07.31-16.28.31:011][  0]LogMeshReduction: No automatic skeletal mesh reduction module available
[2019.07.31-16.28.31:033][  0]LogNetVersion: Shooter_OW_Style 1.0.0, NetCL: 4212847, EngineNetVer: 5, GameNetVer: 0 (Checksum: 1206910907)
[2019.07.31-16.28.31:703][  0]LogPackageLocalizationCache: Processed 11 localized package path(s) for 1 prioritized culture(s) in 0.080431 seconds
[2019.07.31-16.28.31:712][  0]LogUObjectArray: 38425 objects as part of root set at end of initial load.
[2019.07.31-16.28.31:712][  0]LogUObjectAllocator: 6690864 out of 0 bytes used by permanent object pool.
[2019.07.31-16.28.31:712][  0]LogUObjectArray: CloseDisregardForGC: 0/0 objects in disregard for GC pool
[2019.07.31-16.28.32:643][  0]LogTcpMessaging: Initializing TcpMessaging bridge
[2019.07.31-16.28.32:659][  0]LogUdpMessaging: Initializing bridge on interface 0.0.0.0:0 to multicast group 230.0.0.1:6666.
[2019.07.31-16.28.32:892][  0]SourceControl: Source control is disabled
[2019.07.31-16.28.32:895][  0]SourceControl: Source control is disabled
[2019.07.31-16.28.32:901][  0]SourceControl: Source control is disabled
[2019.07.31-16.28.32:903][  0]SourceControl: Source control is disabled
[2019.07.31-16.28.33:356][  0]LogAndroidPermission: UAndroidPermissionCallbackProxy::GetInstance
[2019.07.31-16.28.33:476][  0]LogOcInput: OculusInput pre-init called
[2019.07.31-16.28.33:551][  0]LogEngine: Initializing Engine...
[2019.07.31-16.28.33:552][  0]LogHMD: Failed to initialize OpenVR with code 110
[2019.07.31-16.28.33:554][  0]LogStats: UGameplayTagsManager::ConstructGameplayTagTree: ImportINI prefixes -  0.000 s
[2019.07.31-16.28.33:554][  0]LogStats: UGameplayTagsManager::ConstructGameplayTagTree: Construct from data asset -  0.000 s
[2019.07.31-16.28.33:554][  0]LogStats: UGameplayTagsManager::ConstructGameplayTagTree: ImportINI -  0.000 s
[2019.07.31-16.28.33:554][  0]LogStats: UGameplayTagsManager::ConstructGameplayTagTree: GameplayTagTreeChangedEvent.Broadcast -  0.000 s
[2019.07.31-16.28.33:777][  0]LogInit: Initializing FReadOnlyCVARCache
[2019.07.31-16.28.33:794][  0]LogAIModule: Creating AISystem for world Untitled
[2019.07.31-16.28.33:835][  0]LogInit: XAudio2 using 'Altavoces (5- Logitech G933 Gaming Wireless Headset)' : 2 channels at 44.1 kHz using 16 bits per sample (channel mask 0x3)
[2019.07.31-16.28.33:874][  0]LogInit: FAudioDevice initialized.
[2019.07.31-16.28.33:875][  0]LogNetVersion: Set ProjectVersion to 1.0.0.0. Version Checksum will be recalculated on next use.
[2019.07.31-16.28.34:007][  0]LogDerivedDataCache: Saved boot cache 0.13s 71MB C:/Users/Joan Abad/AppData/Local/UnrealEngine/4.20/DerivedDataCache/Boot.ddc.
[2019.07.31-16.28.34:011][  0]LogInit: Texture streaming: Enabled
[2019.07.31-16.28.34:042][  0]LogEngineSessionManager: EngineSessionManager initialized
[2019.07.31-16.28.34:042][  0]LogEngineSessionManager: EngineSessionManager sent abnormal shutdown report. Type=Debugger, SessionId={80856CC7-46C9-3DE4-414B-E1A187B97EB1}
[2019.07.31-16.28.34:052][  0]LogInit: Transaction tracking system initialized
[2019.07.31-16.28.34:083][  0]BlueprintLog: New page: Editor Load
[2019.07.31-16.28.34:189][  0]LocalizationService: Localization service is disabled
[2019.07.31-16.28.34:600][  0]LogLinker: Warning: Can't find file '/Game/ThirdPersonBP/ThirdPersonOverview'
[2019.07.31-16.28.34:600][  0]LogLinker: Warning: Can't find file '/Game/ThirdPersonBP/ThirdPersonOverview'
[2019.07.31-16.28.34:600][  0]LogUObjectGlobals: Warning: Failed to find object 'Class /Game/ThirdPersonBP/ThirdPersonOverview.ThirdPersonOverview_C'
[2019.07.31-16.28.34:818][  0]LogCook: Display: Max memory allowance for cook 16384mb min free memory 0mb
[2019.07.31-16.28.34:818][  0]LogCook: Display: Mobile HDR setting 1
[2019.07.31-16.28.34:818][  0]LogGameplayTags: Display: UGameplayTagsManager::DoneAddingNativeTags. DelegateIsBound: 0
[2019.07.31-16.28.34:819][  0]LogStats: UGameplayTagsManager::ConstructGameplayTagTree: ImportINI prefixes -  0.000 s
[2019.07.31-16.28.34:819][  0]LogStats: UGameplayTagsManager::ConstructGameplayTagTree: Construct from data asset -  0.000 s
[2019.07.31-16.28.34:819][  0]LogStats: UGameplayTagsManager::ConstructGameplayTagTree: ImportINI -  0.000 s
[2019.07.31-16.28.34:819][  0]LogStats: UGameplayTagsManager::ConstructGameplayTagTree: GameplayTagTreeChangedEvent.Broadcast -  0.000 s
[2019.07.31-16.28.35:043][  0]LogFileCache: Scanning file cache for directory 'C:/Users/Joan Abad/Documents/Github/New/ShooterOnlineOW_Style/Shooter_OW_Style/Content/' took 0.01s
[2019.07.31-16.28.35:043][  0]SourceControl: Source control is disabled
[2019.07.31-16.28.35:043][  0]Cmd: MAP LOAD FILE="../../../../../../Users/Joan Abad/Documents/Github/New/ShooterOnlineOW_Style/Shooter_OW_Style/Content/Levels/FirstMap.umap" TEMPLATE=0 SHOWPROGRESS=1 FEATURELEVEL=3
[2019.07.31-16.28.35:043][  0]LightingResults: New page: Lighting Build
[2019.07.31-16.28.35:046][  0]MapCheck: New page: Map Check
[2019.07.31-16.28.35:046][  0]LightingResults: New page: Lighting Build
[2019.07.31-16.28.35:140][  0]LogLinker: Warning: Can't find file '/Game/WeaponEffects/Explosion/M_Burst'
[2019.07.31-16.28.35:140][  0]LogLinker: Warning: Can't find file for asset '/Game/WeaponEffects/Explosion/M_Burst' while loading ../../../../../../Users/Joan Abad/Documents/Github/New/ShooterOnlineOW_Style/Shooter_OW_Style/Content/Art/Weapons/WeaponEffects/Explosion/P_Explosion.uasset.
[2019.07.31-16.28.35:140][  0]LoadErrors: Error: /Game/Art/Weapons/WeaponEffects/Explosion/P_Explosion : Can't find file for asset. /Game/WeaponEffects/Explosion/M_Burst
[2019.07.31-16.28.35:141][  0]LogLinker: Warning: Can't find file '/Game/WeaponEffects/Explosion/M_explosion_subUV'
[2019.07.31-16.28.35:141][  0]LogLinker: Warning: Can't find file for asset '/Game/WeaponEffects/Explosion/M_explosion_subUV' while loading ../../../../../../Users/Joan Abad/Documents/Github/New/ShooterOnlineOW_Style/Shooter_OW_Style/Content/Art/Weapons/WeaponEffects/Explosion/P_Explosion.uasset.
[2019.07.31-16.28.35:141][  0]LoadErrors: Error: /Game/Art/Weapons/WeaponEffects/Explosion/P_Explosion : Can't find file for asset. /Game/WeaponEffects/Explosion/M_explosion_subUV
[2019.07.31-16.28.35:141][  0]LogLinker: Warning: Can't find file '/Game/WeaponEffects/Explosion/m_flare_01'
[2019.07.31-16.28.35:141][  0]LogLinker: Warning: Can't find file for asset '/Game/WeaponEffects/Explosion/m_flare_01' while loading ../../../../../../Users/Joan Abad/Documents/Github/New/ShooterOnlineOW_Style/Shooter_OW_Style/Content/Art/Weapons/WeaponEffects/Explosion/P_Explosion.uasset.
[2019.07.31-16.28.35:141][  0]LoadErrors: Error: /Game/Art/Weapons/WeaponEffects/Explosion/P_Explosion : Can't find file for asset. /Game/WeaponEffects/Explosion/m_flare_01
[2019.07.31-16.28.35:141][  0]LogLinker: Warning: Can't find file '/Game/WeaponEffects/Explosion/M_radial_ramp'
[2019.07.31-16.28.35:142][  0]LogLinker: Warning: Can't find file for asset '/Game/WeaponEffects/Explosion/M_radial_ramp' while loading ../../../../../../Users/Joan Abad/Documents/Github/New/ShooterOnlineOW_Style/Shooter_OW_Style/Content/Art/Weapons/WeaponEffects/Explosion/P_Explosion.uasset.
[2019.07.31-16.28.35:142][  0]LoadErrors: Error: /Game/Art/Weapons/WeaponEffects/Explosion/P_Explosion : Can't find file for asset. /Game/WeaponEffects/Explosion/M_radial_ramp
[2019.07.31-16.28.35:142][  0]LogLinker: Warning: Can't find file '/Game/WeaponEffects/Explosion/M_smoke_subUV'
[2019.07.31-16.28.35:142][  0]LogLinker: Warning: Can't find file for asset '/Game/WeaponEffects/Explosion/M_smoke_subUV' while loading ../../../../../../Users/Joan Abad/Documents/Github/New/ShooterOnlineOW_Style/Shooter_OW_Style/Content/Art/Weapons/WeaponEffects/Explosion/P_Explosion.uasset.
[2019.07.31-16.28.35:142][  0]LoadErrors: Error: /Game/Art/Weapons/WeaponEffects/Explosion/P_Explosion : Can't find file for asset. /Game/WeaponEffects/Explosion/M_smoke_subUV
[2019.07.31-16.28.35:142][  0]LogLinker: Warning: Can't find file '/Game/WeaponEffects/Explosion/M_Burst'
[2019.07.31-16.28.35:142][  0]LogLinker: Warning: Can't find file for asset '/Game/WeaponEffects/Explosion/M_Burst' while loading ../../../../../../Users/Joan Abad/Documents/Github/New/ShooterOnlineOW_Style/Shooter_OW_Style/Content/Art/Weapons/WeaponEffects/Explosion/P_Explosion.uasset.
[2019.07.31-16.28.35:143][  0]LoadErrors: Error: /Game/Art/Weapons/WeaponEffects/Explosion/P_Explosion : Can't find file for asset. /Game/WeaponEffects/Explosion/M_Burst
[2019.07.31-16.28.35:143][  0]LogLinker: Warning: Can't find file '/Game/WeaponEffects/Explosion/M_explosion_subUV'
[2019.07.31-16.28.35:143][  0]LogLinker: Warning: Can't find file for asset '/Game/WeaponEffects/Explosion/M_explosion_subUV' while loading ../../../../../../Users/Joan Abad/Documents/Github/New/ShooterOnlineOW_Style/Shooter_OW_Style/Content/Art/Weapons/WeaponEffects/Explosion/P_Explosion.uasset.
[2019.07.31-16.28.35:143][  0]LoadErrors: Error: /Game/Art/Weapons/WeaponEffects/Explosion/P_Explosion : Can't find file for asset. /Game/WeaponEffects/Explosion/M_explosion_subUV
[2019.07.31-16.28.35:143][  0]LogLinker: Warning: Can't find file '/Game/WeaponEffects/Explosion/m_flare_01'
[2019.07.31-16.28.35:143][  0]LogLinker: Warning: Can't find file for asset '/Game/WeaponEffects/Explosion/m_flare_01' while loading ../../../../../../Users/Joan Abad/Documents/Github/New/ShooterOnlineOW_Style/Shooter_OW_Style/Content/Art/Weapons/WeaponEffects/Explosion/P_Explosion.uasset.
[2019.07.31-16.28.35:143][  0]LoadErrors: Error: /Game/Art/Weapons/WeaponEffects/Explosion/P_Explosion : Can't find file for asset. /Game/WeaponEffects/Explosion/m_flare_01
[2019.07.31-16.28.35:144][  0]LogLinker: Warning: Can't find file '/Game/WeaponEffects/Explosion/M_radial_ramp'
[2019.07.31-16.28.35:144][  0]LogLinker: Warning: Can't find file for asset '/Game/WeaponEffects/Explosion/M_radial_ramp' while loading ../../../../../../Users/Joan Abad/Documents/Github/New/ShooterOnlineOW_Style/Shooter_OW_Style/Content/Art/Weapons/WeaponEffects/Explosion/P_Explosion.uasset.
[2019.07.31-16.28.35:144][  0]LoadErrors: Error: /Game/Art/Weapons/WeaponEffects/Explosion/P_Explosion : Can't find file for asset. /Game/WeaponEffects/Explosion/M_radial_ramp
[2019.07.31-16.28.35:144][  0]LogLinker: Warning: Can't find file '/Game/WeaponEffects/Explosion/M_smoke_subUV'
[2019.07.31-16.28.35:144][  0]LogLinker: Warning: Can't find file for asset '/Game/WeaponEffects/Explosion/M_smoke_subUV' while loading ../../../../../../Users/Joan Abad/Documents/Github/New/ShooterOnlineOW_Style/Shooter_OW_Style/Content/Art/Weapons/WeaponEffects/Explosion/P_Explosion.uasset.
[2019.07.31-16.28.35:144][  0]LoadErrors: Error: /Game/Art/Weapons/WeaponEffects/Explosion/P_Explosion : Can't find file for asset. /Game/WeaponEffects/Explosion/M_smoke_subUV
[2019.07.31-16.28.35:349][  0]LogLinker: Warning: Can't find file '/Game/WeaponEffects/Explosion/M_smoke_subUV'
[2019.07.31-16.28.35:350][  0]LoadErrors: Failed to load /Game/WeaponEffects/Explosion/M_smoke_subUV.M_smoke_subUV Referenced by ParticleModuleRequired_0
[2019.07.31-16.28.35:350][  0]LogLinker: Warning: Can't find file for asset '/Game/WeaponEffects/Explosion/M_smoke_subUV' while loading NULL.
[2019.07.31-16.28.35:350][  0]LoadErrors: Failed to load /Game/WeaponEffects/Explosion/M_smoke_subUV.M_smoke_subUV Referenced by ParticleModuleRequired_0
[2019.07.31-16.28.35:350][  0]LogLinker: Warning: Can't find file '/Game/WeaponEffects/Explosion/M_explosion_subUV'
[2019.07.31-16.28.35:351][  0]LoadErrors: Failed to load /Game/WeaponEffects/Explosion/M_explosion_subUV.M_explosion_subUV Referenced by ParticleModuleRequired_2
[2019.07.31-16.28.35:351][  0]LogLinker: Warning: Can't find file for asset '/Game/WeaponEffects/Explosion/M_explosion_subUV' while loading NULL.
[2019.07.31-16.28.35:351][  0]LoadErrors: Failed to load /Game/WeaponEffects/Explosion/M_explosion_subUV.M_explosion_subUV Referenced by ParticleModuleRequired_2
[2019.07.31-16.28.35:351][  0]LogLinker: Warning: Can't find file '/Game/WeaponEffects/Explosion/M_radial_ramp'
[2019.07.31-16.28.35:351][  0]LoadErrors: Failed to load /Game/WeaponEffects/Explosion/M_radial_ramp.M_radial_ramp Referenced by ParticleModuleRequired_3
[2019.07.31-16.28.35:351][  0]LogLinker: Warning: Can't find file for asset '/Game/WeaponEffects/Explosion/M_radial_ramp' while loading NULL.
[2019.07.31-16.28.35:352][  0]LoadErrors: Failed to load /Game/WeaponEffects/Explosion/M_radial_ramp.M_radial_ramp Referenced by ParticleModuleRequired_3
[2019.07.31-16.28.35:352][  0]LogLinker: Warning: Can't find file '/Game/WeaponEffects/Explosion/m_flare_01'
[2019.07.31-16.28.35:352][  0]LoadErrors: Failed to load /Game/WeaponEffects/Explosion/m_flare_01.m_flare_01 Referenced by ParticleModuleRequired_4
[2019.07.31-16.28.35:352][  0]LogLinker: Warning: Can't find file for asset '/Game/WeaponEffects/Explosion/m_flare_01' while loading NULL.
[2019.07.31-16.28.35:352][  0]LoadErrors: Failed to load /Game/WeaponEffects/Explosion/m_flare_01.m_flare_01 Referenced by ParticleModuleRequired_4
[2019.07.31-16.28.35:352][  0]LogLinker: Warning: Can't find file '/Game/WeaponEffects/Explosion/M_Burst'
[2019.07.31-16.28.35:353][  0]LoadErrors: Failed to load /Game/WeaponEffects/Explosion/M_Burst.M_Burst Referenced by ParticleModuleRequired_8
[2019.07.31-16.28.35:353][  0]LogLinker: Warning: Can't find file for asset '/Game/WeaponEffects/Explosion/M_Burst' while loading NULL.
[2019.07.31-16.28.35:353][  0]LoadErrors: Failed to load /Game/WeaponEffects/Explosion/M_Burst.M_Burst Referenced by ParticleModuleRequired_8
[2019.07.31-16.28.35:493][  0]LogAIModule: Creating AISystem for world FirstMap
[2019.07.31-16.28.35:501][  0]LogEditorServer: Finished looking for orphan Actors (0.000 secs)
[2019.07.31-16.28.35:524][  0]Cmd: MAP CHECKDEP NOCLEARLOG
[2019.07.31-16.28.35:577][  0]MapCheck: Map check complete: 0 Error(s), 0 Warning(s), took 52.666ms to complete.
[2019.07.31-16.28.35:577][  0]LogFileHelpers: Loading map 'FirstMap' took 0.534
[2019.07.31-16.28.35:672][  0]LogSlate: Updating window title bar state: overlay mode, drag disabled, window buttons hidden, title bar hidden
[2019.07.31-16.28.35:680][  0]LogSlate: Updating window title bar state: overlay mode, drag disabled, window buttons hidden, title bar hidden
[2019.07.31-16.28.35:688][  0]LogSlate: Updating window title bar state: overlay mode, drag disabled, window buttons hidden, title bar hidden
[2019.07.31-16.28.35:696][  0]LogSlate: Updating window title bar state: overlay mode, drag disabled, window buttons hidden, title bar hidden
[2019.07.31-16.28.35:704][  0]LogCollectionManager: Loaded 0 collections in 0.001962 seconds
[2019.07.31-16.28.35:760][  0]LogFileCache: Scanning file cache for directory 'C:/Users/Joan Abad/Documents/Github/New/ShooterOnlineOW_Style/Shooter_OW_Style/Saved/Collections/' took 0.02s
[2019.07.31-16.28.35:761][  0]LogFileCache: Scanning file cache for directory 'C:/Users/Joan Abad/Documents/Github/New/ShooterOnlineOW_Style/Shooter_OW_Style/Content/Developers/JoanAbad/Collections/' took 0.01s
[2019.07.31-16.28.35:761][  0]LogFileCache: Scanning file cache for directory 'C:/Users/Joan Abad/Documents/Github/New/ShooterOnlineOW_Style/Shooter_OW_Style/Content/Collections/' took 0.01s
[2019.07.31-16.28.35:761][  0]LogCollectionManager: Rebuilt the GUID cache for 0 collections in 0.000001 seconds
[2019.07.31-16.28.35:771][  0]LogContentBrowser: Native class hierarchy populated in 0.0099 seconds. Added 2576 classes and 606 folders.
[2019.07.31-16.28.35:780][  0]LogContentBrowser: Native class hierarchy updated for 'WidgetCarousel' in 0.0003 seconds. Added 0 classes and 0 folders.
[2019.07.31-16.28.35:810][  0]LogContentBrowser: Native class hierarchy updated for 'AddContentDialog' in 0.0003 seconds. Added 0 classes and 0 folders.
[2019.07.31-16.28.35:818][  0]LogContentBrowser: Native class hierarchy updated for 'SceneOutliner' in 0.0005 seconds. Added 1 classes and 2 folders.
[2019.07.31-16.28.35:895][  0]LogSlate: Took 0.000203 seconds to synchronously load lazily loaded font '../../../Engine/Content/Slate/Fonts/Roboto-Regular.ttf' (155K)
[2019.07.31-16.28.35:897][  0]LogSlate: Took 0.000274 seconds to synchronously load lazily loaded font '../../../Engine/Content/Slate/Fonts/Roboto-Bold.ttf' (160K)
[2019.07.31-16.28.35:904][  0]LogSlate: Took 0.000265 seconds to synchronously load lazily loaded font '../../../Engine/Content/Editor/Slate/Fonts/FontAwesome.ttf' (139K)
[2019.07.31-16.28.35:982][  0]LogRenderer: Reallocating scene render targets to support 1716x884 Format 10 NumSamples 1 (Frame:1).
[2019.07.31-16.28.36:173][  0]LogContentBrowser: Native class hierarchy updated for 'HierarchicalLODOutliner' in 0.0004 seconds. Added 0 classes and 0 folders.
[2019.07.31-16.28.36:173][  0]LogLoad: (Engine Initialization) Total time: 9.55 seconds
[2019.07.31-16.28.36:173][  0]LogLoad: (Engine Initialization) Total Blueprint compile time: 0.00 seconds
[2019.07.31-16.28.36:221][  0]LogContentStreaming: Texture pool size now 1000 MB
[2019.07.31-16.28.36:222][  0]LogSlate: FSceneViewport::OnFocusLost() reason 2
[2019.07.31-16.28.36:328][  1]LogAssetRegistry: Asset discovery search completed in 5.8038 seconds
[2019.07.31-16.28.36:330][  1]LogCollectionManager: Rebuilt the object cache for 0 collections in 0.000000 seconds (found 0 objects)
[2019.07.31-16.28.36:330][  1]LogCollectionManager: Fixed up redirectors for 0 collections in 0.000176 seconds (updated 0 objects)
[2019.07.31-16.29.06:331][487]LogSlate: Took 0.000211 seconds to synchronously load lazily loaded font '../../../Engine/Content/Slate/Fonts/Roboto-Light.ttf' (167K)
[2019.07.31-16.29.06:341][487]LogAssetEditorManager: Opening Asset editor for Material /Game/Art/Weapons/WeaponEffects/Explosion/M_radial_ramp.M_radial_ramp
[2019.07.31-16.29.06:410][487]LogMaterial: Display: Missing cached shader map for material M_radial_ramp, compiling. 
[2019.07.31-16.29.06:937][487]LogMaterial: Display: Missing cached shader map for material M_radial_ramp, compiling. 
[2019.07.31-16.29.06:986][487]LogMaterial: Display: Missing cached shader map for material M_radial_ramp, compiling. 
[2019.07.31-16.29.07:078][487]LogSlate: Took 0.000148 seconds to synchronously load lazily loaded font '../../../Engine/Content/Slate/Fonts/Roboto-BoldCondensed.ttf' (158K)
[2019.07.31-16.29.07:507][488]LogSlate: Took 0.000170 seconds to synchronously load lazily loaded font '../../../Engine/Content/Slate/Fonts/Roboto-Italic.ttf' (157K)
[2019.07.31-16.29.12:603][910]LogSlate: Window 'M_radial_ramp' being destroyed
[2019.07.31-16.29.12:614][911]LogRenderer: Reallocating scene render targets to support 2572x1324 Format 10 NumSamples 1 (Frame:3488).
[2019.07.31-16.29.15:002][160]MaterialEditorStats: Base pass shader without light map: 54 instructions
[2019.07.31-16.29.15:003][160]MaterialEditorStats: Base pass vertex shader: 111 instructions
[2019.07.31-16.29.15:003][160]MaterialEditorStats: Texture samplers: 3/16
[2019.07.31-16.29.15:003][160]MaterialEditorStats: User interpolators: 2/4 Scalars (1/4 Vectors) (TexCoords: 2, Custom: 0)
[2019.07.31-16.29.16:417][304]LogAssetEditorManager: Opening Asset editor for Material /Game/Art/Weapons/WeaponEffects/Explosion/m_flare_01.m_flare_01
[2019.07.31-16.29.16:420][304]LogMaterial: Display: Missing cached shader map for material m_flare_01, compiling. 
[2019.07.31-16.29.16:469][304]LogMaterial: Display: Missing cached shader map for material m_flare_01, compiling. 
[2019.07.31-16.29.16:479][304]LogMaterial: Display: Missing cached shader map for material m_flare_01, compiling. 
[2019.07.31-16.29.16:575][304]LogMaterial: Display: Missing cached shader map for material FMatExpressionPreview MaterialExpressionMultiply_60, compiling. 
[2019.07.31-16.29.16:629][304]LogMaterial: Display: Missing cached shader map for material FMatExpressionPreview MaterialExpressionComponentMask_4, compiling. 
[2019.07.31-16.29.16:634][304]LogMaterial: Display: Missing cached shader map for material FMatExpressionPreview MaterialExpressionMultiply_58, compiling. 
[2019.07.31-16.29.16:639][304]LogMaterial: Display: Missing cached shader map for material FMatExpressionPreview MaterialExpressionSubtract_4, compiling. 
[2019.07.31-16.29.16:644][304]LogMaterial: Display: Missing cached shader map for material FMatExpressionPreview MaterialExpressionClamp_2, compiling. 
[2019.07.31-16.29.16:689][304]LogMaterial: Display: Missing cached shader map for material FMatExpressionPreview MaterialExpressionPower_2, compiling. 
[2019.07.31-16.29.16:734][304]LogMaterial: Display: Missing cached shader map for material FMatExpressionPreview MaterialExpressionOneMinus_2, compiling. 
[2019.07.31-16.29.16:739][304]LogMaterial: Display: Missing cached shader map for material FMatExpressionPreview MaterialExpressionAdd_1, compiling. 
[2019.07.31-16.29.16:791][304]LogMaterial: Display: Missing cached shader map for material FMatExpressionPreview MaterialExpressionMultiply_59, compiling. 
[2019.07.31-16.29.16:806][304]LogMaterial: Display: Missing cached shader map for material FMatExpressionPreview MaterialExpressionComponentMask_5, compiling. 
[2019.07.31-16.29.16:818][304]LogMaterial: Display: Missing cached shader map for material FMatExpressionPreview MaterialExpressionSubtract_5, compiling. 
[2019.07.31-16.29.16:824][304]LogMaterial: Display: Missing cached shader map for material FMatExpressionPreview MaterialExpressionDepthFade_1, compiling. 
[2019.07.31-16.29.22:801][731]LogSlate: Window 'Message' being destroyed
[2019.07.31-16.29.23:453][731]LogMaterial: Display: Missing cached shader map for material M_radial_ramp, compiling. 
[2019.07.31-16.29.23:500][731]LogMaterial: Display: Missing cached shader map for material M_radial_ramp, compiling. 
[2019.07.31-16.29.23:629][731]LogMaterial: Display: Missing cached shader map for material M_radial_ramp, compiling. 
[2019.07.31-16.29.23:704][731]LogMaterial: Display: Missing cached shader map for material FDebugViewModeMaterialProxy M_radial_ramp, compiling. 
[2019.07.31-16.29.51:964][731]TextureStreamingBuild: Display: Compiling optional shaders took 28.295 seconds.
[2019.07.31-16.29.52:125][731]MaterialEditorStats: Base pass shader without light map: 52 instructions
[2019.07.31-16.29.52:125][731]MaterialEditorStats: Base pass vertex shader: 111 instructions
[2019.07.31-16.29.52:125][731]MaterialEditorStats: Texture samplers: 3/16
[2019.07.31-16.29.52:125][731]MaterialEditorStats: User interpolators: 2/4 Scalars (1/4 Vectors) (TexCoords: 2, Custom: 0)
[2019.07.31-16.29.56:524][202]LogAssetEditorManager: Opening Asset editor for ParticleSystem /Game/Art/Weapons/WeaponEffects/Explosion/P_Explosion.P_Explosion
[2019.07.31-16.29.56:578][202]LogContentBrowser: Native class hierarchy updated for 'Cascade' in 0.0005 seconds. Added 2 classes and 2 folders.
[2019.07.31-16.30.01:795][726]LogSlate: FSceneViewport::OnFocusLost() reason 2
[2019.07.31-16.30.07:880][375]LogLinker: Warning: Can't find file '/Game/WeaponEffects/Explosion/T_Burst_M'
[2019.07.31-16.30.07:880][375]LogLinker: Warning: Can't find file for asset '/Game/WeaponEffects/Explosion/T_Burst_M' while loading ../../../../../../Users/Joan Abad/Documents/Github/New/ShooterOnlineOW_Style/Shooter_OW_Style/Content/Art/Weapons/WeaponEffects/Explosion/M_Burst.uasset.
[2019.07.31-16.30.07:880][375]LoadErrors: Error: /Game/Art/Weapons/WeaponEffects/Explosion/M_Burst : Can't find file for asset. /Game/WeaponEffects/Explosion/T_Burst_M
[2019.07.31-16.30.07:880][375]LogLinker: Warning: Can't find file '/Game/WeaponEffects/Explosion/T_Burst_M'
[2019.07.31-16.30.07:880][375]LogLinker: Warning: Can't find file for asset '/Game/WeaponEffects/Explosion/T_Burst_M' while loading ../../../../../../Users/Joan Abad/Documents/Github/New/ShooterOnlineOW_Style/Shooter_OW_Style/Content/Art/Weapons/WeaponEffects/Explosion/M_Burst.uasset.
[2019.07.31-16.30.07:881][375]LogLinker: Warning: Can't find file '/Game/WeaponEffects/Explosion/T_Burst_M'
[2019.07.31-16.30.07:882][375]LoadErrors: Failed to load /Game/WeaponEffects/Explosion/T_Burst_M.T_Burst_M Referenced by MaterialExpressionTextureSample_0
[2019.07.31-16.30.07:882][375]LogLinker: Warning: Can't find file for asset '/Game/WeaponEffects/Explosion/T_Burst_M' while loading NULL.
[2019.07.31-16.30.07:887][375]LogMaterial: Display: Missing cached shader map for material M_Burst, compiling. 
[2019.07.31-16.30.07:951][375]LogMaterial: Warning: C:\Users\Joan Abad\Documents\Github\New\ShooterOnlineOW_Style\Shooter_OW_Style\Content\Art\Weapons\WeaponEffects\Explosion\M_Burst.uasset: Failed to compile Material for platform PCD3D_SM5, Default Material will be used in game.
[2019.07.31-16.30.07:951][375]LogMaterial: 	(Node TextureSample) Texture Sample> Missing input texture
[2019.07.31-16.30.12:243][866]LogSlate: FSceneViewport::OnFocusLost() reason 2
[2019.07.31-16.30.15:800][273]LogLinker: Warning: Can't find file '/Game/WeaponEffects/Explosion/T_Explosion_SubUV'
[2019.07.31-16.30.15:800][273]LogLinker: Warning: Can't find file for asset '/Game/WeaponEffects/Explosion/T_Explosion_SubUV' while loading ../../../../../../Users/Joan Abad/Documents/Github/New/ShooterOnlineOW_Style/Shooter_OW_Style/Content/Art/Weapons/WeaponEffects/Explosion/M_explosion_subUV.uasset.
[2019.07.31-16.30.15:800][273]LoadErrors: Error: /Game/Art/Weapons/WeaponEffects/Explosion/M_explosion_subUV : Can't find file for asset. /Game/WeaponEffects/Explosion/T_Explosion_SubUV
[2019.07.31-16.30.15:801][273]LogLinker: Warning: Can't find file '/Game/WeaponEffects/Explosion/T_Explosion_SubUV'
[2019.07.31-16.30.15:801][273]LogLinker: Warning: Can't find file for asset '/Game/WeaponEffects/Explosion/T_Explosion_SubUV' while loading ../../../../../../Users/Joan Abad/Documents/Github/New/ShooterOnlineOW_Style/Shooter_OW_Style/Content/Art/Weapons/WeaponEffects/Explosion/M_explosion_subUV.uasset.
[2019.07.31-16.30.15:801][273]LogLinker: Warning: Can't find file '/Game/WeaponEffects/Explosion/T_Explosion_SubUV'
[2019.07.31-16.30.15:802][273]LoadErrors: Failed to load /Game/WeaponEffects/Explosion/T_Explosion_SubUV.T_Explosion_SubUV Referenced by MaterialExpressionParticleSubUV_0
[2019.07.31-16.30.15:802][273]LogLinker: Warning: Can't find file for asset '/Game/WeaponEffects/Explosion/T_Explosion_SubUV' while loading NULL.
[2019.07.31-16.30.15:814][273]LogMaterial: Display: Missing cached shader map for material M_explosion_subUV, compiling. 
[2019.07.31-16.30.15:815][273]LogMaterial: Warning: C:\Users\Joan Abad\Documents\Github\New\ShooterOnlineOW_Style\Shooter_OW_Style\Content\Art\Weapons\WeaponEffects\Explosion\M_explosion_subUV.uasset: Failed to compile Material for platform PCD3D_SM5, Default Material will be used in game.
[2019.07.31-16.30.15:815][273]LogMaterial: 	(Node ParticleSubUV) Missing ParticleSubUV input texture
[2019.07.31-16.30.18:370][562]LogSlate: FSceneViewport::OnFocusLost() reason 2
[2019.07.31-16.30.28:336][697]LogSlate: FSceneViewport::OnFocusLost() reason 2
[2019.07.31-16.30.36:893][674]LogLinker: Warning: Can't find file '/Game/WeaponEffects/Explosion/T_Smoke_SubUV'
[2019.07.31-16.30.36:894][674]LogLinker: Warning: Can't find file for asset '/Game/WeaponEffects/Explosion/T_Smoke_SubUV' while loading ../../../../../../Users/Joan Abad/Documents/Github/New/ShooterOnlineOW_Style/Shooter_OW_Style/Content/Art/Weapons/WeaponEffects/Explosion/M_smoke_subUV.uasset.
[2019.07.31-16.30.36:894][674]LoadErrors: Error: /Game/Art/Weapons/WeaponEffects/Explosion/M_smoke_subUV : Can't find file for asset. /Game/WeaponEffects/Explosion/T_Smoke_SubUV
[2019.07.31-16.30.36:894][674]LogLinker: Warning: Can't find file '/Game/WeaponEffects/Explosion/T_Smoke_Tiled_D'
[2019.07.31-16.30.36:894][674]LogLinker: Warning: Can't find file for asset '/Game/WeaponEffects/Explosion/T_Smoke_Tiled_D' while loading ../../../../../../Users/Joan Abad/Documents/Github/New/ShooterOnlineOW_Style/Shooter_OW_Style/Content/Art/Weapons/WeaponEffects/Explosion/M_smoke_subUV.uasset.
[2019.07.31-16.30.36:895][674]LoadErrors: Error: /Game/Art/Weapons/WeaponEffects/Explosion/M_smoke_subUV : Can't find file for asset. /Game/WeaponEffects/Explosion/T_Smoke_Tiled_D
[2019.07.31-16.30.36:895][674]LogLinker: Warning: Can't find file '/Game/WeaponEffects/Explosion/T_Smoke_SubUV'
[2019.07.31-16.30.36:895][674]LogLinker: Warning: Can't find file for asset '/Game/WeaponEffects/Explosion/T_Smoke_SubUV' while loading ../../../../../../Users/Joan Abad/Documents/Github/New/ShooterOnlineOW_Style/Shooter_OW_Style/Content/Art/Weapons/WeaponEffects/Explosion/M_smoke_subUV.uasset.
[2019.07.31-16.30.36:895][674]LogLinker: Warning: Can't find file '/Game/WeaponEffects/Explosion/T_Smoke_Tiled_D'
[2019.07.31-16.30.36:896][674]LogLinker: Warning: Can't find file for asset '/Game/WeaponEffects/Explosion/T_Smoke_Tiled_D' while loading ../../../../../../Users/Joan Abad/Documents/Github/New/ShooterOnlineOW_Style/Shooter_OW_Style/Content/Art/Weapons/WeaponEffects/Explosion/M_smoke_subUV.uasset.
[2019.07.31-16.30.36:896][674]LogLinker: Warning: Can't find file '/Game/WeaponEffects/Explosion/T_Smoke_SubUV'
[2019.07.31-16.30.36:897][674]LoadErrors: Failed to load /Game/WeaponEffects/Explosion/T_Smoke_SubUV.T_Smoke_SubUV Referenced by MaterialExpressionParticleSubUV_0
[2019.07.31-16.30.36:897][674]LogLinker: Warning: Can't find file for asset '/Game/WeaponEffects/Explosion/T_Smoke_SubUV' while loading NULL.
[2019.07.31-16.30.36:897][674]LogLinker: Warning: Can't find file '/Game/WeaponEffects/Explosion/T_Smoke_Tiled_D'
[2019.07.31-16.30.36:897][674]LoadErrors: Failed to load /Game/WeaponEffects/Explosion/T_Smoke_Tiled_D.T_Smoke_Tiled_D Referenced by MaterialExpressionTextureSample_0
[2019.07.31-16.30.36:897][674]LogLinker: Warning: Can't find file for asset '/Game/WeaponEffects/Explosion/T_Smoke_Tiled_D' while loading NULL.
[2019.07.31-16.30.36:921][674]LogMaterial: Display: Missing cached shader map for material M_smoke_subUV, compiling. 
[2019.07.31-16.30.36:922][674]LogMaterial: Warning: C:\Users\Joan Abad\Documents\Github\New\ShooterOnlineOW_Style\Shooter_OW_Style\Content\Art\Weapons\WeaponEffects\Explosion\M_smoke_subUV.uasset: Failed to compile Material for platform PCD3D_SM5, Default Material will be used in game.
[2019.07.31-16.30.36:922][674]LogMaterial: 	(Node TextureSample) Texture Sample> Missing input texture
[2019.07.31-16.30.36:922][674]LogMaterial: 	(Node ParticleSubUV) Missing ParticleSubUV input texture
[2019.07.31-16.30.44:479][557]LogSlate: FSceneViewport::OnFocusLost() reason 0
[2019.07.31-16.30.44:690][568]LogSavePackage: Moving '../../../../../../Users/Joan Abad/Documents/Github/New/ShooterOnlineOW_Style/Shooter_OW_Style/Saved/P_ExplosionA2CA18AE4893C6118DB71C9189496A02.tmp' to '../../../../../../Users/Joan Abad/Documents/Github/New/ShooterOnlineOW_Style/Shooter_OW_Style/Content/Art/Weapons/WeaponEffects/Explosion/P_Explosion.uasset'
[2019.07.31-16.30.49:374][122]LogSlate: FSceneViewport::OnFocusLost() reason 0
[2019.07.31-16.30.51:049][319]LogSlate: FSceneViewport::OnFocusLost() reason 2
[2019.07.31-16.30.54:198][665]LogAssetEditorManager: Opening Asset editor for Material /Game/Art/Weapons/WeaponEffects/Explosion/M_Burst.M_Burst
[2019.07.31-16.30.54:201][665]LogMaterial: Display: Missing cached shader map for material M_Burst, compiling. 
[2019.07.31-16.30.54:202][665]LogMaterial: Warning: /Engine/Transient.M_Burst (no disk path found): Failed to compile Material for platform PCD3D_SM5, Default Material will be used in game.
[2019.07.31-16.30.54:202][665]LogMaterial: 	(Node TextureSample) Texture Sample> Missing input texture
[2019.07.31-16.30.54:264][665]LogMaterial: Display: Missing cached shader map for material M_Burst, compiling. 
[2019.07.31-16.30.54:265][665]LogMaterial: Warning: /Engine/Transient.M_Burst (no disk path found): Failed to compile Material for platform PCD3D_SM5, Default Material will be used in game.
[2019.07.31-16.30.54:266][665]LogMaterial: 	(Node TextureSample) Texture Sample> Missing input texture
[2019.07.31-16.30.54:268][665]LogMaterial: Display: Missing cached shader map for material M_Burst, compiling. 
[2019.07.31-16.30.54:270][665]LogMaterial: Warning: /Engine/Transient.M_Burst (no disk path found): Failed to compile Material for platform PCD3D_SM5, Default Material will be used in game.
[2019.07.31-16.30.54:271][665]LogMaterial: 	(Node TextureSample) Texture Sample> Missing input texture
[2019.07.31-16.30.54:340][665]LogMaterial: Display: Missing cached shader map for material FMatExpressionPreview MaterialExpressionConstant3Vector_0, compiling. 
[2019.07.31-16.30.54:345][665]LogMaterial: Display: Missing cached shader map for material FMatExpressionPreview MaterialExpressionTextureSample_0, compiling. 
[2019.07.31-16.30.54:372][665]MaterialEditorStats: Error: [SM5] (Node TextureSample) Texture Sample> Missing input texture
[2019.07.31-16.31.03:322][631]LogMaterial: Display: Missing cached shader map for material M_Burst, compiling. 
[2019.07.31-16.31.03:350][631]LogMaterial: Display: Missing cached shader map for material FMatExpressionPreview MaterialExpressionTextureSample_0, compiling. 
[2019.07.31-16.31.03:402][631]LogMaterial: Display: Missing cached shader map for material M_Burst, compiling. 
[2019.07.31-16.31.04:591][761]LogMaterialEditor: Applying material M_Burst
[2019.07.31-16.31.05:170][761]LogMaterial: Display: Missing cached shader map for material M_Burst, compiling. 
[2019.07.31-16.31.05:220][761]LogMaterial: Display: Missing cached shader map for material M_Burst, compiling. 
[2019.07.31-16.31.05:246][761]LogMaterial: Display: Missing cached shader map for material M_Burst, compiling. 
[2019.07.31-16.31.05:318][761]LogMaterial: Display: Missing cached shader map for material FDebugViewModeMaterialProxy M_Burst, compiling. 
[2019.07.31-16.31.33:618][761]TextureStreamingBuild: Display: Compiling optional shaders took 28.333 seconds.
[2019.07.31-16.31.33:678][761]MaterialEditorStats: Base pass shader without light map: 46 instructions
[2019.07.31-16.31.33:678][761]MaterialEditorStats: Base pass vertex shader: 111 instructions
[2019.07.31-16.31.33:678][761]MaterialEditorStats: Texture samplers: 7/16
[2019.07.31-16.31.33:679][761]MaterialEditorStats: Texture Lookups (Est.): VS(0), PS(1)
[2019.07.31-16.31.33:679][761]MaterialEditorStats: User interpolators: 2/4 Scalars (1/4 Vectors) (TexCoords: 2, Custom: 0)
[2019.07.31-16.31.36:291][ 57]LogMaterialEditor: Saving and Compiling material M_Burst
[2019.07.31-16.31.36:369][ 57]LogSavePackage: Moving '../../../../../../Users/Joan Abad/Documents/Github/New/ShooterOnlineOW_Style/Shooter_OW_Style/Saved/M_Burst65DB97414DEBECAE125DFF9BF5733C1E.tmp' to '../../../../../../Users/Joan Abad/Documents/Github/New/ShooterOnlineOW_Style/Shooter_OW_Style/Content/Art/Weapons/WeaponEffects/Explosion/M_Burst.uasset'
[2019.07.31-16.31.41:269][602]LogAssetEditorManager: Opening Asset editor for Material /Game/Art/Weapons/WeaponEffects/Explosion/M_explosion_subUV.M_explosion_subUV
[2019.07.31-16.31.41:291][602]LogMaterial: Display: Missing cached shader map for material M_explosion_subUV, compiling. 
[2019.07.31-16.31.41:292][602]LogMaterial: Warning: /Engine/Transient.M_explosion_subUV (no disk path found): Failed to compile Material for platform PCD3D_SM5, Default Material will be used in game.
[2019.07.31-16.31.41:292][602]LogMaterial: 	(Node ParticleSubUV) Missing ParticleSubUV input texture
[2019.07.31-16.31.41:333][602]LogMaterial: Display: Missing cached shader map for material M_explosion_subUV, compiling. 
[2019.07.31-16.31.41:333][602]LogMaterial: Warning: /Engine/Transient.M_explosion_subUV (no disk path found): Failed to compile Material for platform PCD3D_SM5, Default Material will be used in game.
[2019.07.31-16.31.41:334][602]LogMaterial: 	(Node ParticleSubUV) Missing ParticleSubUV input texture
[2019.07.31-16.31.41:351][602]LogMaterial: Display: Missing cached shader map for material M_explosion_subUV, compiling. 
[2019.07.31-16.31.41:352][602]LogMaterial: Warning: /Engine/Transient.M_explosion_subUV (no disk path found): Failed to compile Material for platform PCD3D_SM5, Default Material will be used in game.
[2019.07.31-16.31.41:352][602]LogMaterial: 	(Node ParticleSubUV) Missing ParticleSubUV input texture
[2019.07.31-16.31.41:431][602]LogMaterial: Display: Missing cached shader map for material FMatExpressionPreview MaterialExpressionDepthFade_0, compiling. 
[2019.07.31-16.31.41:434][602]LogMaterial: Display: Missing cached shader map for material FMatExpressionPreview MaterialExpressionParticleSubUV_0, compiling. 
[2019.07.31-16.31.41:464][602]MaterialEditorStats: Error: [SM5] (Node ParticleSubUV) Missing ParticleSubUV input texture
[2019.07.31-16.31.51:527][666]LogAssetEditorManager: Opening Asset editor for Texture2D /Game/Art/Weapons/WeaponEffects/Explosion/T_Burst_M.T_Burst_M
[2019.07.31-16.31.51:565][666]LogContentBrowser: Native class hierarchy updated for 'TextureEditor' in 0.0006 seconds. Added 1 classes and 2 folders.
[2019.07.31-16.31.55:422][ 80]LogAssetEditorManager: Opening Asset editor for Material /Game/Art/Weapons/WeaponEffects/Explosion/M_Burst.M_Burst
[2019.07.31-16.31.55:464][ 80]LogMaterial: Display: Missing cached shader map for material PreviewMaterial_0, compiling. 
[2019.07.31-16.31.55:511][ 80]LogMaterial: Display: Missing cached shader map for material PreviewMaterial_0, compiling. 
[2019.07.31-16.31.55:544][ 80]LogMaterial: Display: Missing cached shader map for material PreviewMaterial_0, compiling. 
[2019.07.31-16.31.55:610][ 80]LogMaterial: Display: Missing cached shader map for material FMatExpressionPreview MaterialExpressionConstant3Vector_0, compiling. 
[2019.07.31-16.31.55:639][ 80]LogMaterial: Display: Missing cached shader map for material FMatExpressionPreview MaterialExpressionTextureSample_0, compiling. 
[2019.07.31-16.32.01:950][643]LogMaterial: Display: Missing cached shader map for material PreviewMaterial_0, compiling. 
[2019.07.31-16.32.01:965][643]LogMaterial: Display: Missing cached shader map for material FMatExpressionPreview MaterialExpressionTextureSample_0, compiling. 
[2019.07.31-16.32.02:040][643]LogMaterial: Display: Missing cached shader map for material PreviewMaterial_0, compiling. 
[2019.07.31-16.32.03:339][785]LogMaterialEditor: Applying material M_Burst
[2019.07.31-16.32.03:912][785]LogMaterial: Display: Missing cached shader map for material PreviewMaterial_0, compiling. 
[2019.07.31-16.32.03:999][785]LogMaterial: Display: Missing cached shader map for material M_Burst, compiling. 
[2019.07.31-16.32.04:057][785]LogMaterial: Display: Missing cached shader map for material M_Burst, compiling. 
[2019.07.31-16.32.04:100][785]LogMaterial: Display: Missing cached shader map for material FDebugViewModeMaterialProxy M_Burst, compiling. 
[2019.07.31-16.32.23:236][785]TextureStreamingBuild: Display: Compiling optional shaders took 19.141 seconds.
[2019.07.31-16.32.23:295][785]MaterialEditorStats: Base pass shader without light map: 46 instructions
[2019.07.31-16.32.23:295][785]MaterialEditorStats: Base pass vertex shader: 111 instructions
[2019.07.31-16.32.23:295][785]MaterialEditorStats: Texture samplers: 7/16
[2019.07.31-16.32.23:295][785]MaterialEditorStats: Texture Lookups (Est.): VS(0), PS(1)
[2019.07.31-16.32.23:295][785]MaterialEditorStats: User interpolators: 2/4 Scalars (1/4 Vectors) (TexCoords: 2, Custom: 0)
[2019.07.31-16.32.25:163][995]LogMaterialEditor: Saving and Compiling material M_Burst
[2019.07.31-16.32.25:238][995]LogSavePackage: Moving '../../../../../../Users/Joan Abad/Documents/Github/New/ShooterOnlineOW_Style/Shooter_OW_Style/Saved/M_BurstBD91365849ACEAE94E7FCF91F4A2E1B1.tmp' to '../../../../../../Users/Joan Abad/Documents/Github/New/ShooterOnlineOW_Style/Shooter_OW_Style/Content/Art/Weapons/WeaponEffects/Explosion/M_Burst.uasset'
[2019.07.31-16.32.32:873][815]LogMaterial: Display: Missing cached shader map for material M_explosion_subUV, compiling. 
[2019.07.31-16.32.32:892][815]LogMaterial: Display: Missing cached shader map for material FMatExpressionPreview MaterialExpressionParticleSubUV_0, compiling. 
[2019.07.31-16.32.32:980][815]LogMaterial: Display: Missing cached shader map for material M_explosion_subUV, compiling. 
[2019.07.31-16.32.33:713][892]LogMaterialEditor: Applying material M_explosion_subUV
[2019.07.31-16.32.34:278][892]LogMaterial: Display: Missing cached shader map for material M_explosion_subUV, compiling. 
[2019.07.31-16.32.34:369][892]LogMaterial: Display: Missing cached shader map for material M_explosion_subUV, compiling. 
[2019.07.31-16.32.34:429][892]LogMaterial: Display: Missing cached shader map for material M_explosion_subUV, compiling. 
[2019.07.31-16.32.34:488][892]LogMaterial: Display: Missing cached shader map for material FDebugViewModeMaterialProxy M_explosion_subUV, compiling. 
[2019.07.31-16.32.50:678][892]TextureStreamingBuild: Display: Compiling optional shaders took 16.215 seconds.
[2019.07.31-16.32.50:732][892]MaterialEditorStats: Base pass shader without light map: 59 instructions
[2019.07.31-16.32.50:732][892]MaterialEditorStats: Base pass vertex shader: 111 instructions
[2019.07.31-16.32.50:732][892]MaterialEditorStats: Texture samplers: 7/16
[2019.07.31-16.32.50:732][892]MaterialEditorStats: Texture Lookups (Est.): VS(0), PS(2)
[2019.07.31-16.32.52:358][ 80]LogMaterialEditor: Saving and Compiling material M_explosion_subUV
[2019.07.31-16.32.52:439][ 80]LogSavePackage: Moving '../../../../../../Users/Joan Abad/Documents/Github/New/ShooterOnlineOW_Style/Shooter_OW_Style/Saved/M_explosion_subUV0A4E3C614BAD79B836A22FA94AD77B2E.tmp' to '../../../../../../Users/Joan Abad/Documents/Github/New/ShooterOnlineOW_Style/Shooter_OW_Style/Content/Art/Weapons/WeaponEffects/Explosion/M_explosion_subUV.uasset'
[2019.07.31-16.33.02:356][139]LogAssetEditorManager: Opening Asset editor for Material /Game/Art/Weapons/WeaponEffects/Explosion/M_smoke_subUV.M_smoke_subUV
[2019.07.31-16.33.02:359][139]LogMaterial: Display: Missing cached shader map for material M_smoke_subUV, compiling. 
[2019.07.31-16.33.02:360][139]LogMaterial: Warning: /Engine/Transient.M_smoke_subUV (no disk path found): Failed to compile Material for platform PCD3D_SM5, Default Material will be used in game.
[2019.07.31-16.33.02:360][139]LogMaterial: 	(Node TextureSample) Texture Sample> Missing input texture
[2019.07.31-16.33.02:360][139]LogMaterial: 	(Node ParticleSubUV) Missing ParticleSubUV input texture
[2019.07.31-16.33.02:411][139]LogMaterial: Display: Missing cached shader map for material M_smoke_subUV, compiling. 
[2019.07.31-16.33.02:411][139]LogMaterial: Warning: /Engine/Transient.M_smoke_subUV (no disk path found): Failed to compile Material for platform PCD3D_SM5, Default Material will be used in game.
[2019.07.31-16.33.02:411][139]LogMaterial: 	(Node TextureSample) Texture Sample> Missing input texture
[2019.07.31-16.33.02:411][139]LogMaterial: 	(Node ParticleSubUV) Missing ParticleSubUV input texture
[2019.07.31-16.33.02:444][139]LogMaterial: Display: Missing cached shader map for material M_smoke_subUV, compiling. 
[2019.07.31-16.33.02:444][139]LogMaterial: Warning: /Engine/Transient.M_smoke_subUV (no disk path found): Failed to compile Material for platform PCD3D_SM5, Default Material will be used in game.
[2019.07.31-16.33.02:445][139]LogMaterial: 	(Node TextureSample) Texture Sample> Missing input texture
[2019.07.31-16.33.02:445][139]LogMaterial: 	(Node ParticleSubUV) Missing ParticleSubUV input texture
[2019.07.31-16.33.02:481][139]LogMaterial: Display: Missing cached shader map for material FMatExpressionPreview MaterialExpressionDepthFade_0, compiling. 
[2019.07.31-16.33.02:482][139]LogMaterial: Display: Missing cached shader map for material FMatExpressionPreview MaterialExpressionParticleSubUV_0, compiling. 
[2019.07.31-16.33.02:484][139]LogMaterial: Display: Missing cached shader map for material FMatExpressionPreview MaterialExpressionTextureSample_0, compiling. 
[2019.07.31-16.33.02:525][139]MaterialEditorStats: Error: [SM5] (Node TextureSample) Texture Sample> Missing input texture
[2019.07.31-16.33.02:525][139]MaterialEditorStats: Error: [SM5] (Node ParticleSubUV) Missing ParticleSubUV input texture
[2019.07.31-16.33.30:593][416]LogMaterial: Display: Missing cached shader map for material M_smoke_subUV, compiling. 
[2019.07.31-16.33.30:594][416]LogMaterial: Warning: /Engine/Transient.M_smoke_subUV (no disk path found): Failed to compile Material for platform PCD3D_SM5, Default Material will be used in game.
[2019.07.31-16.33.30:594][416]LogMaterial: 	(Node TextureSample) Texture Sample> Missing input texture
[2019.07.31-16.33.30:601][416]LogMaterial: Display: Missing cached shader map for material FMatExpressionPreview MaterialExpressionParticleSubUV_0, compiling. 
[2019.07.31-16.33.30:641][416]LogMaterial: Display: Missing cached shader map for material M_smoke_subUV, compiling. 
[2019.07.31-16.33.30:642][416]LogMaterial: Warning: /Engine/Transient.M_smoke_subUV (no disk path found): Failed to compile Material for platform PCD3D_SM5, Default Material will be used in game.
[2019.07.31-16.33.30:642][416]LogMaterial: 	(Node TextureSample) Texture Sample> Missing input texture
[2019.07.31-16.33.30:646][416]MaterialEditorStats: Error: [SM5] (Node TextureSample) Texture Sample> Missing input texture
[2019.07.31-16.33.38:629][318]LogMaterial: Display: Missing cached shader map for material M_smoke_subUV, compiling. 
[2019.07.31-16.33.38:723][318]LogMaterial: Display: Missing cached shader map for material FMatExpressionPreview MaterialExpressionTextureSample_0, compiling. 
[2019.07.31-16.33.38:778][318]LogMaterial: Display: Missing cached shader map for material M_smoke_subUV, compiling. 
[2019.07.31-16.33.40:851][550]LogMaterialEditor: Applying material M_smoke_subUV
[2019.07.31-16.33.41:426][550]LogMaterial: Display: Missing cached shader map for material M_smoke_subUV, compiling. 
[2019.07.31-16.33.41:534][550]LogMaterial: Display: Missing cached shader map for material M_smoke_subUV, compiling. 
[2019.07.31-16.33.41:595][550]LogMaterial: Display: Missing cached shader map for material M_smoke_subUV, compiling. 
[2019.07.31-16.33.41:702][550]LogMaterial: Display: Missing cached shader map for material FDebugViewModeMaterialProxy M_smoke_subUV, compiling. 
[2019.07.31-16.34.46:617][550]TextureStreamingBuild: Display: Compiling optional shaders took 64.921 seconds.
[2019.07.31-16.34.46:704][550]MaterialEditorStats: Base pass shader: 118 instructions
[2019.07.31-16.34.46:704][550]MaterialEditorStats: Base pass shader with Volumetric Lightmap: 162 instructions
[2019.07.31-16.34.46:704][550]MaterialEditorStats: Base pass vertex shader: 111 instructions
[2019.07.31-16.34.46:704][550]MaterialEditorStats: Texture samplers: 7/16
[2019.07.31-16.34.46:705][550]MaterialEditorStats: Texture Lookups (Est.): VS(0), PS(3)
[2019.07.31-16.34.46:705][550]MaterialEditorStats: User interpolators: 2/4 Scalars (1/4 Vectors) (TexCoords: 2, Custom: 0)
[2019.07.31-16.34.48:392][556]LogMaterialEditor: Saving and Compiling material M_smoke_subUV
[2019.07.31-16.34.48:460][556]LogSavePackage: Moving '../../../../../../Users/Joan Abad/Documents/Github/New/ShooterOnlineOW_Style/Shooter_OW_Style/Saved/M_smoke_subUVBB30F60D4A6C3765347B6EB3AF285DB4.tmp' to '../../../../../../Users/Joan Abad/Documents/Github/New/ShooterOnlineOW_Style/Shooter_OW_Style/Content/Art/Weapons/WeaponEffects/Explosion/M_smoke_subUV.uasset'
[2019.07.31-16.35.00:433][854]LogSlate: FSceneViewport::OnFocusLost() reason 2
[2019.07.31-16.35.08:323][770]LogSlate: FSceneViewport::OnFocusLost() reason 0
[2019.07.31-16.35.08:464][779]LogSavePackage: Moving '../../../../../../Users/Joan Abad/Documents/Github/New/ShooterOnlineOW_Style/Shooter_OW_Style/Saved/P_Explosion596F94604C4FF2718EF1CFBF96BDB89F.tmp' to '../../../../../../Users/Joan Abad/Documents/Github/New/ShooterOnlineOW_Style/Shooter_OW_Style/Content/Art/Weapons/WeaponEffects/Explosion/P_Explosion.uasset'
[2019.07.31-16.35.15:629][612]LogSlate: FSceneViewport::OnFocusLost() reason 0
[2019.07.31-16.35.16:886][751]LogTemp: Repeating last play command: New Editor Window (PIE)
[2019.07.31-16.35.16:902][751]LogPlayLevel: PlayLevel: No blueprints needed recompiling
[2019.07.31-16.35.16:917][751]PIE: New page: PIE session: FirstMap (Jul 31, 2019, 8:35:16 PM)
[2019.07.31-16.35.16:917][751]LogPlayLevel: Creating play world package: /Game/Levels/UEDPIE_0_FirstMap
[2019.07.31-16.35.16:921][751]LogPlayLevel: PIE: StaticDuplicateObject took: (0.004184s)
[2019.07.31-16.35.16:922][751]LogAIModule: Creating AISystem for world FirstMap
[2019.07.31-16.35.16:922][751]LogPlayLevel: PIE: World Init took: (0.000913s)
[2019.07.31-16.35.16:922][751]LogPlayLevel: PIE: Created PIE world by copying editor world from /Game/Levels/FirstMap.FirstMap to /Game/Levels/UEDPIE_0_FirstMap.FirstMap (0.005437s)
[2019.07.31-16.35.16:960][751]LogInit: XAudio2 using 'Altavoces (5- Logitech G933 Gaming Wireless Headset)' : 2 channels at 44.1 kHz using 16 bits per sample (channel mask 0x3)
[2019.07.31-16.35.17:011][751]LogInit: FAudioDevice initialized.
[2019.07.31-16.35.17:024][751]LogSlate: Updating window title bar state: overlay mode, drag disabled, window buttons hidden, title bar hidden
[2019.07.31-16.35.17:137][751]LogLoad: Game class is 'GameModeBase'
[2019.07.31-16.35.17:139][751]LogWorld: Bringing World /Game/Levels/UEDPIE_0_FirstMap.FirstMap up for play (max tick rate 0) at 2019.07.31-18.35.17
[2019.07.31-16.35.17:140][751]LogWorld: Bringing up level for play took: 0.002337
[2019.07.31-16.35.17:158][751]LogContentBrowser: Native class hierarchy updated for 'MovieSceneCapture' in 0.0004 seconds. Added 10 classes and 0 folders.
[2019.07.31-16.35.17:163][751]PIE: Play in editor start time for /Game/Levels/UEDPIE_0_FirstMap -0.024
[2019.07.31-16.35.25:444][621]LogSlate: Updating window title bar state: overlay mode, drag disabled, window buttons hidden, title bar hidden
[2019.07.31-16.35.25:461][621]LogSlate: Window 'Shooter_OW_Style Game Preview Standalone (64-bit/PCD3D_SM5)' being destroyed
[2019.07.31-16.35.25:500][621]LogPlayLevel: Display: Shutting down PIE online subsystems
[2019.07.31-16.35.25:561][622]LogPlayLevel: Display: Destroying online subsystem :Context_10
[2019.07.31-16.36.30:816][806]LogCascade: Quitting Cascade. FXSystem=0x000000A8F232E660
[2019.07.31-16.36.32:854][  3]LogTemp: Repeating last play command: New Editor Window (PIE)
[2019.07.31-16.36.32:872][  3]LogPlayLevel: PlayLevel: No blueprints needed recompiling
[2019.07.31-16.36.32:872][  3]PIE: New page: PIE session: FirstMap (Jul 31, 2019, 8:36:32 PM)
[2019.07.31-16.36.32:872][  3]LogPlayLevel: Creating play world package: /Game/Levels/UEDPIE_0_FirstMap
[2019.07.31-16.36.32:875][  3]LogPlayLevel: PIE: StaticDuplicateObject took: (0.002805s)
[2019.07.31-16.36.32:876][  3]LogAIModule: Creating AISystem for world FirstMap
[2019.07.31-16.36.32:876][  3]LogPlayLevel: PIE: World Init took: (0.000916s)
[2019.07.31-16.36.32:876][  3]LogPlayLevel: PIE: Created PIE world by copying editor world from /Game/Levels/FirstMap.FirstMap to /Game/Levels/UEDPIE_0_FirstMap.FirstMap (0.004011s)
[2019.07.31-16.36.32:907][  3]LogInit: XAudio2 using 'Altavoces (5- Logitech G933 Gaming Wireless Headset)' : 2 channels at 44.1 kHz using 16 bits per sample (channel mask 0x3)
[2019.07.31-16.36.32:914][  3]LogInit: FAudioDevice initialized.
[2019.07.31-16.36.32:926][  3]LogSlate: Updating window title bar state: overlay mode, drag disabled, window buttons hidden, title bar hidden
[2019.07.31-16.36.33:015][  3]LogLoad: Game class is 'GameModeBase'
[2019.07.31-16.36.33:017][  3]LogWorld: Bringing World /Game/Levels/UEDPIE_0_FirstMap.FirstMap up for play (max tick rate 0) at 2019.07.31-18.36.33
[2019.07.31-16.36.33:017][  3]LogWorld: Bringing up level for play took: 0.001819
[2019.07.31-16.36.33:035][  3]PIE: Play in editor start time for /Game/Levels/UEDPIE_0_FirstMap -0.152
[2019.07.31-16.36.40:006][767]LogSlate: Updating window title bar state: overlay mode, drag disabled, window buttons hidden, title bar hidden
[2019.07.31-16.36.40:024][767]LogSlate: Window 'Shooter_OW_Style Game Preview Standalone (64-bit/PCD3D_SM5)' being destroyed
[2019.07.31-16.36.40:088][767]LogPlayLevel: Display: Shutting down PIE online subsystems
[2019.07.31-16.36.40:125][768]LogPlayLevel: Display: Destroying online subsystem :Context_11
[2019.07.31-16.36.41:412][901]LogSavePackage: Moving '../../../../../../Users/Joan Abad/Documents/Github/New/ShooterOnlineOW_Style/Shooter_OW_Style/Saved/M_radial_rampBF71F41F4B4EF1CAD6733F8CE3778AF2.tmp' to '../../../../../../Users/Joan Abad/Documents/Github/New/ShooterOnlineOW_Style/Shooter_OW_Style/Content/Art/Weapons/WeaponEffects/Explosion/M_radial_ramp.uasset'
[2019.07.31-16.37.22:631][755]LogSlate: Window 'Message Log' being destroyed
[2019.07.31-16.37.22:633][755]LogSlate: Window 'Message Log' being destroyed
[2019.07.31-16.37.23:433][848]LogTemp: Repeating last play command: New Editor Window (PIE)
[2019.07.31-16.37.23:449][848]LogPlayLevel: PlayLevel: No blueprints needed recompiling
[2019.07.31-16.37.23:450][848]PIE: New page: PIE session: FirstMap (Jul 31, 2019, 8:37:23 PM)
[2019.07.31-16.37.23:450][848]LogPlayLevel: Creating play world package: /Game/Levels/UEDPIE_0_FirstMap
[2019.07.31-16.37.23:452][848]LogPlayLevel: PIE: StaticDuplicateObject took: (0.002729s)
[2019.07.31-16.37.23:453][848]LogAIModule: Creating AISystem for world FirstMap
[2019.07.31-16.37.23:453][848]LogPlayLevel: PIE: World Init took: (0.000832s)
[2019.07.31-16.37.23:454][848]LogPlayLevel: PIE: Created PIE world by copying editor world from /Game/Levels/FirstMap.FirstMap to /Game/Levels/UEDPIE_0_FirstMap.FirstMap (0.003865s)
[2019.07.31-16.37.23:480][848]LogInit: XAudio2 using 'Altavoces (5- Logitech G933 Gaming Wireless Headset)' : 2 channels at 44.1 kHz using 16 bits per sample (channel mask 0x3)
[2019.07.31-16.37.23:490][848]LogInit: FAudioDevice initialized.
[2019.07.31-16.37.23:509][848]LogSlate: Updating window title bar state: overlay mode, drag disabled, window buttons hidden, title bar hidden
[2019.07.31-16.37.23:617][848]LogLoad: Game class is 'GameModeBase'
[2019.07.31-16.37.23:620][848]LogWorld: Bringing World /Game/Levels/UEDPIE_0_FirstMap.FirstMap up for play (max tick rate 0) at 2019.07.31-18.37.23
[2019.07.31-16.37.23:620][848]LogWorld: Bringing up level for play took: 0.002245
[2019.07.31-16.37.23:640][848]PIE: Play in editor start time for /Game/Levels/UEDPIE_0_FirstMap 0.452
[2019.07.31-16.37.26:569][166]LogSlate: Updating window title bar state: overlay mode, drag disabled, window buttons hidden, title bar hidden
[2019.07.31-16.37.26:585][166]LogSlate: Window 'Shooter_OW_Style Game Preview Standalone (64-bit/PCD3D_SM5)' being destroyed
[2019.07.31-16.37.26:658][166]LogPlayLevel: Display: Shutting down PIE online subsystems
[2019.07.31-16.37.26:707][167]LogPlayLevel: Display: Destroying online subsystem :Context_12
[2019.07.31-16.37.30:866][335]LogSlate: Only BGRA pngs, bmps or icos are supported in by External Image Picker
[2019.07.31-16.37.30:969][335]LogTemp: Executing iPhonePackager certificates Engine -bundlename com.YourCompany.ShooterOWStyle
[2019.07.31-16.37.30:969][335]LogTemp: CWD: C:\Program Files\Epic Games\UE_4.20\Engine\Binaries\DotNET\IOS
[2019.07.31-16.37.30:970][335]LogTemp: Initial Dir: C:\Program Files\Epic Games\UE_4.20
[2019.07.31-16.37.30:970][335]LogTemp: Env CWD: C:\Program Files\Epic Games\UE_4.20\Engine\Binaries\DotNET\IOS
[2019.07.31-16.37.30:970][335]LogTemp: BranchPath = JOANPC/C/Program Files/Epic Games/UE_4.20/Engine/Binaries --- GameBranchPath = JOANPC/C/Program Files/Epic Games/UE_4.20/Engine/Binaries
[2019.07.31-16.37.30:970][335]LogTemp: IPP ERROR: Could not find provision directory 'C:\Users\Joan Abad\AppData\Local/Apple Computer/MobileDevice/Provisioning Profiles/'.
[2019.07.31-16.37.58:165][527]LogTemp: Repeating last play command: New Editor Window (PIE)
[2019.07.31-16.37.58:181][527]LogPlayLevel: PlayLevel: No blueprints needed recompiling
[2019.07.31-16.37.58:183][527]PIE: New page: PIE session: FirstMap (Jul 31, 2019, 8:37:58 PM)
[2019.07.31-16.37.58:184][527]LogPlayLevel: Creating play world package: /Game/Levels/UEDPIE_0_FirstMap
[2019.07.31-16.37.58:186][527]LogPlayLevel: PIE: StaticDuplicateObject took: (0.002593s)
[2019.07.31-16.37.58:188][527]LogAIModule: Creating AISystem for world FirstMap
[2019.07.31-16.37.58:188][527]LogPlayLevel: PIE: World Init took: (0.001383s)
[2019.07.31-16.37.58:189][527]LogPlayLevel: PIE: Created PIE world by copying editor world from /Game/Levels/FirstMap.FirstMap to /Game/Levels/UEDPIE_0_FirstMap.FirstMap (0.005143s)
[2019.07.31-16.37.58:215][527]LogInit: XAudio2 using 'Altavoces (5- Logitech G933 Gaming Wireless Headset)' : 2 channels at 44.1 kHz using 16 bits per sample (channel mask 0x3)
[2019.07.31-16.37.58:254][527]LogInit: FAudioDevice initialized.
[2019.07.31-16.37.58:293][527]LogSlate: Updating window title bar state: overlay mode, drag disabled, window buttons hidden, title bar hidden
[2019.07.31-16.37.58:389][527]LogLoad: Game class is 'GameModeBase'
[2019.07.31-16.37.58:391][527]LogWorld: Bringing World /Game/Levels/UEDPIE_0_FirstMap.FirstMap up for play (max tick rate 0) at 2019.07.31-18.37.58
[2019.07.31-16.37.58:392][527]LogWorld: Bringing up level for play took: 0.001984
[2019.07.31-16.37.58:409][527]PIE: Play in editor start time for /Game/Levels/UEDPIE_0_FirstMap 1.222
[2019.07.31-16.38.07:522][530]LogSlate: Updating window title bar state: overlay mode, drag disabled, window buttons hidden, title bar hidden
[2019.07.31-16.38.07:539][530]LogSlate: Window 'Shooter_OW_Style Game Preview Standalone (64-bit/PCD3D_SM5)' being destroyed
[2019.07.31-16.38.07:571][530]LogPlayLevel: Display: Shutting down PIE online subsystems
[2019.07.31-16.38.07:683][532]LogPlayLevel: Display: Destroying online subsystem :Context_13
[2019.07.31-16.38.23:178][272]LogEditorViewport: Clicking on Actor (LMB): Base_Character_C (Base_Character)
[2019.07.31-16.38.24:632][375]LogSlate: FSceneViewport::OnFocusLost() reason 0
[2019.07.31-16.38.24:708][381]LogAssetEditorManager: Opening Asset editor for Blueprint /Game/Programming/Character/Base_Character.Base_Character
[2019.07.31-16.38.25:165][381]LogContentBrowser: Native class hierarchy updated for 'BlueprintGraph' in 0.0008 seconds. Added 116 classes and 0 folders.
[2019.07.31-16.38.31:241][929]LogSlate: Prevented a slow task dialog from being summoned while a context menu was open
[2019.07.31-16.38.32:942][102]BlueprintLog: New page: Compile Base_Character
[2019.07.31-16.38.33:422][102]LogSavePackage: Moving '../../../../../../Users/Joan Abad/Documents/Github/New/ShooterOnlineOW_Style/Shooter_OW_Style/Saved/Base_CharacterA4531EB24958A5397A2172A3DB4040D5.tmp' to '../../../../../../Users/Joan Abad/Documents/Github/New/ShooterOnlineOW_Style/Shooter_OW_Style/Content/Programming/Character/Base_Character.uasset'
[2019.07.31-16.38.35:070][255]LogSavePackage: Moving '../../../../../../Users/Joan Abad/Documents/Github/New/ShooterOnlineOW_Style/Shooter_OW_Style/Saved/FirstMap2B63B04D436C651AC6D23A90932AC7A5.tmp' to '../../../../../../Users/Joan Abad/Documents/Github/New/ShooterOnlineOW_Style/Shooter_OW_Style/Content/Levels/FirstMap.umap'
[2019.07.31-16.38.35:103][255]LogFileHelpers: Saving map 'FirstMap' took 0.167
[2019.07.31-16.38.36:045][363]LogTemp: Repeating last play command: New Editor Window (PIE)
[2019.07.31-16.38.36:066][363]LogPlayLevel: PlayLevel: No blueprints needed recompiling
[2019.07.31-16.38.36:066][363]PIE: New page: PIE session: FirstMap (Jul 31, 2019, 8:38:36 PM)
[2019.07.31-16.38.36:066][363]LogPlayLevel: Creating play world package: /Game/Levels/UEDPIE_0_FirstMap
[2019.07.31-16.38.36:069][363]LogPlayLevel: PIE: StaticDuplicateObject took: (0.002872s)
[2019.07.31-16.38.36:070][363]LogAIModule: Creating AISystem for world FirstMap
[2019.07.31-16.38.36:071][363]LogPlayLevel: PIE: World Init took: (0.001025s)
[2019.07.31-16.38.36:071][363]LogPlayLevel: PIE: Created PIE world by copying editor world from /Game/Levels/FirstMap.FirstMap to /Game/Levels/UEDPIE_0_FirstMap.FirstMap (0.004392s)
[2019.07.31-16.38.36:137][363]LogInit: XAudio2 using 'Altavoces (5- Logitech G933 Gaming Wireless Headset)' : 2 channels at 44.1 kHz using 16 bits per sample (channel mask 0x3)
[2019.07.31-16.38.36:144][363]LogInit: FAudioDevice initialized.
[2019.07.31-16.38.36:153][363]LogSlate: Updating window title bar state: overlay mode, drag disabled, window buttons hidden, title bar hidden
[2019.07.31-16.38.36:252][363]LogLoad: Game class is 'GameModeBase'
[2019.07.31-16.38.36:254][363]LogWorld: Bringing World /Game/Levels/UEDPIE_0_FirstMap.FirstMap up for play (max tick rate 0) at 2019.07.31-18.38.36
[2019.07.31-16.38.36:255][363]LogWorld: Bringing up level for play took: 0.002259
[2019.07.31-16.38.36:271][363]PIE: Play in editor start time for /Game/Levels/UEDPIE_0_FirstMap 1.084
[2019.07.31-16.38.37:896][500]LogRenderer: Reallocating scene render targets to support 2572x1380 Format 10 NumSamples 1 (Frame:139).
[2019.07.31-16.38.46:048][214]LogSlate: Updating window title bar state: overlay mode, drag disabled, window buttons hidden, title bar hidden
[2019.07.31-16.38.46:067][214]LogSlate: Window 'Shooter_OW_Style Game Preview Standalone (64-bit/PCD3D_SM5)' being destroyed
[2019.07.31-16.38.46:112][214]LogPlayLevel: Display: Shutting down PIE online subsystems
[2019.07.31-16.38.46:237][215]LogPlayLevel: Display: Destroying online subsystem :Context_16
[2019.07.31-16.40.08:551][509]LogSlate: FSceneViewport::OnFocusLost() reason 2
[2019.07.31-16.40.14:314][139]LogAssetEditorManager: Opening Asset editor for Blueprint /Game/Programming/Weapons/BP_Rifle.BP_Rifle
[2019.07.31-16.40.15:957][276]LogAssetEditorManager: Opening Asset editor for Blueprint /Game/Programming/Weapons/BP_Rifle.BP_Rifle
[2019.07.31-16.42.25:304][ 87]Candidate modules for hot reload:
[2019.07.31-16.42.25:304][ 87]  Shooter_OW_Style
[2019.07.31-16.42.25:304][ 87]Launching UnrealBuildTool... [C:/Program Files/Epic Games/UE_4.20/Engine/Binaries/DotNET/UnrealBuildTool.exe  -ModuleWithSuffix=Shooter_OW_Style,7085 Win64 Development -TargetType=Editor -Project="../../../../../../Users/Joan Abad/Documents/Github/New/ShooterOnlineOW_Style/Shooter_OW_Style/Shooter_OW_Style.uproject" -canskiplink "C:/Users/Joan Abad/Documents/Github/New/ShooterOnlineOW_Style/Shooter_OW_Style/Shooter_OW_Style.uproject" ]
[2019.07.31-16.42.25:305][ 87]Warning: Starting HotReload took  0.0s.
