Log file open, 07/28/19 19:09:17
LogWindows: Failed to load 'aqProf.dll' (GetLastError=126)
LogWindows: File 'aqProf.dll' does not exist
LogWindows: Failed to load 'VtuneApi.dll' (GetLastError=126)
LogWindows: File 'VtuneApi.dll' does not exist
LogWindows: Failed to load 'VtuneApi32e.dll' (GetLastError=126)
LogWindows: File 'VtuneApi32e.dll' does not exist
LogInit: Display: Running engine for game: Shooter_OW_Style
LogPlatformFile: Not using cached read wrapper
LogTaskGraph: Started task graph with 5 named threads and 14 total threads with 3 sets of task threads.
LogStats: Stats thread started at 0.246853
LogD3D11RHI: Loaded GFSDK_Aftermath_Lib.x64.dll
LogICUInternationalization: Display: ICU TimeZone Detection - Raw Offset: +1:00, Platform Override: ''
LogPluginManager: Mounting plugin Paper2D
LogPluginManager: Mounting plugin AISupport
LogPluginManager: Mounting plugin LightPropagationVolume
LogPluginManager: Mounting plugin CLionSourceCodeAccess
LogPluginManager: Mounting plugin CodeLiteSourceCodeAccess
LogPluginManager: Mounting plugin GitSourceControl
LogPluginManager: Mounting plugin KDevelopSourceCodeAccess
LogPluginManager: Mounting plugin NullSourceCodeAccess
LogPluginManager: Mounting plugin PerforceSourceControl
LogPluginManager: Mounting plugin SubversionSourceControl
LogPluginManager: Mounting plugin UObjectPlugin
LogPluginManager: Mounting plugin VisualStudioCodeSourceCodeAccess
LogPluginManager: Mounting plugin VisualStudioSourceCodeAccess
LogPluginManager: Mounting plugin XCodeSourceCodeAccess
LogPluginManager: Mounting plugin AssetManagerEditor
LogPluginManager: Mounting plugin CryptoKeys
LogPluginManager: Mounting plugin DataValidation
LogPluginManager: Mounting plugin FacialAnimation
LogPluginManager: Mounting plugin GameplayTagsEditor
LogPluginManager: Mounting plugin MacGraphicsSwitching
LogPluginManager: Mounting plugin MeshEditor
LogPluginManager: Mounting plugin MobileLauncherProfileWizard
LogPluginManager: Mounting plugin PluginBrowser
LogPluginManager: Mounting plugin SpeedTreeImporter
LogPluginManager: Mounting plugin DatasmithContent
LogPluginManager: Mounting plugin AlembicImporter
LogPluginManager: Mounting plugin AppleImageUtils
LogPluginManager: Mounting plugin AppleVision
LogPluginManager: Mounting plugin BackChannel
LogPluginManager: Mounting plugin CharacterAI
LogPluginManager: Mounting plugin GeometryCache
LogPluginManager: Mounting plugin HTML5Networking
LogPluginManager: Mounting plugin ProxyLODPlugin
LogPluginManager: Mounting plugin MagicLeap
LogPluginManager: Mounting plugin MagicLeapEmulator
LogPluginManager: Mounting plugin MagicLeapMedia
LogPluginManager: Mounting plugin AndroidMedia
LogPluginManager: Mounting plugin AvfMedia
LogPluginManager: Mounting plugin ImgMedia
LogPluginManager: Mounting plugin LinearTimecode
LogPluginManager: Mounting plugin MediaCompositing
LogPluginManager: Mounting plugin MediaPlayerEditor
LogPluginManager: Mounting plugin WmfMedia
LogPluginManager: Mounting plugin TcpMessaging
LogPluginManager: Mounting plugin UdpMessaging
LogPluginManager: Mounting plugin ActorSequence
LogPluginManager: Mounting plugin LevelSequenceEditor
LogPluginManager: Mounting plugin MatineeToLevelSequence
LogPluginManager: Mounting plugin NetcodeUnitTest
LogPluginManager: Mounting plugin NUTUnrealEngine4
LogPluginManager: Mounting plugin OnlineSubsystemGooglePlay
LogPluginManager: Mounting plugin OnlineSubsystemIOS
LogPluginManager: Mounting plugin OnlineSubsystem
LogPluginManager: Mounting plugin OnlineSubsystemNull
LogPluginManager: Mounting plugin OnlineSubsystemUtils
LogPluginManager: Mounting plugin LauncherChunkInstaller
LogPluginManager: Mounting plugin AndroidDeviceProfileSelector
LogPluginManager: Mounting plugin AndroidMoviePlayer
LogPluginManager: Mounting plugin AndroidPermission
LogPluginManager: Mounting plugin AppleMoviePlayer
LogPluginManager: Mounting plugin ArchVisCharacter
LogPluginManager: Mounting plugin AudioCapture
LogPluginManager: Mounting plugin CableComponent
LogPluginManager: Mounting plugin CustomMeshComponent
LogPluginManager: Mounting plugin EditableMesh
LogPluginManager: Mounting plugin ExampleDeviceProfileSelector
LogPluginManager: Mounting plugin GoogleCloudMessaging
LogPluginManager: Mounting plugin ImmediatePhysics
LogPluginManager: Mounting plugin IOSDeviceProfileSelector
LogPluginManager: Mounting plugin LinuxDeviceProfileSelector
LogPluginManager: Mounting plugin LocationServicesBPLibrary
LogPluginManager: Mounting plugin MobilePatchingUtils
LogPluginManager: Mounting plugin OculusVR
LogPluginManager: Plugin shader directory ../../../Engine/Plugins/Runtime/Oculus/OculusVR/Shaders found
LogPluginManager: Mapping shader source directory ../../../Engine/Plugins/Runtime/Oculus/OculusVR/Shaders to virtual directory /Plugin/OculusVR
LogPluginManager: Mounting plugin PhysXVehicles
LogPluginManager: Mounting plugin ProceduralMeshComponent
LogPluginManager: Mounting plugin RuntimePhysXCooking
LogPluginManager: Mounting plugin SteamVR
LogPluginManager: Mounting plugin WindowsMoviePlayer
LogStreaming: Display: Took  0.127s to configure plugins.
LogInit: Using libcurl 7.55.1-DEV
LogInit:  - built for x86_64-pc-win32
LogInit:  - supports SSL with OpenSSL/1.0.2h
LogInit:  - supports HTTP deflate (compression) using libz 1.2.8
LogInit:  - other features:
LogInit:      CURL_VERSION_SSL
LogInit:      CURL_VERSION_LIBZ
LogInit:      CURL_VERSION_IPV6
LogInit:      CURL_VERSION_ASYNCHDNS
LogInit:      CURL_VERSION_LARGEFILE
LogInit:      CURL_VERSION_IDN
LogInit:  CurlRequestOptions (configurable via config and command line):
LogInit:  - bVerifyPeer = false  - Libcurl will NOT verify peer certificate
LogInit:  - bUseHttpProxy = false  - Libcurl will NOT use HTTP proxy
LogInit:  - bDontReuseConnections = false  - Libcurl will reuse connections
LogInit:  - CertBundlePath = nullptr  - Libcurl will use whatever was configured at build time.
LogInit:  - MaxHostConnections = 16  - Libcurl will limit the number of connections to a host
LogInit:  - LocalHostAddr = Default
LogInit:  - BufferSize = 65536
LogInit: WinSock: version 1.1 (2.2), MaxSocks=32767, MaxUdp=65467
LogInit: Build: ++UE4+Release-4.20-CL-4369336
LogInit: Engine Version: 4.20.3-4369336+++UE4+Release-4.20
LogInit: Compatible Engine Version: 4.20.0-4212847+++UE4+Release-4.20
LogInit: Net CL: 4212847
LogInit: OS: Windows 8.1 (), CPU: Intel(R) Core(TM) i5-6600K CPU @ 3.50GHz, GPU: NVIDIA GeForce GTX 1070
LogInit: Compiled (64-bit): Sep 17 2018 12:26:19
LogInit: Compiled with Visual C++: 19.13.26129.00
LogInit: Build Configuration: Development
LogInit: Branch Name: ++UE4+Release-4.20
LogInit: Command Line:  -skipcompile
LogInit: Base Directory: C:/Program Files/Epic Games/UE_4.20/Engine/Binaries/Win64/
LogInit: Installed Engine Build: 1
LogDevObjectVersion: Number of dev versions registered: 20
LogDevObjectVersion:   Dev-Blueprints (B0D832E4-1F89-4F0D-ACCF-7EB736FD4AA2): 10
LogDevObjectVersion:   Dev-Build (E1C64328-A22C-4D53-A36C-8E866417BD8C): 0
LogDevObjectVersion:   Dev-Core (375EC13C-06E4-48FB-B500-84F0262A717E): 2
LogDevObjectVersion:   Dev-Editor (E4B068ED-F494-42E9-A231-DA0B2E46BB41): 24
LogDevObjectVersion:   Dev-Framework (CFFC743F-43B0-4480-9391-14DF171D2073): 34
LogDevObjectVersion:   Dev-Mobile (B02B49B5-BB20-44E9-A304-32B752E40360): 2
LogDevObjectVersion:   Dev-Networking (A4E4105C-59A1-49B5-A7C5-40C4547EDFEE): 0
LogDevObjectVersion:   Dev-Online (39C831C9-5AE6-47DC-9A44-9C173E1C8E7C): 0
LogDevObjectVersion:   Dev-Physics (78F01B33-EBEA-4F98-B9B4-84EACCB95AA2): 0
LogDevObjectVersion:   Dev-Platform (6631380F-2D4D-43E0-8009-CF276956A95A): 0
LogDevObjectVersion:   Dev-Rendering (12F88B9F-8875-4AFC-A67C-D90C383ABD29): 26
LogDevObjectVersion:   Dev-Sequencer (7B5AE74C-D270-4C10-A958-57980B212A5A): 9
LogDevObjectVersion:   Dev-VR (D7296918-1DD6-4BDD-9DE2-64A83CC13884): 2
LogDevObjectVersion:   Dev-LoadTimes (C2A15278-BFE7-4AFE-6C17-90FF531DF755): 1
LogDevObjectVersion:   Private-Geometry (6EACA3D4-40EC-4CC1-B786-8BED09428FC5): 3
LogDevObjectVersion:   Dev-AnimPhys (29E575DD-E0A3-4627-9D10-D276232CDCEA): 17
LogDevObjectVersion:   Dev-ReflectionCapture (6B266CEC-1EC7-4B8F-A30B-E4D90942FC07): 1
LogDevObjectVersion:   Dev-Automation (0DF73D61-A23F-47EA-B727-89E90C41499A): 1
LogDevObjectVersion:   FortniteMain (601D1886-AC64-4F84-AA16-D3DE0DEAC7D6): 12
LogDevObjectVersion:   Dev-Enterprise (9DFFBCD6-494F-0158-E221-12823C92A888): 1
LogStreaming: Display: Took  0.002s to delete old logs.
LogInit: Presizing for max 8388607 objects, including 0 objects not considered by GC, pre-allocating 0 bytes for permanent pool.
LogInit: Object subsystem initialized
[2019.07.28-17.09.17:848][  0]LogInit: Selected Device Profile: [Windows]
[2019.07.28-17.09.17:849][  0]LogInit: Applying CVar settings loaded from the selected device profile: [Windows]
[2019.07.28-17.09.17:857][  0]LogHAL: Display: Platform has ~ 16 GB [17137950720 / 17179869184 / 16], which maps to Larger [LargestMinGB=32, LargerMinGB=12, DefaultMinGB=8, SmallerMinGB=6, SmallestMinGB=0)
[2019.07.28-17.09.17:858][  0]LogInit: Setting Device Profile CVar: [[r.Vulkan.UseRealUBs:1]]
[2019.07.28-17.09.17:858][  0]LogInit: Going up to parent DeviceProfile []
[2019.07.28-17.09.17:859][  0]LogInit: Computer: JOANPC
[2019.07.28-17.09.17:859][  0]LogInit: User: JoanAbad
[2019.07.28-17.09.17:859][  0]LogInit: CPU Page size=4096, Cores=4
[2019.07.28-17.09.17:859][  0]LogInit: High frequency timer resolution =3.421872 MHz
[2019.07.28-17.09.17:859][  0]LogMemory: Memory total: Physical=16.0GB (16GB approx)
[2019.07.28-17.09.17:859][  0]LogMemory: Platform Memory Stats for Windows
[2019.07.28-17.09.17:859][  0]LogMemory: Process Physical Memory: 99.85 MB used, 99.85 MB peak
[2019.07.28-17.09.17:859][  0]LogMemory: Process Virtual Memory: 84.19 MB used, 84.19 MB peak
[2019.07.28-17.09.17:859][  0]LogMemory: Physical Memory: 9314.95 MB used,  7029.07 MB free, 16344.02 MB total
[2019.07.28-17.09.17:859][  0]LogMemory: Virtual Memory: 474.45 MB used,  7029.07 MB free, 134217728.00 MB total
[2019.07.28-17.09.18:064][  0]LogInit: Overriding language with editor language configuration option (en).
[2019.07.28-17.09.18:064][  0]LogInit: Overriding locale with editor locale configuration option (en).
[2019.07.28-17.09.18:410][  0]LogStreaming: Display: Took  0.346s to InitEngineTextLocalization.
[2019.07.28-17.09.18:410][  0]LogInit: Setting process to per monitor DPI aware
[2019.07.28-17.09.18:456][  0]LogSlate: New Slate User Created.  User Index 0, Is Virtual User: 0
[2019.07.28-17.09.18:456][  0]LogSlate: Slate User Registered.  User Index 0, Is Virtual User: 0
[2019.07.28-17.09.18:587][  0]LogHMD: Failed to initialize OpenVR with code 110
[2019.07.28-17.09.18:587][  0]LogD3D11RHI: D3D11 adapters:
[2019.07.28-17.09.18:669][  0]LogD3D11RHI:    0. 'NVIDIA GeForce GTX 1070' (Feature Level 11_0)
[2019.07.28-17.09.18:669][  0]LogD3D11RHI:       8046/0/8172 MB DedicatedVideo/DedicatedSystem/SharedSystem, Outputs:2, VendorId:0x10de
[2019.07.28-17.09.18:673][  0]LogD3D11RHI:    1. 'Microsoft Basic Render Driver' (Feature Level 11_0)
[2019.07.28-17.09.18:673][  0]LogD3D11RHI:       0/0/256 MB DedicatedVideo/DedicatedSystem/SharedSystem, Outputs:0, VendorId:0x1414
[2019.07.28-17.09.18:673][  0]LogD3D11RHI: Chosen D3D11 Adapter: 0
[2019.07.28-17.09.18:678][  0]LogD3D11RHI: Creating new Direct3DDevice
[2019.07.28-17.09.18:678][  0]LogD3D11RHI:     GPU DeviceId: 0x1b81 (for the marketing name, search the web for "GPU Device Id")
[2019.07.28-17.09.18:678][  0]LogWindows: EnumDisplayDevices:
[2019.07.28-17.09.18:679][  0]LogWindows:    0. 'NVIDIA GeForce GTX 1070' (P:1 D:1)
[2019.07.28-17.09.18:679][  0]LogWindows:    1. 'NVIDIA GeForce GTX 1070' (P:0 D:1)
[2019.07.28-17.09.18:679][  0]LogWindows:    2. 'NVIDIA GeForce GTX 1070' (P:0 D:0)
[2019.07.28-17.09.18:679][  0]LogWindows:    3. 'NVIDIA GeForce GTX 1070' (P:0 D:0)
[2019.07.28-17.09.18:679][  0]LogWindows: DebugString: FoundDriverCount:4 
[2019.07.28-17.09.18:679][  0]LogD3D11RHI:     Adapter Name: NVIDIA GeForce GTX 1070
[2019.07.28-17.09.18:679][  0]LogD3D11RHI:   Driver Version: 431.60 (internal:26.21.14.3160, unified:431.60)
[2019.07.28-17.09.18:679][  0]LogD3D11RHI:      Driver Date: 7-17-2019
[2019.07.28-17.09.18:679][  0]LogRHI: Texture pool is 5632 MB (70% of 8046 MB)
[2019.07.28-17.09.18:701][  0]LogD3D11RHI: Async texture creation enabled
[2019.07.28-17.09.18:721][  0]LogD3D11RHI: GPU Timing Frequency: 1000.000000 (Debug: 2 2)
[2019.07.28-17.09.18:766][  0]LogShaderCompilers: Guid format shader working directory is -39 characters bigger than the processId version (../../../../../../Users/Joan Abad/Documents/Github/ShooterOnlineOW_Style/Shooter_OW_Style/Intermediate/Shaders/WorkingDirectory/7972/).
[2019.07.28-17.09.18:766][  0]LogShaderCompilers: Cleaned the shader compiler working directory 'C:/Users/Joan Abad/AppData/Local/Temp/UnrealShaderWorkingDir/AE64731645C3B8E26A668B9ACB3DD156/'.
[2019.07.28-17.09.18:968][  0]LogTemp: Display: Loaded TP AllDesktopTargetPlatform
[2019.07.28-17.09.18:981][  0]LogTemp: Display: Loaded TP MacClientTargetPlatform
[2019.07.28-17.09.18:995][  0]LogTemp: Display: Loaded TP MacNoEditorTargetPlatform
[2019.07.28-17.09.19:008][  0]LogTemp: Display: Loaded TP MacServerTargetPlatform
[2019.07.28-17.09.19:021][  0]LogTemp: Display: Loaded TP MacTargetPlatform
[2019.07.28-17.09.19:034][  0]LogTemp: Display: Loaded TP WindowsClientTargetPlatform
[2019.07.28-17.09.19:048][  0]LogTemp: Display: Loaded TP WindowsNoEditorTargetPlatform
[2019.07.28-17.09.19:061][  0]LogTemp: Display: Loaded TP WindowsServerTargetPlatform
[2019.07.28-17.09.19:068][  0]LogTemp: Display: Loaded TP WindowsTargetPlatform
[2019.07.28-17.09.19:141][  0]LogTemp: Display: Loaded TP AndroidTargetPlatform
[2019.07.28-17.09.19:141][  0]LogTemp: Display: Loaded TP AndroidTargetPlatform
[2019.07.28-17.09.19:141][  0]LogTemp: Display: Loaded TP AndroidTargetPlatform
[2019.07.28-17.09.19:141][  0]LogTemp: Display: Loaded TP AndroidTargetPlatform
[2019.07.28-17.09.19:141][  0]LogTemp: Display: Loaded TP AndroidTargetPlatform
[2019.07.28-17.09.19:141][  0]LogTemp: Display: Loaded TP AndroidTargetPlatform
[2019.07.28-17.09.19:142][  0]LogTemp: Display: Loaded TP AndroidTargetPlatform
[2019.07.28-17.09.19:142][  0]LogTemp: Display: Loaded TP AndroidTargetPlatform
[2019.07.28-17.09.19:142][  0]LogTemp: Display: Loaded TP AndroidTargetPlatform
[2019.07.28-17.09.19:142][  0]LogTemp: Display: Loaded TP AndroidTargetPlatform
[2019.07.28-17.09.19:142][  0]LogTemp: Display: Loaded TP AndroidTargetPlatform
[2019.07.28-17.09.19:142][  0]LogTemp: Display: Loaded TP AndroidTargetPlatform
[2019.07.28-17.09.19:142][  0]LogTemp: Display: Loaded TP AndroidTargetPlatform
[2019.07.28-17.09.19:142][  0]LogTemp: Display: Loaded TP AndroidTargetPlatform
[2019.07.28-17.09.19:142][  0]LogTemp: Display: Loaded TP AndroidTargetPlatform
[2019.07.28-17.09.19:142][  0]LogTemp: Display: Loaded TP AndroidTargetPlatform
[2019.07.28-17.09.19:142][  0]LogTemp: Display: Loaded TP AndroidTargetPlatform
[2019.07.28-17.09.19:142][  0]LogTemp: Display: Loaded TP AndroidTargetPlatform
[2019.07.28-17.09.19:144][  0]LogTemp: Display: Loaded TP HTML5TargetPlatform
[2019.07.28-17.09.19:219][  0]LogTemp: Display: Loaded TP IOSTargetPlatform
[2019.07.28-17.09.19:219][  0]LogTemp: Display: Loaded TP IOSTargetPlatform
[2019.07.28-17.09.19:242][  0]LogTemp: Display: Loaded TP TVOSTargetPlatform
[2019.07.28-17.09.19:242][  0]LogTemp: Display: Loaded TP TVOSTargetPlatform
[2019.07.28-17.09.19:254][  0]LogTemp: Display: Loaded TP LinuxClientTargetPlatform
[2019.07.28-17.09.19:266][  0]LogTemp: Display: Loaded TP LinuxNoEditorTargetPlatform
[2019.07.28-17.09.19:278][  0]LogTemp: Display: Loaded TP LinuxServerTargetPlatform
[2019.07.28-17.09.19:292][  0]LogTemp: Display: Loaded TP LinuxTargetPlatform
[2019.07.28-17.09.19:301][  0]LogTemp: Display: Loaded TP LuminTargetPlatform
[2019.07.28-17.09.19:301][  0]LogTargetPlatformManager: Display: Building Assets For Windows
[2019.07.28-17.09.19:521][  0]LogXGEController: Cleaning working directory: C:/Users/Joan Abad/AppData/Local/Temp/UnrealXGEWorkingDir/
[2019.07.28-17.09.19:550][  0]LogShaderCompilers: Display: Using XGE Shader Compiler (Interception Interface).
[2019.07.28-17.09.20:642][  0]LogDerivedDataCache: Display: Max Cache Size: 512 MB
[2019.07.28-17.09.21:212][  0]LogDerivedDataCache: Loaded boot cache 0.57s 71MB C:/Users/Joan Abad/AppData/Local/UnrealEngine/4.20/DerivedDataCache/Boot.ddc.
[2019.07.28-17.09.21:214][  0]LogDerivedDataCache: Display: Loaded Boot cache: C:/Users/Joan Abad/AppData/Local/UnrealEngine/4.20/DerivedDataCache/Boot.ddc
[2019.07.28-17.09.21:214][  0]LogDerivedDataCache: FDerivedDataBackendGraph:  Pak pak cache file ../../../../../../Users/Joan Abad/Documents/Github/ShooterOnlineOW_Style/Shooter_OW_Style/DerivedDataCache/DDC.ddp not found, will not use a pak cache.
[2019.07.28-17.09.21:214][  0]LogDerivedDataCache: Unable to find inner node Pak for hierarchical cache Hierarchy.
[2019.07.28-17.09.21:214][  0]LogDerivedDataCache: FDerivedDataBackendGraph:  CompressedPak pak cache file ../../../../../../Users/Joan Abad/Documents/Github/ShooterOnlineOW_Style/Shooter_OW_Style/DerivedDataCache/Compressed.ddp not found, will not use a pak cache.
[2019.07.28-17.09.21:214][  0]LogDerivedDataCache: Unable to find inner node CompressedPak for hierarchical cache Hierarchy.
[2019.07.28-17.09.21:229][  0]LogDerivedDataCache: Display: Pak cache opened for reading ../../../Engine/DerivedDataCache/Compressed.ddp.
[2019.07.28-17.09.21:242][  0]LogDerivedDataCache: Using Local data cache path C:/Users/Joan Abad/AppData/Local/UnrealEngine/Common/DerivedDataCache: Writable
[2019.07.28-17.09.21:242][  0]LogDerivedDataCache: Shared data cache path not found in *engine.ini, will not use an Shared cache.
[2019.07.28-17.09.21:242][  0]LogDerivedDataCache: Unable to find inner node Shared for hierarchical cache Hierarchy.
[2019.07.28-17.09.21:262][  0]LogMaterial: Verifying Global Shaders for PCD3D_SM5
[2019.07.28-17.09.21:263][  0]LogSlate: Using FreeType 2.6.0
[2019.07.28-17.09.21:264][  0]LogSlate: SlateFontServices - WITH_FREETYPE: 1, WITH_HARFBUZZ: 1
[2019.07.28-17.09.21:338][  0]LogAssetRegistry: FAssetRegistry took 0.0292 seconds to start up
[2019.07.28-17.09.21:637][  0]LogInit: Selected Device Profile: [Windows]
[2019.07.28-17.09.21:774][  0]LogSimplygon: Simplygon DLL not present - disabling.
[2019.07.28-17.09.21:789][  0]LogMeshReduction: Using SimplygonSwarm for distributed automatic mesh merging
[2019.07.28-17.09.21:789][  0]LogMeshReduction: Using ProxyLODMeshReduction for automatic mesh merging
[2019.07.28-17.09.21:789][  0]LogMeshReduction: Using QuadricMeshReduction for automatic static mesh reduction
[2019.07.28-17.09.21:789][  0]LogMeshReduction: No automatic skeletal mesh reduction module available
[2019.07.28-17.09.21:812][  0]LogNetVersion: Shooter_OW_Style 1.0.0, NetCL: 4212847, EngineNetVer: 5, GameNetVer: 0 (Checksum: 1206910907)
[2019.07.28-17.09.22:404][  0]LogPackageLocalizationCache: Processed 11 localized package path(s) for 1 prioritized culture(s) in 0.071899 seconds
[2019.07.28-17.09.22:414][  0]LogUObjectArray: 38425 objects as part of root set at end of initial load.
[2019.07.28-17.09.22:414][  0]LogUObjectAllocator: 6690864 out of 0 bytes used by permanent object pool.
[2019.07.28-17.09.22:415][  0]LogUObjectArray: CloseDisregardForGC: 0/0 objects in disregard for GC pool
[2019.07.28-17.09.23:522][  0]LogTcpMessaging: Initializing TcpMessaging bridge
[2019.07.28-17.09.23:609][  0]LogUdpMessaging: Initializing bridge on interface 0.0.0.0:0 to multicast group 230.0.0.1:6666.
[2019.07.28-17.09.24:378][  0]SourceControl: Source control is disabled
[2019.07.28-17.09.24:378][  0]SourceControl: Source control is disabled
[2019.07.28-17.09.24:383][  0]SourceControl: Source control is disabled
[2019.07.28-17.09.24:385][  0]SourceControl: Source control is disabled
[2019.07.28-17.09.24:633][  0]LogAndroidPermission: UAndroidPermissionCallbackProxy::GetInstance
[2019.07.28-17.09.24:706][  0]LogOcInput: OculusInput pre-init called
[2019.07.28-17.09.24:768][  0]LogEngine: Initializing Engine...
[2019.07.28-17.09.24:769][  0]LogHMD: Failed to initialize OpenVR with code 110
[2019.07.28-17.09.24:770][  0]LogStats: UGameplayTagsManager::ConstructGameplayTagTree: ImportINI prefixes -  0.000 s
[2019.07.28-17.09.24:770][  0]LogStats: UGameplayTagsManager::ConstructGameplayTagTree: Construct from data asset -  0.000 s
[2019.07.28-17.09.24:770][  0]LogStats: UGameplayTagsManager::ConstructGameplayTagTree: ImportINI -  0.000 s
[2019.07.28-17.09.24:770][  0]LogStats: UGameplayTagsManager::ConstructGameplayTagTree: GameplayTagTreeChangedEvent.Broadcast -  0.000 s
[2019.07.28-17.09.24:993][  0]LogInit: Initializing FReadOnlyCVARCache
[2019.07.28-17.09.25:013][  0]LogAIModule: Creating AISystem for world Untitled
[2019.07.28-17.09.25:035][  0]LogInit: XAudio2 using 'Altavoces (5- Logitech G933 Gaming Wireless Headset)' : 2 channels at 44.1 kHz using 16 bits per sample (channel mask 0x3)
[2019.07.28-17.09.25:041][  0]LogInit: FAudioDevice initialized.
[2019.07.28-17.09.25:041][  0]LogNetVersion: Set ProjectVersion to 1.0.0.0. Version Checksum will be recalculated on next use.
[2019.07.28-17.09.25:232][  0]LogDerivedDataCache: Saved boot cache 0.19s 71MB C:/Users/Joan Abad/AppData/Local/UnrealEngine/4.20/DerivedDataCache/Boot.ddc.
[2019.07.28-17.09.25:237][  0]LogInit: Texture streaming: Enabled
[2019.07.28-17.09.25:257][  0]LogEngineSessionManager: EngineSessionManager initialized
[2019.07.28-17.09.25:267][  0]LogInit: Transaction tracking system initialized
[2019.07.28-17.09.25:296][  0]BlueprintLog: New page: Editor Load
[2019.07.28-17.09.25:388][  0]LocalizationService: Localization service is disabled
[2019.07.28-17.09.25:672][  0]LogLinker: Warning: Can't find file '/Game/ThirdPersonBP/ThirdPersonOverview'
[2019.07.28-17.09.25:672][  0]LogLinker: Warning: Can't find file '/Game/ThirdPersonBP/ThirdPersonOverview'
[2019.07.28-17.09.25:672][  0]LogUObjectGlobals: Warning: Failed to find object 'Class /Game/ThirdPersonBP/ThirdPersonOverview.ThirdPersonOverview_C'
[2019.07.28-17.09.25:863][  0]LogCook: Display: Max memory allowance for cook 16384mb min free memory 0mb
[2019.07.28-17.09.25:863][  0]LogCook: Display: Mobile HDR setting 1
[2019.07.28-17.09.25:863][  0]LogGameplayTags: Display: UGameplayTagsManager::DoneAddingNativeTags. DelegateIsBound: 0
[2019.07.28-17.09.25:863][  0]LogStats: UGameplayTagsManager::ConstructGameplayTagTree: ImportINI prefixes -  0.000 s
[2019.07.28-17.09.25:863][  0]LogStats: UGameplayTagsManager::ConstructGameplayTagTree: Construct from data asset -  0.000 s
[2019.07.28-17.09.25:864][  0]LogStats: UGameplayTagsManager::ConstructGameplayTagTree: ImportINI -  0.000 s
[2019.07.28-17.09.25:864][  0]LogStats: UGameplayTagsManager::ConstructGameplayTagTree: GameplayTagTreeChangedEvent.Broadcast -  0.000 s
[2019.07.28-17.09.25:989][  0]LogFileCache: Scanning file cache for directory 'C:/Users/Joan Abad/Documents/Github/ShooterOnlineOW_Style/Shooter_OW_Style/Content/' took 0.01s
[2019.07.28-17.09.25:989][  0]SourceControl: Source control is disabled
[2019.07.28-17.09.25:989][  0]Cmd: MAP LOAD FILE="../../../../../../Users/Joan Abad/Documents/Github/ShooterOnlineOW_Style/Shooter_OW_Style/Content/Levels/FirstMap.umap" TEMPLATE=0 SHOWPROGRESS=1 FEATURELEVEL=3
[2019.07.28-17.09.25:990][  0]LightingResults: New page: Lighting Build
[2019.07.28-17.09.25:992][  0]MapCheck: New page: Map Check
[2019.07.28-17.09.25:992][  0]LightingResults: New page: Lighting Build
[2019.07.28-17.09.26:865][  0]LogAIModule: Creating AISystem for world FirstMap
[2019.07.28-17.09.26:872][  0]LogEditorServer: Finished looking for orphan Actors (0.000 secs)
[2019.07.28-17.09.26:898][  0]Cmd: MAP CHECKDEP NOCLEARLOG
[2019.07.28-17.09.26:947][  0]MapCheck: Map check complete: 0 Error(s), 0 Warning(s), took 48.756ms to complete.
[2019.07.28-17.09.26:947][  0]LogFileHelpers: Loading map 'FirstMap' took 0.958
[2019.07.28-17.09.27:040][  0]LogSlate: Updating window title bar state: overlay mode, drag disabled, window buttons hidden, title bar hidden
[2019.07.28-17.09.27:048][  0]LogSlate: Updating window title bar state: overlay mode, drag disabled, window buttons hidden, title bar hidden
[2019.07.28-17.09.27:054][  0]LogSlate: Updating window title bar state: overlay mode, drag disabled, window buttons hidden, title bar hidden
[2019.07.28-17.09.27:062][  0]LogSlate: Updating window title bar state: overlay mode, drag disabled, window buttons hidden, title bar hidden
[2019.07.28-17.09.27:070][  0]LogCollectionManager: Loaded 0 collections in 0.001613 seconds
[2019.07.28-17.09.27:118][  0]LogFileCache: Scanning file cache for directory 'C:/Users/Joan Abad/Documents/Github/ShooterOnlineOW_Style/Shooter_OW_Style/Saved/Collections/' took 0.01s
[2019.07.28-17.09.27:118][  0]LogFileCache: Scanning file cache for directory 'C:/Users/Joan Abad/Documents/Github/ShooterOnlineOW_Style/Shooter_OW_Style/Content/Developers/JoanAbad/Collections/' took 0.01s
[2019.07.28-17.09.27:119][  0]LogFileCache: Scanning file cache for directory 'C:/Users/Joan Abad/Documents/Github/ShooterOnlineOW_Style/Shooter_OW_Style/Content/Collections/' took 0.01s
[2019.07.28-17.09.27:119][  0]LogCollectionManager: Rebuilt the GUID cache for 0 collections in 0.000000 seconds
[2019.07.28-17.09.27:129][  0]LogContentBrowser: Native class hierarchy populated in 0.0088 seconds. Added 2575 classes and 606 folders.
[2019.07.28-17.09.27:137][  0]LogContentBrowser: Native class hierarchy updated for 'WidgetCarousel' in 0.0003 seconds. Added 0 classes and 0 folders.
[2019.07.28-17.09.27:166][  0]LogContentBrowser: Native class hierarchy updated for 'AddContentDialog' in 0.0003 seconds. Added 0 classes and 0 folders.
[2019.07.28-17.09.27:171][  0]LogContentBrowser: Native class hierarchy updated for 'SceneOutliner' in 0.0004 seconds. Added 1 classes and 2 folders.
[2019.07.28-17.09.27:238][  0]LogSlate: Took 0.000232 seconds to synchronously load lazily loaded font '../../../Engine/Content/Slate/Fonts/Roboto-Regular.ttf' (155K)
[2019.07.28-17.09.27:239][  0]LogSlate: Took 0.000184 seconds to synchronously load lazily loaded font '../../../Engine/Content/Slate/Fonts/Roboto-Bold.ttf' (160K)
[2019.07.28-17.09.27:244][  0]LogSlate: Took 0.000275 seconds to synchronously load lazily loaded font '../../../Engine/Content/Editor/Slate/Fonts/FontAwesome.ttf' (139K)
[2019.07.28-17.09.27:319][  0]LogRenderer: Reallocating scene render targets to support 1716x884 Format 10 NumSamples 1 (Frame:1).
[2019.07.28-17.09.27:481][  0]LogContentBrowser: Native class hierarchy updated for 'HierarchicalLODOutliner' in 0.0003 seconds. Added 0 classes and 0 folders.
[2019.07.28-17.09.27:482][  0]LogLoad: (Engine Initialization) Total time: 10.98 seconds
[2019.07.28-17.09.27:482][  0]LogLoad: (Engine Initialization) Total Blueprint compile time: 0.00 seconds
[2019.07.28-17.09.27:514][  0]LogContentStreaming: Texture pool size now 1000 MB
[2019.07.28-17.09.27:618][  1]LogAssetRegistry: Asset discovery search completed in 6.3043 seconds
[2019.07.28-17.09.27:620][  1]LogCollectionManager: Rebuilt the object cache for 0 collections in 0.000000 seconds (found 0 objects)
[2019.07.28-17.09.27:620][  1]LogCollectionManager: Fixed up redirectors for 0 collections in 0.000161 seconds (updated 0 objects)
[2019.07.28-17.09.38:469][271]LogSlate: FSceneViewport::OnFocusLost() reason 0
[2019.07.28-17.09.38:577][284]LogTemp: Repeating last play command: New Editor Window (PIE)
[2019.07.28-17.09.38:590][284]LogPlayLevel: PlayLevel: No blueprints needed recompiling
[2019.07.28-17.09.38:604][284]PIE: New page: PIE session: FirstMap (Jul 28, 2019, 9:09:38 PM)
[2019.07.28-17.09.38:604][284]LogPlayLevel: Creating play world package: /Game/Levels/UEDPIE_0_FirstMap
[2019.07.28-17.09.38:608][284]LogPlayLevel: PIE: StaticDuplicateObject took: (0.002954s)
[2019.07.28-17.09.38:608][284]LogAIModule: Creating AISystem for world FirstMap
[2019.07.28-17.09.38:609][284]LogPlayLevel: PIE: World Init took: (0.000927s)
[2019.07.28-17.09.38:609][284]LogPlayLevel: PIE: Created PIE world by copying editor world from /Game/Levels/FirstMap.FirstMap to /Game/Levels/UEDPIE_0_FirstMap.FirstMap (0.004272s)
[2019.07.28-17.09.38:633][284]LogInit: XAudio2 using 'Altavoces (5- Logitech G933 Gaming Wireless Headset)' : 2 channels at 44.1 kHz using 16 bits per sample (channel mask 0x3)
[2019.07.28-17.09.38:653][284]LogInit: FAudioDevice initialized.
[2019.07.28-17.09.38:662][284]LogSlate: Updating window title bar state: overlay mode, drag disabled, window buttons hidden, title bar hidden
[2019.07.28-17.09.38:784][284]LogLoad: Game class is 'GameModeBase'
[2019.07.28-17.09.38:786][284]LogWorld: Bringing World /Game/Levels/UEDPIE_0_FirstMap.FirstMap up for play (max tick rate 0) at 2019.07.28-19.09.38
[2019.07.28-17.09.38:787][284]LogWorld: Bringing up level for play took: 0.001616
[2019.07.28-17.09.38:804][284]LogContentBrowser: Native class hierarchy updated for 'MovieSceneCapture' in 0.0004 seconds. Added 10 classes and 0 folders.
[2019.07.28-17.09.38:808][284]PIE: Play in editor start time for /Game/Levels/UEDPIE_0_FirstMap -0.38
